{"reportPrefix":"","assertionsCount":0,"lastError":{"name":"Error","displayed":true},"skippedAtRuntime":["GET Check Availability","PUT Check Validation","POST Create Reservation","GET AuthToken1","GET Check Availability","PUT Check Validation","POST Create Reservation","GET Reservation OHIP","GET Reservation OHIP","GET AuthToken2","GET Reservation GRS","GET AuthToken2","GET Reservation GRS"],"skippedByUser":[],"skipped":["GET Check Availability","PUT Check Validation","POST Create Reservation","GET AuthToken1","GET Check Availability","PUT Check Validation","POST Create Reservation","GET Reservation OHIP","GET Reservation OHIP","GET AuthToken2","GET Reservation GRS","GET AuthToken2","GET Reservation GRS"],"time":"0.2410","timeMs":241,"completed":{"GET AuthToken1":{"time":"0.1020","assertions":[],"commands":[],"passed":0,"errors":1,"failed":0,"skipped":0,"tests":0,"status":"fail","startTimestamp":"Fri, 26 Jul 2024 07:24:15 GMT","httpOutput":[],"steps":["GET Check Availability","PUT Check Validation","POST Create Reservation","GET AuthToken1","GET Check Availability","PUT Check Validation","POST Create Reservation","GET Reservation OHIP","GET Reservation OHIP","GET AuthToken2","GET Reservation GRS","GET AuthToken2","GET Reservation GRS"],"stackTrace":"Error: Missing request or AuthendPath in row\n    at DescribeInstance.<anonymous> (C:\\Users\\User\\Documents\\QA-Automation\\tests\\step_definitions\\api\\CreateReservDemo.js:91:23)\n    at Context.call (C:\\Users\\User\\Documents\\QA-Automation\\node_modules\\nightwatch\\lib\\testsuite\\context.js:515:35)\n    at TestCase.run (C:\\Users\\User\\Documents\\QA-Automation\\node_modules\\nightwatch\\lib\\testsuite\\testcase.js:58:31)\n    at Runnable.__runFn (C:\\Users\\User\\Documents\\QA-Automation\\node_modules\\nightwatch\\lib\\testsuite\\index.js:839:80)\n    at Runnable.run (C:\\Users\\User\\Documents\\QA-Automation\\node_modules\\nightwatch\\lib\\testsuite\\runnable.js:126:21)\n    at TestSuite.executeRunnable (C:\\Users\\User\\Documents\\QA-Automation\\node_modules\\nightwatch\\lib\\testsuite\\index.js:1000:49)\n    at TestSuite.handleRunnable (C:\\Users\\User\\Documents\\QA-Automation\\node_modules\\nightwatch\\lib\\testsuite\\index.js:1015:33)\n    at C:\\Users\\User\\Documents\\QA-Automation\\node_modules\\nightwatch\\lib\\testsuite\\index.js:839:21\n    at async DefaultRunner.runTestSuite (C:\\Users\\User\\Documents\\QA-Automation\\node_modules\\nightwatch\\lib\\runner\\test-runners\\default.js:83:7)\n    at async DefaultRunner.promiseFn (C:\\Users\\User\\Documents\\QA-Automation\\node_modules\\nightwatch\\lib\\runner\\test-runners\\default.js:101:7)","testcases":{"GET AuthToken1":{"time":"0.1020","assertions":[],"tests":0,"commands":[],"passed":0,"errors":1,"failed":0,"skipped":0,"status":"fail","startTimestamp":"Fri, 26 Jul 2024 07:24:15 GMT","httpOutput":[],"steps":["GET Check Availability","PUT Check Validation","POST Create Reservation","GET AuthToken1","GET Check Availability","PUT Check Validation","POST Create Reservation","GET Reservation OHIP","GET Reservation OHIP","GET AuthToken2","GET Reservation GRS","GET AuthToken2","GET Reservation GRS"],"stackTrace":"Error: Missing request or AuthendPath in row\n    at DescribeInstance.<anonymous> (C:\\Users\\User\\Documents\\QA-Automation\\tests\\step_definitions\\api\\CreateReservDemo.js:91:23)\n    at Context.call (C:\\Users\\User\\Documents\\QA-Automation\\node_modules\\nightwatch\\lib\\testsuite\\context.js:515:35)\n    at TestCase.run (C:\\Users\\User\\Documents\\QA-Automation\\node_modules\\nightwatch\\lib\\testsuite\\testcase.js:58:31)\n    at Runnable.__runFn (C:\\Users\\User\\Documents\\QA-Automation\\node_modules\\nightwatch\\lib\\testsuite\\index.js:839:80)\n    at Runnable.run (C:\\Users\\User\\Documents\\QA-Automation\\node_modules\\nightwatch\\lib\\testsuite\\runnable.js:126:21)\n    at TestSuite.executeRunnable (C:\\Users\\User\\Documents\\QA-Automation\\node_modules\\nightwatch\\lib\\testsuite\\index.js:1000:49)\n    at TestSuite.handleRunnable (C:\\Users\\User\\Documents\\QA-Automation\\node_modules\\nightwatch\\lib\\testsuite\\index.js:1015:33)\n    at C:\\Users\\User\\Documents\\QA-Automation\\node_modules\\nightwatch\\lib\\testsuite\\index.js:839:21\n    at async DefaultRunner.runTestSuite (C:\\Users\\User\\Documents\\QA-Automation\\node_modules\\nightwatch\\lib\\runner\\test-runners\\default.js:83:7)\n    at async DefaultRunner.promiseFn (C:\\Users\\User\\Documents\\QA-Automation\\node_modules\\nightwatch\\lib\\runner\\test-runners\\default.js:101:7)","lastError":{"name":"Error","displayed":true},"errorsPerTest":["Missing request or AuthendPath in row"],"timeMs":102,"endTimestamp":"Fri, 26 Jul 2024 07:24:15 GMT"}},"lastError":{"name":"Error","displayed":true},"errorsPerTest":["Missing request or AuthendPath in row"],"timeMs":102,"endTimestamp":"Fri, 26 Jul 2024 07:24:15 GMT"}},"completedSections":{"__global_beforeEach_hook":{"time":"0.000","assertions":[],"commands":[],"passed":0,"errors":0,"failed":0,"skipped":0,"tests":0,"status":"pass","startTimestamp":1721978655313,"httpOutput":[],"timeMs":0,"endTimestamp":1721978655313},"__before_hook":{"time":"0.000","assertions":[],"commands":[],"passed":0,"errors":0,"failed":0,"skipped":0,"tests":0,"status":"pass","startTimestamp":1721978655314,"httpOutput":[],"timeMs":0,"endTimestamp":1721978655314},"GET AuthToken1":{"time":"0.1020","assertions":[],"commands":[{"name":"saveScreenshot","args":["\"C:\\\\Users\\\\User\\\\Documents\\\\QA-Automation\\\\Screenshots\\\\CreateReservDemo\\\\GET-AuthToken1_FAILED_Jul-26-2024-125415-GMT+0530.png\"",null],"startTime":1721978655392,"endTime":1721978655409,"elapsedTime":17,"status":"fail","result":{"status":-1,"name":"TypeError"}}],"passed":0,"errors":0,"failed":0,"skipped":0,"tests":0,"status":"fail","startTimestamp":1721978655317,"httpOutput":[],"beforeEach":{"time":"0.000","assertions":[],"commands":[],"passed":0,"errors":0,"failed":0,"skipped":0,"tests":0,"status":"pass","startTimestamp":1721978655317,"httpOutput":[],"endTimestamp":1721978655317,"timeMs":0},"testcase":{"time":"0.09300","assertions":[],"commands":[{"name":"saveScreenshot","args":["\"C:\\\\Users\\\\User\\\\Documents\\\\QA-Automation\\\\Screenshots\\\\CreateReservDemo\\\\GET-AuthToken1_FAILED_Jul-26-2024-125415-GMT+0530.png\"",null],"startTime":1721978655392,"endTime":1721978655409,"elapsedTime":17,"status":"fail","result":{"status":-1,"name":"TypeError"}}],"passed":0,"errors":0,"failed":0,"skipped":0,"tests":0,"status":"pass","startTimestamp":1721978655318,"httpOutput":[],"endTimestamp":1721978655411,"timeMs":93},"afterEach":{"time":"0.007000","assertions":[],"commands":[],"passed":0,"errors":0,"failed":0,"skipped":0,"tests":0,"status":"pass","startTimestamp":1721978655411,"httpOutput":[],"endTimestamp":1721978655418,"timeMs":7},"timeMs":102,"endTimestamp":1721978655419},"__after_hook":{"time":"0.03700","assertions":[],"commands":[],"passed":0,"errors":0,"failed":0,"skipped":0,"tests":0,"status":"fail","startTimestamp":1721978655422,"httpOutput":[],"timeMs":37,"endTimestamp":1721978655459},"__global_afterEach_hook":{"time":"0.000","assertions":[],"commands":[],"passed":0,"errors":0,"failed":0,"skipped":0,"tests":0,"status":"fail","startTimestamp":1721978655459,"httpOutput":[],"timeMs":0,"endTimestamp":1721978655459}},"errmessages":[" \u001b[31m\u001b[1mError\u001b[22m\u001b[39m\n   \u001b[31mMissing request or AuthendPath in row\u001b[39m\n\u001b[33m\u001b[39m\n\u001b[33m    Error location:\u001b[39m\n    C:\\Users\\User\\Documents\\QA-Automation\\tests\\step_definitions\\api\\CreateReservDemo.js:91\n    ––––––––––––––––––––––––––––––––––––––––––––––––––––––––––––––––––––––––––––––––––––––\n     89 | \n     90 |             if (!row.request || !row.Authendpath) {\n    \u001b[41m\u001b[37m 91 |                 throw new Error('Missing request or AuthendPath in row'); \u001b[39m\u001b[49m\n     92 |             }\n     93 | \n    ––––––––––––––––––––––––––––––––––––––––––––––––––––––––––––––––––––––––––––––––––––––\n"],"testsCount":1,"skippedCount":13,"failedCount":0,"errorsCount":1,"passedCount":0,"group":"","modulePath":"C:\\Users\\User\\Documents\\QA-Automation\\tests\\step_definitions\\api\\CreateReservDemo.js","startTimestamp":"Fri, 26 Jul 2024 07:24:15 GMT","endTimestamp":"Fri, 26 Jul 2024 07:24:15 GMT","sessionCapabilities":{"browserName":"chrome","name":"Api Auth Token1"},"sessionId":"","projectName":"","buildName":"","testEnv":"api_testing","isMobile":false,"status":"fail","host":"localhost","name":"Api Auth Token1","tags":[],"tests":1,"failures":0,"errors":1,"httpOutput":[],"rawHttpOutput":[],"globalErrorRegister":["   \u001b[31m\u001b[1mError\u001b[22m\u001b[39m\n   \u001b[31mMissing request or AuthendPath in row\u001b[39m\n\u001b[33m\u001b[39m\n\u001b[33m    Error location:\u001b[39m\n    C:\\Users\\User\\Documents\\QA-Automation\\tests\\step_definitions\\api\\CreateReservDemo.js:91\n    ––––––––––––––––––––––––––––––––––––––––––––––––––––––––––––––––––––––––––––––––––––––\n     89 | \n     90 |             if (!row.request || !row.Authendpath) {\n    \u001b[41m\u001b[37m 91 |                 throw new Error('Missing request or AuthendPath in row'); \u001b[39m\u001b[49m\n     92 |             }\n     93 | \n    ––––––––––––––––––––––––––––––––––––––––––––––––––––––––––––––––––––––––––––––––––––––\n"," \u001b[31m\u001b[1mError\u001b[22m\u001b[39m\n   \u001b[31mMissing request or AuthendPath in row\u001b[39m\n\u001b[33m\u001b[39m\n\u001b[33m    Error location:\u001b[39m\n    C:\\Users\\User\\Documents\\QA-Automation\\tests\\step_definitions\\api\\CreateReservDemo.js:91\n    ––––––––––––––––––––––––––––––––––––––––––––––––––––––––––––––––––––––––––––––––––––––\n     89 | \n     90 |             if (!row.request || !row.Authendpath) {\n    \u001b[41m\u001b[37m 91 |                 throw new Error('Missing request or AuthendPath in row'); \u001b[39m\u001b[49m\n     92 |             }\n     93 | \n    ––––––––––––––––––––––––––––––––––––––––––––––––––––––––––––––––––––––––––––––––––––––\n"]}