{"reportPrefix":"","assertionsCount":0,"lastError":{"name":"Error","displayed":true},"skippedAtRuntime":["GET Check Availability","PUT Check Validation","POST Create Reservation","GET AuthToken1","GET Check Availability","PUT Check Validation","POST Create Reservation","GET Reservation OHIP","GET Reservation OHIP","GET AuthToken2","GET Reservation GRS","GET AuthToken2","GET Reservation GRS"],"skippedByUser":[],"skipped":["GET Check Availability","PUT Check Validation","POST Create Reservation","GET AuthToken1","GET Check Availability","PUT Check Validation","POST Create Reservation","GET Reservation OHIP","GET Reservation OHIP","GET AuthToken2","GET Reservation GRS","GET AuthToken2","GET Reservation GRS"],"time":"0.2080","timeMs":208,"completed":{"GET AuthToken1":{"time":"0.08300","assertions":[],"commands":[],"passed":0,"errors":1,"failed":0,"skipped":0,"tests":0,"status":"fail","startTimestamp":"Fri, 26 Jul 2024 07:26:17 GMT","httpOutput":[],"steps":["GET Check Availability","PUT Check Validation","POST Create Reservation","GET AuthToken1","GET Check Availability","PUT Check Validation","POST Create Reservation","GET Reservation OHIP","GET Reservation OHIP","GET AuthToken2","GET Reservation GRS","GET AuthToken2","GET Reservation GRS"],"stackTrace":"Error: Missing request or AuthendPath in row\n    at DescribeInstance.<anonymous> (C:\\Users\\User\\Documents\\QA-Automation\\tests\\step_definitions\\api\\CreateReservDemo.js:91:23)\n    at Context.call (C:\\Users\\User\\Documents\\QA-Automation\\node_modules\\nightwatch\\lib\\testsuite\\context.js:515:35)\n    at TestCase.run (C:\\Users\\User\\Documents\\QA-Automation\\node_modules\\nightwatch\\lib\\testsuite\\testcase.js:58:31)\n    at Runnable.__runFn (C:\\Users\\User\\Documents\\QA-Automation\\node_modules\\nightwatch\\lib\\testsuite\\index.js:839:80)\n    at Runnable.run (C:\\Users\\User\\Documents\\QA-Automation\\node_modules\\nightwatch\\lib\\testsuite\\runnable.js:126:21)\n    at TestSuite.executeRunnable (C:\\Users\\User\\Documents\\QA-Automation\\node_modules\\nightwatch\\lib\\testsuite\\index.js:1000:49)\n    at TestSuite.handleRunnable (C:\\Users\\User\\Documents\\QA-Automation\\node_modules\\nightwatch\\lib\\testsuite\\index.js:1015:33)\n    at C:\\Users\\User\\Documents\\QA-Automation\\node_modules\\nightwatch\\lib\\testsuite\\index.js:839:21\n    at async DefaultRunner.runTestSuite (C:\\Users\\User\\Documents\\QA-Automation\\node_modules\\nightwatch\\lib\\runner\\test-runners\\default.js:83:7)\n    at async DefaultRunner.promiseFn (C:\\Users\\User\\Documents\\QA-Automation\\node_modules\\nightwatch\\lib\\runner\\test-runners\\default.js:101:7)","testcases":{"GET AuthToken1":{"time":"0.08300","assertions":[],"tests":0,"commands":[],"passed":0,"errors":1,"failed":0,"skipped":0,"status":"fail","startTimestamp":"Fri, 26 Jul 2024 07:26:17 GMT","httpOutput":[],"steps":["GET Check Availability","PUT Check Validation","POST Create Reservation","GET AuthToken1","GET Check Availability","PUT Check Validation","POST Create Reservation","GET Reservation OHIP","GET Reservation OHIP","GET AuthToken2","GET Reservation GRS","GET AuthToken2","GET Reservation GRS"],"stackTrace":"Error: Missing request or AuthendPath in row\n    at DescribeInstance.<anonymous> (C:\\Users\\User\\Documents\\QA-Automation\\tests\\step_definitions\\api\\CreateReservDemo.js:91:23)\n    at Context.call (C:\\Users\\User\\Documents\\QA-Automation\\node_modules\\nightwatch\\lib\\testsuite\\context.js:515:35)\n    at TestCase.run (C:\\Users\\User\\Documents\\QA-Automation\\node_modules\\nightwatch\\lib\\testsuite\\testcase.js:58:31)\n    at Runnable.__runFn (C:\\Users\\User\\Documents\\QA-Automation\\node_modules\\nightwatch\\lib\\testsuite\\index.js:839:80)\n    at Runnable.run (C:\\Users\\User\\Documents\\QA-Automation\\node_modules\\nightwatch\\lib\\testsuite\\runnable.js:126:21)\n    at TestSuite.executeRunnable (C:\\Users\\User\\Documents\\QA-Automation\\node_modules\\nightwatch\\lib\\testsuite\\index.js:1000:49)\n    at TestSuite.handleRunnable (C:\\Users\\User\\Documents\\QA-Automation\\node_modules\\nightwatch\\lib\\testsuite\\index.js:1015:33)\n    at C:\\Users\\User\\Documents\\QA-Automation\\node_modules\\nightwatch\\lib\\testsuite\\index.js:839:21\n    at async DefaultRunner.runTestSuite (C:\\Users\\User\\Documents\\QA-Automation\\node_modules\\nightwatch\\lib\\runner\\test-runners\\default.js:83:7)\n    at async DefaultRunner.promiseFn (C:\\Users\\User\\Documents\\QA-Automation\\node_modules\\nightwatch\\lib\\runner\\test-runners\\default.js:101:7)","lastError":{"name":"Error","displayed":true},"errorsPerTest":["Missing request or AuthendPath in row"],"timeMs":83,"endTimestamp":"Fri, 26 Jul 2024 07:26:17 GMT"}},"lastError":{"name":"Error","displayed":true},"errorsPerTest":["Missing request or AuthendPath in row"],"timeMs":83,"endTimestamp":"Fri, 26 Jul 2024 07:26:17 GMT"}},"completedSections":{"__global_beforeEach_hook":{"time":"0.001000","assertions":[],"commands":[],"passed":0,"errors":0,"failed":0,"skipped":0,"tests":0,"status":"pass","startTimestamp":1721978777590,"httpOutput":[],"timeMs":1,"endTimestamp":1721978777591},"__before_hook":{"time":"0.000","assertions":[],"commands":[],"passed":0,"errors":0,"failed":0,"skipped":0,"tests":0,"status":"pass","startTimestamp":1721978777591,"httpOutput":[],"timeMs":0,"endTimestamp":1721978777591},"GET AuthToken1":{"time":"0.08300","assertions":[],"commands":[{"name":"saveScreenshot","args":["\"C:\\\\Users\\\\User\\\\Documents\\\\QA-Automation\\\\Screenshots\\\\CreateReservDemo\\\\GET-AuthToken1_FAILED_Jul-26-2024-125617-GMT+0530.png\"",null],"startTime":1721978777662,"endTime":1721978777674,"elapsedTime":12,"status":"fail","result":{"status":-1,"name":"TypeError"}}],"passed":0,"errors":0,"failed":0,"skipped":0,"tests":0,"status":"fail","startTimestamp":1721978777593,"httpOutput":[],"beforeEach":{"time":"0.000","assertions":[],"commands":[],"passed":0,"errors":0,"failed":0,"skipped":0,"tests":0,"status":"pass","startTimestamp":1721978777594,"httpOutput":[],"endTimestamp":1721978777594,"timeMs":0},"testcase":{"time":"0.08000","assertions":[],"commands":[{"name":"saveScreenshot","args":["\"C:\\\\Users\\\\User\\\\Documents\\\\QA-Automation\\\\Screenshots\\\\CreateReservDemo\\\\GET-AuthToken1_FAILED_Jul-26-2024-125617-GMT+0530.png\"",null],"startTime":1721978777662,"endTime":1721978777674,"elapsedTime":12,"status":"fail","result":{"status":-1,"name":"TypeError"}}],"passed":0,"errors":0,"failed":0,"skipped":0,"tests":0,"status":"pass","startTimestamp":1721978777594,"httpOutput":[],"endTimestamp":1721978777674,"timeMs":80},"afterEach":{"time":"0.002000","assertions":[],"commands":[],"passed":0,"errors":0,"failed":0,"skipped":0,"tests":0,"status":"pass","startTimestamp":1721978777674,"httpOutput":[],"endTimestamp":1721978777676,"timeMs":2},"timeMs":83,"endTimestamp":1721978777676},"__after_hook":{"time":"0.04100","assertions":[],"commands":[],"passed":0,"errors":0,"failed":0,"skipped":0,"tests":0,"status":"fail","startTimestamp":1721978777679,"httpOutput":[],"timeMs":41,"endTimestamp":1721978777720},"__global_afterEach_hook":{"time":"0.000","assertions":[],"commands":[],"passed":0,"errors":0,"failed":0,"skipped":0,"tests":0,"status":"fail","startTimestamp":1721978777721,"httpOutput":[],"timeMs":0,"endTimestamp":1721978777721}},"errmessages":[" \u001b[31m\u001b[1mError\u001b[22m\u001b[39m\n   \u001b[31mMissing request or AuthendPath in row\u001b[39m\n\u001b[33m\u001b[39m\n\u001b[33m    Error location:\u001b[39m\n    C:\\Users\\User\\Documents\\QA-Automation\\tests\\step_definitions\\api\\CreateReservDemo.js:91\n    ––––––––––––––––––––––––––––––––––––––––––––––––––––––––––––––––––––––––––––––––––––––\n     89 | \n     90 |             if (!row.request || !row.Authendpath) {\n    \u001b[41m\u001b[37m 91 |                 throw new Error('Missing request or AuthendPath in row'); \u001b[39m\u001b[49m\n     92 |             }\n     93 | \n    ––––––––––––––––––––––––––––––––––––––––––––––––––––––––––––––––––––––––––––––––––––––\n"],"testsCount":1,"skippedCount":13,"failedCount":0,"errorsCount":1,"passedCount":0,"group":"","modulePath":"C:\\Users\\User\\Documents\\QA-Automation\\tests\\step_definitions\\api\\CreateReservDemo.js","startTimestamp":"Fri, 26 Jul 2024 07:26:17 GMT","endTimestamp":"Fri, 26 Jul 2024 07:26:17 GMT","sessionCapabilities":{"browserName":"chrome","name":"Api Auth Token1"},"sessionId":"","projectName":"","buildName":"","testEnv":"api_testing","isMobile":false,"status":"fail","host":"localhost","name":"Api Auth Token1","tags":[],"tests":1,"failures":0,"errors":1,"httpOutput":[],"rawHttpOutput":[],"globalErrorRegister":["   \u001b[31m\u001b[1mError\u001b[22m\u001b[39m\n   \u001b[31mMissing request or AuthendPath in row\u001b[39m\n\u001b[33m\u001b[39m\n\u001b[33m    Error location:\u001b[39m\n    C:\\Users\\User\\Documents\\QA-Automation\\tests\\step_definitions\\api\\CreateReservDemo.js:91\n    ––––––––––––––––––––––––––––––––––––––––––––––––––––––––––––––––––––––––––––––––––––––\n     89 | \n     90 |             if (!row.request || !row.Authendpath) {\n    \u001b[41m\u001b[37m 91 |                 throw new Error('Missing request or AuthendPath in row'); \u001b[39m\u001b[49m\n     92 |             }\n     93 | \n    ––––––––––––––––––––––––––––––––––––––––––––––––––––––––––––––––––––––––––––––––––––––\n"," \u001b[31m\u001b[1mError\u001b[22m\u001b[39m\n   \u001b[31mMissing request or AuthendPath in row\u001b[39m\n\u001b[33m\u001b[39m\n\u001b[33m    Error location:\u001b[39m\n    C:\\Users\\User\\Documents\\QA-Automation\\tests\\step_definitions\\api\\CreateReservDemo.js:91\n    ––––––––––––––––––––––––––––––––––––––––––––––––––––––––––––––––––––––––––––––––––––––\n     89 | \n     90 |             if (!row.request || !row.Authendpath) {\n    \u001b[41m\u001b[37m 91 |                 throw new Error('Missing request or AuthendPath in row'); \u001b[39m\u001b[49m\n     92 |             }\n     93 | \n    ––––––––––––––––––––––––––––––––––––––––––––––––––––––––––––––––––––––––––––––––––––––\n"]}