{"reportPrefix":"","assertionsCount":1,"lastError":{"code":"ERR_INVALID_ARG_TYPE","name":"TypeError","displayed":true},"skippedAtRuntime":["GET Check Availability","PUT Check Validation","POST Create Reservation","GET AuthToken1","GET Check Availability","PUT Check Validation","POST Create Reservation","GET Reservation OHIP","GET Reservation OHIP","GET AuthToken2","GET Reservation GRS","GET AuthToken2","GET Reservation GRS"],"skippedByUser":[],"skipped":["GET Check Availability","PUT Check Validation","POST Create Reservation","GET AuthToken1","GET Check Availability","PUT Check Validation","POST Create Reservation","GET Reservation OHIP","GET Reservation OHIP","GET AuthToken2","GET Reservation GRS","GET AuthToken2","GET Reservation GRS"],"time":"0.2900","timeMs":290,"completed":{"GET AuthToken1":{"time":"0.1210","assertions":[{"name":"TypeError","message":"The \"urlObject\" argument must be one of type object or string. Received undefined","stackTrace":"TypeError [ERR_INVALID_ARG_TYPE]: The \"urlObject\" argument must be one of type object or string. Received undefined\n    at urlFormat (node:url:580:11)\n    at new Request (C:\\Users\\User\\Documents\\QA-Automation\\node_modules\\superagent\\lib\\node\\index.js:158:38)\n    at new Test (C:\\Users\\User\\Documents\\QA-Automation\\node_modules\\supertest\\lib\\test.js:26:5)\n    at obj.<computed> [as post] (C:\\Users\\User\\Documents\\QA-Automation\\node_modules\\supertest\\index.js:43:18)\n    at Object.<anonymous> (C:\\Users\\User\\Documents\\QA-Automation\\node_modules\\@nightwatch\\apitesting\\nightwatch\\commands\\supertest\\request.js:18:42)\n    at DescribeInstance.<anonymous> (C:\\Users\\User\\Documents\\QA-Automation\\tests\\step_definitions\\api\\CreateReservDemo.js:89:18)\n    at Context.call (C:\\Users\\User\\Documents\\QA-Automation\\node_modules\\nightwatch\\lib\\testsuite\\context.js:515:35)\n    at TestCase.run (C:\\Users\\User\\Documents\\QA-Automation\\node_modules\\nightwatch\\lib\\testsuite\\testcase.js:58:31)\n    at Runnable.__runFn (C:\\Users\\User\\Documents\\QA-Automation\\node_modules\\nightwatch\\lib\\testsuite\\index.js:839:80)\n    at Runnable.run (C:\\Users\\User\\Documents\\QA-Automation\\node_modules\\nightwatch\\lib\\testsuite\\runnable.js:126:21)","fullMsg":"The \"urlObject\" argument must be one of type object or string. Received undefined","failure":"expected \"undefined\" but got: \"undefined\""}],"commands":[],"passed":0,"errors":0,"failed":1,"skipped":0,"tests":1,"status":"fail","startTimestamp":"Fri, 26 Jul 2024 07:00:28 GMT","httpOutput":[],"steps":["GET Check Availability","PUT Check Validation","POST Create Reservation","GET AuthToken1","GET Check Availability","PUT Check Validation","POST Create Reservation","GET Reservation OHIP","GET Reservation OHIP","GET AuthToken2","GET Reservation GRS","GET AuthToken2","GET Reservation GRS"],"stackTrace":"TypeError [ERR_INVALID_ARG_TYPE]: The \"urlObject\" argument must be one of type object or string. Received undefined\n    at urlFormat (node:url:580:11)\n    at new Request (C:\\Users\\User\\Documents\\QA-Automation\\node_modules\\superagent\\lib\\node\\index.js:158:38)\n    at new Test (C:\\Users\\User\\Documents\\QA-Automation\\node_modules\\supertest\\lib\\test.js:26:5)\n    at obj.<computed> [as post] (C:\\Users\\User\\Documents\\QA-Automation\\node_modules\\supertest\\index.js:43:18)\n    at Object.<anonymous> (C:\\Users\\User\\Documents\\QA-Automation\\node_modules\\@nightwatch\\apitesting\\nightwatch\\commands\\supertest\\request.js:18:42)\n    at DescribeInstance.<anonymous> (C:\\Users\\User\\Documents\\QA-Automation\\tests\\step_definitions\\api\\CreateReservDemo.js:89:18)\n    at Context.call (C:\\Users\\User\\Documents\\QA-Automation\\node_modules\\nightwatch\\lib\\testsuite\\context.js:515:35)\n    at TestCase.run (C:\\Users\\User\\Documents\\QA-Automation\\node_modules\\nightwatch\\lib\\testsuite\\testcase.js:58:31)\n    at Runnable.__runFn (C:\\Users\\User\\Documents\\QA-Automation\\node_modules\\nightwatch\\lib\\testsuite\\index.js:839:80)\n    at Runnable.run (C:\\Users\\User\\Documents\\QA-Automation\\node_modules\\nightwatch\\lib\\testsuite\\runnable.js:126:21)","testcases":{"GET AuthToken1":{"time":"0.1210","assertions":[{"name":"TypeError","message":"The \"urlObject\" argument must be one of type object or string. Received undefined","stackTrace":"TypeError [ERR_INVALID_ARG_TYPE]: The \"urlObject\" argument must be one of type object or string. Received undefined\n    at urlFormat (node:url:580:11)\n    at new Request (C:\\Users\\User\\Documents\\QA-Automation\\node_modules\\superagent\\lib\\node\\index.js:158:38)\n    at new Test (C:\\Users\\User\\Documents\\QA-Automation\\node_modules\\supertest\\lib\\test.js:26:5)\n    at obj.<computed> [as post] (C:\\Users\\User\\Documents\\QA-Automation\\node_modules\\supertest\\index.js:43:18)\n    at Object.<anonymous> (C:\\Users\\User\\Documents\\QA-Automation\\node_modules\\@nightwatch\\apitesting\\nightwatch\\commands\\supertest\\request.js:18:42)\n    at DescribeInstance.<anonymous> (C:\\Users\\User\\Documents\\QA-Automation\\tests\\step_definitions\\api\\CreateReservDemo.js:89:18)\n    at Context.call (C:\\Users\\User\\Documents\\QA-Automation\\node_modules\\nightwatch\\lib\\testsuite\\context.js:515:35)\n    at TestCase.run (C:\\Users\\User\\Documents\\QA-Automation\\node_modules\\nightwatch\\lib\\testsuite\\testcase.js:58:31)\n    at Runnable.__runFn (C:\\Users\\User\\Documents\\QA-Automation\\node_modules\\nightwatch\\lib\\testsuite\\index.js:839:80)\n    at Runnable.run (C:\\Users\\User\\Documents\\QA-Automation\\node_modules\\nightwatch\\lib\\testsuite\\runnable.js:126:21)","fullMsg":"The \"urlObject\" argument must be one of type object or string. Received undefined","failure":"expected \"undefined\" but got: \"undefined\""}],"tests":1,"commands":[],"passed":0,"errors":0,"failed":1,"skipped":0,"status":"fail","startTimestamp":"Fri, 26 Jul 2024 07:00:28 GMT","httpOutput":[],"steps":["GET Check Availability","PUT Check Validation","POST Create Reservation","GET AuthToken1","GET Check Availability","PUT Check Validation","POST Create Reservation","GET Reservation OHIP","GET Reservation OHIP","GET AuthToken2","GET Reservation GRS","GET AuthToken2","GET Reservation GRS"],"stackTrace":"TypeError [ERR_INVALID_ARG_TYPE]: The \"urlObject\" argument must be one of type object or string. Received undefined\n    at urlFormat (node:url:580:11)\n    at new Request (C:\\Users\\User\\Documents\\QA-Automation\\node_modules\\superagent\\lib\\node\\index.js:158:38)\n    at new Test (C:\\Users\\User\\Documents\\QA-Automation\\node_modules\\supertest\\lib\\test.js:26:5)\n    at obj.<computed> [as post] (C:\\Users\\User\\Documents\\QA-Automation\\node_modules\\supertest\\index.js:43:18)\n    at Object.<anonymous> (C:\\Users\\User\\Documents\\QA-Automation\\node_modules\\@nightwatch\\apitesting\\nightwatch\\commands\\supertest\\request.js:18:42)\n    at DescribeInstance.<anonymous> (C:\\Users\\User\\Documents\\QA-Automation\\tests\\step_definitions\\api\\CreateReservDemo.js:89:18)\n    at Context.call (C:\\Users\\User\\Documents\\QA-Automation\\node_modules\\nightwatch\\lib\\testsuite\\context.js:515:35)\n    at TestCase.run (C:\\Users\\User\\Documents\\QA-Automation\\node_modules\\nightwatch\\lib\\testsuite\\testcase.js:58:31)\n    at Runnable.__runFn (C:\\Users\\User\\Documents\\QA-Automation\\node_modules\\nightwatch\\lib\\testsuite\\index.js:839:80)\n    at Runnable.run (C:\\Users\\User\\Documents\\QA-Automation\\node_modules\\nightwatch\\lib\\testsuite\\runnable.js:126:21)","lastError":{"code":"ERR_INVALID_ARG_TYPE","name":"TypeError","displayed":true},"timeMs":121,"endTimestamp":"Fri, 26 Jul 2024 07:00:28 GMT"}},"lastError":{"code":"ERR_INVALID_ARG_TYPE","name":"TypeError","displayed":true},"timeMs":121,"endTimestamp":"Fri, 26 Jul 2024 07:00:28 GMT"}},"completedSections":{"__global_beforeEach_hook":{"time":"0.001000","assertions":[],"commands":[],"passed":0,"errors":0,"failed":0,"skipped":0,"tests":0,"status":"pass","startTimestamp":1721977228212,"httpOutput":[],"timeMs":1,"endTimestamp":1721977228213},"__before_hook":{"time":"0.000","assertions":[],"commands":[],"passed":0,"errors":0,"failed":0,"skipped":0,"tests":0,"status":"pass","startTimestamp":1721977228214,"httpOutput":[],"timeMs":0,"endTimestamp":1721977228214},"GET AuthToken1":{"time":"0.1210","assertions":[],"commands":[{"name":"saveScreenshot","args":["\"C:\\\\Users\\\\User\\\\Documents\\\\QA-Automation\\\\Screenshots\\\\CreateReservDemo\\\\GET-AuthToken1_FAILED_Jul-26-2024-123028-GMT+0530.png\"",null],"startTime":1721977228313,"endTime":1721977228335,"elapsedTime":22,"status":"fail","result":{"status":-1,"name":"TypeError"}}],"passed":0,"errors":0,"failed":0,"skipped":0,"tests":0,"status":"fail","startTimestamp":1721977228217,"httpOutput":[],"beforeEach":{"time":"0.000","assertions":[],"commands":[],"passed":0,"errors":0,"failed":0,"skipped":0,"tests":0,"status":"pass","startTimestamp":1721977228218,"httpOutput":[],"endTimestamp":1721977228218,"timeMs":0},"testcase":{"time":"0.1180","assertions":[],"commands":[{"name":"saveScreenshot","args":["\"C:\\\\Users\\\\User\\\\Documents\\\\QA-Automation\\\\Screenshots\\\\CreateReservDemo\\\\GET-AuthToken1_FAILED_Jul-26-2024-123028-GMT+0530.png\"",null],"startTime":1721977228313,"endTime":1721977228335,"elapsedTime":22,"status":"fail","result":{"status":-1,"name":"TypeError"}}],"passed":0,"errors":0,"failed":0,"skipped":0,"tests":0,"status":"pass","startTimestamp":1721977228218,"httpOutput":[],"endTimestamp":1721977228336,"timeMs":118},"afterEach":{"time":"0.001000","assertions":[],"commands":[],"passed":0,"errors":0,"failed":0,"skipped":0,"tests":0,"status":"pass","startTimestamp":1721977228336,"httpOutput":[],"endTimestamp":1721977228337,"timeMs":1},"timeMs":121,"endTimestamp":1721977228338},"__after_hook":{"time":"0.04700","assertions":[],"commands":[],"passed":0,"errors":0,"failed":0,"skipped":0,"tests":0,"status":"fail","startTimestamp":1721977228340,"httpOutput":[],"timeMs":47,"endTimestamp":1721977228387},"__global_afterEach_hook":{"time":"0.000","assertions":[],"commands":[],"passed":0,"errors":0,"failed":0,"skipped":0,"tests":0,"status":"fail","startTimestamp":1721977228387,"httpOutput":[],"timeMs":0,"endTimestamp":1721977228387}},"errmessages":[],"testsCount":1,"skippedCount":13,"failedCount":1,"errorsCount":0,"passedCount":0,"group":"","modulePath":"C:\\Users\\User\\Documents\\QA-Automation\\tests\\step_definitions\\api\\CreateReservDemo.js","startTimestamp":"Fri, 26 Jul 2024 07:00:28 GMT","endTimestamp":"Fri, 26 Jul 2024 07:00:28 GMT","sessionCapabilities":{"browserName":"chrome","name":"Api Auth Token1"},"sessionId":"","projectName":"","buildName":"","testEnv":"api_testing","isMobile":false,"status":"fail","host":"localhost","name":"Api Auth Token1","tags":[],"tests":1,"failures":1,"errors":0,"httpOutput":[],"rawHttpOutput":[],"globalErrorRegister":["   \u001b[31m\u001b[1m✖\u001b[22m\u001b[39m \u001b[31m\u001b[1mTypeError\u001b[22m\u001b[39m\n   \u001b[31mThe \"urlObject\" argument must be one of type object or string. Received undefined\u001b[39m\n\u001b[33m\u001b[39m\n\u001b[33m    Error location:\u001b[39m\n    C:\\Users\\User\\Documents\\QA-Automation\\tests\\step_definitions\\api\\CreateReservDemo.js:89\n    ––––––––––––––––––––––––––––––––––––––––––––––––––––––––––––––––––––––––––––––––––––––\n     87 |             await supertest\n     88 |                 .request(row.request)\n    \u001b[41m\u001b[37m 89 |                 .post(row.Authendpath) \u001b[39m\u001b[49m\n     90 |                 .set('Content-Type', row['Content-Type']) // Use bracket notation here\n     91 |                 .set('x-app-key', row['x-app-key']) // Use bracket notation here\n    ––––––––––––––––––––––––––––––––––––––––––––––––––––––––––––––––––––––––––––––––––––––\n\n\u001b[33m    Stack Trace :\u001b[39m\n\u001b[90m    at urlFormat (node:url:580:11)\u001b[39m\n\u001b[90m    at new Request (C:\\Users\\User\\Documents\\QA-Automation\\node_modules\\superagent\\lib\\node\\index.js:158:38)\u001b[39m\n\u001b[90m    at new Test (C:\\Users\\User\\Documents\\QA-Automation\\node_modules\\supertest\\lib\\test.js:26:5)\u001b[39m\n\u001b[90m    at obj.<computed> [as post] (C:\\Users\\User\\Documents\\QA-Automation\\node_modules\\supertest\\index.js:43:18)\u001b[39m\n\u001b[90m    at Object.<anonymous> (C:\\Users\\User\\Documents\\QA-Automation\\node_modules\\@nightwatch\\apitesting\\nightwatch\\commands\\supertest\\request.js:18:42)\u001b[39m\n\u001b[90m    at DescribeInstance.<anonymous> (C:\\Users\\User\\Documents\\QA-Automation\\tests\\step_definitions\\api\\CreateReservDemo.js:89:18)\u001b[39m\n\u001b[90m    at Context.call (C:\\Users\\User\\Documents\\QA-Automation\\node_modules\\nightwatch\\lib\\testsuite\\context.js:515:35)\u001b[39m\n\u001b[90m    at TestCase.run (C:\\Users\\User\\Documents\\QA-Automation\\node_modules\\nightwatch\\lib\\testsuite\\testcase.js:58:31)\u001b[39m\n\u001b[90m    at Runnable.__runFn (C:\\Users\\User\\Documents\\QA-Automation\\node_modules\\nightwatch\\lib\\testsuite\\index.js:839:80)\u001b[39m\n\u001b[90m    at Runnable.run (C:\\Users\\User\\Documents\\QA-Automation\\node_modules\\nightwatch\\lib\\testsuite\\runnable.js:126:21)\u001b[39m\n"]}