{"reportPrefix":"","assertionsCount":2,"lastError":{"name":"ReferenceError","displayed":true},"skippedAtRuntime":["Verify Reservation","api Auth Token2","Verify External Reference","api Auth Token1","Create Reservation","Verify Reservation","api Auth Token2","Verify External Reference"],"skippedByUser":[],"skipped":["Verify Reservation","api Auth Token2","Verify External Reference","api Auth Token1","Create Reservation","Verify Reservation","api Auth Token2","Verify External Reference"],"time":"4.541","timeMs":4541,"completed":{"api Auth Token1":{"time":"2.135","assertions":[{"name":"NightwatchAssertError","message":"Passed [ok]: .post('/oauth/v1/tokens').expect(200) ok","stackTrace":"","fullMsg":"Passed [ok]: .post('/oauth/v1/tokens').expect(200) ok","failure":false},{"name":"NightwatchAssertError","message":"Passed [ok]: .post('/oauth/v1/tokens').expect('Content-Type', /json/) ok","stackTrace":"","fullMsg":"Passed [ok]: .post('/oauth/v1/tokens').expect('Content-Type', /json/) ok","failure":false}],"commands":[],"passed":2,"errors":0,"failed":0,"skipped":0,"tests":2,"status":"pass","startTimestamp":"Tue, 30 Jul 2024 17:36:16 GMT","httpOutput":[],"steps":["Verify Reservation","api Auth Token2","Verify External Reference","api Auth Token1","Create Reservation","Verify Reservation","api Auth Token2","Verify External Reference"],"stackTrace":"","testcases":{"api Auth Token1":{"time":"2.135","assertions":[{"name":"NightwatchAssertError","message":"Passed [ok]: .post('/oauth/v1/tokens').expect(200) ok","stackTrace":"","fullMsg":"Passed [ok]: .post('/oauth/v1/tokens').expect(200) ok","failure":false},{"name":"NightwatchAssertError","message":"Passed [ok]: .post('/oauth/v1/tokens').expect('Content-Type', /json/) ok","stackTrace":"","fullMsg":"Passed [ok]: .post('/oauth/v1/tokens').expect('Content-Type', /json/) ok","failure":false}],"tests":2,"commands":[],"passed":2,"errors":0,"failed":0,"skipped":0,"status":"pass","startTimestamp":"Tue, 30 Jul 2024 17:36:16 GMT","httpOutput":[],"steps":["Verify Reservation","api Auth Token2","Verify External Reference","api Auth Token1","Create Reservation","Verify Reservation","api Auth Token2","Verify External Reference"],"stackTrace":"","timeMs":2135,"endTimestamp":"Tue, 30 Jul 2024 17:36:19 GMT"}},"timeMs":2135,"endTimestamp":"Tue, 30 Jul 2024 17:36:19 GMT"},"Create Reservation":{"time":"0.1140","assertions":[],"commands":[],"passed":0,"errors":1,"failed":0,"skipped":0,"tests":0,"status":"fail","startTimestamp":"Tue, 30 Jul 2024 17:36:19 GMT","httpOutput":[],"steps":["Verify Reservation","api Auth Token2","Verify External Reference","api Auth Token1","Create Reservation","Verify Reservation","api Auth Token2","Verify External Reference"],"stackTrace":"ReferenceError: falses is not defined\n    at DescribeInstance.<anonymous> (C:\\Users\\User\\Documents\\QA-Automation\\tests\\step_definitions\\api\\sheet2.js:302:69)\n    at Context.call (C:\\Users\\User\\Documents\\QA-Automation\\node_modules\\nightwatch\\lib\\testsuite\\context.js:515:35)\n    at TestCase.run (C:\\Users\\User\\Documents\\QA-Automation\\node_modules\\nightwatch\\lib\\testsuite\\testcase.js:58:31)\n    at Runnable.__runFn (C:\\Users\\User\\Documents\\QA-Automation\\node_modules\\nightwatch\\lib\\testsuite\\index.js:839:80)\n    at Runnable.run (C:\\Users\\User\\Documents\\QA-Automation\\node_modules\\nightwatch\\lib\\testsuite\\runnable.js:126:21)\n    at TestSuite.executeRunnable (C:\\Users\\User\\Documents\\QA-Automation\\node_modules\\nightwatch\\lib\\testsuite\\index.js:1000:49)\n    at TestSuite.handleRunnable (C:\\Users\\User\\Documents\\QA-Automation\\node_modules\\nightwatch\\lib\\testsuite\\index.js:1015:33)\n    at C:\\Users\\User\\Documents\\QA-Automation\\node_modules\\nightwatch\\lib\\testsuite\\index.js:839:21\n    at runNextTicks (node:internal/process/task_queues:60:5)\n    at process.processTimers (node:internal/timers:511:9)","testcases":{"api Auth Token1":{"time":"2.135","assertions":[{"name":"NightwatchAssertError","message":"Passed [ok]: .post('/oauth/v1/tokens').expect(200) ok","stackTrace":"","fullMsg":"Passed [ok]: .post('/oauth/v1/tokens').expect(200) ok","failure":false},{"name":"NightwatchAssertError","message":"Passed [ok]: .post('/oauth/v1/tokens').expect('Content-Type', /json/) ok","stackTrace":"","fullMsg":"Passed [ok]: .post('/oauth/v1/tokens').expect('Content-Type', /json/) ok","failure":false}],"tests":2,"commands":[],"passed":2,"errors":0,"failed":0,"skipped":0,"status":"pass","startTimestamp":"Tue, 30 Jul 2024 17:36:16 GMT","httpOutput":[],"steps":["Verify Reservation","api Auth Token2","Verify External Reference","api Auth Token1","Create Reservation","Verify Reservation","api Auth Token2","Verify External Reference"],"stackTrace":"","timeMs":2135,"endTimestamp":"Tue, 30 Jul 2024 17:36:19 GMT"},"Create Reservation":{"time":"0.1140","assertions":[],"tests":0,"commands":[],"passed":0,"errors":1,"failed":0,"skipped":0,"status":"fail","startTimestamp":"Tue, 30 Jul 2024 17:36:19 GMT","httpOutput":[],"steps":["Verify Reservation","api Auth Token2","Verify External Reference","api Auth Token1","Create Reservation","Verify Reservation","api Auth Token2","Verify External Reference"],"stackTrace":"ReferenceError: falses is not defined\n    at DescribeInstance.<anonymous> (C:\\Users\\User\\Documents\\QA-Automation\\tests\\step_definitions\\api\\sheet2.js:302:69)\n    at Context.call (C:\\Users\\User\\Documents\\QA-Automation\\node_modules\\nightwatch\\lib\\testsuite\\context.js:515:35)\n    at TestCase.run (C:\\Users\\User\\Documents\\QA-Automation\\node_modules\\nightwatch\\lib\\testsuite\\testcase.js:58:31)\n    at Runnable.__runFn (C:\\Users\\User\\Documents\\QA-Automation\\node_modules\\nightwatch\\lib\\testsuite\\index.js:839:80)\n    at Runnable.run (C:\\Users\\User\\Documents\\QA-Automation\\node_modules\\nightwatch\\lib\\testsuite\\runnable.js:126:21)\n    at TestSuite.executeRunnable (C:\\Users\\User\\Documents\\QA-Automation\\node_modules\\nightwatch\\lib\\testsuite\\index.js:1000:49)\n    at TestSuite.handleRunnable (C:\\Users\\User\\Documents\\QA-Automation\\node_modules\\nightwatch\\lib\\testsuite\\index.js:1015:33)\n    at C:\\Users\\User\\Documents\\QA-Automation\\node_modules\\nightwatch\\lib\\testsuite\\index.js:839:21\n    at runNextTicks (node:internal/process/task_queues:60:5)\n    at process.processTimers (node:internal/timers:511:9)","lastError":{"name":"ReferenceError","displayed":true},"errorsPerTest":["falses is not defined"],"timeMs":114,"endTimestamp":"Tue, 30 Jul 2024 17:36:19 GMT"}},"lastError":{"name":"ReferenceError","displayed":true},"errorsPerTest":["falses is not defined"],"timeMs":114,"endTimestamp":"Tue, 30 Jul 2024 17:36:19 GMT"}},"completedSections":{"__global_beforeEach_hook":{"time":"0.001000","assertions":[],"commands":[],"passed":0,"errors":0,"failed":0,"skipped":0,"tests":0,"status":"pass","startTimestamp":1722360976930,"httpOutput":[],"timeMs":1,"endTimestamp":1722360976931},"__before_hook":{"time":"0.000","assertions":[],"commands":[],"passed":0,"errors":0,"failed":0,"skipped":0,"tests":0,"status":"pass","startTimestamp":1722360976931,"httpOutput":[],"timeMs":0,"endTimestamp":1722360976931},"api Auth Token1":{"time":"2.135","assertions":[],"commands":[{"name":"assert.ok","args":[],"startTime":1722360979064,"endTime":1722360979066,"elapsedTime":2,"status":"pass","result":{}},{"name":"assert.ok","args":[],"startTime":1722360979067,"endTime":1722360979067,"elapsedTime":0,"status":"pass","result":{}}],"passed":0,"errors":0,"failed":0,"skipped":0,"tests":0,"status":"pass","startTimestamp":1722360976933,"httpOutput":[],"beforeEach":{"time":"0.001000","assertions":[],"commands":[],"passed":0,"errors":0,"failed":0,"skipped":0,"tests":0,"status":"pass","startTimestamp":1722360976933,"httpOutput":[],"endTimestamp":1722360976934,"timeMs":1},"testcase":{"time":"2.125","assertions":[],"commands":[],"passed":0,"errors":0,"failed":0,"skipped":0,"tests":0,"status":"pass","startTimestamp":1722360976934,"httpOutput":[],"endTimestamp":1722360979059,"timeMs":2125},"afterEach":{"time":"0.008000","assertions":[],"commands":[{"name":"assert.ok","args":[],"startTime":1722360979064,"endTime":1722360979066,"elapsedTime":2,"status":"pass","result":{}},{"name":"assert.ok","args":[],"startTime":1722360979067,"endTime":1722360979067,"elapsedTime":0,"status":"pass","result":{}}],"passed":0,"errors":0,"failed":0,"skipped":0,"tests":0,"status":"pass","startTimestamp":1722360979059,"httpOutput":[],"endTimestamp":1722360979067,"timeMs":8},"timeMs":2135,"endTimestamp":1722360979068},"Create Reservation":{"time":"0.1140","assertions":[],"commands":[{"name":"saveScreenshot","args":["\"C:\\\\Users\\\\User\\\\Documents\\\\QA-Automation\\\\Screenshots\\\\sheet2\\\\Create-Reservation_FAILED_Jul-30-2024-230619-GMT+0530.png\"",null],"startTime":1722360979153,"endTime":1722360979172,"elapsedTime":19,"status":"fail","result":{"status":-1,"name":"TypeError"}}],"passed":0,"errors":0,"failed":0,"skipped":0,"tests":0,"status":"fail","startTimestamp":1722360979071,"httpOutput":[],"beforeEach":{"time":"0.01400","assertions":[],"commands":[],"passed":0,"errors":0,"failed":0,"skipped":0,"tests":0,"status":"pass","startTimestamp":1722360979071,"httpOutput":[],"endTimestamp":1722360979085,"timeMs":14},"testcase":{"time":"0.08700","assertions":[],"commands":[{"name":"saveScreenshot","args":["\"C:\\\\Users\\\\User\\\\Documents\\\\QA-Automation\\\\Screenshots\\\\sheet2\\\\Create-Reservation_FAILED_Jul-30-2024-230619-GMT+0530.png\"",null],"startTime":1722360979153,"endTime":1722360979172,"elapsedTime":19,"status":"fail","result":{"status":-1,"name":"TypeError"}}],"passed":0,"errors":0,"failed":0,"skipped":0,"tests":0,"status":"pass","startTimestamp":1722360979085,"httpOutput":[],"endTimestamp":1722360979172,"timeMs":87},"afterEach":{"time":"0.01300","assertions":[],"commands":[],"passed":0,"errors":0,"failed":0,"skipped":0,"tests":0,"status":"pass","startTimestamp":1722360979172,"httpOutput":[],"endTimestamp":1722360979185,"timeMs":13},"timeMs":114,"endTimestamp":1722360979185},"__after_hook":{"time":"0.04200","assertions":[],"commands":[],"passed":0,"errors":0,"failed":0,"skipped":0,"tests":0,"status":"fail","startTimestamp":1722360979188,"httpOutput":[],"timeMs":42,"endTimestamp":1722360979230},"__global_afterEach_hook":{"time":"0.000","assertions":[],"commands":[],"passed":0,"errors":0,"failed":0,"skipped":0,"tests":0,"status":"fail","startTimestamp":1722360979230,"httpOutput":[],"timeMs":0,"endTimestamp":1722360979230}},"errmessages":[" \u001b[31m\u001b[1m✖\u001b[22m\u001b[39m \u001b[31m\u001b[1mReferenceError\u001b[22m\u001b[39m\n   \u001b[31mfalses is not defined\u001b[39m\n\u001b[33m\u001b[39m\n\u001b[33m    Error location:\u001b[39m\n    C:\\Users\\User\\Documents\\QA-Automation\\tests\\step_definitions\\api\\sheet2.js:302\n    ––––––––––––––––––––––––––––––––––––––––––––––––––––––––––––––––––––––––––––\n     300 |                                     },\n     301 |                                     \"reverseCheckInAllowed\": false,\n    \u001b[41m\u001b[37m 302 |                                     \"reverseAdvanceCheckInAllowed\": falses \u001b[39m\u001b[49m\n     303 |                                 },\n     304 |                                 \"hotelId\": row.hotelId,\n    ––––––––––––––––––––––––––––––––––––––––––––––––––––––––––––––––––––––––––––\n\n\u001b[33m    Stack Trace :\u001b[39m\n\u001b[90m    at DescribeInstance.<anonymous> (C:\\Users\\User\\Documents\\QA-Automation\\tests\\step_definitions\\api\\sheet2.js:302:69)\u001b[39m\n\u001b[90m    at Context.call (C:\\Users\\User\\Documents\\QA-Automation\\node_modules\\nightwatch\\lib\\testsuite\\context.js:515:35)\u001b[39m\n\u001b[90m    at TestCase.run (C:\\Users\\User\\Documents\\QA-Automation\\node_modules\\nightwatch\\lib\\testsuite\\testcase.js:58:31)\u001b[39m\n\u001b[90m    at Runnable.__runFn (C:\\Users\\User\\Documents\\QA-Automation\\node_modules\\nightwatch\\lib\\testsuite\\index.js:839:80)\u001b[39m\n\u001b[90m    at Runnable.run (C:\\Users\\User\\Documents\\QA-Automation\\node_modules\\nightwatch\\lib\\testsuite\\runnable.js:126:21)\u001b[39m\n\u001b[90m    at TestSuite.executeRunnable (C:\\Users\\User\\Documents\\QA-Automation\\node_modules\\nightwatch\\lib\\testsuite\\index.js:1000:49)\u001b[39m\n\u001b[90m    at TestSuite.handleRunnable (C:\\Users\\User\\Documents\\QA-Automation\\node_modules\\nightwatch\\lib\\testsuite\\index.js:1015:33)\u001b[39m\n\u001b[90m    at C:\\Users\\User\\Documents\\QA-Automation\\node_modules\\nightwatch\\lib\\testsuite\\index.js:839:21\u001b[39m\n\u001b[90m    at runNextTicks (node:internal/process/task_queues:60:5)\u001b[39m\n\u001b[90m    at process.processTimers (node:internal/timers:511:9)\u001b[39m\n"],"testsCount":2,"skippedCount":8,"failedCount":0,"errorsCount":1,"passedCount":2,"group":"","modulePath":"C:\\Users\\User\\Documents\\QA-Automation\\tests\\step_definitions\\api\\sheet2.js","startTimestamp":"Tue, 30 Jul 2024 17:36:16 GMT","endTimestamp":"Tue, 30 Jul 2024 17:36:19 GMT","sessionCapabilities":{"browserName":"chrome","name":"API Test Sequence"},"sessionId":"","projectName":"","buildName":"","testEnv":"api_testing","isMobile":false,"status":"fail","host":"localhost","name":"API Test Sequence","tags":[],"tests":2,"failures":0,"errors":1,"httpOutput":[],"rawHttpOutput":[],"globalErrorRegister":["   \u001b[31m\u001b[1m✖\u001b[22m\u001b[39m \u001b[31m\u001b[1mReferenceError\u001b[22m\u001b[39m\n   \u001b[31mfalses is not defined\u001b[39m\n\u001b[33m\u001b[39m\n\u001b[33m    Error location:\u001b[39m\n    C:\\Users\\User\\Documents\\QA-Automation\\tests\\step_definitions\\api\\sheet2.js:302\n    ––––––––––––––––––––––––––––––––––––––––––––––––––––––––––––––––––––––––––––\n     300 |                                     },\n     301 |                                     \"reverseCheckInAllowed\": false,\n    \u001b[41m\u001b[37m 302 |                                     \"reverseAdvanceCheckInAllowed\": falses \u001b[39m\u001b[49m\n     303 |                                 },\n     304 |                                 \"hotelId\": row.hotelId,\n    ––––––––––––––––––––––––––––––––––––––––––––––––––––––––––––––––––––––––––––\n\n\u001b[33m    Stack Trace :\u001b[39m\n\u001b[90m    at DescribeInstance.<anonymous> (C:\\Users\\User\\Documents\\QA-Automation\\tests\\step_definitions\\api\\sheet2.js:302:69)\u001b[39m\n\u001b[90m    at Context.call (C:\\Users\\User\\Documents\\QA-Automation\\node_modules\\nightwatch\\lib\\testsuite\\context.js:515:35)\u001b[39m\n\u001b[90m    at TestCase.run (C:\\Users\\User\\Documents\\QA-Automation\\node_modules\\nightwatch\\lib\\testsuite\\testcase.js:58:31)\u001b[39m\n\u001b[90m    at Runnable.__runFn (C:\\Users\\User\\Documents\\QA-Automation\\node_modules\\nightwatch\\lib\\testsuite\\index.js:839:80)\u001b[39m\n\u001b[90m    at Runnable.run (C:\\Users\\User\\Documents\\QA-Automation\\node_modules\\nightwatch\\lib\\testsuite\\runnable.js:126:21)\u001b[39m\n\u001b[90m    at TestSuite.executeRunnable (C:\\Users\\User\\Documents\\QA-Automation\\node_modules\\nightwatch\\lib\\testsuite\\index.js:1000:49)\u001b[39m\n\u001b[90m    at TestSuite.handleRunnable (C:\\Users\\User\\Documents\\QA-Automation\\node_modules\\nightwatch\\lib\\testsuite\\index.js:1015:33)\u001b[39m\n\u001b[90m    at C:\\Users\\User\\Documents\\QA-Automation\\node_modules\\nightwatch\\lib\\testsuite\\index.js:839:21\u001b[39m\n\u001b[90m    at runNextTicks (node:internal/process/task_queues:60:5)\u001b[39m\n\u001b[90m    at process.processTimers (node:internal/timers:511:9)\u001b[39m\n"," \u001b[31m\u001b[1m✖\u001b[22m\u001b[39m \u001b[31m\u001b[1mReferenceError\u001b[22m\u001b[39m\n   \u001b[31mfalses is not defined\u001b[39m\n\u001b[33m\u001b[39m\n\u001b[33m    Error location:\u001b[39m\n    C:\\Users\\User\\Documents\\QA-Automation\\tests\\step_definitions\\api\\sheet2.js:302\n    ––––––––––––––––––––––––––––––––––––––––––––––––––––––––––––––––––––––––––––\n     300 |                                     },\n     301 |                                     \"reverseCheckInAllowed\": false,\n    \u001b[41m\u001b[37m 302 |                                     \"reverseAdvanceCheckInAllowed\": falses \u001b[39m\u001b[49m\n     303 |                                 },\n     304 |                                 \"hotelId\": row.hotelId,\n    ––––––––––––––––––––––––––––––––––––––––––––––––––––––––––––––––––––––––––––\n\n\u001b[33m    Stack Trace :\u001b[39m\n\u001b[90m    at DescribeInstance.<anonymous> (C:\\Users\\User\\Documents\\QA-Automation\\tests\\step_definitions\\api\\sheet2.js:302:69)\u001b[39m\n\u001b[90m    at Context.call (C:\\Users\\User\\Documents\\QA-Automation\\node_modules\\nightwatch\\lib\\testsuite\\context.js:515:35)\u001b[39m\n\u001b[90m    at TestCase.run (C:\\Users\\User\\Documents\\QA-Automation\\node_modules\\nightwatch\\lib\\testsuite\\testcase.js:58:31)\u001b[39m\n\u001b[90m    at Runnable.__runFn (C:\\Users\\User\\Documents\\QA-Automation\\node_modules\\nightwatch\\lib\\testsuite\\index.js:839:80)\u001b[39m\n\u001b[90m    at Runnable.run (C:\\Users\\User\\Documents\\QA-Automation\\node_modules\\nightwatch\\lib\\testsuite\\runnable.js:126:21)\u001b[39m\n\u001b[90m    at TestSuite.executeRunnable (C:\\Users\\User\\Documents\\QA-Automation\\node_modules\\nightwatch\\lib\\testsuite\\index.js:1000:49)\u001b[39m\n\u001b[90m    at TestSuite.handleRunnable (C:\\Users\\User\\Documents\\QA-Automation\\node_modules\\nightwatch\\lib\\testsuite\\index.js:1015:33)\u001b[39m\n\u001b[90m    at C:\\Users\\User\\Documents\\QA-Automation\\node_modules\\nightwatch\\lib\\testsuite\\index.js:839:21\u001b[39m\n\u001b[90m    at runNextTicks (node:internal/process/task_queues:60:5)\u001b[39m\n\u001b[90m    at process.processTimers (node:internal/timers:511:9)\u001b[39m\n"]}