{"reportPrefix":"","assertionsCount":2,"lastError":{"name":"TypeError","displayed":true},"skippedAtRuntime":[],"skippedByUser":[],"skipped":[],"time":"2.748","timeMs":2748,"completed":{"post api test":{"time":"1.274","assertions":[{"name":"NightwatchAssertError","message":"expected 200 \"OK\", got 400 \"Bad Request\"","stackTrace":"    at DescribeInstance.<anonymous> (C:\\Users\\User\\Documents\\QA-Automation\\tests\\step_definitions\\api\\New.js:23:8)","fullMsg":"expected 200 \"OK\", got 400 \"Bad Request\"","failure":true}],"commands":[],"passed":0,"errors":0,"failed":1,"skipped":0,"tests":1,"status":"fail","startTimestamp":"Mon, 19 Aug 2024 07:44:51 GMT","httpOutput":[],"steps":[],"stackTrace":"    at DescribeInstance.<anonymous> (C:\\Users\\User\\Documents\\QA-Automation\\tests\\step_definitions\\api\\New.js:23:8)","testcases":{"post api test":{"time":"1.274","assertions":[{"name":"NightwatchAssertError","message":"expected 200 \"OK\", got 400 \"Bad Request\"","stackTrace":"    at DescribeInstance.<anonymous> (C:\\Users\\User\\Documents\\QA-Automation\\tests\\step_definitions\\api\\New.js:23:8)","fullMsg":"expected 200 \"OK\", got 400 \"Bad Request\"","failure":true}],"tests":1,"commands":[],"passed":0,"errors":0,"failed":1,"skipped":0,"status":"fail","startTimestamp":"Mon, 19 Aug 2024 07:44:51 GMT","httpOutput":[],"steps":[],"stackTrace":"    at DescribeInstance.<anonymous> (C:\\Users\\User\\Documents\\QA-Automation\\tests\\step_definitions\\api\\New.js:23:8)","lastError":{"name":"NightwatchAssertError","message":"expected 200 \"OK\", got 400 \"Bad Request\"","showDiff":false,"abortOnFailure":true,"namespace":"assert","stack":"    at DescribeInstance.<anonymous> (C:\\Users\\User\\Documents\\QA-Automation\\tests\\step_definitions\\api\\New.js:23:8)"},"timeMs":1274,"endTimestamp":"Mon, 19 Aug 2024 07:44:52 GMT"}},"lastError":{"name":"NightwatchAssertError","message":"expected 200 \"OK\", got 400 \"Bad Request\"","showDiff":false,"abortOnFailure":true,"namespace":"assert","stack":"    at DescribeInstance.<anonymous> (C:\\Users\\User\\Documents\\QA-Automation\\tests\\step_definitions\\api\\New.js:23:8)"},"timeMs":1274,"endTimestamp":"Mon, 19 Aug 2024 07:44:52 GMT"},"post api test after login":{"time":"0.09700","assertions":[{"name":"TypeError","message":"Cannot read properties of undefined (reading 'hotelId')","stackTrace":"TypeError: Cannot read properties of undefined (reading 'hotelId')\n    at DescribeInstance.<anonymous> (C:\\Users\\User\\Documents\\QA-Automation\\tests\\step_definitions\\api\\New.js:36:46)\n    at Context.call (C:\\Users\\User\\Documents\\QA-Automation\\node_modules\\nightwatch\\lib\\testsuite\\context.js:515:35)\n    at TestCase.run (C:\\Users\\User\\Documents\\QA-Automation\\node_modules\\nightwatch\\lib\\testsuite\\testcase.js:58:31)\n    at Runnable.__runFn (C:\\Users\\User\\Documents\\QA-Automation\\node_modules\\nightwatch\\lib\\testsuite\\index.js:839:80)\n    at Runnable.run (C:\\Users\\User\\Documents\\QA-Automation\\node_modules\\nightwatch\\lib\\testsuite\\runnable.js:126:21)\n    at TestSuite.executeRunnable (C:\\Users\\User\\Documents\\QA-Automation\\node_modules\\nightwatch\\lib\\testsuite\\index.js:1000:49)\n    at TestSuite.handleRunnable (C:\\Users\\User\\Documents\\QA-Automation\\node_modules\\nightwatch\\lib\\testsuite\\index.js:1015:33)\n    at C:\\Users\\User\\Documents\\QA-Automation\\node_modules\\nightwatch\\lib\\testsuite\\index.js:839:21\n    at runNextTicks (node:internal/process/task_queues:60:5)\n    at process.processTimers (node:internal/timers:511:9)","fullMsg":"Cannot read properties of undefined (reading 'hotelId')","failure":"expected \"undefined\" but got: \"undefined\""}],"commands":[],"passed":0,"errors":0,"failed":1,"skipped":0,"tests":1,"status":"fail","startTimestamp":"Mon, 19 Aug 2024 07:44:52 GMT","httpOutput":[],"steps":[],"stackTrace":"TypeError: Cannot read properties of undefined (reading 'hotelId')\n    at DescribeInstance.<anonymous> (C:\\Users\\User\\Documents\\QA-Automation\\tests\\step_definitions\\api\\New.js:36:46)\n    at Context.call (C:\\Users\\User\\Documents\\QA-Automation\\node_modules\\nightwatch\\lib\\testsuite\\context.js:515:35)\n    at TestCase.run (C:\\Users\\User\\Documents\\QA-Automation\\node_modules\\nightwatch\\lib\\testsuite\\testcase.js:58:31)\n    at Runnable.__runFn (C:\\Users\\User\\Documents\\QA-Automation\\node_modules\\nightwatch\\lib\\testsuite\\index.js:839:80)\n    at Runnable.run (C:\\Users\\User\\Documents\\QA-Automation\\node_modules\\nightwatch\\lib\\testsuite\\runnable.js:126:21)\n    at TestSuite.executeRunnable (C:\\Users\\User\\Documents\\QA-Automation\\node_modules\\nightwatch\\lib\\testsuite\\index.js:1000:49)\n    at TestSuite.handleRunnable (C:\\Users\\User\\Documents\\QA-Automation\\node_modules\\nightwatch\\lib\\testsuite\\index.js:1015:33)\n    at C:\\Users\\User\\Documents\\QA-Automation\\node_modules\\nightwatch\\lib\\testsuite\\index.js:839:21\n    at runNextTicks (node:internal/process/task_queues:60:5)\n    at process.processTimers (node:internal/timers:511:9)","testcases":{"post api test":{"time":"1.274","assertions":[{"name":"NightwatchAssertError","message":"expected 200 \"OK\", got 400 \"Bad Request\"","stackTrace":"    at DescribeInstance.<anonymous> (C:\\Users\\User\\Documents\\QA-Automation\\tests\\step_definitions\\api\\New.js:23:8)","fullMsg":"expected 200 \"OK\", got 400 \"Bad Request\"","failure":true}],"tests":1,"commands":[],"passed":0,"errors":0,"failed":1,"skipped":0,"status":"fail","startTimestamp":"Mon, 19 Aug 2024 07:44:51 GMT","httpOutput":[],"steps":[],"stackTrace":"    at DescribeInstance.<anonymous> (C:\\Users\\User\\Documents\\QA-Automation\\tests\\step_definitions\\api\\New.js:23:8)","lastError":{"name":"NightwatchAssertError","message":"expected 200 \"OK\", got 400 \"Bad Request\"","showDiff":false,"abortOnFailure":true,"namespace":"assert","stack":"    at DescribeInstance.<anonymous> (C:\\Users\\User\\Documents\\QA-Automation\\tests\\step_definitions\\api\\New.js:23:8)"},"timeMs":1274,"endTimestamp":"Mon, 19 Aug 2024 07:44:52 GMT"},"post api test after login":{"time":"0.09700","assertions":[{"name":"TypeError","message":"Cannot read properties of undefined (reading 'hotelId')","stackTrace":"TypeError: Cannot read properties of undefined (reading 'hotelId')\n    at DescribeInstance.<anonymous> (C:\\Users\\User\\Documents\\QA-Automation\\tests\\step_definitions\\api\\New.js:36:46)\n    at Context.call (C:\\Users\\User\\Documents\\QA-Automation\\node_modules\\nightwatch\\lib\\testsuite\\context.js:515:35)\n    at TestCase.run (C:\\Users\\User\\Documents\\QA-Automation\\node_modules\\nightwatch\\lib\\testsuite\\testcase.js:58:31)\n    at Runnable.__runFn (C:\\Users\\User\\Documents\\QA-Automation\\node_modules\\nightwatch\\lib\\testsuite\\index.js:839:80)\n    at Runnable.run (C:\\Users\\User\\Documents\\QA-Automation\\node_modules\\nightwatch\\lib\\testsuite\\runnable.js:126:21)\n    at TestSuite.executeRunnable (C:\\Users\\User\\Documents\\QA-Automation\\node_modules\\nightwatch\\lib\\testsuite\\index.js:1000:49)\n    at TestSuite.handleRunnable (C:\\Users\\User\\Documents\\QA-Automation\\node_modules\\nightwatch\\lib\\testsuite\\index.js:1015:33)\n    at C:\\Users\\User\\Documents\\QA-Automation\\node_modules\\nightwatch\\lib\\testsuite\\index.js:839:21\n    at runNextTicks (node:internal/process/task_queues:60:5)\n    at process.processTimers (node:internal/timers:511:9)","fullMsg":"Cannot read properties of undefined (reading 'hotelId')","failure":"expected \"undefined\" but got: \"undefined\""}],"tests":1,"commands":[],"passed":0,"errors":0,"failed":1,"skipped":0,"status":"fail","startTimestamp":"Mon, 19 Aug 2024 07:44:52 GMT","httpOutput":[],"steps":[],"stackTrace":"TypeError: Cannot read properties of undefined (reading 'hotelId')\n    at DescribeInstance.<anonymous> (C:\\Users\\User\\Documents\\QA-Automation\\tests\\step_definitions\\api\\New.js:36:46)\n    at Context.call (C:\\Users\\User\\Documents\\QA-Automation\\node_modules\\nightwatch\\lib\\testsuite\\context.js:515:35)\n    at TestCase.run (C:\\Users\\User\\Documents\\QA-Automation\\node_modules\\nightwatch\\lib\\testsuite\\testcase.js:58:31)\n    at Runnable.__runFn (C:\\Users\\User\\Documents\\QA-Automation\\node_modules\\nightwatch\\lib\\testsuite\\index.js:839:80)\n    at Runnable.run (C:\\Users\\User\\Documents\\QA-Automation\\node_modules\\nightwatch\\lib\\testsuite\\runnable.js:126:21)\n    at TestSuite.executeRunnable (C:\\Users\\User\\Documents\\QA-Automation\\node_modules\\nightwatch\\lib\\testsuite\\index.js:1000:49)\n    at TestSuite.handleRunnable (C:\\Users\\User\\Documents\\QA-Automation\\node_modules\\nightwatch\\lib\\testsuite\\index.js:1015:33)\n    at C:\\Users\\User\\Documents\\QA-Automation\\node_modules\\nightwatch\\lib\\testsuite\\index.js:839:21\n    at runNextTicks (node:internal/process/task_queues:60:5)\n    at process.processTimers (node:internal/timers:511:9)","lastError":{"name":"TypeError","displayed":true},"timeMs":97,"endTimestamp":"Mon, 19 Aug 2024 07:44:52 GMT"}},"lastError":{"name":"TypeError","displayed":true},"timeMs":97,"endTimestamp":"Mon, 19 Aug 2024 07:44:52 GMT"}},"completedSections":{"__global_beforeEach_hook":{"time":"0.000","assertions":[],"commands":[],"passed":0,"errors":0,"failed":0,"skipped":0,"tests":0,"status":"pass","startTimestamp":1724053491472,"httpOutput":[],"timeMs":0,"endTimestamp":1724053491472},"__before_hook":{"time":"0.000","assertions":[],"commands":[],"passed":0,"errors":0,"failed":0,"skipped":0,"tests":0,"status":"pass","startTimestamp":1724053491473,"httpOutput":[],"timeMs":0,"endTimestamp":1724053491473},"post api test":{"time":"1.274","assertions":[],"commands":[{"name":"assert.fail","args":[],"startTime":1724053492660,"endTime":1724053492667,"elapsedTime":7,"status":"fail","result":{"message":"expected 200 \"OK\", got 400 \"Bad Request\"","showDiff":false,"name":"NightwatchAssertError","abortOnFailure":true,"stack":"    at DescribeInstance.<anonymous> (C:\\Users\\User\\Documents\\QA-Automation\\tests\\step_definitions\\api\\New.js:23:8)"}},{"name":"saveScreenshot","args":["\"C:\\\\Users\\\\User\\\\Documents\\\\QA-Automation\\\\Screenshots\\\\New\\\\post-api-test_FAILED_Aug-19-2024-131452-GMT+0530.png\"",null],"startTime":1724053492739,"endTime":1724053492748,"elapsedTime":9,"status":"fail","result":{"status":-1,"name":"TypeError"}}],"passed":0,"errors":0,"failed":0,"skipped":0,"tests":0,"status":"fail","startTimestamp":1724053491475,"httpOutput":[],"beforeEach":{"time":"0.000","assertions":[],"commands":[],"passed":0,"errors":0,"failed":0,"skipped":0,"tests":0,"status":"pass","startTimestamp":1724053491476,"httpOutput":[],"endTimestamp":1724053491476,"timeMs":0},"testcase":{"time":"1.178","assertions":[],"commands":[],"passed":0,"errors":0,"failed":0,"skipped":0,"tests":0,"status":"pass","startTimestamp":1724053491476,"httpOutput":[],"endTimestamp":1724053492654,"timeMs":1178},"afterEach":{"time":"0.09500","assertions":[],"commands":[{"name":"assert.fail","args":[],"startTime":1724053492660,"endTime":1724053492667,"elapsedTime":7,"status":"fail","result":{"message":"expected 200 \"OK\", got 400 \"Bad Request\"","showDiff":false,"name":"NightwatchAssertError","abortOnFailure":true,"stack":"    at DescribeInstance.<anonymous> (C:\\Users\\User\\Documents\\QA-Automation\\tests\\step_definitions\\api\\New.js:23:8)"}},{"name":"saveScreenshot","args":["\"C:\\\\Users\\\\User\\\\Documents\\\\QA-Automation\\\\Screenshots\\\\New\\\\post-api-test_FAILED_Aug-19-2024-131452-GMT+0530.png\"",null],"startTime":1724053492739,"endTime":1724053492748,"elapsedTime":9,"status":"fail","result":{"status":-1,"name":"TypeError"}}],"passed":0,"errors":0,"failed":0,"skipped":0,"tests":0,"status":"pass","startTimestamp":1724053492654,"httpOutput":[],"endTimestamp":1724053492749,"timeMs":95},"timeMs":1274,"endTimestamp":1724053492749},"post api test after login":{"time":"0.09700","assertions":[],"commands":[{"name":"screenshot","args":["false",null],"startTime":1724053492835,"endTime":1724053492841,"elapsedTime":6,"status":"pass"},{"name":"saveScreenshot","args":["\"C:\\\\Users\\\\User\\\\Documents\\\\QA-Automation\\\\Screenshots\\\\New\\\\post-api-test-after-login_FAILED_Aug-19-2024-131452-GMT+0530.png\"",null],"startTime":1724053492827,"endTime":1724053492841,"elapsedTime":14,"status":"fail","result":{"status":-1,"name":"TypeError"}}],"passed":0,"errors":0,"failed":0,"skipped":0,"tests":0,"status":"fail","startTimestamp":1724053492752,"httpOutput":[],"beforeEach":{"time":"0.007000","assertions":[],"commands":[],"passed":0,"errors":0,"failed":0,"skipped":0,"tests":0,"status":"pass","startTimestamp":1724053492753,"httpOutput":[],"endTimestamp":1724053492760,"timeMs":7},"testcase":{"time":"0.08100","assertions":[],"commands":[{"name":"screenshot","args":["false",null],"startTime":1724053492835,"endTime":1724053492841,"elapsedTime":6,"status":"pass"},{"name":"saveScreenshot","args":["\"C:\\\\Users\\\\User\\\\Documents\\\\QA-Automation\\\\Screenshots\\\\New\\\\post-api-test-after-login_FAILED_Aug-19-2024-131452-GMT+0530.png\"",null],"startTime":1724053492827,"endTime":1724053492841,"elapsedTime":14,"status":"fail","result":{"status":-1,"name":"TypeError"}}],"passed":0,"errors":0,"failed":0,"skipped":0,"tests":0,"status":"pass","startTimestamp":1724053492760,"httpOutput":[],"endTimestamp":1724053492841,"timeMs":81},"afterEach":{"time":"0.006000","assertions":[],"commands":[],"passed":0,"errors":0,"failed":0,"skipped":0,"tests":0,"status":"pass","startTimestamp":1724053492842,"httpOutput":[],"endTimestamp":1724053492848,"timeMs":6},"timeMs":97,"endTimestamp":1724053492849},"__after_hook":{"time":"0.006000","assertions":[],"commands":[],"passed":0,"errors":0,"failed":0,"skipped":0,"tests":0,"status":"fail","startTimestamp":1724053492851,"httpOutput":[],"timeMs":6,"endTimestamp":1724053492857},"__global_afterEach_hook":{"time":"0.000","assertions":[],"commands":[],"passed":0,"errors":0,"failed":0,"skipped":0,"tests":0,"status":"fail","startTimestamp":1724053492857,"httpOutput":[],"timeMs":0,"endTimestamp":1724053492857}},"errmessages":[],"testsCount":2,"skippedCount":0,"failedCount":2,"errorsCount":0,"passedCount":0,"group":"","modulePath":"C:\\Users\\User\\Documents\\QA-Automation\\tests\\step_definitions\\api\\New.js","startTimestamp":"Mon, 19 Aug 2024 07:44:51 GMT","endTimestamp":"Mon, 19 Aug 2024 07:44:52 GMT","sessionCapabilities":{"browserName":"chrome","name":"API Auth Token"},"sessionId":"","projectName":"","buildName":"","testEnv":"api_testing","isMobile":false,"status":"fail","host":"localhost","name":"API Auth Token","tags":[],"tests":2,"failures":2,"errors":0,"httpOutput":[],"rawHttpOutput":[],"globalErrorRegister":["   \u001b[31m\u001b[1m✖\u001b[22m\u001b[39m \u001b[31m\u001b[1mNightwatchAssertError\u001b[22m\u001b[39m\n   \u001b[31mexpected 200 \"OK\", got 400 \"Bad Request\"\u001b[39m\n\u001b[33m\u001b[39m\n\u001b[33m    Error location:\u001b[39m\n    C:\\Users\\User\\Documents\\QA-Automation\\tests\\step_definitions\\api\\New.js:23\n    –––––––––––––––––––––––––––––––––––––––––––––––––––––––––––––––––––––––––\n     21 |       .set('Authorization', 'Basic Og==')\n     22 |       .send(testData.auth)\n    \u001b[41m\u001b[37m 23 |       .expect(200) \u001b[39m\u001b[49m\n     24 |       .expect('Content-Type', /json/)\n     25 |       .then(function (response) {\n    –––––––––––––––––––––––––––––––––––––––––––––––––––––––––––––––––––––––––\n","   \u001b[31m\u001b[1m✖\u001b[22m\u001b[39m \u001b[31m\u001b[1mTypeError\u001b[22m\u001b[39m\n   \u001b[31mCannot read properties of undefined (reading 'hotelId')\u001b[39m\n\u001b[33m\u001b[39m\n\u001b[33m    Error location:\u001b[39m\n    C:\\Users\\User\\Documents\\QA-Automation\\tests\\step_definitions\\api\\New.js:36\n    –––––––––––––––––––––––––––––––––––––––––––––––––––––––––––––––––––––––––\n     34 |       .post(`/rsv/v1/hotels/GRVZA/reservations`)\n     35 |       .set('Content-Type', 'application/json')\n    \u001b[41m\u001b[37m 36 |       .set('x-hotelid', testData.reservation.hotelId) \u001b[39m\u001b[49m\n     37 |       .set('x-app-key', '69594b78-9894-4914-a894-860ca6d056db')\n     38 |       .set('bypass-routing', 'N')\n    –––––––––––––––––––––––––––––––––––––––––––––––––––––––––––––––––––––––––\n\n\u001b[33m    Stack Trace :\u001b[39m\n\u001b[90m    at DescribeInstance.<anonymous> (C:\\Users\\User\\Documents\\QA-Automation\\tests\\step_definitions\\api\\New.js:36:46)\u001b[39m\n\u001b[90m    at Context.call (C:\\Users\\User\\Documents\\QA-Automation\\node_modules\\nightwatch\\lib\\testsuite\\context.js:515:35)\u001b[39m\n\u001b[90m    at TestCase.run (C:\\Users\\User\\Documents\\QA-Automation\\node_modules\\nightwatch\\lib\\testsuite\\testcase.js:58:31)\u001b[39m\n\u001b[90m    at Runnable.__runFn (C:\\Users\\User\\Documents\\QA-Automation\\node_modules\\nightwatch\\lib\\testsuite\\index.js:839:80)\u001b[39m\n\u001b[90m    at Runnable.run (C:\\Users\\User\\Documents\\QA-Automation\\node_modules\\nightwatch\\lib\\testsuite\\runnable.js:126:21)\u001b[39m\n\u001b[90m    at TestSuite.executeRunnable (C:\\Users\\User\\Documents\\QA-Automation\\node_modules\\nightwatch\\lib\\testsuite\\index.js:1000:49)\u001b[39m\n\u001b[90m    at TestSuite.handleRunnable (C:\\Users\\User\\Documents\\QA-Automation\\node_modules\\nightwatch\\lib\\testsuite\\index.js:1015:33)\u001b[39m\n\u001b[90m    at C:\\Users\\User\\Documents\\QA-Automation\\node_modules\\nightwatch\\lib\\testsuite\\index.js:839:21\u001b[39m\n\u001b[90m    at runNextTicks (node:internal/process/task_queues:60:5)\u001b[39m\n\u001b[90m    at process.processTimers (node:internal/timers:511:9)\u001b[39m\n"]}