{"reportPrefix":"","assertionsCount":4,"lastError":{"name":"TypeError","displayed":true},"skippedAtRuntime":["GET Reservation OHIP"],"skippedByUser":[],"skipped":["GET Reservation OHIP"],"time":"6.947","timeMs":6947,"completed":{"AuthToken1 ":{"time":"1.858","assertions":[{"name":"NightwatchAssertError","message":"Passed [ok]: .post('/oauth/v1/tokens').expect(200) ok","stackTrace":"","fullMsg":"Passed [ok]: .post('/oauth/v1/tokens').expect(200) ok","failure":false},{"name":"NightwatchAssertError","message":"Passed [ok]: .post('/oauth/v1/tokens').expect('Content-Type', /json/) ok","stackTrace":"","fullMsg":"Passed [ok]: .post('/oauth/v1/tokens').expect('Content-Type', /json/) ok","failure":false}],"commands":[],"passed":2,"errors":0,"failed":0,"skipped":0,"tests":2,"status":"pass","startTimestamp":"Tue, 06 Aug 2024 09:08:13 GMT","httpOutput":[],"steps":["GET Reservation OHIP"],"stackTrace":"","testcases":{"AuthToken1 ":{"time":"1.858","assertions":[{"name":"NightwatchAssertError","message":"Passed [ok]: .post('/oauth/v1/tokens').expect(200) ok","stackTrace":"","fullMsg":"Passed [ok]: .post('/oauth/v1/tokens').expect(200) ok","failure":false},{"name":"NightwatchAssertError","message":"Passed [ok]: .post('/oauth/v1/tokens').expect('Content-Type', /json/) ok","stackTrace":"","fullMsg":"Passed [ok]: .post('/oauth/v1/tokens').expect('Content-Type', /json/) ok","failure":false}],"tests":2,"commands":[],"passed":2,"errors":0,"failed":0,"skipped":0,"status":"pass","startTimestamp":"Tue, 06 Aug 2024 09:08:13 GMT","httpOutput":[],"steps":["GET Reservation OHIP"],"stackTrace":"","timeMs":1858,"endTimestamp":"Tue, 06 Aug 2024 09:08:15 GMT"}},"timeMs":1858,"endTimestamp":"Tue, 06 Aug 2024 09:08:15 GMT"}," POST Create Reservation":{"time":"1.607","assertions":[{"name":"NightwatchAssertError","message":"expected 201 \"Created\", got 500 \"Internal Server Error\"","stackTrace":"    at DescribeInstance.<anonymous> (C:\\Users\\User\\Documents\\QA-Automation\\tests\\step_definitions\\api\\GRVXX1night.js:314:10)","fullMsg":"expected 201 \"Created\", got 500 \"Internal Server Error\"","failure":true},{"name":"TypeError","message":"Cannot read properties of undefined (reading 'split')","stackTrace":"TypeError: Cannot read properties of undefined (reading 'split')\n    at C:\\Users\\User\\Documents\\QA-Automation\\tests\\step_definitions\\api\\GRVXX1night.js:320:43\n    at process.processTicksAndRejections (node:internal/process/task_queues:95:5)\n    at async DescribeInstance.<anonymous> (C:\\Users\\User\\Documents\\QA-Automation\\tests\\step_definitions\\api\\GRVXX1night.js:113:7)","fullMsg":"Cannot read properties of undefined (reading 'split')","failure":"expected \"undefined\" but got: \"undefined\""}],"commands":[],"passed":0,"errors":0,"failed":2,"skipped":0,"tests":2,"status":"fail","startTimestamp":"Tue, 06 Aug 2024 09:08:15 GMT","httpOutput":[],"steps":["GET Reservation OHIP"],"stackTrace":"TypeError: Cannot read properties of undefined (reading 'split')\n    at C:\\Users\\User\\Documents\\QA-Automation\\tests\\step_definitions\\api\\GRVXX1night.js:320:43\n    at process.processTicksAndRejections (node:internal/process/task_queues:95:5)\n    at async DescribeInstance.<anonymous> (C:\\Users\\User\\Documents\\QA-Automation\\tests\\step_definitions\\api\\GRVXX1night.js:113:7)","testcases":{"AuthToken1 ":{"time":"1.858","assertions":[{"name":"NightwatchAssertError","message":"Passed [ok]: .post('/oauth/v1/tokens').expect(200) ok","stackTrace":"","fullMsg":"Passed [ok]: .post('/oauth/v1/tokens').expect(200) ok","failure":false},{"name":"NightwatchAssertError","message":"Passed [ok]: .post('/oauth/v1/tokens').expect('Content-Type', /json/) ok","stackTrace":"","fullMsg":"Passed [ok]: .post('/oauth/v1/tokens').expect('Content-Type', /json/) ok","failure":false}],"tests":2,"commands":[],"passed":2,"errors":0,"failed":0,"skipped":0,"status":"pass","startTimestamp":"Tue, 06 Aug 2024 09:08:13 GMT","httpOutput":[],"steps":["GET Reservation OHIP"],"stackTrace":"","timeMs":1858,"endTimestamp":"Tue, 06 Aug 2024 09:08:15 GMT"}," POST Create Reservation":{"time":"1.607","assertions":[{"name":"NightwatchAssertError","message":"expected 201 \"Created\", got 500 \"Internal Server Error\"","stackTrace":"    at DescribeInstance.<anonymous> (C:\\Users\\User\\Documents\\QA-Automation\\tests\\step_definitions\\api\\GRVXX1night.js:314:10)","fullMsg":"expected 201 \"Created\", got 500 \"Internal Server Error\"","failure":true},{"name":"TypeError","message":"Cannot read properties of undefined (reading 'split')","stackTrace":"TypeError: Cannot read properties of undefined (reading 'split')\n    at C:\\Users\\User\\Documents\\QA-Automation\\tests\\step_definitions\\api\\GRVXX1night.js:320:43\n    at process.processTicksAndRejections (node:internal/process/task_queues:95:5)\n    at async DescribeInstance.<anonymous> (C:\\Users\\User\\Documents\\QA-Automation\\tests\\step_definitions\\api\\GRVXX1night.js:113:7)","fullMsg":"Cannot read properties of undefined (reading 'split')","failure":"expected \"undefined\" but got: \"undefined\""}],"tests":2,"commands":[],"passed":0,"errors":0,"failed":2,"skipped":0,"status":"fail","startTimestamp":"Tue, 06 Aug 2024 09:08:15 GMT","httpOutput":[],"steps":["GET Reservation OHIP"],"stackTrace":"TypeError: Cannot read properties of undefined (reading 'split')\n    at C:\\Users\\User\\Documents\\QA-Automation\\tests\\step_definitions\\api\\GRVXX1night.js:320:43\n    at process.processTicksAndRejections (node:internal/process/task_queues:95:5)\n    at async DescribeInstance.<anonymous> (C:\\Users\\User\\Documents\\QA-Automation\\tests\\step_definitions\\api\\GRVXX1night.js:113:7)","lastError":{"name":"TypeError","displayed":true},"timeMs":1607,"endTimestamp":"Tue, 06 Aug 2024 09:08:16 GMT"}},"lastError":{"name":"TypeError","displayed":true},"timeMs":1607,"endTimestamp":"Tue, 06 Aug 2024 09:08:16 GMT"}},"completedSections":{"__global_beforeEach_hook":{"time":"0.001000","assertions":[],"commands":[],"passed":0,"errors":0,"failed":0,"skipped":0,"tests":0,"status":"pass","startTimestamp":1722935293327,"httpOutput":[],"timeMs":1,"endTimestamp":1722935293328},"__before_hook":{"time":"0.001000","assertions":[],"commands":[],"passed":0,"errors":0,"failed":0,"skipped":0,"tests":0,"status":"pass","startTimestamp":1722935293328,"httpOutput":[],"timeMs":1,"endTimestamp":1722935293329},"AuthToken1 ":{"time":"1.858","assertions":[],"commands":[{"name":"assert.ok","args":[],"startTime":1722935295183,"endTime":1722935295185,"elapsedTime":2,"status":"pass","result":{}},{"name":"assert.ok","args":[],"startTime":1722935295186,"endTime":1722935295187,"elapsedTime":1,"status":"pass","result":{}}],"passed":0,"errors":0,"failed":0,"skipped":0,"tests":0,"status":"pass","startTimestamp":1722935293330,"httpOutput":[],"beforeEach":{"time":"0.000","assertions":[],"commands":[],"passed":0,"errors":0,"failed":0,"skipped":0,"tests":0,"status":"pass","startTimestamp":1722935293331,"httpOutput":[],"endTimestamp":1722935293331,"timeMs":0},"testcase":{"time":"1.840","assertions":[],"commands":[],"passed":0,"errors":0,"failed":0,"skipped":0,"tests":0,"status":"pass","startTimestamp":1722935293331,"httpOutput":[],"endTimestamp":1722935295171,"timeMs":1840},"afterEach":{"time":"0.01700","assertions":[],"commands":[{"name":"assert.ok","args":[],"startTime":1722935295183,"endTime":1722935295185,"elapsedTime":2,"status":"pass","result":{}},{"name":"assert.ok","args":[],"startTime":1722935295186,"endTime":1722935295187,"elapsedTime":1,"status":"pass","result":{}}],"passed":0,"errors":0,"failed":0,"skipped":0,"tests":0,"status":"pass","startTimestamp":1722935295171,"httpOutput":[],"endTimestamp":1722935295188,"timeMs":17},"timeMs":1858,"endTimestamp":1722935295188}," POST Create Reservation":{"time":"1.607","assertions":[],"commands":[{"name":"assert.fail","args":[],"startTime":1722935296691,"endTime":1722935296705,"elapsedTime":14,"status":"fail","result":{"message":"expected 201 \"Created\", got 500 \"Internal Server Error\"","showDiff":false,"name":"NightwatchAssertError","abortOnFailure":true,"stack":"    at DescribeInstance.<anonymous> (C:\\Users\\User\\Documents\\QA-Automation\\tests\\step_definitions\\api\\GRVXX1night.js:314:10)"}},{"name":"saveScreenshot","args":["\"C:\\\\Users\\\\User\\\\Documents\\\\QA-Automation\\\\Screenshots\\\\GRVXX1night\\\\-POST-Create-Reservation_FAILED_Aug-06-2024-143816-GMT+0530.png\"",null],"startTime":1722935296757,"endTime":1722935296787,"elapsedTime":30,"status":"fail","result":{"status":-1,"name":"TypeError"}}],"passed":0,"errors":0,"failed":0,"skipped":0,"tests":0,"status":"fail","startTimestamp":1722935295191,"httpOutput":[],"beforeEach":{"time":"0.007000","assertions":[],"commands":[],"passed":0,"errors":0,"failed":0,"skipped":0,"tests":0,"status":"pass","startTimestamp":1722935295192,"httpOutput":[],"endTimestamp":1722935295199,"timeMs":7},"testcase":{"time":"1.589","assertions":[],"commands":[{"name":"assert.fail","args":[],"startTime":1722935296691,"endTime":1722935296705,"elapsedTime":14,"status":"fail","result":{"message":"expected 201 \"Created\", got 500 \"Internal Server Error\"","showDiff":false,"name":"NightwatchAssertError","abortOnFailure":true,"stack":"    at DescribeInstance.<anonymous> (C:\\Users\\User\\Documents\\QA-Automation\\tests\\step_definitions\\api\\GRVXX1night.js:314:10)"}},{"name":"saveScreenshot","args":["\"C:\\\\Users\\\\User\\\\Documents\\\\QA-Automation\\\\Screenshots\\\\GRVXX1night\\\\-POST-Create-Reservation_FAILED_Aug-06-2024-143816-GMT+0530.png\"",null],"startTime":1722935296757,"endTime":1722935296787,"elapsedTime":30,"status":"fail","result":{"status":-1,"name":"TypeError"}}],"passed":0,"errors":0,"failed":0,"skipped":0,"tests":0,"status":"pass","startTimestamp":1722935295199,"httpOutput":[],"endTimestamp":1722935296788,"timeMs":1589},"afterEach":{"time":"0.01000","assertions":[],"commands":[],"passed":0,"errors":0,"failed":0,"skipped":0,"tests":0,"status":"pass","startTimestamp":1722935296788,"httpOutput":[],"endTimestamp":1722935296798,"timeMs":10},"timeMs":1607,"endTimestamp":1722935296798},"__after_hook":{"time":"0.01400","assertions":[],"commands":[],"passed":0,"errors":0,"failed":0,"skipped":0,"tests":0,"status":"fail","startTimestamp":1722935296800,"httpOutput":[],"timeMs":14,"endTimestamp":1722935296814},"__global_afterEach_hook":{"time":"0.001000","assertions":[],"commands":[],"passed":0,"errors":0,"failed":0,"skipped":0,"tests":0,"status":"fail","startTimestamp":1722935296815,"httpOutput":[],"timeMs":1,"endTimestamp":1722935296816}},"errmessages":[],"testsCount":2,"skippedCount":1,"failedCount":2,"errorsCount":0,"passedCount":2,"group":"","modulePath":"C:\\Users\\User\\Documents\\QA-Automation\\tests\\step_definitions\\api\\GRVXX1night.js","startTimestamp":"Tue, 06 Aug 2024 09:08:13 GMT","endTimestamp":"Tue, 06 Aug 2024 09:08:16 GMT","sessionCapabilities":{"browserName":"chrome","name":"api Authu Token"},"sessionId":"","projectName":"","buildName":"","testEnv":"api_testing","isMobile":false,"status":"fail","host":"localhost","name":"api Authu Token","tags":[],"tests":2,"failures":2,"errors":0,"httpOutput":[],"rawHttpOutput":[],"globalErrorRegister":["   \u001b[31m\u001b[1m✖\u001b[22m\u001b[39m \u001b[31m\u001b[1mTypeError\u001b[22m\u001b[39m\n   \u001b[31mCannot read properties of undefined (reading 'split')\u001b[39m\n\u001b[33m\u001b[39m\n\u001b[33m    Error location:\u001b[39m\n    C:\\Users\\User\\Documents\\QA-Automation\\tests\\step_definitions\\api\\GRVXX1night.js:320\n    –––––––––––––––––––––––––––––––––––––––––––––––––––––––––––––––––––––––––––––––––\n     318 |           console.log(\"Location Header: \", locationHeader);\n     319 | \n    \u001b[41m\u001b[37m 320 |           const urlParts = locationHeader.split(\"/\"); \u001b[39m\u001b[49m\n     321 |           reservationId = urlParts[urlParts.length - 1];\n     322 |           console.log(\"Reservation ID: \", reservationId);\n    –––––––––––––––––––––––––––––––––––––––––––––––––––––––––––––––––––––––––––––––––\n\n\u001b[33m    Stack Trace :\u001b[39m\n\u001b[90m    at C:\\Users\\User\\Documents\\QA-Automation\\tests\\step_definitions\\api\\GRVXX1night.js:320:43\u001b[39m\n\u001b[90m    at process.processTicksAndRejections (node:internal/process/task_queues:95:5)\u001b[39m\n\u001b[90m    at async DescribeInstance.<anonymous> (C:\\Users\\User\\Documents\\QA-Automation\\tests\\step_definitions\\api\\GRVXX1night.js:113:7)\u001b[39m\n"]}