{"reportPrefix":"","assertionsCount":4,"lastError":{"name":"TypeError","displayed":true},"skippedAtRuntime":["GET Reservation OHIP"],"skippedByUser":[],"skipped":["GET Reservation OHIP"],"time":"9.400","timeMs":9400,"completed":{"post api test":{"time":"1.444","assertions":[{"name":"NightwatchAssertError","message":"Passed [ok]: .post('/oauth/v1/tokens').expect(200) ok","stackTrace":"","fullMsg":"Passed [ok]: .post('/oauth/v1/tokens').expect(200) ok","failure":false},{"name":"NightwatchAssertError","message":"Passed [ok]: .post('/oauth/v1/tokens').expect('Content-Type', /json/) ok","stackTrace":"","fullMsg":"Passed [ok]: .post('/oauth/v1/tokens').expect('Content-Type', /json/) ok","failure":false}],"commands":[],"passed":2,"errors":0,"failed":0,"skipped":0,"tests":2,"status":"pass","startTimestamp":"Wed, 21 Aug 2024 04:45:54 GMT","httpOutput":[],"steps":["GET Reservation OHIP"],"stackTrace":"","testcases":{"post api test":{"time":"1.444","assertions":[{"name":"NightwatchAssertError","message":"Passed [ok]: .post('/oauth/v1/tokens').expect(200) ok","stackTrace":"","fullMsg":"Passed [ok]: .post('/oauth/v1/tokens').expect(200) ok","failure":false},{"name":"NightwatchAssertError","message":"Passed [ok]: .post('/oauth/v1/tokens').expect('Content-Type', /json/) ok","stackTrace":"","fullMsg":"Passed [ok]: .post('/oauth/v1/tokens').expect('Content-Type', /json/) ok","failure":false}],"tests":2,"commands":[],"passed":2,"errors":0,"failed":0,"skipped":0,"status":"pass","startTimestamp":"Wed, 21 Aug 2024 04:45:54 GMT","httpOutput":[],"steps":["GET Reservation OHIP"],"stackTrace":"","timeMs":1444,"endTimestamp":"Wed, 21 Aug 2024 04:45:55 GMT"}},"timeMs":1444,"endTimestamp":"Wed, 21 Aug 2024 04:45:55 GMT"},"post api test after login":{"time":"3.255","assertions":[{"name":"NightwatchAssertError","message":"expected 201 \"Created\", got 400 \"Bad Request\"","stackTrace":"    at DescribeInstance.<anonymous> (C:\\Users\\User\\Documents\\QA-Automation\\tests\\step_definitions\\api\\ReservationJson.js:205:6)","fullMsg":"expected 201 \"Created\", got 400 \"Bad Request\"","failure":true},{"name":"TypeError","message":"Cannot read properties of undefined (reading 'split')","stackTrace":"TypeError: Cannot read properties of undefined (reading 'split')\n    at C:\\Users\\User\\Documents\\QA-Automation\\tests\\step_definitions\\api\\ReservationJson.js:210:39\n    at process.processTicksAndRejections (node:internal/process/task_queues:95:5)\n    at async DescribeInstance.<anonymous> (C:\\Users\\User\\Documents\\QA-Automation\\tests\\step_definitions\\api\\ReservationJson.js:73:3)","fullMsg":"Cannot read properties of undefined (reading 'split')","failure":"expected \"undefined\" but got: \"undefined\""}],"commands":[],"passed":0,"errors":0,"failed":2,"skipped":0,"tests":2,"status":"fail","startTimestamp":"Wed, 21 Aug 2024 04:45:55 GMT","httpOutput":[],"steps":["GET Reservation OHIP"],"stackTrace":"TypeError: Cannot read properties of undefined (reading 'split')\n    at C:\\Users\\User\\Documents\\QA-Automation\\tests\\step_definitions\\api\\ReservationJson.js:210:39\n    at process.processTicksAndRejections (node:internal/process/task_queues:95:5)\n    at async DescribeInstance.<anonymous> (C:\\Users\\User\\Documents\\QA-Automation\\tests\\step_definitions\\api\\ReservationJson.js:73:3)","testcases":{"post api test":{"time":"1.444","assertions":[{"name":"NightwatchAssertError","message":"Passed [ok]: .post('/oauth/v1/tokens').expect(200) ok","stackTrace":"","fullMsg":"Passed [ok]: .post('/oauth/v1/tokens').expect(200) ok","failure":false},{"name":"NightwatchAssertError","message":"Passed [ok]: .post('/oauth/v1/tokens').expect('Content-Type', /json/) ok","stackTrace":"","fullMsg":"Passed [ok]: .post('/oauth/v1/tokens').expect('Content-Type', /json/) ok","failure":false}],"tests":2,"commands":[],"passed":2,"errors":0,"failed":0,"skipped":0,"status":"pass","startTimestamp":"Wed, 21 Aug 2024 04:45:54 GMT","httpOutput":[],"steps":["GET Reservation OHIP"],"stackTrace":"","timeMs":1444,"endTimestamp":"Wed, 21 Aug 2024 04:45:55 GMT"},"post api test after login":{"time":"3.255","assertions":[{"name":"NightwatchAssertError","message":"expected 201 \"Created\", got 400 \"Bad Request\"","stackTrace":"    at DescribeInstance.<anonymous> (C:\\Users\\User\\Documents\\QA-Automation\\tests\\step_definitions\\api\\ReservationJson.js:205:6)","fullMsg":"expected 201 \"Created\", got 400 \"Bad Request\"","failure":true},{"name":"TypeError","message":"Cannot read properties of undefined (reading 'split')","stackTrace":"TypeError: Cannot read properties of undefined (reading 'split')\n    at C:\\Users\\User\\Documents\\QA-Automation\\tests\\step_definitions\\api\\ReservationJson.js:210:39\n    at process.processTicksAndRejections (node:internal/process/task_queues:95:5)\n    at async DescribeInstance.<anonymous> (C:\\Users\\User\\Documents\\QA-Automation\\tests\\step_definitions\\api\\ReservationJson.js:73:3)","fullMsg":"Cannot read properties of undefined (reading 'split')","failure":"expected \"undefined\" but got: \"undefined\""}],"tests":2,"commands":[],"passed":0,"errors":0,"failed":2,"skipped":0,"status":"fail","startTimestamp":"Wed, 21 Aug 2024 04:45:55 GMT","httpOutput":[],"steps":["GET Reservation OHIP"],"stackTrace":"TypeError: Cannot read properties of undefined (reading 'split')\n    at C:\\Users\\User\\Documents\\QA-Automation\\tests\\step_definitions\\api\\ReservationJson.js:210:39\n    at process.processTicksAndRejections (node:internal/process/task_queues:95:5)\n    at async DescribeInstance.<anonymous> (C:\\Users\\User\\Documents\\QA-Automation\\tests\\step_definitions\\api\\ReservationJson.js:73:3)","lastError":{"name":"TypeError","displayed":true},"timeMs":3255,"endTimestamp":"Wed, 21 Aug 2024 04:45:59 GMT"}},"lastError":{"name":"TypeError","displayed":true},"timeMs":3255,"endTimestamp":"Wed, 21 Aug 2024 04:45:59 GMT"}},"completedSections":{"__global_beforeEach_hook":{"time":"0.000","assertions":[],"commands":[],"passed":0,"errors":0,"failed":0,"skipped":0,"tests":0,"status":"pass","startTimestamp":1724215554302,"httpOutput":[],"timeMs":0,"endTimestamp":1724215554302},"__before_hook":{"time":"0.000","assertions":[],"commands":[],"passed":0,"errors":0,"failed":0,"skipped":0,"tests":0,"status":"pass","startTimestamp":1724215554302,"httpOutput":[],"timeMs":0,"endTimestamp":1724215554302},"post api test":{"time":"1.445","assertions":[],"commands":[{"name":"assert.ok","args":[],"startTime":1724215555745,"endTime":1724215555746,"elapsedTime":1,"status":"pass","result":{}},{"name":"assert.ok","args":[],"startTime":1724215555747,"endTime":1724215555747,"elapsedTime":0,"status":"pass","result":{}}],"passed":0,"errors":0,"failed":0,"skipped":0,"tests":0,"status":"pass","startTimestamp":1724215554303,"httpOutput":[],"beforeEach":{"time":"0.000","assertions":[],"commands":[],"passed":0,"errors":0,"failed":0,"skipped":0,"tests":0,"status":"pass","startTimestamp":1724215554304,"httpOutput":[],"endTimestamp":1724215554304,"timeMs":0},"testcase":{"time":"1.435","assertions":[],"commands":[],"passed":0,"errors":0,"failed":0,"skipped":0,"tests":0,"status":"pass","startTimestamp":1724215554304,"httpOutput":[],"endTimestamp":1724215555739,"timeMs":1435},"afterEach":{"time":"0.008000","assertions":[],"commands":[{"name":"assert.ok","args":[],"startTime":1724215555745,"endTime":1724215555746,"elapsedTime":1,"status":"pass","result":{}},{"name":"assert.ok","args":[],"startTime":1724215555747,"endTime":1724215555747,"elapsedTime":0,"status":"pass","result":{}}],"passed":0,"errors":0,"failed":0,"skipped":0,"tests":0,"status":"pass","startTimestamp":1724215555739,"httpOutput":[],"endTimestamp":1724215555747,"timeMs":8},"timeMs":1445,"endTimestamp":1724215555748},"post api test after login":{"time":"3.255","assertions":[],"commands":[{"name":"assert.fail","args":[],"startTime":1724215558897,"endTime":1724215558901,"elapsedTime":4,"status":"fail","result":{"message":"expected 201 \"Created\", got 400 \"Bad Request\"","showDiff":false,"name":"NightwatchAssertError","abortOnFailure":true,"stack":"    at DescribeInstance.<anonymous> (C:\\Users\\User\\Documents\\QA-Automation\\tests\\step_definitions\\api\\ReservationJson.js:205:6)"}},{"name":"saveScreenshot","args":["\"C:\\\\Users\\\\User\\\\Documents\\\\QA-Automation\\\\Screenshots\\\\ReservationJson\\\\post-api-test-after-login_FAILED_Aug-21-2024-101558-GMT+0530.png\"",null],"startTime":1724215558973,"endTime":1724215558996,"elapsedTime":23,"status":"fail","result":{"status":-1,"name":"TypeError"}}],"passed":0,"errors":0,"failed":0,"skipped":0,"tests":0,"status":"fail","startTimestamp":1724215555750,"httpOutput":[],"beforeEach":{"time":"0.01100","assertions":[],"commands":[],"passed":0,"errors":0,"failed":0,"skipped":0,"tests":0,"status":"pass","startTimestamp":1724215555750,"httpOutput":[],"endTimestamp":1724215555761,"timeMs":11},"testcase":{"time":"3.235","assertions":[],"commands":[{"name":"assert.fail","args":[],"startTime":1724215558897,"endTime":1724215558901,"elapsedTime":4,"status":"fail","result":{"message":"expected 201 \"Created\", got 400 \"Bad Request\"","showDiff":false,"name":"NightwatchAssertError","abortOnFailure":true,"stack":"    at DescribeInstance.<anonymous> (C:\\Users\\User\\Documents\\QA-Automation\\tests\\step_definitions\\api\\ReservationJson.js:205:6)"}},{"name":"saveScreenshot","args":["\"C:\\\\Users\\\\User\\\\Documents\\\\QA-Automation\\\\Screenshots\\\\ReservationJson\\\\post-api-test-after-login_FAILED_Aug-21-2024-101558-GMT+0530.png\"",null],"startTime":1724215558973,"endTime":1724215558996,"elapsedTime":23,"status":"fail","result":{"status":-1,"name":"TypeError"}}],"passed":0,"errors":0,"failed":0,"skipped":0,"tests":0,"status":"pass","startTimestamp":1724215555761,"httpOutput":[],"endTimestamp":1724215558996,"timeMs":3235},"afterEach":{"time":"0.009000","assertions":[],"commands":[],"passed":0,"errors":0,"failed":0,"skipped":0,"tests":0,"status":"pass","startTimestamp":1724215558996,"httpOutput":[],"endTimestamp":1724215559005,"timeMs":9},"timeMs":3255,"endTimestamp":1724215559005},"__after_hook":{"time":"0.001000","assertions":[],"commands":[],"passed":0,"errors":0,"failed":0,"skipped":0,"tests":0,"status":"fail","startTimestamp":1724215559007,"httpOutput":[],"timeMs":1,"endTimestamp":1724215559008},"__global_afterEach_hook":{"time":"0.000","assertions":[],"commands":[],"passed":0,"errors":0,"failed":0,"skipped":0,"tests":0,"status":"fail","startTimestamp":1724215559008,"httpOutput":[],"timeMs":0,"endTimestamp":1724215559008}},"errmessages":[],"testsCount":2,"skippedCount":1,"failedCount":2,"errorsCount":0,"passedCount":2,"group":"","modulePath":"C:\\Users\\User\\Documents\\QA-Automation\\tests\\step_definitions\\api\\ReservationJson.js","startTimestamp":"Wed, 21 Aug 2024 04:45:54 GMT","endTimestamp":"Wed, 21 Aug 2024 04:45:59 GMT","sessionCapabilities":{"browserName":"chrome","name":"API Auth Token"},"sessionId":"","projectName":"","buildName":"","testEnv":"api_testing","isMobile":false,"status":"fail","host":"localhost","name":"API Auth Token","tags":[],"tests":2,"failures":2,"errors":0,"httpOutput":[],"rawHttpOutput":[],"globalErrorRegister":["   \u001b[31m\u001b[1m✖\u001b[22m\u001b[39m \u001b[31m\u001b[1mTypeError\u001b[22m\u001b[39m\n   \u001b[31mCannot read properties of undefined (reading 'split')\u001b[39m\n\u001b[33m\u001b[39m\n\u001b[33m    Error location:\u001b[39m\n    C:\\Users\\User\\Documents\\QA-Automation\\tests\\step_definitions\\api\\ReservationJson.js:210\n    –––––––––––––––––––––––––––––––––––––––––––––––––––––––––––––––––––––––––––––––––––––\n     208 |       console.log(response);\n     209 |       const locationHeader = response.headers.location;\n    \u001b[41m\u001b[37m 210 |       const urlParts = locationHeader.split('/'); \u001b[39m\u001b[49m\n     211 |       reservationId = urlParts[urlParts.length - 1];\n     212 |       console.log(\"Reservation created successfully, Reservation ID:\", reservationId);\n    –––––––––––––––––––––––––––––––––––––––––––––––––––––––––––––––––––––––––––––––––––––\n\n\u001b[33m    Stack Trace :\u001b[39m\n\u001b[90m    at C:\\Users\\User\\Documents\\QA-Automation\\tests\\step_definitions\\api\\ReservationJson.js:210:39\u001b[39m\n\u001b[90m    at process.processTicksAndRejections (node:internal/process/task_queues:95:5)\u001b[39m\n\u001b[90m    at async DescribeInstance.<anonymous> (C:\\Users\\User\\Documents\\QA-Automation\\tests\\step_definitions\\api\\ReservationJson.js:73:3)\u001b[39m\n"]}