{"reportPrefix":"","assertionsCount":4,"lastError":{"name":"TypeError","displayed":true},"skippedAtRuntime":[],"skippedByUser":[],"skipped":[],"time":"7.045","timeMs":7045,"completed":{"post api test":{"time":"1.275","assertions":[{"name":"NightwatchAssertError","message":"Passed [ok]: .post('/oauth/v1/tokens').expect(200) ok","stackTrace":"","fullMsg":"Passed [ok]: .post('/oauth/v1/tokens').expect(200) ok","failure":false},{"name":"NightwatchAssertError","message":"Passed [ok]: .post('/oauth/v1/tokens').expect('Content-Type', /json/) ok","stackTrace":"","fullMsg":"Passed [ok]: .post('/oauth/v1/tokens').expect('Content-Type', /json/) ok","failure":false}],"commands":[],"passed":2,"errors":0,"failed":0,"skipped":0,"tests":2,"status":"pass","startTimestamp":"Wed, 21 Aug 2024 07:37:57 GMT","httpOutput":[],"steps":[],"stackTrace":"","testcases":{"post api test":{"time":"1.275","assertions":[{"name":"NightwatchAssertError","message":"Passed [ok]: .post('/oauth/v1/tokens').expect(200) ok","stackTrace":"","fullMsg":"Passed [ok]: .post('/oauth/v1/tokens').expect(200) ok","failure":false},{"name":"NightwatchAssertError","message":"Passed [ok]: .post('/oauth/v1/tokens').expect('Content-Type', /json/) ok","stackTrace":"","fullMsg":"Passed [ok]: .post('/oauth/v1/tokens').expect('Content-Type', /json/) ok","failure":false}],"tests":2,"commands":[],"passed":2,"errors":0,"failed":0,"skipped":0,"status":"pass","startTimestamp":"Wed, 21 Aug 2024 07:37:57 GMT","httpOutput":[],"steps":[],"stackTrace":"","timeMs":1275,"endTimestamp":"Wed, 21 Aug 2024 07:37:58 GMT"}},"timeMs":1275,"endTimestamp":"Wed, 21 Aug 2024 07:37:58 GMT"},"post api test after login using fake data":{"time":"2.240","assertions":[{"name":"NightwatchAssertError","message":"expected 201 \"Created\", got 400 \"Bad Request\"","stackTrace":"    at DescribeInstance.<anonymous> (C:\\Users\\User\\Documents\\QA-Automation\\tests\\step_definitions\\api\\Json.js:195:18)","fullMsg":"expected 201 \"Created\", got 400 \"Bad Request\"","failure":true},{"name":"TypeError","message":"Cannot read properties of undefined (reading 'split')","stackTrace":"TypeError: Cannot read properties of undefined (reading 'split')\n    at C:\\Users\\User\\Documents\\QA-Automation\\tests\\step_definitions\\api\\Json.js:200:53\n    at process.processTicksAndRejections (node:internal/process/task_queues:95:5)\n    at async DescribeInstance.<anonymous> (C:\\Users\\User\\Documents\\QA-Automation\\tests\\step_definitions\\api\\Json.js:61:13)","fullMsg":"Cannot read properties of undefined (reading 'split')","failure":"expected \"undefined\" but got: \"undefined\""}],"commands":[],"passed":0,"errors":0,"failed":2,"skipped":0,"tests":2,"status":"fail","startTimestamp":"Wed, 21 Aug 2024 07:37:58 GMT","httpOutput":[],"steps":[],"stackTrace":"TypeError: Cannot read properties of undefined (reading 'split')\n    at C:\\Users\\User\\Documents\\QA-Automation\\tests\\step_definitions\\api\\Json.js:200:53\n    at process.processTicksAndRejections (node:internal/process/task_queues:95:5)\n    at async DescribeInstance.<anonymous> (C:\\Users\\User\\Documents\\QA-Automation\\tests\\step_definitions\\api\\Json.js:61:13)","testcases":{"post api test":{"time":"1.275","assertions":[{"name":"NightwatchAssertError","message":"Passed [ok]: .post('/oauth/v1/tokens').expect(200) ok","stackTrace":"","fullMsg":"Passed [ok]: .post('/oauth/v1/tokens').expect(200) ok","failure":false},{"name":"NightwatchAssertError","message":"Passed [ok]: .post('/oauth/v1/tokens').expect('Content-Type', /json/) ok","stackTrace":"","fullMsg":"Passed [ok]: .post('/oauth/v1/tokens').expect('Content-Type', /json/) ok","failure":false}],"tests":2,"commands":[],"passed":2,"errors":0,"failed":0,"skipped":0,"status":"pass","startTimestamp":"Wed, 21 Aug 2024 07:37:57 GMT","httpOutput":[],"steps":[],"stackTrace":"","timeMs":1275,"endTimestamp":"Wed, 21 Aug 2024 07:37:58 GMT"},"post api test after login using fake data":{"time":"2.240","assertions":[{"name":"NightwatchAssertError","message":"expected 201 \"Created\", got 400 \"Bad Request\"","stackTrace":"    at DescribeInstance.<anonymous> (C:\\Users\\User\\Documents\\QA-Automation\\tests\\step_definitions\\api\\Json.js:195:18)","fullMsg":"expected 201 \"Created\", got 400 \"Bad Request\"","failure":true},{"name":"TypeError","message":"Cannot read properties of undefined (reading 'split')","stackTrace":"TypeError: Cannot read properties of undefined (reading 'split')\n    at C:\\Users\\User\\Documents\\QA-Automation\\tests\\step_definitions\\api\\Json.js:200:53\n    at process.processTicksAndRejections (node:internal/process/task_queues:95:5)\n    at async DescribeInstance.<anonymous> (C:\\Users\\User\\Documents\\QA-Automation\\tests\\step_definitions\\api\\Json.js:61:13)","fullMsg":"Cannot read properties of undefined (reading 'split')","failure":"expected \"undefined\" but got: \"undefined\""}],"tests":2,"commands":[],"passed":0,"errors":0,"failed":2,"skipped":0,"status":"fail","startTimestamp":"Wed, 21 Aug 2024 07:37:58 GMT","httpOutput":[],"steps":[],"stackTrace":"TypeError: Cannot read properties of undefined (reading 'split')\n    at C:\\Users\\User\\Documents\\QA-Automation\\tests\\step_definitions\\api\\Json.js:200:53\n    at process.processTicksAndRejections (node:internal/process/task_queues:95:5)\n    at async DescribeInstance.<anonymous> (C:\\Users\\User\\Documents\\QA-Automation\\tests\\step_definitions\\api\\Json.js:61:13)","lastError":{"name":"TypeError","displayed":true},"timeMs":2240,"endTimestamp":"Wed, 21 Aug 2024 07:38:00 GMT"}},"lastError":{"name":"TypeError","displayed":true},"timeMs":2240,"endTimestamp":"Wed, 21 Aug 2024 07:38:00 GMT"}},"completedSections":{"__global_beforeEach_hook":{"time":"0.002000","assertions":[],"commands":[],"passed":0,"errors":0,"failed":0,"skipped":0,"tests":0,"status":"pass","startTimestamp":1724225877254,"httpOutput":[],"timeMs":2,"endTimestamp":1724225877256},"__before_hook":{"time":"0.000","assertions":[],"commands":[],"passed":0,"errors":0,"failed":0,"skipped":0,"tests":0,"status":"pass","startTimestamp":1724225877256,"httpOutput":[],"timeMs":0,"endTimestamp":1724225877256},"post api test":{"time":"1.274","assertions":[],"commands":[{"name":"assert.ok","args":[],"startTime":1724225878530,"endTime":1724225878531,"elapsedTime":1,"status":"pass","result":{}},{"name":"assert.ok","args":[],"startTime":1724225878531,"endTime":1724225878532,"elapsedTime":1,"status":"pass","result":{}}],"passed":0,"errors":0,"failed":0,"skipped":0,"tests":0,"status":"pass","startTimestamp":1724225877258,"httpOutput":[],"beforeEach":{"time":"0.000","assertions":[],"commands":[],"passed":0,"errors":0,"failed":0,"skipped":0,"tests":0,"status":"pass","startTimestamp":1724225877258,"httpOutput":[],"endTimestamp":1724225877258,"timeMs":0},"testcase":{"time":"1.266","assertions":[],"commands":[],"passed":0,"errors":0,"failed":0,"skipped":0,"tests":0,"status":"pass","startTimestamp":1724225877258,"httpOutput":[],"endTimestamp":1724225878524,"timeMs":1266},"afterEach":{"time":"0.008000","assertions":[],"commands":[{"name":"assert.ok","args":[],"startTime":1724225878530,"endTime":1724225878531,"elapsedTime":1,"status":"pass","result":{}},{"name":"assert.ok","args":[],"startTime":1724225878531,"endTime":1724225878532,"elapsedTime":1,"status":"pass","result":{}}],"passed":0,"errors":0,"failed":0,"skipped":0,"tests":0,"status":"pass","startTimestamp":1724225878524,"httpOutput":[],"endTimestamp":1724225878532,"timeMs":8},"timeMs":1274,"endTimestamp":1724225878532},"post api test after login using fake data":{"time":"2.240","assertions":[],"commands":[{"name":"assert.fail","args":[],"startTime":1724225880676,"endTime":1724225880679,"elapsedTime":3,"status":"fail","result":{"message":"expected 201 \"Created\", got 400 \"Bad Request\"","showDiff":false,"name":"NightwatchAssertError","abortOnFailure":true,"stack":"    at DescribeInstance.<anonymous> (C:\\Users\\User\\Documents\\QA-Automation\\tests\\step_definitions\\api\\Json.js:195:18)"}},{"name":"saveScreenshot","args":["\"C:\\\\Users\\\\User\\\\Documents\\\\QA-Automation\\\\Screenshots\\\\Json\\\\post-api-test-after-login-using-fake-data_FAILED_Aug-21-2024-130800-GMT+0530.png\"",null],"startTime":1724225880743,"endTime":1724225880765,"elapsedTime":22,"status":"fail","result":{"status":-1,"name":"TypeError"}}],"passed":0,"errors":0,"failed":0,"skipped":0,"tests":0,"status":"fail","startTimestamp":1724225878534,"httpOutput":[],"beforeEach":{"time":"0.01100","assertions":[],"commands":[],"passed":0,"errors":0,"failed":0,"skipped":0,"tests":0,"status":"pass","startTimestamp":1724225878534,"httpOutput":[],"endTimestamp":1724225878545,"timeMs":11},"testcase":{"time":"2.221","assertions":[],"commands":[{"name":"assert.fail","args":[],"startTime":1724225880676,"endTime":1724225880679,"elapsedTime":3,"status":"fail","result":{"message":"expected 201 \"Created\", got 400 \"Bad Request\"","showDiff":false,"name":"NightwatchAssertError","abortOnFailure":true,"stack":"    at DescribeInstance.<anonymous> (C:\\Users\\User\\Documents\\QA-Automation\\tests\\step_definitions\\api\\Json.js:195:18)"}},{"name":"saveScreenshot","args":["\"C:\\\\Users\\\\User\\\\Documents\\\\QA-Automation\\\\Screenshots\\\\Json\\\\post-api-test-after-login-using-fake-data_FAILED_Aug-21-2024-130800-GMT+0530.png\"",null],"startTime":1724225880743,"endTime":1724225880765,"elapsedTime":22,"status":"fail","result":{"status":-1,"name":"TypeError"}}],"passed":0,"errors":0,"failed":0,"skipped":0,"tests":0,"status":"pass","startTimestamp":1724225878545,"httpOutput":[],"endTimestamp":1724225880766,"timeMs":2221},"afterEach":{"time":"0.008000","assertions":[],"commands":[],"passed":0,"errors":0,"failed":0,"skipped":0,"tests":0,"status":"pass","startTimestamp":1724225880766,"httpOutput":[],"endTimestamp":1724225880774,"timeMs":8},"timeMs":2240,"endTimestamp":1724225880774},"__after_hook":{"time":"0.01400","assertions":[],"commands":[],"passed":0,"errors":0,"failed":0,"skipped":0,"tests":0,"status":"fail","startTimestamp":1724225880776,"httpOutput":[],"timeMs":14,"endTimestamp":1724225880790},"__global_afterEach_hook":{"time":"0.000","assertions":[],"commands":[],"passed":0,"errors":0,"failed":0,"skipped":0,"tests":0,"status":"fail","startTimestamp":1724225880790,"httpOutput":[],"timeMs":0,"endTimestamp":1724225880790}},"errmessages":[],"testsCount":2,"skippedCount":0,"failedCount":2,"errorsCount":0,"passedCount":2,"group":"","modulePath":"C:\\Users\\User\\Documents\\QA-Automation\\tests\\step_definitions\\api\\Json.js","startTimestamp":"Wed, 21 Aug 2024 07:37:57 GMT","endTimestamp":"Wed, 21 Aug 2024 07:38:00 GMT","sessionCapabilities":{"browserName":"chrome","name":"API Auth Token"},"sessionId":"","projectName":"","buildName":"","testEnv":"api_testing","isMobile":false,"status":"fail","host":"localhost","name":"API Auth Token","tags":[],"tests":2,"failures":2,"errors":0,"httpOutput":[],"rawHttpOutput":[],"globalErrorRegister":["   \u001b[31m\u001b[1m✖\u001b[22m\u001b[39m \u001b[31m\u001b[1mTypeError\u001b[22m\u001b[39m\n   \u001b[31mCannot read properties of undefined (reading 'split')\u001b[39m\n\u001b[33m\u001b[39m\n\u001b[33m    Error location:\u001b[39m\n    C:\\Users\\User\\Documents\\QA-Automation\\tests\\step_definitions\\api\\Json.js:200\n    ––––––––––––––––––––––––––––––––––––––––––––––––––––––––––––––––––––––––––\n     198 |                     console.log(response);\n     199 |                     const locationHeader = response.headers.location;\n    \u001b[41m\u001b[37m 200 |                     const urlParts = locationHeader.split('/'); \u001b[39m\u001b[49m\n     201 |                     reservationId = urlParts[urlParts.length - 1];\n     202 |                     console.log(\"Reservation created successfully, Reservation ID:\", reservationId);\n    ––––––––––––––––––––––––––––––––––––––––––––––––––––––––––––––––––––––––––\n\n\u001b[33m    Stack Trace :\u001b[39m\n\u001b[90m    at C:\\Users\\User\\Documents\\QA-Automation\\tests\\step_definitions\\api\\Json.js:200:53\u001b[39m\n\u001b[90m    at process.processTicksAndRejections (node:internal/process/task_queues:95:5)\u001b[39m\n\u001b[90m    at async DescribeInstance.<anonymous> (C:\\Users\\User\\Documents\\QA-Automation\\tests\\step_definitions\\api\\Json.js:61:13)\u001b[39m\n"]}