{"reportPrefix":"","assertionsCount":4,"lastError":{"name":"ReferenceError","displayed":true},"skippedAtRuntime":[],"skippedByUser":[],"skipped":[],"time":"20.97","timeMs":20968,"completed":{"post api test after login using fake data":{"time":"9.754","assertions":[{"name":"NightwatchAssertError","message":"Passed [ok]: .post('/rsv/v1/hotels/GRVZA/reservations').expect(201) ok","stackTrace":"","fullMsg":"Passed [ok]: .post('/rsv/v1/hotels/GRVZA/reservations').expect(201) ok","failure":false},{"name":"NightwatchAssertError","message":"Passed [ok]: .post('/rsv/v1/hotels/GRVZA/reservations').expect('Content-Type', /json/) ok","stackTrace":"","fullMsg":"Passed [ok]: .post('/rsv/v1/hotels/GRVZA/reservations').expect('Content-Type', /json/) ok","failure":false},{"name":"NightwatchAssertError","message":"Passed [ok]: .post('/rsv/v1/hotels/GRVZA/reservations').expect(201) ok","stackTrace":"","fullMsg":"Passed [ok]: .post('/rsv/v1/hotels/GRVZA/reservations').expect(201) ok","failure":false},{"name":"NightwatchAssertError","message":"Passed [ok]: .post('/rsv/v1/hotels/GRVZA/reservations').expect('Content-Type', /json/) ok","stackTrace":"","fullMsg":"Passed [ok]: .post('/rsv/v1/hotels/GRVZA/reservations').expect('Content-Type', /json/) ok","failure":false}],"commands":[],"passed":4,"errors":0,"failed":0,"skipped":0,"tests":4,"status":"pass","startTimestamp":"Thu, 22 Aug 2024 03:56:09 GMT","httpOutput":[],"steps":[],"stackTrace":"","testcases":{"post api test after login using fake data":{"time":"9.754","assertions":[{"name":"NightwatchAssertError","message":"Passed [ok]: .post('/rsv/v1/hotels/GRVZA/reservations').expect(201) ok","stackTrace":"","fullMsg":"Passed [ok]: .post('/rsv/v1/hotels/GRVZA/reservations').expect(201) ok","failure":false},{"name":"NightwatchAssertError","message":"Passed [ok]: .post('/rsv/v1/hotels/GRVZA/reservations').expect('Content-Type', /json/) ok","stackTrace":"","fullMsg":"Passed [ok]: .post('/rsv/v1/hotels/GRVZA/reservations').expect('Content-Type', /json/) ok","failure":false},{"name":"NightwatchAssertError","message":"Passed [ok]: .post('/rsv/v1/hotels/GRVZA/reservations').expect(201) ok","stackTrace":"","fullMsg":"Passed [ok]: .post('/rsv/v1/hotels/GRVZA/reservations').expect(201) ok","failure":false},{"name":"NightwatchAssertError","message":"Passed [ok]: .post('/rsv/v1/hotels/GRVZA/reservations').expect('Content-Type', /json/) ok","stackTrace":"","fullMsg":"Passed [ok]: .post('/rsv/v1/hotels/GRVZA/reservations').expect('Content-Type', /json/) ok","failure":false}],"tests":4,"commands":[],"passed":4,"errors":0,"failed":0,"skipped":0,"status":"pass","startTimestamp":"Thu, 22 Aug 2024 03:56:09 GMT","httpOutput":[],"steps":[],"stackTrace":"","timeMs":9754,"endTimestamp":"Thu, 22 Aug 2024 03:56:19 GMT"}},"timeMs":9754,"endTimestamp":"Thu, 22 Aug 2024 03:56:19 GMT"},"GET Reservation OHIP":{"time":"0.09100","assertions":[],"commands":[],"passed":0,"errors":1,"failed":0,"skipped":0,"tests":0,"status":"fail","startTimestamp":"Thu, 22 Aug 2024 03:56:19 GMT","httpOutput":[],"steps":[],"stackTrace":"ReferenceError: reservation is not defined\n    at DescribeInstance.<anonymous> (C:\\Users\\User\\Documents\\QA-Automation\\tests\\step_definitions\\api\\FakerJson1.js:226:30)\n    at Context.call (C:\\Users\\User\\Documents\\QA-Automation\\node_modules\\nightwatch\\lib\\testsuite\\context.js:515:35)\n    at TestCase.run (C:\\Users\\User\\Documents\\QA-Automation\\node_modules\\nightwatch\\lib\\testsuite\\testcase.js:58:31)\n    at Runnable.__runFn (C:\\Users\\User\\Documents\\QA-Automation\\node_modules\\nightwatch\\lib\\testsuite\\index.js:839:80)\n    at Runnable.run (C:\\Users\\User\\Documents\\QA-Automation\\node_modules\\nightwatch\\lib\\testsuite\\runnable.js:126:21)\n    at TestSuite.executeRunnable (C:\\Users\\User\\Documents\\QA-Automation\\node_modules\\nightwatch\\lib\\testsuite\\index.js:1000:49)\n    at TestSuite.handleRunnable (C:\\Users\\User\\Documents\\QA-Automation\\node_modules\\nightwatch\\lib\\testsuite\\index.js:1015:33)\n    at C:\\Users\\User\\Documents\\QA-Automation\\node_modules\\nightwatch\\lib\\testsuite\\index.js:839:21\n    at runNextTicks (node:internal/process/task_queues:60:5)\n    at process.processTimers (node:internal/timers:511:9)","testcases":{"post api test after login using fake data":{"time":"9.754","assertions":[{"name":"NightwatchAssertError","message":"Passed [ok]: .post('/rsv/v1/hotels/GRVZA/reservations').expect(201) ok","stackTrace":"","fullMsg":"Passed [ok]: .post('/rsv/v1/hotels/GRVZA/reservations').expect(201) ok","failure":false},{"name":"NightwatchAssertError","message":"Passed [ok]: .post('/rsv/v1/hotels/GRVZA/reservations').expect('Content-Type', /json/) ok","stackTrace":"","fullMsg":"Passed [ok]: .post('/rsv/v1/hotels/GRVZA/reservations').expect('Content-Type', /json/) ok","failure":false},{"name":"NightwatchAssertError","message":"Passed [ok]: .post('/rsv/v1/hotels/GRVZA/reservations').expect(201) ok","stackTrace":"","fullMsg":"Passed [ok]: .post('/rsv/v1/hotels/GRVZA/reservations').expect(201) ok","failure":false},{"name":"NightwatchAssertError","message":"Passed [ok]: .post('/rsv/v1/hotels/GRVZA/reservations').expect('Content-Type', /json/) ok","stackTrace":"","fullMsg":"Passed [ok]: .post('/rsv/v1/hotels/GRVZA/reservations').expect('Content-Type', /json/) ok","failure":false}],"tests":4,"commands":[],"passed":4,"errors":0,"failed":0,"skipped":0,"status":"pass","startTimestamp":"Thu, 22 Aug 2024 03:56:09 GMT","httpOutput":[],"steps":[],"stackTrace":"","timeMs":9754,"endTimestamp":"Thu, 22 Aug 2024 03:56:19 GMT"},"GET Reservation OHIP":{"time":"0.09100","assertions":[],"tests":0,"commands":[],"passed":0,"errors":1,"failed":0,"skipped":0,"status":"fail","startTimestamp":"Thu, 22 Aug 2024 03:56:19 GMT","httpOutput":[],"steps":[],"stackTrace":"ReferenceError: reservation is not defined\n    at DescribeInstance.<anonymous> (C:\\Users\\User\\Documents\\QA-Automation\\tests\\step_definitions\\api\\FakerJson1.js:226:30)\n    at Context.call (C:\\Users\\User\\Documents\\QA-Automation\\node_modules\\nightwatch\\lib\\testsuite\\context.js:515:35)\n    at TestCase.run (C:\\Users\\User\\Documents\\QA-Automation\\node_modules\\nightwatch\\lib\\testsuite\\testcase.js:58:31)\n    at Runnable.__runFn (C:\\Users\\User\\Documents\\QA-Automation\\node_modules\\nightwatch\\lib\\testsuite\\index.js:839:80)\n    at Runnable.run (C:\\Users\\User\\Documents\\QA-Automation\\node_modules\\nightwatch\\lib\\testsuite\\runnable.js:126:21)\n    at TestSuite.executeRunnable (C:\\Users\\User\\Documents\\QA-Automation\\node_modules\\nightwatch\\lib\\testsuite\\index.js:1000:49)\n    at TestSuite.handleRunnable (C:\\Users\\User\\Documents\\QA-Automation\\node_modules\\nightwatch\\lib\\testsuite\\index.js:1015:33)\n    at C:\\Users\\User\\Documents\\QA-Automation\\node_modules\\nightwatch\\lib\\testsuite\\index.js:839:21\n    at runNextTicks (node:internal/process/task_queues:60:5)\n    at process.processTimers (node:internal/timers:511:9)","lastError":{"name":"ReferenceError","displayed":true},"errorsPerTest":["reservation is not defined"],"timeMs":91,"endTimestamp":"Thu, 22 Aug 2024 03:56:19 GMT"}},"lastError":{"name":"ReferenceError","displayed":true},"errorsPerTest":["reservation is not defined"],"timeMs":91,"endTimestamp":"Thu, 22 Aug 2024 03:56:19 GMT"}},"completedSections":{"__global_beforeEach_hook":{"time":"0.000","assertions":[],"commands":[],"passed":0,"errors":0,"failed":0,"skipped":0,"tests":0,"status":"pass","startTimestamp":1724298968197,"httpOutput":[],"timeMs":0,"endTimestamp":1724298968197},"__before_hook":{"time":"1.275","assertions":[],"commands":[],"passed":0,"errors":0,"failed":0,"skipped":0,"tests":0,"status":"pass","startTimestamp":1724298968198,"httpOutput":[],"timeMs":1275,"endTimestamp":1724298969473},"post api test after login using fake data":{"time":"9.754","assertions":[],"commands":[{"name":"assert.ok","args":[],"startTime":1724298975205,"endTime":1724298975206,"elapsedTime":1,"status":"pass","result":{}},{"name":"assert.ok","args":[],"startTime":1724298975207,"endTime":1724298975207,"elapsedTime":0,"status":"pass","result":{}},{"name":"assert.ok","args":[],"startTime":1724298979227,"endTime":1724298979228,"elapsedTime":1,"status":"pass","result":{}},{"name":"assert.ok","args":[],"startTime":1724298979228,"endTime":1724298979228,"elapsedTime":0,"status":"pass","result":{}}],"passed":0,"errors":0,"failed":0,"skipped":0,"tests":0,"status":"pass","startTimestamp":1724298969475,"httpOutput":[],"beforeEach":{"time":"0.000","assertions":[],"commands":[],"passed":0,"errors":0,"failed":0,"skipped":0,"tests":0,"status":"pass","startTimestamp":1724298969475,"httpOutput":[],"endTimestamp":1724298969475,"timeMs":0},"testcase":{"time":"9.751","assertions":[],"commands":[{"name":"assert.ok","args":[],"startTime":1724298975205,"endTime":1724298975206,"elapsedTime":1,"status":"pass","result":{}},{"name":"assert.ok","args":[],"startTime":1724298975207,"endTime":1724298975207,"elapsedTime":0,"status":"pass","result":{}}],"passed":0,"errors":0,"failed":0,"skipped":0,"tests":0,"status":"pass","startTimestamp":1724298969475,"httpOutput":[],"endTimestamp":1724298979226,"timeMs":9751},"afterEach":{"time":"0.003000","assertions":[],"commands":[{"name":"assert.ok","args":[],"startTime":1724298979227,"endTime":1724298979228,"elapsedTime":1,"status":"pass","result":{}},{"name":"assert.ok","args":[],"startTime":1724298979228,"endTime":1724298979228,"elapsedTime":0,"status":"pass","result":{}}],"passed":0,"errors":0,"failed":0,"skipped":0,"tests":0,"status":"pass","startTimestamp":1724298979226,"httpOutput":[],"endTimestamp":1724298979229,"timeMs":3},"timeMs":9754,"endTimestamp":1724298979229},"GET Reservation OHIP":{"time":"0.09100","assertions":[],"commands":[{"name":"saveScreenshot","args":["\"C:\\\\Users\\\\User\\\\Documents\\\\QA-Automation\\\\Screenshots\\\\FakerJson1\\\\GET-Reservation-OHIP_FAILED_Aug-22-2024-092619-GMT+0530.png\"",null],"startTime":1724298979315,"endTime":1724298979323,"elapsedTime":8,"status":"fail","result":{"status":-1,"name":"TypeError"}}],"passed":0,"errors":0,"failed":0,"skipped":0,"tests":0,"status":"fail","startTimestamp":1724298979232,"httpOutput":[],"beforeEach":{"time":"0.01700","assertions":[],"commands":[],"passed":0,"errors":0,"failed":0,"skipped":0,"tests":0,"status":"pass","startTimestamp":1724298979232,"httpOutput":[],"endTimestamp":1724298979249,"timeMs":17},"testcase":{"time":"0.07400","assertions":[],"commands":[{"name":"saveScreenshot","args":["\"C:\\\\Users\\\\User\\\\Documents\\\\QA-Automation\\\\Screenshots\\\\FakerJson1\\\\GET-Reservation-OHIP_FAILED_Aug-22-2024-092619-GMT+0530.png\"",null],"startTime":1724298979315,"endTime":1724298979323,"elapsedTime":8,"status":"fail","result":{"status":-1,"name":"TypeError"}}],"passed":0,"errors":0,"failed":0,"skipped":0,"tests":0,"status":"pass","startTimestamp":1724298979249,"httpOutput":[],"endTimestamp":1724298979323,"timeMs":74},"afterEach":{"time":"0.000","assertions":[],"commands":[],"passed":0,"errors":0,"failed":0,"skipped":0,"tests":0,"status":"pass","startTimestamp":1724298979323,"httpOutput":[],"endTimestamp":1724298979323,"timeMs":0},"timeMs":91,"endTimestamp":1724298979323},"__after_hook":{"time":"0.003000","assertions":[],"commands":[],"passed":0,"errors":0,"failed":0,"skipped":0,"tests":0,"status":"fail","startTimestamp":1724298979324,"httpOutput":[],"timeMs":3,"endTimestamp":1724298979327},"__global_afterEach_hook":{"time":"0.000","assertions":[],"commands":[],"passed":0,"errors":0,"failed":0,"skipped":0,"tests":0,"status":"fail","startTimestamp":1724298979327,"httpOutput":[],"timeMs":0,"endTimestamp":1724298979327}},"errmessages":[" \u001b[31m\u001b[1m✖\u001b[22m\u001b[39m \u001b[31m\u001b[1mReferenceError\u001b[22m\u001b[39m\n   \u001b[31mreservation is not defined\u001b[39m\n\u001b[33m\u001b[39m\n\u001b[33m    Error location:\u001b[39m\n    C:\\Users\\User\\Documents\\QA-Automation\\tests\\step_definitions\\api\\FakerJson1.js:226\n    ––––––––––––––––––––––––––––––––––––––––––––––––––––––––––––––––––––––––––––––––\n     224 |             it('GET Reservation OHIP', async function ({ supertest }) {\n     225 |                 await supertest\n    \u001b[41m\u001b[37m 226 |                     .request(reservation.request) \u001b[39m\u001b[49m\n     227 |                     .get(reservation.Getendpath + reservationId)\n     228 |                     .set('Content-Type', reservation['Content-Type1'])\n    ––––––––––––––––––––––––––––––––––––––––––––––––––––––––––––––––––––––––––––––––\n\n\u001b[33m    Stack Trace :\u001b[39m\n\u001b[90m    at DescribeInstance.<anonymous> (C:\\Users\\User\\Documents\\QA-Automation\\tests\\step_definitions\\api\\FakerJson1.js:226:30)\u001b[39m\n\u001b[90m    at Context.call (C:\\Users\\User\\Documents\\QA-Automation\\node_modules\\nightwatch\\lib\\testsuite\\context.js:515:35)\u001b[39m\n\u001b[90m    at TestCase.run (C:\\Users\\User\\Documents\\QA-Automation\\node_modules\\nightwatch\\lib\\testsuite\\testcase.js:58:31)\u001b[39m\n\u001b[90m    at Runnable.__runFn (C:\\Users\\User\\Documents\\QA-Automation\\node_modules\\nightwatch\\lib\\testsuite\\index.js:839:80)\u001b[39m\n\u001b[90m    at Runnable.run (C:\\Users\\User\\Documents\\QA-Automation\\node_modules\\nightwatch\\lib\\testsuite\\runnable.js:126:21)\u001b[39m\n\u001b[90m    at TestSuite.executeRunnable (C:\\Users\\User\\Documents\\QA-Automation\\node_modules\\nightwatch\\lib\\testsuite\\index.js:1000:49)\u001b[39m\n\u001b[90m    at TestSuite.handleRunnable (C:\\Users\\User\\Documents\\QA-Automation\\node_modules\\nightwatch\\lib\\testsuite\\index.js:1015:33)\u001b[39m\n\u001b[90m    at C:\\Users\\User\\Documents\\QA-Automation\\node_modules\\nightwatch\\lib\\testsuite\\index.js:839:21\u001b[39m\n\u001b[90m    at runNextTicks (node:internal/process/task_queues:60:5)\u001b[39m\n\u001b[90m    at process.processTimers (node:internal/timers:511:9)\u001b[39m\n"],"testsCount":2,"skippedCount":0,"failedCount":0,"errorsCount":1,"passedCount":4,"group":"","modulePath":"C:\\Users\\User\\Documents\\QA-Automation\\tests\\step_definitions\\api\\FakerJson1.js","startTimestamp":"Thu, 22 Aug 2024 03:56:08 GMT","endTimestamp":"Thu, 22 Aug 2024 03:56:19 GMT","sessionCapabilities":{"browserName":"chrome","name":"API Tests"},"sessionId":"","projectName":"","buildName":"","testEnv":"api_testing","isMobile":false,"status":"fail","host":"localhost","name":"API Tests","tags":[],"tests":2,"failures":0,"errors":1,"httpOutput":[],"rawHttpOutput":[],"globalErrorRegister":["   \u001b[31m\u001b[1m✖\u001b[22m\u001b[39m \u001b[31m\u001b[1mReferenceError\u001b[22m\u001b[39m\n   \u001b[31mreservation is not defined\u001b[39m\n\u001b[33m\u001b[39m\n\u001b[33m    Error location:\u001b[39m\n    C:\\Users\\User\\Documents\\QA-Automation\\tests\\step_definitions\\api\\FakerJson1.js:226\n    ––––––––––––––––––––––––––––––––––––––––––––––––––––––––––––––––––––––––––––––––\n     224 |             it('GET Reservation OHIP', async function ({ supertest }) {\n     225 |                 await supertest\n    \u001b[41m\u001b[37m 226 |                     .request(reservation.request) \u001b[39m\u001b[49m\n     227 |                     .get(reservation.Getendpath + reservationId)\n     228 |                     .set('Content-Type', reservation['Content-Type1'])\n    ––––––––––––––––––––––––––––––––––––––––––––––––––––––––––––––––––––––––––––––––\n\n\u001b[33m    Stack Trace :\u001b[39m\n\u001b[90m    at DescribeInstance.<anonymous> (C:\\Users\\User\\Documents\\QA-Automation\\tests\\step_definitions\\api\\FakerJson1.js:226:30)\u001b[39m\n\u001b[90m    at Context.call (C:\\Users\\User\\Documents\\QA-Automation\\node_modules\\nightwatch\\lib\\testsuite\\context.js:515:35)\u001b[39m\n\u001b[90m    at TestCase.run (C:\\Users\\User\\Documents\\QA-Automation\\node_modules\\nightwatch\\lib\\testsuite\\testcase.js:58:31)\u001b[39m\n\u001b[90m    at Runnable.__runFn (C:\\Users\\User\\Documents\\QA-Automation\\node_modules\\nightwatch\\lib\\testsuite\\index.js:839:80)\u001b[39m\n\u001b[90m    at Runnable.run (C:\\Users\\User\\Documents\\QA-Automation\\node_modules\\nightwatch\\lib\\testsuite\\runnable.js:126:21)\u001b[39m\n\u001b[90m    at TestSuite.executeRunnable (C:\\Users\\User\\Documents\\QA-Automation\\node_modules\\nightwatch\\lib\\testsuite\\index.js:1000:49)\u001b[39m\n\u001b[90m    at TestSuite.handleRunnable (C:\\Users\\User\\Documents\\QA-Automation\\node_modules\\nightwatch\\lib\\testsuite\\index.js:1015:33)\u001b[39m\n\u001b[90m    at C:\\Users\\User\\Documents\\QA-Automation\\node_modules\\nightwatch\\lib\\testsuite\\index.js:839:21\u001b[39m\n\u001b[90m    at runNextTicks (node:internal/process/task_queues:60:5)\u001b[39m\n\u001b[90m    at process.processTimers (node:internal/timers:511:9)\u001b[39m\n"," \u001b[31m\u001b[1m✖\u001b[22m\u001b[39m \u001b[31m\u001b[1mReferenceError\u001b[22m\u001b[39m\n   \u001b[31mreservation is not defined\u001b[39m\n\u001b[33m\u001b[39m\n\u001b[33m    Error location:\u001b[39m\n    C:\\Users\\User\\Documents\\QA-Automation\\tests\\step_definitions\\api\\FakerJson1.js:226\n    ––––––––––––––––––––––––––––––––––––––––––––––––––––––––––––––––––––––––––––––––\n     224 |             it('GET Reservation OHIP', async function ({ supertest }) {\n     225 |                 await supertest\n    \u001b[41m\u001b[37m 226 |                     .request(reservation.request) \u001b[39m\u001b[49m\n     227 |                     .get(reservation.Getendpath + reservationId)\n     228 |                     .set('Content-Type', reservation['Content-Type1'])\n    ––––––––––––––––––––––––––––––––––––––––––––––––––––––––––––––––––––––––––––––––\n\n\u001b[33m    Stack Trace :\u001b[39m\n\u001b[90m    at DescribeInstance.<anonymous> (C:\\Users\\User\\Documents\\QA-Automation\\tests\\step_definitions\\api\\FakerJson1.js:226:30)\u001b[39m\n\u001b[90m    at Context.call (C:\\Users\\User\\Documents\\QA-Automation\\node_modules\\nightwatch\\lib\\testsuite\\context.js:515:35)\u001b[39m\n\u001b[90m    at TestCase.run (C:\\Users\\User\\Documents\\QA-Automation\\node_modules\\nightwatch\\lib\\testsuite\\testcase.js:58:31)\u001b[39m\n\u001b[90m    at Runnable.__runFn (C:\\Users\\User\\Documents\\QA-Automation\\node_modules\\nightwatch\\lib\\testsuite\\index.js:839:80)\u001b[39m\n\u001b[90m    at Runnable.run (C:\\Users\\User\\Documents\\QA-Automation\\node_modules\\nightwatch\\lib\\testsuite\\runnable.js:126:21)\u001b[39m\n\u001b[90m    at TestSuite.executeRunnable (C:\\Users\\User\\Documents\\QA-Automation\\node_modules\\nightwatch\\lib\\testsuite\\index.js:1000:49)\u001b[39m\n\u001b[90m    at TestSuite.handleRunnable (C:\\Users\\User\\Documents\\QA-Automation\\node_modules\\nightwatch\\lib\\testsuite\\index.js:1015:33)\u001b[39m\n\u001b[90m    at C:\\Users\\User\\Documents\\QA-Automation\\node_modules\\nightwatch\\lib\\testsuite\\index.js:839:21\u001b[39m\n\u001b[90m    at runNextTicks (node:internal/process/task_queues:60:5)\u001b[39m\n\u001b[90m    at process.processTimers (node:internal/timers:511:9)\u001b[39m\n"]}