{"reportPrefix":"","assertionsCount":0,"lastError":{"name":"Error","displayed":true},"skippedAtRuntime":[],"skippedByUser":[],"skipped":[],"time":"23.13","timeMs":23129,"completed":{"POST and GET API Test using fake data - Record 1":{"time":"4.993","assertions":[],"commands":[],"passed":0,"errors":0,"failed":0,"skipped":0,"tests":0,"status":"pass","startTimestamp":"Thu, 22 Aug 2024 09:17:24 GMT","httpOutput":[],"steps":[],"stackTrace":"","testcases":{"POST and GET API Test using fake data - Record 1":{"time":"4.993","assertions":[],"tests":0,"commands":[],"passed":0,"errors":0,"failed":0,"skipped":0,"status":"pass","startTimestamp":"Thu, 22 Aug 2024 09:17:24 GMT","httpOutput":[],"steps":[],"stackTrace":"","timeMs":4993,"endTimestamp":"Thu, 22 Aug 2024 09:17:29 GMT"}},"timeMs":4993,"endTimestamp":"Thu, 22 Aug 2024 09:17:29 GMT"},"POST and GET API Test using fake data - Record 2":{"time":"5.720","assertions":[],"commands":[],"passed":0,"errors":1,"failed":0,"skipped":0,"tests":0,"status":"fail","startTimestamp":"Thu, 22 Aug 2024 09:17:29 GMT","httpOutput":[],"steps":[],"stackTrace":"Error: expected 201 \"Created\", got 403 \"Forbidden\"\n    at DescribeInstance.<anonymous> (C:\\Users\\User\\Documents\\QA-Automation\\tests\\step_definitions\\api\\Add.js:212:18)\n    at Context.call (C:\\Users\\User\\Documents\\QA-Automation\\node_modules\\nightwatch\\lib\\testsuite\\context.js:515:35)\n    at TestCase.run (C:\\Users\\User\\Documents\\QA-Automation\\node_modules\\nightwatch\\lib\\testsuite\\testcase.js:58:31)\n    at Runnable.__runFn (C:\\Users\\User\\Documents\\QA-Automation\\node_modules\\nightwatch\\lib\\testsuite\\index.js:839:80)\n    at Runnable.run (C:\\Users\\User\\Documents\\QA-Automation\\node_modules\\nightwatch\\lib\\testsuite\\runnable.js:126:21)\n    at TestSuite.executeRunnable (C:\\Users\\User\\Documents\\QA-Automation\\node_modules\\nightwatch\\lib\\testsuite\\index.js:1000:49)\n    at TestSuite.handleRunnable (C:\\Users\\User\\Documents\\QA-Automation\\node_modules\\nightwatch\\lib\\testsuite\\index.js:1015:33)\n    at C:\\Users\\User\\Documents\\QA-Automation\\node_modules\\nightwatch\\lib\\testsuite\\index.js:839:21\n----\n    at Test._assertStatus (C:\\Users\\User\\Documents\\QA-Automation\\node_modules\\supertest\\lib\\test.js:252:14)\n    at C:\\Users\\User\\Documents\\QA-Automation\\node_modules\\supertest\\lib\\test.js:308:13\n    at Test._assertFunction (C:\\Users\\User\\Documents\\QA-Automation\\node_modules\\supertest\\lib\\test.js:285:13)\n    at Test.assert (C:\\Users\\User\\Documents\\QA-Automation\\node_modules\\supertest\\lib\\test.js:164:23)\n    at localAssert (C:\\Users\\User\\Documents\\QA-Automation\\node_modules\\supertest\\lib\\test.js:120:14)\n    at C:\\Users\\User\\Documents\\QA-Automation\\node_modules\\supertest\\lib\\test.js:125:7\n    at Request.callback (C:\\Users\\User\\Documents\\QA-Automation\\node_modules\\superagent\\lib\\node\\index.js:867:3)\n    at C:\\Users\\User\\Documents\\QA-Automation\\node_modules\\superagent\\lib\\node\\index.js:1070:18\n    at IncomingMessage.<anonymous> (C:\\Users\\User\\Documents\\QA-Automation\\node_modules\\superagent\\lib\\node\\parsers\\json.js:21:7)\n    at IncomingMessage.emit (node:events:530:35)","testcases":{"POST and GET API Test using fake data - Record 1":{"time":"4.993","assertions":[],"tests":0,"commands":[],"passed":0,"errors":0,"failed":0,"skipped":0,"status":"pass","startTimestamp":"Thu, 22 Aug 2024 09:17:24 GMT","httpOutput":[],"steps":[],"stackTrace":"","timeMs":4993,"endTimestamp":"Thu, 22 Aug 2024 09:17:29 GMT"},"POST and GET API Test using fake data - Record 2":{"time":"5.720","assertions":[],"tests":0,"commands":[],"passed":0,"errors":1,"failed":0,"skipped":0,"status":"fail","startTimestamp":"Thu, 22 Aug 2024 09:17:29 GMT","httpOutput":[],"steps":[],"stackTrace":"Error: expected 201 \"Created\", got 403 \"Forbidden\"\n    at DescribeInstance.<anonymous> (C:\\Users\\User\\Documents\\QA-Automation\\tests\\step_definitions\\api\\Add.js:212:18)\n    at Context.call (C:\\Users\\User\\Documents\\QA-Automation\\node_modules\\nightwatch\\lib\\testsuite\\context.js:515:35)\n    at TestCase.run (C:\\Users\\User\\Documents\\QA-Automation\\node_modules\\nightwatch\\lib\\testsuite\\testcase.js:58:31)\n    at Runnable.__runFn (C:\\Users\\User\\Documents\\QA-Automation\\node_modules\\nightwatch\\lib\\testsuite\\index.js:839:80)\n    at Runnable.run (C:\\Users\\User\\Documents\\QA-Automation\\node_modules\\nightwatch\\lib\\testsuite\\runnable.js:126:21)\n    at TestSuite.executeRunnable (C:\\Users\\User\\Documents\\QA-Automation\\node_modules\\nightwatch\\lib\\testsuite\\index.js:1000:49)\n    at TestSuite.handleRunnable (C:\\Users\\User\\Documents\\QA-Automation\\node_modules\\nightwatch\\lib\\testsuite\\index.js:1015:33)\n    at C:\\Users\\User\\Documents\\QA-Automation\\node_modules\\nightwatch\\lib\\testsuite\\index.js:839:21\n----\n    at Test._assertStatus (C:\\Users\\User\\Documents\\QA-Automation\\node_modules\\supertest\\lib\\test.js:252:14)\n    at C:\\Users\\User\\Documents\\QA-Automation\\node_modules\\supertest\\lib\\test.js:308:13\n    at Test._assertFunction (C:\\Users\\User\\Documents\\QA-Automation\\node_modules\\supertest\\lib\\test.js:285:13)\n    at Test.assert (C:\\Users\\User\\Documents\\QA-Automation\\node_modules\\supertest\\lib\\test.js:164:23)\n    at localAssert (C:\\Users\\User\\Documents\\QA-Automation\\node_modules\\supertest\\lib\\test.js:120:14)\n    at C:\\Users\\User\\Documents\\QA-Automation\\node_modules\\supertest\\lib\\test.js:125:7\n    at Request.callback (C:\\Users\\User\\Documents\\QA-Automation\\node_modules\\superagent\\lib\\node\\index.js:867:3)\n    at C:\\Users\\User\\Documents\\QA-Automation\\node_modules\\superagent\\lib\\node\\index.js:1070:18\n    at IncomingMessage.<anonymous> (C:\\Users\\User\\Documents\\QA-Automation\\node_modules\\superagent\\lib\\node\\parsers\\json.js:21:7)\n    at IncomingMessage.emit (node:events:530:35)","lastError":{"name":"Error","displayed":true},"errorsPerTest":["expected 201 \"Created\", got 403 \"Forbidden\""],"timeMs":5720,"endTimestamp":"Thu, 22 Aug 2024 09:17:34 GMT"}},"lastError":{"name":"Error","displayed":true},"errorsPerTest":["expected 201 \"Created\", got 403 \"Forbidden\""],"timeMs":5720,"endTimestamp":"Thu, 22 Aug 2024 09:17:34 GMT"}},"completedSections":{"__global_beforeEach_hook":{"time":"0.002000","assertions":[],"commands":[],"passed":0,"errors":0,"failed":0,"skipped":0,"tests":0,"status":"pass","startTimestamp":1724318242545,"httpOutput":[],"timeMs":2,"endTimestamp":1724318242547},"__before_hook":{"time":"1.693","assertions":[],"commands":[],"passed":0,"errors":0,"failed":0,"skipped":0,"tests":0,"status":"pass","startTimestamp":1724318242547,"httpOutput":[],"timeMs":1693,"endTimestamp":1724318244240},"POST and GET API Test using fake data - Record 1":{"time":"4.993","assertions":[],"commands":[],"passed":0,"errors":0,"failed":0,"skipped":0,"tests":0,"status":"pass","startTimestamp":1724318244241,"httpOutput":[],"beforeEach":{"time":"0.002000","assertions":[],"commands":[],"passed":0,"errors":0,"failed":0,"skipped":0,"tests":0,"status":"pass","startTimestamp":1724318244242,"httpOutput":[],"endTimestamp":1724318244244,"timeMs":2},"testcase":{"time":"4.974","assertions":[],"commands":[],"passed":0,"errors":0,"failed":0,"skipped":0,"tests":0,"status":"pass","startTimestamp":1724318244244,"httpOutput":[],"endTimestamp":1724318249218,"timeMs":4974},"afterEach":{"time":"0.01500","assertions":[],"commands":[],"passed":0,"errors":0,"failed":0,"skipped":0,"tests":0,"status":"pass","startTimestamp":1724318249218,"httpOutput":[],"endTimestamp":1724318249233,"timeMs":15},"timeMs":4993,"endTimestamp":1724318249234},"POST and GET API Test using fake data - Record 2":{"time":"5.721","assertions":[],"commands":[{"name":"saveScreenshot","args":["\"C:\\\\Users\\\\User\\\\Documents\\\\QA-Automation\\\\Screenshots\\\\Add\\\\POST-and-GET-API-Test-using-fake-data---Record-2_FAILED_Aug-22-2024-144734-GMT+0530.png\"",null],"startTime":1724318254944,"endTime":1724318254955,"elapsedTime":11,"status":"fail","result":{"status":-1,"name":"TypeError"}}],"passed":0,"errors":0,"failed":0,"skipped":0,"tests":0,"status":"fail","startTimestamp":1724318249236,"httpOutput":[],"beforeEach":{"time":"0.01200","assertions":[],"commands":[],"passed":0,"errors":0,"failed":0,"skipped":0,"tests":0,"status":"pass","startTimestamp":1724318249237,"httpOutput":[],"endTimestamp":1724318249249,"timeMs":12},"testcase":{"time":"5.707","assertions":[],"commands":[{"name":"saveScreenshot","args":["\"C:\\\\Users\\\\User\\\\Documents\\\\QA-Automation\\\\Screenshots\\\\Add\\\\POST-and-GET-API-Test-using-fake-data---Record-2_FAILED_Aug-22-2024-144734-GMT+0530.png\"",null],"startTime":1724318254944,"endTime":1724318254955,"elapsedTime":11,"status":"fail","result":{"status":-1,"name":"TypeError"}}],"passed":0,"errors":0,"failed":0,"skipped":0,"tests":0,"status":"pass","startTimestamp":1724318249249,"httpOutput":[],"endTimestamp":1724318254956,"timeMs":5707},"afterEach":{"time":"0.000","assertions":[],"commands":[],"passed":0,"errors":0,"failed":0,"skipped":0,"tests":0,"status":"pass","startTimestamp":1724318254956,"httpOutput":[],"endTimestamp":1724318254956,"timeMs":0},"timeMs":5721,"endTimestamp":1724318254957},"__after_hook":{"time":"0.006000","assertions":[],"commands":[],"passed":0,"errors":0,"failed":0,"skipped":0,"tests":0,"status":"fail","startTimestamp":1724318254958,"httpOutput":[],"timeMs":6,"endTimestamp":1724318254964},"__global_afterEach_hook":{"time":"0.001000","assertions":[],"commands":[],"passed":0,"errors":0,"failed":0,"skipped":0,"tests":0,"status":"fail","startTimestamp":1724318254964,"httpOutput":[],"timeMs":1,"endTimestamp":1724318254965}},"errmessages":[" \u001b[31m\u001b[1mError\u001b[22m\u001b[39m\n   \u001b[31mexpected 201 \"Created\", got 403 \"Forbidden\"\u001b[39m\n\u001b[33m\u001b[39m\n\u001b[33m    Error location:\u001b[39m\n    C:\\Users\\User\\Documents\\QA-Automation\\tests\\step_definitions\\api\\Add.js:212\n    –––––––––––––––––––––––––––––––––––––––––––––––––––––––––––––––––––––––––\n     210 |                     ]\n     211 |                 })\n    \u001b[41m\u001b[37m 212 |                 .expect(201) \u001b[39m\u001b[49m\n     213 |                 .expect('Content-Type', /json/)\n     214 |                 .then(function (response) {\n    –––––––––––––––––––––––––––––––––––––––––––––––––––––––––––––––––––––––––\n"],"testsCount":2,"skippedCount":0,"failedCount":0,"errorsCount":1,"passedCount":0,"group":"","modulePath":"C:\\Users\\User\\Documents\\QA-Automation\\tests\\step_definitions\\api\\Add.js","startTimestamp":"Thu, 22 Aug 2024 09:17:22 GMT","endTimestamp":"Thu, 22 Aug 2024 09:17:34 GMT","sessionCapabilities":{"browserName":"chrome","name":"API Tests"},"sessionId":"","projectName":"","buildName":"","testEnv":"api_testing","isMobile":false,"status":"fail","host":"localhost","name":"API Tests","tags":[],"tests":2,"failures":0,"errors":1,"httpOutput":[],"rawHttpOutput":[],"globalErrorRegister":["   \u001b[31m\u001b[1mError\u001b[22m\u001b[39m\n   \u001b[31mexpected 201 \"Created\", got 403 \"Forbidden\"\u001b[39m\n\u001b[33m\u001b[39m\n\u001b[33m    Error location:\u001b[39m\n    C:\\Users\\User\\Documents\\QA-Automation\\tests\\step_definitions\\api\\Add.js:212\n    –––––––––––––––––––––––––––––––––––––––––––––––––––––––––––––––––––––––––\n     210 |                     ]\n     211 |                 })\n    \u001b[41m\u001b[37m 212 |                 .expect(201) \u001b[39m\u001b[49m\n     213 |                 .expect('Content-Type', /json/)\n     214 |                 .then(function (response) {\n    –––––––––––––––––––––––––––––––––––––––––––––––––––––––––––––––––––––––––\n"," \u001b[31m\u001b[1mError\u001b[22m\u001b[39m\n   \u001b[31mexpected 201 \"Created\", got 403 \"Forbidden\"\u001b[39m\n\u001b[33m\u001b[39m\n\u001b[33m    Error location:\u001b[39m\n    C:\\Users\\User\\Documents\\QA-Automation\\tests\\step_definitions\\api\\Add.js:212\n    –––––––––––––––––––––––––––––––––––––––––––––––––––––––––––––––––––––––––\n     210 |                     ]\n     211 |                 })\n    \u001b[41m\u001b[37m 212 |                 .expect(201) \u001b[39m\u001b[49m\n     213 |                 .expect('Content-Type', /json/)\n     214 |                 .then(function (response) {\n    –––––––––––––––––––––––––––––––––––––––––––––––––––––––––––––––––––––––––\n"]}