{"reportPrefix":"","assertionsCount":3,"lastError":{"name":"TypeError","displayed":true},"skippedAtRuntime":[],"skippedByUser":[],"skipped":[],"time":"3.196","timeMs":3196,"completed":{"post api test":{"time":"1.496","assertions":[{"name":"NightwatchAssertError","message":"Passed [ok]: .post('/oauth/v1/tokens').expect(200) ok","stackTrace":"","fullMsg":"Passed [ok]: .post('/oauth/v1/tokens').expect(200) ok","failure":false},{"name":"NightwatchAssertError","message":"Passed [ok]: .post('/oauth/v1/tokens').expect('Content-Type', /json/) ok","stackTrace":"","fullMsg":"Passed [ok]: .post('/oauth/v1/tokens').expect('Content-Type', /json/) ok","failure":false}],"commands":[],"passed":2,"errors":0,"failed":0,"skipped":0,"tests":2,"status":"pass","startTimestamp":"Mon, 19 Aug 2024 08:02:37 GMT","httpOutput":[],"steps":[],"stackTrace":"","testcases":{"post api test":{"time":"1.496","assertions":[{"name":"NightwatchAssertError","message":"Passed [ok]: .post('/oauth/v1/tokens').expect(200) ok","stackTrace":"","fullMsg":"Passed [ok]: .post('/oauth/v1/tokens').expect(200) ok","failure":false},{"name":"NightwatchAssertError","message":"Passed [ok]: .post('/oauth/v1/tokens').expect('Content-Type', /json/) ok","stackTrace":"","fullMsg":"Passed [ok]: .post('/oauth/v1/tokens').expect('Content-Type', /json/) ok","failure":false}],"tests":2,"commands":[],"passed":2,"errors":0,"failed":0,"skipped":0,"status":"pass","startTimestamp":"Mon, 19 Aug 2024 08:02:37 GMT","httpOutput":[],"steps":[],"stackTrace":"","timeMs":1496,"endTimestamp":"Mon, 19 Aug 2024 08:02:39 GMT"}},"timeMs":1496,"endTimestamp":"Mon, 19 Aug 2024 08:02:39 GMT"},"post api test after login":{"time":"0.09600","assertions":[{"name":"TypeError","message":"Cannot read properties of undefined (reading 'hotelId')","stackTrace":"TypeError: Cannot read properties of undefined (reading 'hotelId')\n    at DescribeInstance.<anonymous> (C:\\Users\\User\\Documents\\QA-Automation\\tests\\step_definitions\\api\\New.js:44:46)\n    at Context.call (C:\\Users\\User\\Documents\\QA-Automation\\node_modules\\nightwatch\\lib\\testsuite\\context.js:515:35)\n    at TestCase.run (C:\\Users\\User\\Documents\\QA-Automation\\node_modules\\nightwatch\\lib\\testsuite\\testcase.js:58:31)\n    at Runnable.__runFn (C:\\Users\\User\\Documents\\QA-Automation\\node_modules\\nightwatch\\lib\\testsuite\\index.js:839:80)\n    at Runnable.run (C:\\Users\\User\\Documents\\QA-Automation\\node_modules\\nightwatch\\lib\\testsuite\\runnable.js:126:21)\n    at TestSuite.executeRunnable (C:\\Users\\User\\Documents\\QA-Automation\\node_modules\\nightwatch\\lib\\testsuite\\index.js:1000:49)\n    at TestSuite.handleRunnable (C:\\Users\\User\\Documents\\QA-Automation\\node_modules\\nightwatch\\lib\\testsuite\\index.js:1015:33)\n    at C:\\Users\\User\\Documents\\QA-Automation\\node_modules\\nightwatch\\lib\\testsuite\\index.js:839:21\n    at async DefaultRunner.runTestSuite (C:\\Users\\User\\Documents\\QA-Automation\\node_modules\\nightwatch\\lib\\runner\\test-runners\\default.js:83:7)\n    at async DefaultRunner.promiseFn (C:\\Users\\User\\Documents\\QA-Automation\\node_modules\\nightwatch\\lib\\runner\\test-runners\\default.js:101:7)","fullMsg":"Cannot read properties of undefined (reading 'hotelId')","failure":"expected \"undefined\" but got: \"undefined\""}],"commands":[],"passed":0,"errors":0,"failed":1,"skipped":0,"tests":1,"status":"fail","startTimestamp":"Mon, 19 Aug 2024 08:02:39 GMT","httpOutput":[],"steps":[],"stackTrace":"TypeError: Cannot read properties of undefined (reading 'hotelId')\n    at DescribeInstance.<anonymous> (C:\\Users\\User\\Documents\\QA-Automation\\tests\\step_definitions\\api\\New.js:44:46)\n    at Context.call (C:\\Users\\User\\Documents\\QA-Automation\\node_modules\\nightwatch\\lib\\testsuite\\context.js:515:35)\n    at TestCase.run (C:\\Users\\User\\Documents\\QA-Automation\\node_modules\\nightwatch\\lib\\testsuite\\testcase.js:58:31)\n    at Runnable.__runFn (C:\\Users\\User\\Documents\\QA-Automation\\node_modules\\nightwatch\\lib\\testsuite\\index.js:839:80)\n    at Runnable.run (C:\\Users\\User\\Documents\\QA-Automation\\node_modules\\nightwatch\\lib\\testsuite\\runnable.js:126:21)\n    at TestSuite.executeRunnable (C:\\Users\\User\\Documents\\QA-Automation\\node_modules\\nightwatch\\lib\\testsuite\\index.js:1000:49)\n    at TestSuite.handleRunnable (C:\\Users\\User\\Documents\\QA-Automation\\node_modules\\nightwatch\\lib\\testsuite\\index.js:1015:33)\n    at C:\\Users\\User\\Documents\\QA-Automation\\node_modules\\nightwatch\\lib\\testsuite\\index.js:839:21\n    at async DefaultRunner.runTestSuite (C:\\Users\\User\\Documents\\QA-Automation\\node_modules\\nightwatch\\lib\\runner\\test-runners\\default.js:83:7)\n    at async DefaultRunner.promiseFn (C:\\Users\\User\\Documents\\QA-Automation\\node_modules\\nightwatch\\lib\\runner\\test-runners\\default.js:101:7)","testcases":{"post api test":{"time":"1.496","assertions":[{"name":"NightwatchAssertError","message":"Passed [ok]: .post('/oauth/v1/tokens').expect(200) ok","stackTrace":"","fullMsg":"Passed [ok]: .post('/oauth/v1/tokens').expect(200) ok","failure":false},{"name":"NightwatchAssertError","message":"Passed [ok]: .post('/oauth/v1/tokens').expect('Content-Type', /json/) ok","stackTrace":"","fullMsg":"Passed [ok]: .post('/oauth/v1/tokens').expect('Content-Type', /json/) ok","failure":false}],"tests":2,"commands":[],"passed":2,"errors":0,"failed":0,"skipped":0,"status":"pass","startTimestamp":"Mon, 19 Aug 2024 08:02:37 GMT","httpOutput":[],"steps":[],"stackTrace":"","timeMs":1496,"endTimestamp":"Mon, 19 Aug 2024 08:02:39 GMT"},"post api test after login":{"time":"0.09600","assertions":[{"name":"TypeError","message":"Cannot read properties of undefined (reading 'hotelId')","stackTrace":"TypeError: Cannot read properties of undefined (reading 'hotelId')\n    at DescribeInstance.<anonymous> (C:\\Users\\User\\Documents\\QA-Automation\\tests\\step_definitions\\api\\New.js:44:46)\n    at Context.call (C:\\Users\\User\\Documents\\QA-Automation\\node_modules\\nightwatch\\lib\\testsuite\\context.js:515:35)\n    at TestCase.run (C:\\Users\\User\\Documents\\QA-Automation\\node_modules\\nightwatch\\lib\\testsuite\\testcase.js:58:31)\n    at Runnable.__runFn (C:\\Users\\User\\Documents\\QA-Automation\\node_modules\\nightwatch\\lib\\testsuite\\index.js:839:80)\n    at Runnable.run (C:\\Users\\User\\Documents\\QA-Automation\\node_modules\\nightwatch\\lib\\testsuite\\runnable.js:126:21)\n    at TestSuite.executeRunnable (C:\\Users\\User\\Documents\\QA-Automation\\node_modules\\nightwatch\\lib\\testsuite\\index.js:1000:49)\n    at TestSuite.handleRunnable (C:\\Users\\User\\Documents\\QA-Automation\\node_modules\\nightwatch\\lib\\testsuite\\index.js:1015:33)\n    at C:\\Users\\User\\Documents\\QA-Automation\\node_modules\\nightwatch\\lib\\testsuite\\index.js:839:21\n    at async DefaultRunner.runTestSuite (C:\\Users\\User\\Documents\\QA-Automation\\node_modules\\nightwatch\\lib\\runner\\test-runners\\default.js:83:7)\n    at async DefaultRunner.promiseFn (C:\\Users\\User\\Documents\\QA-Automation\\node_modules\\nightwatch\\lib\\runner\\test-runners\\default.js:101:7)","fullMsg":"Cannot read properties of undefined (reading 'hotelId')","failure":"expected \"undefined\" but got: \"undefined\""}],"tests":1,"commands":[],"passed":0,"errors":0,"failed":1,"skipped":0,"status":"fail","startTimestamp":"Mon, 19 Aug 2024 08:02:39 GMT","httpOutput":[],"steps":[],"stackTrace":"TypeError: Cannot read properties of undefined (reading 'hotelId')\n    at DescribeInstance.<anonymous> (C:\\Users\\User\\Documents\\QA-Automation\\tests\\step_definitions\\api\\New.js:44:46)\n    at Context.call (C:\\Users\\User\\Documents\\QA-Automation\\node_modules\\nightwatch\\lib\\testsuite\\context.js:515:35)\n    at TestCase.run (C:\\Users\\User\\Documents\\QA-Automation\\node_modules\\nightwatch\\lib\\testsuite\\testcase.js:58:31)\n    at Runnable.__runFn (C:\\Users\\User\\Documents\\QA-Automation\\node_modules\\nightwatch\\lib\\testsuite\\index.js:839:80)\n    at Runnable.run (C:\\Users\\User\\Documents\\QA-Automation\\node_modules\\nightwatch\\lib\\testsuite\\runnable.js:126:21)\n    at TestSuite.executeRunnable (C:\\Users\\User\\Documents\\QA-Automation\\node_modules\\nightwatch\\lib\\testsuite\\index.js:1000:49)\n    at TestSuite.handleRunnable (C:\\Users\\User\\Documents\\QA-Automation\\node_modules\\nightwatch\\lib\\testsuite\\index.js:1015:33)\n    at C:\\Users\\User\\Documents\\QA-Automation\\node_modules\\nightwatch\\lib\\testsuite\\index.js:839:21\n    at async DefaultRunner.runTestSuite (C:\\Users\\User\\Documents\\QA-Automation\\node_modules\\nightwatch\\lib\\runner\\test-runners\\default.js:83:7)\n    at async DefaultRunner.promiseFn (C:\\Users\\User\\Documents\\QA-Automation\\node_modules\\nightwatch\\lib\\runner\\test-runners\\default.js:101:7)","lastError":{"name":"TypeError","displayed":true},"timeMs":96,"endTimestamp":"Mon, 19 Aug 2024 08:02:39 GMT"}},"lastError":{"name":"TypeError","displayed":true},"timeMs":96,"endTimestamp":"Mon, 19 Aug 2024 08:02:39 GMT"}},"completedSections":{"__global_beforeEach_hook":{"time":"0.001000","assertions":[],"commands":[],"passed":0,"errors":0,"failed":0,"skipped":0,"tests":0,"status":"pass","startTimestamp":1724054557772,"httpOutput":[],"timeMs":1,"endTimestamp":1724054557773},"__before_hook":{"time":"0.001000","assertions":[],"commands":[],"passed":0,"errors":0,"failed":0,"skipped":0,"tests":0,"status":"pass","startTimestamp":1724054557773,"httpOutput":[],"timeMs":1,"endTimestamp":1724054557774},"post api test":{"time":"1.496","assertions":[],"commands":[{"name":"assert.ok","args":[],"startTime":1724054559268,"endTime":1724054559269,"elapsedTime":1,"status":"pass","result":{}},{"name":"assert.ok","args":[],"startTime":1724054559270,"endTime":1724054559271,"elapsedTime":1,"status":"pass","result":{}}],"passed":0,"errors":0,"failed":0,"skipped":0,"tests":0,"status":"pass","startTimestamp":1724054557775,"httpOutput":[],"beforeEach":{"time":"0.000","assertions":[],"commands":[],"passed":0,"errors":0,"failed":0,"skipped":0,"tests":0,"status":"pass","startTimestamp":1724054557775,"httpOutput":[],"endTimestamp":1724054557775,"timeMs":0},"testcase":{"time":"1.490","assertions":[],"commands":[],"passed":0,"errors":0,"failed":0,"skipped":0,"tests":0,"status":"pass","startTimestamp":1724054557776,"httpOutput":[],"endTimestamp":1724054559266,"timeMs":1490},"afterEach":{"time":"0.005000","assertions":[],"commands":[{"name":"assert.ok","args":[],"startTime":1724054559268,"endTime":1724054559269,"elapsedTime":1,"status":"pass","result":{}},{"name":"assert.ok","args":[],"startTime":1724054559270,"endTime":1724054559271,"elapsedTime":1,"status":"pass","result":{}}],"passed":0,"errors":0,"failed":0,"skipped":0,"tests":0,"status":"pass","startTimestamp":1724054559266,"httpOutput":[],"endTimestamp":1724054559271,"timeMs":5},"timeMs":1496,"endTimestamp":1724054559271},"post api test after login":{"time":"0.09600","assertions":[],"commands":[{"name":"saveScreenshot","args":["\"C:\\\\Users\\\\User\\\\Documents\\\\QA-Automation\\\\Screenshots\\\\New\\\\post-api-test-after-login_FAILED_Aug-19-2024-133239-GMT+0530.png\"",null],"startTime":1724054559347,"endTime":1724054559360,"elapsedTime":13,"status":"fail","result":{"status":-1,"name":"TypeError"}}],"passed":0,"errors":0,"failed":0,"skipped":0,"tests":0,"status":"fail","startTimestamp":1724054559272,"httpOutput":[],"beforeEach":{"time":"0.003000","assertions":[],"commands":[],"passed":0,"errors":0,"failed":0,"skipped":0,"tests":0,"status":"pass","startTimestamp":1724054559273,"httpOutput":[],"endTimestamp":1724054559276,"timeMs":3},"testcase":{"time":"0.08400","assertions":[],"commands":[{"name":"saveScreenshot","args":["\"C:\\\\Users\\\\User\\\\Documents\\\\QA-Automation\\\\Screenshots\\\\New\\\\post-api-test-after-login_FAILED_Aug-19-2024-133239-GMT+0530.png\"",null],"startTime":1724054559347,"endTime":1724054559360,"elapsedTime":13,"status":"fail","result":{"status":-1,"name":"TypeError"}}],"passed":0,"errors":0,"failed":0,"skipped":0,"tests":0,"status":"pass","startTimestamp":1724054559276,"httpOutput":[],"endTimestamp":1724054559360,"timeMs":84},"afterEach":{"time":"0.008000","assertions":[],"commands":[],"passed":0,"errors":0,"failed":0,"skipped":0,"tests":0,"status":"pass","startTimestamp":1724054559360,"httpOutput":[],"endTimestamp":1724054559368,"timeMs":8},"timeMs":96,"endTimestamp":1724054559368},"__after_hook":{"time":"0.009000","assertions":[],"commands":[],"passed":0,"errors":0,"failed":0,"skipped":0,"tests":0,"status":"fail","startTimestamp":1724054559370,"httpOutput":[],"timeMs":9,"endTimestamp":1724054559379},"__global_afterEach_hook":{"time":"0.001000","assertions":[],"commands":[],"passed":0,"errors":0,"failed":0,"skipped":0,"tests":0,"status":"fail","startTimestamp":1724054559379,"httpOutput":[],"timeMs":1,"endTimestamp":1724054559380}},"errmessages":[],"testsCount":2,"skippedCount":0,"failedCount":1,"errorsCount":0,"passedCount":2,"group":"","modulePath":"C:\\Users\\User\\Documents\\QA-Automation\\tests\\step_definitions\\api\\New.js","startTimestamp":"Mon, 19 Aug 2024 08:02:37 GMT","endTimestamp":"Mon, 19 Aug 2024 08:02:39 GMT","sessionCapabilities":{"browserName":"chrome","name":"API Auth Token"},"sessionId":"","projectName":"","buildName":"","testEnv":"api_testing","isMobile":false,"status":"fail","host":"localhost","name":"API Auth Token","tags":[],"tests":2,"failures":1,"errors":0,"httpOutput":[],"rawHttpOutput":[],"globalErrorRegister":["   \u001b[31m\u001b[1m✖\u001b[22m\u001b[39m \u001b[31m\u001b[1mTypeError\u001b[22m\u001b[39m\n   \u001b[31mCannot read properties of undefined (reading 'hotelId')\u001b[39m\n\u001b[33m\u001b[39m\n\u001b[33m    Error location:\u001b[39m\n    C:\\Users\\User\\Documents\\QA-Automation\\tests\\step_definitions\\api\\New.js:44\n    –––––––––––––––––––––––––––––––––––––––––––––––––––––––––––––––––––––––––\n     42 |       .post(\"/rsv/v1/hotels/GRVZA/reservations\")\n     43 |       .set('Content-Type', 'application/json')\n    \u001b[41m\u001b[37m 44 |       .set('x-hotelid', testData.reservation.hotelId) \u001b[39m\u001b[49m\n     45 |       .set('x-app-key', '69594b78-9894-4914-a894-860ca6d056db')\n     46 |       .set('bypass-routing', 'N')\n    –––––––––––––––––––––––––––––––––––––––––––––––––––––––––––––––––––––––––\n\n\u001b[33m    Stack Trace :\u001b[39m\n\u001b[90m    at DescribeInstance.<anonymous> (C:\\Users\\User\\Documents\\QA-Automation\\tests\\step_definitions\\api\\New.js:44:46)\u001b[39m\n\u001b[90m    at Context.call (C:\\Users\\User\\Documents\\QA-Automation\\node_modules\\nightwatch\\lib\\testsuite\\context.js:515:35)\u001b[39m\n\u001b[90m    at TestCase.run (C:\\Users\\User\\Documents\\QA-Automation\\node_modules\\nightwatch\\lib\\testsuite\\testcase.js:58:31)\u001b[39m\n\u001b[90m    at Runnable.__runFn (C:\\Users\\User\\Documents\\QA-Automation\\node_modules\\nightwatch\\lib\\testsuite\\index.js:839:80)\u001b[39m\n\u001b[90m    at Runnable.run (C:\\Users\\User\\Documents\\QA-Automation\\node_modules\\nightwatch\\lib\\testsuite\\runnable.js:126:21)\u001b[39m\n\u001b[90m    at TestSuite.executeRunnable (C:\\Users\\User\\Documents\\QA-Automation\\node_modules\\nightwatch\\lib\\testsuite\\index.js:1000:49)\u001b[39m\n\u001b[90m    at TestSuite.handleRunnable (C:\\Users\\User\\Documents\\QA-Automation\\node_modules\\nightwatch\\lib\\testsuite\\index.js:1015:33)\u001b[39m\n\u001b[90m    at C:\\Users\\User\\Documents\\QA-Automation\\node_modules\\nightwatch\\lib\\testsuite\\index.js:839:21\u001b[39m\n\u001b[90m    at async DefaultRunner.runTestSuite (C:\\Users\\User\\Documents\\QA-Automation\\node_modules\\nightwatch\\lib\\runner\\test-runners\\default.js:83:7)\u001b[39m\n\u001b[90m    at async DefaultRunner.promiseFn (C:\\Users\\User\\Documents\\QA-Automation\\node_modules\\nightwatch\\lib\\runner\\test-runners\\default.js:101:7)\u001b[39m\n"]}