{"reportPrefix":"","assertionsCount":5,"lastError":{"name":"SyntaxError","displayed":true},"skippedAtRuntime":[],"skippedByUser":[],"skipped":[],"time":"13.97","timeMs":13969,"completed":{"post api test":{"time":"1.451","assertions":[{"name":"NightwatchAssertError","message":"Passed [ok]: .post('/oauth/v1/tokens').expect(200) ok","stackTrace":"","fullMsg":"Passed [ok]: .post('/oauth/v1/tokens').expect(200) ok","failure":false},{"name":"NightwatchAssertError","message":"Passed [ok]: .post('/oauth/v1/tokens').expect('Content-Type', /json/) ok","stackTrace":"","fullMsg":"Passed [ok]: .post('/oauth/v1/tokens').expect('Content-Type', /json/) ok","failure":false}],"commands":[],"passed":2,"errors":0,"failed":0,"skipped":0,"tests":2,"status":"pass","startTimestamp":"Wed, 21 Aug 2024 09:32:11 GMT","httpOutput":[],"steps":[],"stackTrace":"","testcases":{"post api test":{"time":"1.451","assertions":[{"name":"NightwatchAssertError","message":"Passed [ok]: .post('/oauth/v1/tokens').expect(200) ok","stackTrace":"","fullMsg":"Passed [ok]: .post('/oauth/v1/tokens').expect(200) ok","failure":false},{"name":"NightwatchAssertError","message":"Passed [ok]: .post('/oauth/v1/tokens').expect('Content-Type', /json/) ok","stackTrace":"","fullMsg":"Passed [ok]: .post('/oauth/v1/tokens').expect('Content-Type', /json/) ok","failure":false}],"tests":2,"commands":[],"passed":2,"errors":0,"failed":0,"skipped":0,"status":"pass","startTimestamp":"Wed, 21 Aug 2024 09:32:11 GMT","httpOutput":[],"steps":[],"stackTrace":"","timeMs":1451,"endTimestamp":"Wed, 21 Aug 2024 09:32:12 GMT"}},"timeMs":1451,"endTimestamp":"Wed, 21 Aug 2024 09:32:12 GMT"},"post api test after login using fake data":{"time":"4.561","assertions":[{"name":"NightwatchAssertError","message":"Passed [ok]: .post('/rsv/v1/hotels/GRVZA/reservations').expect(201) ok","stackTrace":"","fullMsg":"Passed [ok]: .post('/rsv/v1/hotels/GRVZA/reservations').expect(201) ok","failure":false},{"name":"NightwatchAssertError","message":"Passed [ok]: .post('/rsv/v1/hotels/GRVZA/reservations').expect('Content-Type', /json/) ok","stackTrace":"","fullMsg":"Passed [ok]: .post('/rsv/v1/hotels/GRVZA/reservations').expect('Content-Type', /json/) ok","failure":false}],"commands":[],"passed":2,"errors":0,"failed":0,"skipped":0,"tests":2,"status":"pass","startTimestamp":"Wed, 21 Aug 2024 09:32:12 GMT","httpOutput":[],"steps":[],"stackTrace":"","testcases":{"post api test":{"time":"1.451","assertions":[{"name":"NightwatchAssertError","message":"Passed [ok]: .post('/oauth/v1/tokens').expect(200) ok","stackTrace":"","fullMsg":"Passed [ok]: .post('/oauth/v1/tokens').expect(200) ok","failure":false},{"name":"NightwatchAssertError","message":"Passed [ok]: .post('/oauth/v1/tokens').expect('Content-Type', /json/) ok","stackTrace":"","fullMsg":"Passed [ok]: .post('/oauth/v1/tokens').expect('Content-Type', /json/) ok","failure":false}],"tests":2,"commands":[],"passed":2,"errors":0,"failed":0,"skipped":0,"status":"pass","startTimestamp":"Wed, 21 Aug 2024 09:32:11 GMT","httpOutput":[],"steps":[],"stackTrace":"","timeMs":1451,"endTimestamp":"Wed, 21 Aug 2024 09:32:12 GMT"},"post api test after login using fake data":{"time":"4.561","assertions":[{"name":"NightwatchAssertError","message":"Passed [ok]: .post('/rsv/v1/hotels/GRVZA/reservations').expect(201) ok","stackTrace":"","fullMsg":"Passed [ok]: .post('/rsv/v1/hotels/GRVZA/reservations').expect(201) ok","failure":false},{"name":"NightwatchAssertError","message":"Passed [ok]: .post('/rsv/v1/hotels/GRVZA/reservations').expect('Content-Type', /json/) ok","stackTrace":"","fullMsg":"Passed [ok]: .post('/rsv/v1/hotels/GRVZA/reservations').expect('Content-Type', /json/) ok","failure":false}],"tests":2,"commands":[],"passed":2,"errors":0,"failed":0,"skipped":0,"status":"pass","startTimestamp":"Wed, 21 Aug 2024 09:32:12 GMT","httpOutput":[],"steps":[],"stackTrace":"","timeMs":4561,"endTimestamp":"Wed, 21 Aug 2024 09:32:17 GMT"}},"timeMs":4561,"endTimestamp":"Wed, 21 Aug 2024 09:32:17 GMT"},"GET Reservation OHIP":{"time":"0.9640","assertions":[{"name":"NightwatchAssertError","message":"expected 200 \"OK\", got 401 \"Unauthorized\"","stackTrace":"    at DescribeInstance.<anonymous> (C:\\Users\\User\\Documents\\QA-Automation\\tests\\step_definitions\\api\\FakerJson.js:231:18)","fullMsg":"expected 200 \"OK\", got 401 \"Unauthorized\"","failure":true}],"commands":[],"passed":0,"errors":1,"failed":1,"skipped":0,"tests":1,"status":"fail","startTimestamp":"Wed, 21 Aug 2024 09:32:17 GMT","httpOutput":[],"steps":[],"stackTrace":"SyntaxError: Unexpected token 'U', \"UnAuthoriz\"... is not valid JSON\n    at JSON.parse (<anonymous>)\n    at C:\\Users\\User\\Documents\\QA-Automation\\tests\\step_definitions\\api\\FakerJson.js:234:47\n    at process.processTicksAndRejections (node:internal/process/task_queues:95:5)\n    at async DescribeInstance.<anonymous> (C:\\Users\\User\\Documents\\QA-Automation\\tests\\step_definitions\\api\\FakerJson.js:223:13)","testcases":{"post api test":{"time":"1.451","assertions":[{"name":"NightwatchAssertError","message":"Passed [ok]: .post('/oauth/v1/tokens').expect(200) ok","stackTrace":"","fullMsg":"Passed [ok]: .post('/oauth/v1/tokens').expect(200) ok","failure":false},{"name":"NightwatchAssertError","message":"Passed [ok]: .post('/oauth/v1/tokens').expect('Content-Type', /json/) ok","stackTrace":"","fullMsg":"Passed [ok]: .post('/oauth/v1/tokens').expect('Content-Type', /json/) ok","failure":false}],"tests":2,"commands":[],"passed":2,"errors":0,"failed":0,"skipped":0,"status":"pass","startTimestamp":"Wed, 21 Aug 2024 09:32:11 GMT","httpOutput":[],"steps":[],"stackTrace":"","timeMs":1451,"endTimestamp":"Wed, 21 Aug 2024 09:32:12 GMT"},"post api test after login using fake data":{"time":"4.561","assertions":[{"name":"NightwatchAssertError","message":"Passed [ok]: .post('/rsv/v1/hotels/GRVZA/reservations').expect(201) ok","stackTrace":"","fullMsg":"Passed [ok]: .post('/rsv/v1/hotels/GRVZA/reservations').expect(201) ok","failure":false},{"name":"NightwatchAssertError","message":"Passed [ok]: .post('/rsv/v1/hotels/GRVZA/reservations').expect('Content-Type', /json/) ok","stackTrace":"","fullMsg":"Passed [ok]: .post('/rsv/v1/hotels/GRVZA/reservations').expect('Content-Type', /json/) ok","failure":false}],"tests":2,"commands":[],"passed":2,"errors":0,"failed":0,"skipped":0,"status":"pass","startTimestamp":"Wed, 21 Aug 2024 09:32:12 GMT","httpOutput":[],"steps":[],"stackTrace":"","timeMs":4561,"endTimestamp":"Wed, 21 Aug 2024 09:32:17 GMT"},"GET Reservation OHIP":{"time":"0.9640","assertions":[{"name":"NightwatchAssertError","message":"expected 200 \"OK\", got 401 \"Unauthorized\"","stackTrace":"    at DescribeInstance.<anonymous> (C:\\Users\\User\\Documents\\QA-Automation\\tests\\step_definitions\\api\\FakerJson.js:231:18)","fullMsg":"expected 200 \"OK\", got 401 \"Unauthorized\"","failure":true}],"tests":1,"commands":[],"passed":0,"errors":1,"failed":1,"skipped":0,"status":"fail","startTimestamp":"Wed, 21 Aug 2024 09:32:17 GMT","httpOutput":[],"steps":[],"stackTrace":"SyntaxError: Unexpected token 'U', \"UnAuthoriz\"... is not valid JSON\n    at JSON.parse (<anonymous>)\n    at C:\\Users\\User\\Documents\\QA-Automation\\tests\\step_definitions\\api\\FakerJson.js:234:47\n    at process.processTicksAndRejections (node:internal/process/task_queues:95:5)\n    at async DescribeInstance.<anonymous> (C:\\Users\\User\\Documents\\QA-Automation\\tests\\step_definitions\\api\\FakerJson.js:223:13)","lastError":{"name":"SyntaxError","displayed":true},"errorsPerTest":["Unexpected token 'U', \"UnAuthoriz\"... is not valid JSON"],"timeMs":964,"endTimestamp":"Wed, 21 Aug 2024 09:32:18 GMT"}},"lastError":{"name":"SyntaxError","displayed":true},"errorsPerTest":["Unexpected token 'U', \"UnAuthoriz\"... is not valid JSON"],"timeMs":964,"endTimestamp":"Wed, 21 Aug 2024 09:32:18 GMT"}},"completedSections":{"__global_beforeEach_hook":{"time":"0.001000","assertions":[],"commands":[],"passed":0,"errors":0,"failed":0,"skipped":0,"tests":0,"status":"pass","startTimestamp":1724232731531,"httpOutput":[],"timeMs":1,"endTimestamp":1724232731532},"__before_hook":{"time":"0.000","assertions":[],"commands":[],"passed":0,"errors":0,"failed":0,"skipped":0,"tests":0,"status":"pass","startTimestamp":1724232731533,"httpOutput":[],"timeMs":0,"endTimestamp":1724232731533},"post api test":{"time":"1.452","assertions":[],"commands":[{"name":"assert.ok","args":[],"startTime":1724232732982,"endTime":1724232732984,"elapsedTime":2,"status":"pass","result":{}},{"name":"assert.ok","args":[],"startTime":1724232732985,"endTime":1724232732985,"elapsedTime":0,"status":"pass","result":{}}],"passed":0,"errors":0,"failed":0,"skipped":0,"tests":0,"status":"pass","startTimestamp":1724232731534,"httpOutput":[],"beforeEach":{"time":"0.000","assertions":[],"commands":[],"passed":0,"errors":0,"failed":0,"skipped":0,"tests":0,"status":"pass","startTimestamp":1724232731534,"httpOutput":[],"endTimestamp":1724232731534,"timeMs":0},"testcase":{"time":"1.444","assertions":[],"commands":[],"passed":0,"errors":0,"failed":0,"skipped":0,"tests":0,"status":"pass","startTimestamp":1724232731534,"httpOutput":[],"endTimestamp":1724232732978,"timeMs":1444},"afterEach":{"time":"0.007000","assertions":[],"commands":[{"name":"assert.ok","args":[],"startTime":1724232732982,"endTime":1724232732984,"elapsedTime":2,"status":"pass","result":{}},{"name":"assert.ok","args":[],"startTime":1724232732985,"endTime":1724232732985,"elapsedTime":0,"status":"pass","result":{}}],"passed":0,"errors":0,"failed":0,"skipped":0,"tests":0,"status":"pass","startTimestamp":1724232732978,"httpOutput":[],"endTimestamp":1724232732985,"timeMs":7},"timeMs":1452,"endTimestamp":1724232732986},"post api test after login using fake data":{"time":"4.561","assertions":[],"commands":[{"name":"assert.ok","args":[],"startTime":1724232737546,"endTime":1724232737547,"elapsedTime":1,"status":"pass","result":{}},{"name":"assert.ok","args":[],"startTime":1724232737547,"endTime":1724232737548,"elapsedTime":1,"status":"pass","result":{}}],"passed":0,"errors":0,"failed":0,"skipped":0,"tests":0,"status":"pass","startTimestamp":1724232732987,"httpOutput":[],"beforeEach":{"time":"0.01100","assertions":[],"commands":[],"passed":0,"errors":0,"failed":0,"skipped":0,"tests":0,"status":"pass","startTimestamp":1724232732987,"httpOutput":[],"endTimestamp":1724232732998,"timeMs":11},"testcase":{"time":"4.547","assertions":[],"commands":[],"passed":0,"errors":0,"failed":0,"skipped":0,"tests":0,"status":"pass","startTimestamp":1724232732998,"httpOutput":[],"endTimestamp":1724232737545,"timeMs":4547},"afterEach":{"time":"0.002000","assertions":[],"commands":[{"name":"assert.ok","args":[],"startTime":1724232737546,"endTime":1724232737547,"elapsedTime":1,"status":"pass","result":{}},{"name":"assert.ok","args":[],"startTime":1724232737547,"endTime":1724232737548,"elapsedTime":1,"status":"pass","result":{}}],"passed":0,"errors":0,"failed":0,"skipped":0,"tests":0,"status":"pass","startTimestamp":1724232737546,"httpOutput":[],"endTimestamp":1724232737548,"timeMs":2},"timeMs":4561,"endTimestamp":1724232737548},"GET Reservation OHIP":{"time":"0.9640","assertions":[],"commands":[{"name":"assert.fail","args":[],"startTime":1724232738435,"endTime":1724232738440,"elapsedTime":5,"status":"fail","result":{"message":"expected 200 \"OK\", got 401 \"Unauthorized\"","showDiff":false,"name":"NightwatchAssertError","abortOnFailure":true,"stack":"    at DescribeInstance.<anonymous> (C:\\Users\\User\\Documents\\QA-Automation\\tests\\step_definitions\\api\\FakerJson.js:231:18)"}},{"name":"saveScreenshot","args":["\"C:\\\\Users\\\\User\\\\Documents\\\\QA-Automation\\\\Screenshots\\\\FakerJson\\\\GET-Reservation-OHIP_FAILED_Aug-21-2024-150218-GMT+0530.png\"",null],"startTime":1724232738500,"endTime":1724232738506,"elapsedTime":6,"status":"fail","result":{"status":-1,"name":"TypeError"}}],"passed":0,"errors":0,"failed":0,"skipped":0,"tests":0,"status":"fail","startTimestamp":1724232737549,"httpOutput":[],"beforeEach":{"time":"0.01100","assertions":[],"commands":[],"passed":0,"errors":0,"failed":0,"skipped":0,"tests":0,"status":"pass","startTimestamp":1724232737550,"httpOutput":[],"endTimestamp":1724232737561,"timeMs":11},"testcase":{"time":"0.9460","assertions":[],"commands":[{"name":"assert.fail","args":[],"startTime":1724232738435,"endTime":1724232738440,"elapsedTime":5,"status":"fail","result":{"message":"expected 200 \"OK\", got 401 \"Unauthorized\"","showDiff":false,"name":"NightwatchAssertError","abortOnFailure":true,"stack":"    at DescribeInstance.<anonymous> (C:\\Users\\User\\Documents\\QA-Automation\\tests\\step_definitions\\api\\FakerJson.js:231:18)"}},{"name":"saveScreenshot","args":["\"C:\\\\Users\\\\User\\\\Documents\\\\QA-Automation\\\\Screenshots\\\\FakerJson\\\\GET-Reservation-OHIP_FAILED_Aug-21-2024-150218-GMT+0530.png\"",null],"startTime":1724232738500,"endTime":1724232738506,"elapsedTime":6,"status":"fail","result":{"status":-1,"name":"TypeError"}}],"passed":0,"errors":0,"failed":0,"skipped":0,"tests":0,"status":"pass","startTimestamp":1724232737561,"httpOutput":[],"endTimestamp":1724232738507,"timeMs":946},"afterEach":{"time":"0.006000","assertions":[],"commands":[],"passed":0,"errors":0,"failed":0,"skipped":0,"tests":0,"status":"pass","startTimestamp":1724232738507,"httpOutput":[],"endTimestamp":1724232738513,"timeMs":6},"timeMs":964,"endTimestamp":1724232738513},"__after_hook":{"time":"0.01500","assertions":[],"commands":[],"passed":0,"errors":0,"failed":0,"skipped":0,"tests":0,"status":"fail","startTimestamp":1724232738514,"httpOutput":[],"timeMs":15,"endTimestamp":1724232738529},"__global_afterEach_hook":{"time":"0.000","assertions":[],"commands":[],"passed":0,"errors":0,"failed":0,"skipped":0,"tests":0,"status":"fail","startTimestamp":1724232738529,"httpOutput":[],"timeMs":0,"endTimestamp":1724232738529}},"errmessages":[" \u001b[31m\u001b[1m✖\u001b[22m\u001b[39m \u001b[31m\u001b[1mSyntaxError\u001b[22m\u001b[39m\n   \u001b[31mUnexpected token 'U', \"UnAuthoriz\"... is not valid JSON\u001b[39m\n\u001b[33m\u001b[39m\n\u001b[33m    Error location:\u001b[39m\n    C:\\Users\\User\\Documents\\QA-Automation\\tests\\step_definitions\\api\\FakerJson.js:234\n    –––––––––––––––––––––––––––––––––––––––––––––––––––––––––––––––––––––––––––––––\n     232 |                 .expect('Content-Type', /json/)\n     233 |                 .then(function (response) {\n    \u001b[41m\u001b[37m 234 |                     const responseBody = JSON.parse(response.text); \u001b[39m\u001b[49m\n     235 |                     const reservation = responseBody.reservations.reservation[0];\n     236 |     \n    –––––––––––––––––––––––––––––––––––––––––––––––––––––––––––––––––––––––––––––––\n\n\u001b[33m    Stack Trace :\u001b[39m\n\u001b[90m    at JSON.parse (<anonymous>)\u001b[39m\n\u001b[90m    at C:\\Users\\User\\Documents\\QA-Automation\\tests\\step_definitions\\api\\FakerJson.js:234:47\u001b[39m\n\u001b[90m    at process.processTicksAndRejections (node:internal/process/task_queues:95:5)\u001b[39m\n\u001b[90m    at async DescribeInstance.<anonymous> (C:\\Users\\User\\Documents\\QA-Automation\\tests\\step_definitions\\api\\FakerJson.js:223:13)\u001b[39m\n"],"testsCount":3,"skippedCount":0,"failedCount":1,"errorsCount":1,"passedCount":4,"group":"","modulePath":"C:\\Users\\User\\Documents\\QA-Automation\\tests\\step_definitions\\api\\FakerJson.js","startTimestamp":"Wed, 21 Aug 2024 09:32:11 GMT","endTimestamp":"Wed, 21 Aug 2024 09:32:18 GMT","sessionCapabilities":{"browserName":"chrome","name":"API Auth Token"},"sessionId":"","projectName":"","buildName":"","testEnv":"api_testing","isMobile":false,"status":"fail","host":"localhost","name":"API Auth Token","tags":[],"tests":3,"failures":1,"errors":1,"httpOutput":[],"rawHttpOutput":[],"globalErrorRegister":["   \u001b[31m\u001b[1m✖\u001b[22m\u001b[39m \u001b[31m\u001b[1mSyntaxError\u001b[22m\u001b[39m\n   \u001b[31mUnexpected token 'U', \"UnAuthoriz\"... is not valid JSON\u001b[39m\n\u001b[33m\u001b[39m\n\u001b[33m    Error location:\u001b[39m\n    C:\\Users\\User\\Documents\\QA-Automation\\tests\\step_definitions\\api\\FakerJson.js:234\n    –––––––––––––––––––––––––––––––––––––––––––––––––––––––––––––––––––––––––––––––\n     232 |                 .expect('Content-Type', /json/)\n     233 |                 .then(function (response) {\n    \u001b[41m\u001b[37m 234 |                     const responseBody = JSON.parse(response.text); \u001b[39m\u001b[49m\n     235 |                     const reservation = responseBody.reservations.reservation[0];\n     236 |     \n    –––––––––––––––––––––––––––––––––––––––––––––––––––––––––––––––––––––––––––––––\n\n\u001b[33m    Stack Trace :\u001b[39m\n\u001b[90m    at JSON.parse (<anonymous>)\u001b[39m\n\u001b[90m    at C:\\Users\\User\\Documents\\QA-Automation\\tests\\step_definitions\\api\\FakerJson.js:234:47\u001b[39m\n\u001b[90m    at process.processTicksAndRejections (node:internal/process/task_queues:95:5)\u001b[39m\n\u001b[90m    at async DescribeInstance.<anonymous> (C:\\Users\\User\\Documents\\QA-Automation\\tests\\step_definitions\\api\\FakerJson.js:223:13)\u001b[39m\n"," \u001b[31m\u001b[1m✖\u001b[22m\u001b[39m \u001b[31m\u001b[1mSyntaxError\u001b[22m\u001b[39m\n   \u001b[31mUnexpected token 'U', \"UnAuthoriz\"... is not valid JSON\u001b[39m\n\u001b[33m\u001b[39m\n\u001b[33m    Error location:\u001b[39m\n    C:\\Users\\User\\Documents\\QA-Automation\\tests\\step_definitions\\api\\FakerJson.js:234\n    –––––––––––––––––––––––––––––––––––––––––––––––––––––––––––––––––––––––––––––––\n     232 |                 .expect('Content-Type', /json/)\n     233 |                 .then(function (response) {\n    \u001b[41m\u001b[37m 234 |                     const responseBody = JSON.parse(response.text); \u001b[39m\u001b[49m\n     235 |                     const reservation = responseBody.reservations.reservation[0];\n     236 |     \n    –––––––––––––––––––––––––––––––––––––––––––––––––––––––––––––––––––––––––––––––\n\n\u001b[33m    Stack Trace :\u001b[39m\n\u001b[90m    at JSON.parse (<anonymous>)\u001b[39m\n\u001b[90m    at C:\\Users\\User\\Documents\\QA-Automation\\tests\\step_definitions\\api\\FakerJson.js:234:47\u001b[39m\n\u001b[90m    at process.processTicksAndRejections (node:internal/process/task_queues:95:5)\u001b[39m\n\u001b[90m    at async DescribeInstance.<anonymous> (C:\\Users\\User\\Documents\\QA-Automation\\tests\\step_definitions\\api\\FakerJson.js:223:13)\u001b[39m\n"]}