{"reportPrefix":"","assertionsCount":4,"lastError":{"name":"ReferenceError","displayed":true},"skippedAtRuntime":[],"skippedByUser":[],"skipped":[],"time":"10.60","timeMs":10601,"completed":{"post api test":{"time":"1.608","assertions":[{"name":"NightwatchAssertError","message":"Passed [ok]: .post('/oauth/v1/tokens').expect(200) ok","stackTrace":"","fullMsg":"Passed [ok]: .post('/oauth/v1/tokens').expect(200) ok","failure":false},{"name":"NightwatchAssertError","message":"Passed [ok]: .post('/oauth/v1/tokens').expect('Content-Type', /json/) ok","stackTrace":"","fullMsg":"Passed [ok]: .post('/oauth/v1/tokens').expect('Content-Type', /json/) ok","failure":false}],"commands":[],"passed":2,"errors":0,"failed":0,"skipped":0,"tests":2,"status":"pass","startTimestamp":"Tue, 20 Aug 2024 06:56:43 GMT","httpOutput":[],"steps":[],"stackTrace":"","testcases":{"post api test":{"time":"1.608","assertions":[{"name":"NightwatchAssertError","message":"Passed [ok]: .post('/oauth/v1/tokens').expect(200) ok","stackTrace":"","fullMsg":"Passed [ok]: .post('/oauth/v1/tokens').expect(200) ok","failure":false},{"name":"NightwatchAssertError","message":"Passed [ok]: .post('/oauth/v1/tokens').expect('Content-Type', /json/) ok","stackTrace":"","fullMsg":"Passed [ok]: .post('/oauth/v1/tokens').expect('Content-Type', /json/) ok","failure":false}],"tests":2,"commands":[],"passed":2,"errors":0,"failed":0,"skipped":0,"status":"pass","startTimestamp":"Tue, 20 Aug 2024 06:56:43 GMT","httpOutput":[],"steps":[],"stackTrace":"","timeMs":1608,"endTimestamp":"Tue, 20 Aug 2024 06:56:45 GMT"}},"timeMs":1608,"endTimestamp":"Tue, 20 Aug 2024 06:56:45 GMT"},"post api test after login":{"time":"3.588","assertions":[{"name":"NightwatchAssertError","message":"Passed [ok]: .post('/rsv/v1/hotels/GRVZA/reservations').expect(201) ok","stackTrace":"","fullMsg":"Passed [ok]: .post('/rsv/v1/hotels/GRVZA/reservations').expect(201) ok","failure":false},{"name":"NightwatchAssertError","message":"Passed [ok]: .post('/rsv/v1/hotels/GRVZA/reservations').expect('Content-Type', /json/) ok","stackTrace":"","fullMsg":"Passed [ok]: .post('/rsv/v1/hotels/GRVZA/reservations').expect('Content-Type', /json/) ok","failure":false}],"commands":[],"passed":2,"errors":0,"failed":0,"skipped":0,"tests":2,"status":"pass","startTimestamp":"Tue, 20 Aug 2024 06:56:45 GMT","httpOutput":[],"steps":[],"stackTrace":"","testcases":{"post api test":{"time":"1.608","assertions":[{"name":"NightwatchAssertError","message":"Passed [ok]: .post('/oauth/v1/tokens').expect(200) ok","stackTrace":"","fullMsg":"Passed [ok]: .post('/oauth/v1/tokens').expect(200) ok","failure":false},{"name":"NightwatchAssertError","message":"Passed [ok]: .post('/oauth/v1/tokens').expect('Content-Type', /json/) ok","stackTrace":"","fullMsg":"Passed [ok]: .post('/oauth/v1/tokens').expect('Content-Type', /json/) ok","failure":false}],"tests":2,"commands":[],"passed":2,"errors":0,"failed":0,"skipped":0,"status":"pass","startTimestamp":"Tue, 20 Aug 2024 06:56:43 GMT","httpOutput":[],"steps":[],"stackTrace":"","timeMs":1608,"endTimestamp":"Tue, 20 Aug 2024 06:56:45 GMT"},"post api test after login":{"time":"3.588","assertions":[{"name":"NightwatchAssertError","message":"Passed [ok]: .post('/rsv/v1/hotels/GRVZA/reservations').expect(201) ok","stackTrace":"","fullMsg":"Passed [ok]: .post('/rsv/v1/hotels/GRVZA/reservations').expect(201) ok","failure":false},{"name":"NightwatchAssertError","message":"Passed [ok]: .post('/rsv/v1/hotels/GRVZA/reservations').expect('Content-Type', /json/) ok","stackTrace":"","fullMsg":"Passed [ok]: .post('/rsv/v1/hotels/GRVZA/reservations').expect('Content-Type', /json/) ok","failure":false}],"tests":2,"commands":[],"passed":2,"errors":0,"failed":0,"skipped":0,"status":"pass","startTimestamp":"Tue, 20 Aug 2024 06:56:45 GMT","httpOutput":[],"steps":[],"stackTrace":"","timeMs":3588,"endTimestamp":"Tue, 20 Aug 2024 06:56:48 GMT"}},"timeMs":3588,"endTimestamp":"Tue, 20 Aug 2024 06:56:48 GMT"},"GET Reservation OHIP":{"time":"0.1030","assertions":[],"commands":[],"passed":0,"errors":1,"failed":0,"skipped":0,"tests":0,"status":"fail","startTimestamp":"Tue, 20 Aug 2024 06:56:48 GMT","httpOutput":[],"steps":[],"stackTrace":"ReferenceError: row is not defined\n    at DescribeInstance.<anonymous> (C:\\Users\\User\\Documents\\QA-Automation\\tests\\step_definitions\\api\\New.js:210:27)\n    at Context.call (C:\\Users\\User\\Documents\\QA-Automation\\node_modules\\nightwatch\\lib\\testsuite\\context.js:515:35)\n    at TestCase.run (C:\\Users\\User\\Documents\\QA-Automation\\node_modules\\nightwatch\\lib\\testsuite\\testcase.js:58:31)\n    at Runnable.__runFn (C:\\Users\\User\\Documents\\QA-Automation\\node_modules\\nightwatch\\lib\\testsuite\\index.js:839:80)\n    at Runnable.run (C:\\Users\\User\\Documents\\QA-Automation\\node_modules\\nightwatch\\lib\\testsuite\\runnable.js:126:21)\n    at TestSuite.executeRunnable (C:\\Users\\User\\Documents\\QA-Automation\\node_modules\\nightwatch\\lib\\testsuite\\index.js:1000:49)\n    at TestSuite.handleRunnable (C:\\Users\\User\\Documents\\QA-Automation\\node_modules\\nightwatch\\lib\\testsuite\\index.js:1015:33)\n    at C:\\Users\\User\\Documents\\QA-Automation\\node_modules\\nightwatch\\lib\\testsuite\\index.js:839:21\n    at runNextTicks (node:internal/process/task_queues:60:5)\n    at process.processTimers (node:internal/timers:511:9)","testcases":{"post api test":{"time":"1.608","assertions":[{"name":"NightwatchAssertError","message":"Passed [ok]: .post('/oauth/v1/tokens').expect(200) ok","stackTrace":"","fullMsg":"Passed [ok]: .post('/oauth/v1/tokens').expect(200) ok","failure":false},{"name":"NightwatchAssertError","message":"Passed [ok]: .post('/oauth/v1/tokens').expect('Content-Type', /json/) ok","stackTrace":"","fullMsg":"Passed [ok]: .post('/oauth/v1/tokens').expect('Content-Type', /json/) ok","failure":false}],"tests":2,"commands":[],"passed":2,"errors":0,"failed":0,"skipped":0,"status":"pass","startTimestamp":"Tue, 20 Aug 2024 06:56:43 GMT","httpOutput":[],"steps":[],"stackTrace":"","timeMs":1608,"endTimestamp":"Tue, 20 Aug 2024 06:56:45 GMT"},"post api test after login":{"time":"3.588","assertions":[{"name":"NightwatchAssertError","message":"Passed [ok]: .post('/rsv/v1/hotels/GRVZA/reservations').expect(201) ok","stackTrace":"","fullMsg":"Passed [ok]: .post('/rsv/v1/hotels/GRVZA/reservations').expect(201) ok","failure":false},{"name":"NightwatchAssertError","message":"Passed [ok]: .post('/rsv/v1/hotels/GRVZA/reservations').expect('Content-Type', /json/) ok","stackTrace":"","fullMsg":"Passed [ok]: .post('/rsv/v1/hotels/GRVZA/reservations').expect('Content-Type', /json/) ok","failure":false}],"tests":2,"commands":[],"passed":2,"errors":0,"failed":0,"skipped":0,"status":"pass","startTimestamp":"Tue, 20 Aug 2024 06:56:45 GMT","httpOutput":[],"steps":[],"stackTrace":"","timeMs":3588,"endTimestamp":"Tue, 20 Aug 2024 06:56:48 GMT"},"GET Reservation OHIP":{"time":"0.1030","assertions":[],"tests":0,"commands":[],"passed":0,"errors":1,"failed":0,"skipped":0,"status":"fail","startTimestamp":"Tue, 20 Aug 2024 06:56:48 GMT","httpOutput":[],"steps":[],"stackTrace":"ReferenceError: row is not defined\n    at DescribeInstance.<anonymous> (C:\\Users\\User\\Documents\\QA-Automation\\tests\\step_definitions\\api\\New.js:210:27)\n    at Context.call (C:\\Users\\User\\Documents\\QA-Automation\\node_modules\\nightwatch\\lib\\testsuite\\context.js:515:35)\n    at TestCase.run (C:\\Users\\User\\Documents\\QA-Automation\\node_modules\\nightwatch\\lib\\testsuite\\testcase.js:58:31)\n    at Runnable.__runFn (C:\\Users\\User\\Documents\\QA-Automation\\node_modules\\nightwatch\\lib\\testsuite\\index.js:839:80)\n    at Runnable.run (C:\\Users\\User\\Documents\\QA-Automation\\node_modules\\nightwatch\\lib\\testsuite\\runnable.js:126:21)\n    at TestSuite.executeRunnable (C:\\Users\\User\\Documents\\QA-Automation\\node_modules\\nightwatch\\lib\\testsuite\\index.js:1000:49)\n    at TestSuite.handleRunnable (C:\\Users\\User\\Documents\\QA-Automation\\node_modules\\nightwatch\\lib\\testsuite\\index.js:1015:33)\n    at C:\\Users\\User\\Documents\\QA-Automation\\node_modules\\nightwatch\\lib\\testsuite\\index.js:839:21\n    at runNextTicks (node:internal/process/task_queues:60:5)\n    at process.processTimers (node:internal/timers:511:9)","lastError":{"name":"ReferenceError","displayed":true},"errorsPerTest":["row is not defined"],"timeMs":103,"endTimestamp":"Tue, 20 Aug 2024 06:56:48 GMT"}},"lastError":{"name":"ReferenceError","displayed":true},"errorsPerTest":["row is not defined"],"timeMs":103,"endTimestamp":"Tue, 20 Aug 2024 06:56:48 GMT"}},"completedSections":{"__global_beforeEach_hook":{"time":"0.002000","assertions":[],"commands":[],"passed":0,"errors":0,"failed":0,"skipped":0,"tests":0,"status":"pass","startTimestamp":1724137003500,"httpOutput":[],"timeMs":2,"endTimestamp":1724137003502},"__before_hook":{"time":"0.000","assertions":[],"commands":[],"passed":0,"errors":0,"failed":0,"skipped":0,"tests":0,"status":"pass","startTimestamp":1724137003502,"httpOutput":[],"timeMs":0,"endTimestamp":1724137003502},"post api test":{"time":"1.609","assertions":[],"commands":[{"name":"assert.ok","args":[],"startTime":1724137005109,"endTime":1724137005111,"elapsedTime":2,"status":"pass","result":{}},{"name":"assert.ok","args":[],"startTime":1724137005111,"endTime":1724137005112,"elapsedTime":1,"status":"pass","result":{}}],"passed":0,"errors":0,"failed":0,"skipped":0,"tests":0,"status":"pass","startTimestamp":1724137003504,"httpOutput":[],"beforeEach":{"time":"0.000","assertions":[],"commands":[],"passed":0,"errors":0,"failed":0,"skipped":0,"tests":0,"status":"pass","startTimestamp":1724137003505,"httpOutput":[],"endTimestamp":1724137003505,"timeMs":0},"testcase":{"time":"1.603","assertions":[],"commands":[],"passed":0,"errors":0,"failed":0,"skipped":0,"tests":0,"status":"pass","startTimestamp":1724137003505,"httpOutput":[],"endTimestamp":1724137005108,"timeMs":1603},"afterEach":{"time":"0.004000","assertions":[],"commands":[{"name":"assert.ok","args":[],"startTime":1724137005109,"endTime":1724137005111,"elapsedTime":2,"status":"pass","result":{}},{"name":"assert.ok","args":[],"startTime":1724137005111,"endTime":1724137005112,"elapsedTime":1,"status":"pass","result":{}}],"passed":0,"errors":0,"failed":0,"skipped":0,"tests":0,"status":"pass","startTimestamp":1724137005108,"httpOutput":[],"endTimestamp":1724137005112,"timeMs":4},"timeMs":1609,"endTimestamp":1724137005113},"post api test after login":{"time":"3.588","assertions":[],"commands":[{"name":"assert.ok","args":[],"startTime":1724137008699,"endTime":1724137008701,"elapsedTime":2,"status":"pass","result":{}},{"name":"assert.ok","args":[],"startTime":1724137008701,"endTime":1724137008702,"elapsedTime":1,"status":"pass","result":{}}],"passed":0,"errors":0,"failed":0,"skipped":0,"tests":0,"status":"pass","startTimestamp":1724137005115,"httpOutput":[],"beforeEach":{"time":"0.01100","assertions":[],"commands":[],"passed":0,"errors":0,"failed":0,"skipped":0,"tests":0,"status":"pass","startTimestamp":1724137005115,"httpOutput":[],"endTimestamp":1724137005126,"timeMs":11},"testcase":{"time":"3.568","assertions":[],"commands":[],"passed":0,"errors":0,"failed":0,"skipped":0,"tests":0,"status":"pass","startTimestamp":1724137005126,"httpOutput":[],"endTimestamp":1724137008694,"timeMs":3568},"afterEach":{"time":"0.009000","assertions":[],"commands":[{"name":"assert.ok","args":[],"startTime":1724137008699,"endTime":1724137008701,"elapsedTime":2,"status":"pass","result":{}},{"name":"assert.ok","args":[],"startTime":1724137008701,"endTime":1724137008702,"elapsedTime":1,"status":"pass","result":{}}],"passed":0,"errors":0,"failed":0,"skipped":0,"tests":0,"status":"pass","startTimestamp":1724137008694,"httpOutput":[],"endTimestamp":1724137008703,"timeMs":9},"timeMs":3588,"endTimestamp":1724137008703},"GET Reservation OHIP":{"time":"0.1030","assertions":[],"commands":[{"name":"saveScreenshot","args":["\"C:\\\\Users\\\\User\\\\Documents\\\\QA-Automation\\\\Screenshots\\\\New\\\\GET-Reservation-OHIP_FAILED_Aug-20-2024-122648-GMT+0530.png\"",null],"startTime":1724137008787,"endTime":1724137008804,"elapsedTime":17,"status":"fail","result":{"status":-1,"name":"TypeError"}}],"passed":0,"errors":0,"failed":0,"skipped":0,"tests":0,"status":"fail","startTimestamp":1724137008706,"httpOutput":[],"beforeEach":{"time":"0.01300","assertions":[],"commands":[],"passed":0,"errors":0,"failed":0,"skipped":0,"tests":0,"status":"pass","startTimestamp":1724137008706,"httpOutput":[],"endTimestamp":1724137008719,"timeMs":13},"testcase":{"time":"0.08500","assertions":[],"commands":[{"name":"saveScreenshot","args":["\"C:\\\\Users\\\\User\\\\Documents\\\\QA-Automation\\\\Screenshots\\\\New\\\\GET-Reservation-OHIP_FAILED_Aug-20-2024-122648-GMT+0530.png\"",null],"startTime":1724137008787,"endTime":1724137008804,"elapsedTime":17,"status":"fail","result":{"status":-1,"name":"TypeError"}}],"passed":0,"errors":0,"failed":0,"skipped":0,"tests":0,"status":"pass","startTimestamp":1724137008719,"httpOutput":[],"endTimestamp":1724137008804,"timeMs":85},"afterEach":{"time":"0.004000","assertions":[],"commands":[],"passed":0,"errors":0,"failed":0,"skipped":0,"tests":0,"status":"pass","startTimestamp":1724137008805,"httpOutput":[],"endTimestamp":1724137008809,"timeMs":4},"timeMs":103,"endTimestamp":1724137008809},"__after_hook":{"time":"0.000","assertions":[],"commands":[],"passed":0,"errors":0,"failed":0,"skipped":0,"tests":0,"status":"fail","startTimestamp":1724137008812,"httpOutput":[],"timeMs":0,"endTimestamp":1724137008812},"__global_afterEach_hook":{"time":"0.000","assertions":[],"commands":[],"passed":0,"errors":0,"failed":0,"skipped":0,"tests":0,"status":"fail","startTimestamp":1724137008813,"httpOutput":[],"timeMs":0,"endTimestamp":1724137008813}},"errmessages":[" \u001b[31m\u001b[1m✖\u001b[22m\u001b[39m \u001b[31m\u001b[1mReferenceError\u001b[22m\u001b[39m\n   \u001b[31mrow is not defined\u001b[39m\n\u001b[33m\u001b[39m\n\u001b[33m    Error location:\u001b[39m\n    C:\\Users\\User\\Documents\\QA-Automation\\tests\\step_definitions\\api\\New.js:210\n    –––––––––––––––––––––––––––––––––––––––––––––––––––––––––––––––––––––––––\n     208 |     throw new Error(\"Reservation data is missing in testData.\");\n     209 |   }\n    \u001b[41m\u001b[37m 210 |   console.log('Request:', row.request); // Debugging line \u001b[39m\u001b[49m\n     211 |   console.log('GetendPath:', row.Getendpath); // Debugging line\n     212 |   await supertest\n    –––––––––––––––––––––––––––––––––––––––––––––––––––––––––––––––––––––––––\n\n\u001b[33m    Stack Trace :\u001b[39m\n\u001b[90m    at DescribeInstance.<anonymous> (C:\\Users\\User\\Documents\\QA-Automation\\tests\\step_definitions\\api\\New.js:210:27)\u001b[39m\n\u001b[90m    at Context.call (C:\\Users\\User\\Documents\\QA-Automation\\node_modules\\nightwatch\\lib\\testsuite\\context.js:515:35)\u001b[39m\n\u001b[90m    at TestCase.run (C:\\Users\\User\\Documents\\QA-Automation\\node_modules\\nightwatch\\lib\\testsuite\\testcase.js:58:31)\u001b[39m\n\u001b[90m    at Runnable.__runFn (C:\\Users\\User\\Documents\\QA-Automation\\node_modules\\nightwatch\\lib\\testsuite\\index.js:839:80)\u001b[39m\n\u001b[90m    at Runnable.run (C:\\Users\\User\\Documents\\QA-Automation\\node_modules\\nightwatch\\lib\\testsuite\\runnable.js:126:21)\u001b[39m\n\u001b[90m    at TestSuite.executeRunnable (C:\\Users\\User\\Documents\\QA-Automation\\node_modules\\nightwatch\\lib\\testsuite\\index.js:1000:49)\u001b[39m\n\u001b[90m    at TestSuite.handleRunnable (C:\\Users\\User\\Documents\\QA-Automation\\node_modules\\nightwatch\\lib\\testsuite\\index.js:1015:33)\u001b[39m\n\u001b[90m    at C:\\Users\\User\\Documents\\QA-Automation\\node_modules\\nightwatch\\lib\\testsuite\\index.js:839:21\u001b[39m\n\u001b[90m    at runNextTicks (node:internal/process/task_queues:60:5)\u001b[39m\n\u001b[90m    at process.processTimers (node:internal/timers:511:9)\u001b[39m\n"],"testsCount":3,"skippedCount":0,"failedCount":0,"errorsCount":1,"passedCount":4,"group":"","modulePath":"C:\\Users\\User\\Documents\\QA-Automation\\tests\\step_definitions\\api\\New.js","startTimestamp":"Tue, 20 Aug 2024 06:56:43 GMT","endTimestamp":"Tue, 20 Aug 2024 06:56:48 GMT","sessionCapabilities":{"browserName":"chrome","name":"API Auth Token"},"sessionId":"","projectName":"","buildName":"","testEnv":"api_testing","isMobile":false,"status":"fail","host":"localhost","name":"API Auth Token","tags":[],"tests":3,"failures":0,"errors":1,"httpOutput":[],"rawHttpOutput":[],"globalErrorRegister":["   \u001b[31m\u001b[1m✖\u001b[22m\u001b[39m \u001b[31m\u001b[1mReferenceError\u001b[22m\u001b[39m\n   \u001b[31mrow is not defined\u001b[39m\n\u001b[33m\u001b[39m\n\u001b[33m    Error location:\u001b[39m\n    C:\\Users\\User\\Documents\\QA-Automation\\tests\\step_definitions\\api\\New.js:210\n    –––––––––––––––––––––––––––––––––––––––––––––––––––––––––––––––––––––––––\n     208 |     throw new Error(\"Reservation data is missing in testData.\");\n     209 |   }\n    \u001b[41m\u001b[37m 210 |   console.log('Request:', row.request); // Debugging line \u001b[39m\u001b[49m\n     211 |   console.log('GetendPath:', row.Getendpath); // Debugging line\n     212 |   await supertest\n    –––––––––––––––––––––––––––––––––––––––––––––––––––––––––––––––––––––––––\n\n\u001b[33m    Stack Trace :\u001b[39m\n\u001b[90m    at DescribeInstance.<anonymous> (C:\\Users\\User\\Documents\\QA-Automation\\tests\\step_definitions\\api\\New.js:210:27)\u001b[39m\n\u001b[90m    at Context.call (C:\\Users\\User\\Documents\\QA-Automation\\node_modules\\nightwatch\\lib\\testsuite\\context.js:515:35)\u001b[39m\n\u001b[90m    at TestCase.run (C:\\Users\\User\\Documents\\QA-Automation\\node_modules\\nightwatch\\lib\\testsuite\\testcase.js:58:31)\u001b[39m\n\u001b[90m    at Runnable.__runFn (C:\\Users\\User\\Documents\\QA-Automation\\node_modules\\nightwatch\\lib\\testsuite\\index.js:839:80)\u001b[39m\n\u001b[90m    at Runnable.run (C:\\Users\\User\\Documents\\QA-Automation\\node_modules\\nightwatch\\lib\\testsuite\\runnable.js:126:21)\u001b[39m\n\u001b[90m    at TestSuite.executeRunnable (C:\\Users\\User\\Documents\\QA-Automation\\node_modules\\nightwatch\\lib\\testsuite\\index.js:1000:49)\u001b[39m\n\u001b[90m    at TestSuite.handleRunnable (C:\\Users\\User\\Documents\\QA-Automation\\node_modules\\nightwatch\\lib\\testsuite\\index.js:1015:33)\u001b[39m\n\u001b[90m    at C:\\Users\\User\\Documents\\QA-Automation\\node_modules\\nightwatch\\lib\\testsuite\\index.js:839:21\u001b[39m\n\u001b[90m    at runNextTicks (node:internal/process/task_queues:60:5)\u001b[39m\n\u001b[90m    at process.processTimers (node:internal/timers:511:9)\u001b[39m\n"," \u001b[31m\u001b[1m✖\u001b[22m\u001b[39m \u001b[31m\u001b[1mReferenceError\u001b[22m\u001b[39m\n   \u001b[31mrow is not defined\u001b[39m\n\u001b[33m\u001b[39m\n\u001b[33m    Error location:\u001b[39m\n    C:\\Users\\User\\Documents\\QA-Automation\\tests\\step_definitions\\api\\New.js:210\n    –––––––––––––––––––––––––––––––––––––––––––––––––––––––––––––––––––––––––\n     208 |     throw new Error(\"Reservation data is missing in testData.\");\n     209 |   }\n    \u001b[41m\u001b[37m 210 |   console.log('Request:', row.request); // Debugging line \u001b[39m\u001b[49m\n     211 |   console.log('GetendPath:', row.Getendpath); // Debugging line\n     212 |   await supertest\n    –––––––––––––––––––––––––––––––––––––––––––––––––––––––––––––––––––––––––\n\n\u001b[33m    Stack Trace :\u001b[39m\n\u001b[90m    at DescribeInstance.<anonymous> (C:\\Users\\User\\Documents\\QA-Automation\\tests\\step_definitions\\api\\New.js:210:27)\u001b[39m\n\u001b[90m    at Context.call (C:\\Users\\User\\Documents\\QA-Automation\\node_modules\\nightwatch\\lib\\testsuite\\context.js:515:35)\u001b[39m\n\u001b[90m    at TestCase.run (C:\\Users\\User\\Documents\\QA-Automation\\node_modules\\nightwatch\\lib\\testsuite\\testcase.js:58:31)\u001b[39m\n\u001b[90m    at Runnable.__runFn (C:\\Users\\User\\Documents\\QA-Automation\\node_modules\\nightwatch\\lib\\testsuite\\index.js:839:80)\u001b[39m\n\u001b[90m    at Runnable.run (C:\\Users\\User\\Documents\\QA-Automation\\node_modules\\nightwatch\\lib\\testsuite\\runnable.js:126:21)\u001b[39m\n\u001b[90m    at TestSuite.executeRunnable (C:\\Users\\User\\Documents\\QA-Automation\\node_modules\\nightwatch\\lib\\testsuite\\index.js:1000:49)\u001b[39m\n\u001b[90m    at TestSuite.handleRunnable (C:\\Users\\User\\Documents\\QA-Automation\\node_modules\\nightwatch\\lib\\testsuite\\index.js:1015:33)\u001b[39m\n\u001b[90m    at C:\\Users\\User\\Documents\\QA-Automation\\node_modules\\nightwatch\\lib\\testsuite\\index.js:839:21\u001b[39m\n\u001b[90m    at runNextTicks (node:internal/process/task_queues:60:5)\u001b[39m\n\u001b[90m    at process.processTimers (node:internal/timers:511:9)\u001b[39m\n"]}