{"reportPrefix":"","assertionsCount":4,"lastError":{"name":"TypeError","displayed":true},"skippedAtRuntime":["GET Reservation OHIP"],"skippedByUser":[],"skipped":["GET Reservation OHIP"],"time":"18.22","timeMs":18219,"completed":{"AuthToken1 ":{"time":"1.791","assertions":[{"name":"NightwatchAssertError","message":"Passed [ok]: .post('/oauth/v1/tokens').expect(200) ok","stackTrace":"","fullMsg":"Passed [ok]: .post('/oauth/v1/tokens').expect(200) ok","failure":false},{"name":"NightwatchAssertError","message":"Passed [ok]: .post('/oauth/v1/tokens').expect('Content-Type', /json/) ok","stackTrace":"","fullMsg":"Passed [ok]: .post('/oauth/v1/tokens').expect('Content-Type', /json/) ok","failure":false}],"commands":[],"passed":2,"errors":0,"failed":0,"skipped":0,"tests":2,"status":"pass","startTimestamp":"Tue, 06 Aug 2024 07:06:41 GMT","httpOutput":[],"steps":["GET Reservation OHIP"],"stackTrace":"","testcases":{"AuthToken1 ":{"time":"1.791","assertions":[{"name":"NightwatchAssertError","message":"Passed [ok]: .post('/oauth/v1/tokens').expect(200) ok","stackTrace":"","fullMsg":"Passed [ok]: .post('/oauth/v1/tokens').expect(200) ok","failure":false},{"name":"NightwatchAssertError","message":"Passed [ok]: .post('/oauth/v1/tokens').expect('Content-Type', /json/) ok","stackTrace":"","fullMsg":"Passed [ok]: .post('/oauth/v1/tokens').expect('Content-Type', /json/) ok","failure":false}],"tests":2,"commands":[],"passed":2,"errors":0,"failed":0,"skipped":0,"status":"pass","startTimestamp":"Tue, 06 Aug 2024 07:06:41 GMT","httpOutput":[],"steps":["GET Reservation OHIP"],"stackTrace":"","timeMs":1791,"endTimestamp":"Tue, 06 Aug 2024 07:06:43 GMT"}},"timeMs":1791,"endTimestamp":"Tue, 06 Aug 2024 07:06:43 GMT"}," POST Create Reservation":{"time":"7.310","assertions":[{"name":"NightwatchAssertError","message":"expected 201 \"Created\", got 403 \"Forbidden\"","stackTrace":"    at DescribeInstance.<anonymous> (C:\\Users\\User\\Documents\\QA-Automation\\tests\\step_definitions\\api\\GRVZZ2night.js:368:10)","fullMsg":"expected 201 \"Created\", got 403 \"Forbidden\"","failure":true},{"name":"TypeError","message":"Cannot read properties of undefined (reading 'split')","stackTrace":"TypeError: Cannot read properties of undefined (reading 'split')\n    at C:\\Users\\User\\Documents\\QA-Automation\\tests\\step_definitions\\api\\GRVZZ2night.js:375:43\n    at process.processTicksAndRejections (node:internal/process/task_queues:95:5)\n    at async DescribeInstance.<anonymous> (C:\\Users\\User\\Documents\\QA-Automation\\tests\\step_definitions\\api\\GRVZZ2night.js:113:7)","fullMsg":"Cannot read properties of undefined (reading 'split')","failure":"expected \"undefined\" but got: \"undefined\""}],"commands":[],"passed":0,"errors":0,"failed":2,"skipped":0,"tests":2,"status":"fail","startTimestamp":"Tue, 06 Aug 2024 07:06:43 GMT","httpOutput":[],"steps":["GET Reservation OHIP"],"stackTrace":"TypeError: Cannot read properties of undefined (reading 'split')\n    at C:\\Users\\User\\Documents\\QA-Automation\\tests\\step_definitions\\api\\GRVZZ2night.js:375:43\n    at process.processTicksAndRejections (node:internal/process/task_queues:95:5)\n    at async DescribeInstance.<anonymous> (C:\\Users\\User\\Documents\\QA-Automation\\tests\\step_definitions\\api\\GRVZZ2night.js:113:7)","testcases":{"AuthToken1 ":{"time":"1.791","assertions":[{"name":"NightwatchAssertError","message":"Passed [ok]: .post('/oauth/v1/tokens').expect(200) ok","stackTrace":"","fullMsg":"Passed [ok]: .post('/oauth/v1/tokens').expect(200) ok","failure":false},{"name":"NightwatchAssertError","message":"Passed [ok]: .post('/oauth/v1/tokens').expect('Content-Type', /json/) ok","stackTrace":"","fullMsg":"Passed [ok]: .post('/oauth/v1/tokens').expect('Content-Type', /json/) ok","failure":false}],"tests":2,"commands":[],"passed":2,"errors":0,"failed":0,"skipped":0,"status":"pass","startTimestamp":"Tue, 06 Aug 2024 07:06:41 GMT","httpOutput":[],"steps":["GET Reservation OHIP"],"stackTrace":"","timeMs":1791,"endTimestamp":"Tue, 06 Aug 2024 07:06:43 GMT"}," POST Create Reservation":{"time":"7.310","assertions":[{"name":"NightwatchAssertError","message":"expected 201 \"Created\", got 403 \"Forbidden\"","stackTrace":"    at DescribeInstance.<anonymous> (C:\\Users\\User\\Documents\\QA-Automation\\tests\\step_definitions\\api\\GRVZZ2night.js:368:10)","fullMsg":"expected 201 \"Created\", got 403 \"Forbidden\"","failure":true},{"name":"TypeError","message":"Cannot read properties of undefined (reading 'split')","stackTrace":"TypeError: Cannot read properties of undefined (reading 'split')\n    at C:\\Users\\User\\Documents\\QA-Automation\\tests\\step_definitions\\api\\GRVZZ2night.js:375:43\n    at process.processTicksAndRejections (node:internal/process/task_queues:95:5)\n    at async DescribeInstance.<anonymous> (C:\\Users\\User\\Documents\\QA-Automation\\tests\\step_definitions\\api\\GRVZZ2night.js:113:7)","fullMsg":"Cannot read properties of undefined (reading 'split')","failure":"expected \"undefined\" but got: \"undefined\""}],"tests":2,"commands":[],"passed":0,"errors":0,"failed":2,"skipped":0,"status":"fail","startTimestamp":"Tue, 06 Aug 2024 07:06:43 GMT","httpOutput":[],"steps":["GET Reservation OHIP"],"stackTrace":"TypeError: Cannot read properties of undefined (reading 'split')\n    at C:\\Users\\User\\Documents\\QA-Automation\\tests\\step_definitions\\api\\GRVZZ2night.js:375:43\n    at process.processTicksAndRejections (node:internal/process/task_queues:95:5)\n    at async DescribeInstance.<anonymous> (C:\\Users\\User\\Documents\\QA-Automation\\tests\\step_definitions\\api\\GRVZZ2night.js:113:7)","lastError":{"name":"TypeError","displayed":true},"timeMs":7310,"endTimestamp":"Tue, 06 Aug 2024 07:06:50 GMT"}},"lastError":{"name":"TypeError","displayed":true},"timeMs":7310,"endTimestamp":"Tue, 06 Aug 2024 07:06:50 GMT"}},"completedSections":{"__global_beforeEach_hook":{"time":"0.001000","assertions":[],"commands":[],"passed":0,"errors":0,"failed":0,"skipped":0,"tests":0,"status":"pass","startTimestamp":1722928001792,"httpOutput":[],"timeMs":1,"endTimestamp":1722928001793},"__before_hook":{"time":"0.001000","assertions":[],"commands":[],"passed":0,"errors":0,"failed":0,"skipped":0,"tests":0,"status":"pass","startTimestamp":1722928001793,"httpOutput":[],"timeMs":1,"endTimestamp":1722928001794},"AuthToken1 ":{"time":"1.792","assertions":[],"commands":[{"name":"assert.ok","args":[],"startTime":1722928003579,"endTime":1722928003582,"elapsedTime":3,"status":"pass","result":{}},{"name":"assert.ok","args":[],"startTime":1722928003584,"endTime":1722928003584,"elapsedTime":0,"status":"pass","result":{}}],"passed":0,"errors":0,"failed":0,"skipped":0,"tests":0,"status":"pass","startTimestamp":1722928001794,"httpOutput":[],"beforeEach":{"time":"0.001000","assertions":[],"commands":[],"passed":0,"errors":0,"failed":0,"skipped":0,"tests":0,"status":"pass","startTimestamp":1722928001794,"httpOutput":[],"endTimestamp":1722928001795,"timeMs":1},"testcase":{"time":"1.776","assertions":[],"commands":[],"passed":0,"errors":0,"failed":0,"skipped":0,"tests":0,"status":"pass","startTimestamp":1722928001795,"httpOutput":[],"endTimestamp":1722928003571,"timeMs":1776},"afterEach":{"time":"0.01400","assertions":[],"commands":[{"name":"assert.ok","args":[],"startTime":1722928003579,"endTime":1722928003582,"elapsedTime":3,"status":"pass","result":{}},{"name":"assert.ok","args":[],"startTime":1722928003584,"endTime":1722928003584,"elapsedTime":0,"status":"pass","result":{}}],"passed":0,"errors":0,"failed":0,"skipped":0,"tests":0,"status":"pass","startTimestamp":1722928003571,"httpOutput":[],"endTimestamp":1722928003585,"timeMs":14},"timeMs":1792,"endTimestamp":1722928003586}," POST Create Reservation":{"time":"7.311","assertions":[],"commands":[{"name":"assert.fail","args":[],"startTime":1722928010795,"endTime":1722928010801,"elapsedTime":6,"status":"fail","result":{"message":"expected 201 \"Created\", got 403 \"Forbidden\"","showDiff":false,"name":"NightwatchAssertError","abortOnFailure":true,"stack":"    at DescribeInstance.<anonymous> (C:\\Users\\User\\Documents\\QA-Automation\\tests\\step_definitions\\api\\GRVZZ2night.js:368:10)"}},{"name":"saveScreenshot","args":["\"C:\\\\Users\\\\User\\\\Documents\\\\QA-Automation\\\\Screenshots\\\\GRVZZ2night\\\\-POST-Create-Reservation_FAILED_Aug-06-2024-123650-GMT+0530.png\"",null],"startTime":1722928010867,"endTime":1722928010894,"elapsedTime":27,"status":"fail","result":{"status":-1,"name":"TypeError"}}],"passed":0,"errors":0,"failed":0,"skipped":0,"tests":0,"status":"fail","startTimestamp":1722928003589,"httpOutput":[],"beforeEach":{"time":"0.005000","assertions":[],"commands":[],"passed":0,"errors":0,"failed":0,"skipped":0,"tests":0,"status":"pass","startTimestamp":1722928003590,"httpOutput":[],"endTimestamp":1722928003595,"timeMs":5},"testcase":{"time":"7.300","assertions":[],"commands":[{"name":"assert.fail","args":[],"startTime":1722928010795,"endTime":1722928010801,"elapsedTime":6,"status":"fail","result":{"message":"expected 201 \"Created\", got 403 \"Forbidden\"","showDiff":false,"name":"NightwatchAssertError","abortOnFailure":true,"stack":"    at DescribeInstance.<anonymous> (C:\\Users\\User\\Documents\\QA-Automation\\tests\\step_definitions\\api\\GRVZZ2night.js:368:10)"}},{"name":"saveScreenshot","args":["\"C:\\\\Users\\\\User\\\\Documents\\\\QA-Automation\\\\Screenshots\\\\GRVZZ2night\\\\-POST-Create-Reservation_FAILED_Aug-06-2024-123650-GMT+0530.png\"",null],"startTime":1722928010867,"endTime":1722928010894,"elapsedTime":27,"status":"fail","result":{"status":-1,"name":"TypeError"}}],"passed":0,"errors":0,"failed":0,"skipped":0,"tests":0,"status":"pass","startTimestamp":1722928003595,"httpOutput":[],"endTimestamp":1722928010895,"timeMs":7300},"afterEach":{"time":"0.004000","assertions":[],"commands":[],"passed":0,"errors":0,"failed":0,"skipped":0,"tests":0,"status":"pass","startTimestamp":1722928010895,"httpOutput":[],"endTimestamp":1722928010899,"timeMs":4},"timeMs":7311,"endTimestamp":1722928010900},"__after_hook":{"time":"0.01300","assertions":[],"commands":[],"passed":0,"errors":0,"failed":0,"skipped":0,"tests":0,"status":"fail","startTimestamp":1722928010902,"httpOutput":[],"timeMs":13,"endTimestamp":1722928010915},"__global_afterEach_hook":{"time":"0.000","assertions":[],"commands":[],"passed":0,"errors":0,"failed":0,"skipped":0,"tests":0,"status":"fail","startTimestamp":1722928010916,"httpOutput":[],"timeMs":0,"endTimestamp":1722928010916}},"errmessages":[],"testsCount":2,"skippedCount":1,"failedCount":2,"errorsCount":0,"passedCount":2,"group":"","modulePath":"C:\\Users\\User\\Documents\\QA-Automation\\tests\\step_definitions\\api\\GRVZZ2night.js","startTimestamp":"Tue, 06 Aug 2024 07:06:41 GMT","endTimestamp":"Tue, 06 Aug 2024 07:06:50 GMT","sessionCapabilities":{"browserName":"chrome","name":"api Authu Token"},"sessionId":"","projectName":"","buildName":"","testEnv":"api_testing","isMobile":false,"status":"fail","host":"localhost","name":"api Authu Token","tags":[],"tests":2,"failures":2,"errors":0,"httpOutput":[],"rawHttpOutput":[],"globalErrorRegister":["   \u001b[31m\u001b[1m✖\u001b[22m\u001b[39m \u001b[31m\u001b[1mTypeError\u001b[22m\u001b[39m\n   \u001b[31mCannot read properties of undefined (reading 'split')\u001b[39m\n\u001b[33m\u001b[39m\n\u001b[33m    Error location:\u001b[39m\n    C:\\Users\\User\\Documents\\QA-Automation\\tests\\step_definitions\\api\\GRVZZ2night.js:375\n    –––––––––––––––––––––––––––––––––––––––––––––––––––––––––––––––––––––––––––––––––\n     373 |           console.log(\"Location Header: \", locationHeader);\n     374 | \n    \u001b[41m\u001b[37m 375 |           const urlParts = locationHeader.split(\"/\"); \u001b[39m\u001b[49m\n     376 |           reservationId = urlParts[urlParts.length - 1];\n     377 |           console.log(\"Reservation ID: \", reservationId);\n    –––––––––––––––––––––––––––––––––––––––––––––––––––––––––––––––––––––––––––––––––\n\n\u001b[33m    Stack Trace :\u001b[39m\n\u001b[90m    at C:\\Users\\User\\Documents\\QA-Automation\\tests\\step_definitions\\api\\GRVZZ2night.js:375:43\u001b[39m\n\u001b[90m    at process.processTicksAndRejections (node:internal/process/task_queues:95:5)\u001b[39m\n\u001b[90m    at async DescribeInstance.<anonymous> (C:\\Users\\User\\Documents\\QA-Automation\\tests\\step_definitions\\api\\GRVZZ2night.js:113:7)\u001b[39m\n"]}