{"reportPrefix":"","assertionsCount":4,"lastError":{"name":"TypeError","displayed":true},"skippedAtRuntime":[],"skippedByUser":[],"skipped":[],"time":"9.897","timeMs":9897,"completed":{"post api test":{"time":"1.479","assertions":[{"name":"NightwatchAssertError","message":"Passed [ok]: .post('/oauth/v1/tokens').expect(200) ok","stackTrace":"","fullMsg":"Passed [ok]: .post('/oauth/v1/tokens').expect(200) ok","failure":false},{"name":"NightwatchAssertError","message":"Passed [ok]: .post('/oauth/v1/tokens').expect('Content-Type', /json/) ok","stackTrace":"","fullMsg":"Passed [ok]: .post('/oauth/v1/tokens').expect('Content-Type', /json/) ok","failure":false}],"commands":[],"passed":2,"errors":0,"failed":0,"skipped":0,"tests":2,"status":"pass","startTimestamp":"Wed, 21 Aug 2024 09:11:02 GMT","httpOutput":[],"steps":[],"stackTrace":"","testcases":{"post api test":{"time":"1.479","assertions":[{"name":"NightwatchAssertError","message":"Passed [ok]: .post('/oauth/v1/tokens').expect(200) ok","stackTrace":"","fullMsg":"Passed [ok]: .post('/oauth/v1/tokens').expect(200) ok","failure":false},{"name":"NightwatchAssertError","message":"Passed [ok]: .post('/oauth/v1/tokens').expect('Content-Type', /json/) ok","stackTrace":"","fullMsg":"Passed [ok]: .post('/oauth/v1/tokens').expect('Content-Type', /json/) ok","failure":false}],"tests":2,"commands":[],"passed":2,"errors":0,"failed":0,"skipped":0,"status":"pass","startTimestamp":"Wed, 21 Aug 2024 09:11:02 GMT","httpOutput":[],"steps":[],"stackTrace":"","timeMs":1479,"endTimestamp":"Wed, 21 Aug 2024 09:11:03 GMT"}},"timeMs":1479,"endTimestamp":"Wed, 21 Aug 2024 09:11:03 GMT"},"post api test after login using fake data":{"time":"3.464","assertions":[{"name":"NightwatchAssertError","message":"expected 201 \"Created\", got 400 \"Bad Request\"","stackTrace":"    at DescribeInstance.<anonymous> (C:\\Users\\User\\Documents\\QA-Automation\\tests\\step_definitions\\api\\FakerJson.js:223:18)","fullMsg":"expected 201 \"Created\", got 400 \"Bad Request\"","failure":true},{"name":"TypeError","message":"Cannot read properties of undefined (reading 'split')","stackTrace":"TypeError: Cannot read properties of undefined (reading 'split')\n    at C:\\Users\\User\\Documents\\QA-Automation\\tests\\step_definitions\\api\\FakerJson.js:228:53\n    at process.processTicksAndRejections (node:internal/process/task_queues:95:5)\n    at async DescribeInstance.<anonymous> (C:\\Users\\User\\Documents\\QA-Automation\\tests\\step_definitions\\api\\FakerJson.js:85:13)","fullMsg":"Cannot read properties of undefined (reading 'split')","failure":"expected \"undefined\" but got: \"undefined\""}],"commands":[],"passed":0,"errors":0,"failed":2,"skipped":0,"tests":2,"status":"fail","startTimestamp":"Wed, 21 Aug 2024 09:11:03 GMT","httpOutput":[],"steps":[],"stackTrace":"TypeError: Cannot read properties of undefined (reading 'split')\n    at C:\\Users\\User\\Documents\\QA-Automation\\tests\\step_definitions\\api\\FakerJson.js:228:53\n    at process.processTicksAndRejections (node:internal/process/task_queues:95:5)\n    at async DescribeInstance.<anonymous> (C:\\Users\\User\\Documents\\QA-Automation\\tests\\step_definitions\\api\\FakerJson.js:85:13)","testcases":{"post api test":{"time":"1.479","assertions":[{"name":"NightwatchAssertError","message":"Passed [ok]: .post('/oauth/v1/tokens').expect(200) ok","stackTrace":"","fullMsg":"Passed [ok]: .post('/oauth/v1/tokens').expect(200) ok","failure":false},{"name":"NightwatchAssertError","message":"Passed [ok]: .post('/oauth/v1/tokens').expect('Content-Type', /json/) ok","stackTrace":"","fullMsg":"Passed [ok]: .post('/oauth/v1/tokens').expect('Content-Type', /json/) ok","failure":false}],"tests":2,"commands":[],"passed":2,"errors":0,"failed":0,"skipped":0,"status":"pass","startTimestamp":"Wed, 21 Aug 2024 09:11:02 GMT","httpOutput":[],"steps":[],"stackTrace":"","timeMs":1479,"endTimestamp":"Wed, 21 Aug 2024 09:11:03 GMT"},"post api test after login using fake data":{"time":"3.464","assertions":[{"name":"NightwatchAssertError","message":"expected 201 \"Created\", got 400 \"Bad Request\"","stackTrace":"    at DescribeInstance.<anonymous> (C:\\Users\\User\\Documents\\QA-Automation\\tests\\step_definitions\\api\\FakerJson.js:223:18)","fullMsg":"expected 201 \"Created\", got 400 \"Bad Request\"","failure":true},{"name":"TypeError","message":"Cannot read properties of undefined (reading 'split')","stackTrace":"TypeError: Cannot read properties of undefined (reading 'split')\n    at C:\\Users\\User\\Documents\\QA-Automation\\tests\\step_definitions\\api\\FakerJson.js:228:53\n    at process.processTicksAndRejections (node:internal/process/task_queues:95:5)\n    at async DescribeInstance.<anonymous> (C:\\Users\\User\\Documents\\QA-Automation\\tests\\step_definitions\\api\\FakerJson.js:85:13)","fullMsg":"Cannot read properties of undefined (reading 'split')","failure":"expected \"undefined\" but got: \"undefined\""}],"tests":2,"commands":[],"passed":0,"errors":0,"failed":2,"skipped":0,"status":"fail","startTimestamp":"Wed, 21 Aug 2024 09:11:03 GMT","httpOutput":[],"steps":[],"stackTrace":"TypeError: Cannot read properties of undefined (reading 'split')\n    at C:\\Users\\User\\Documents\\QA-Automation\\tests\\step_definitions\\api\\FakerJson.js:228:53\n    at process.processTicksAndRejections (node:internal/process/task_queues:95:5)\n    at async DescribeInstance.<anonymous> (C:\\Users\\User\\Documents\\QA-Automation\\tests\\step_definitions\\api\\FakerJson.js:85:13)","lastError":{"name":"TypeError","displayed":true},"timeMs":3464,"endTimestamp":"Wed, 21 Aug 2024 09:11:06 GMT"}},"lastError":{"name":"TypeError","displayed":true},"timeMs":3464,"endTimestamp":"Wed, 21 Aug 2024 09:11:06 GMT"}},"completedSections":{"__global_beforeEach_hook":{"time":"0.002000","assertions":[],"commands":[],"passed":0,"errors":0,"failed":0,"skipped":0,"tests":0,"status":"pass","startTimestamp":1724231462030,"httpOutput":[],"timeMs":2,"endTimestamp":1724231462032},"__before_hook":{"time":"0.000","assertions":[],"commands":[],"passed":0,"errors":0,"failed":0,"skipped":0,"tests":0,"status":"pass","startTimestamp":1724231462032,"httpOutput":[],"timeMs":0,"endTimestamp":1724231462032},"post api test":{"time":"1.480","assertions":[],"commands":[{"name":"assert.ok","args":[],"startTime":1724231463509,"endTime":1724231463511,"elapsedTime":2,"status":"pass","result":{}},{"name":"assert.ok","args":[],"startTime":1724231463512,"endTime":1724231463513,"elapsedTime":1,"status":"pass","result":{}}],"passed":0,"errors":0,"failed":0,"skipped":0,"tests":0,"status":"pass","startTimestamp":1724231462034,"httpOutput":[],"beforeEach":{"time":"0.000","assertions":[],"commands":[],"passed":0,"errors":0,"failed":0,"skipped":0,"tests":0,"status":"pass","startTimestamp":1724231462035,"httpOutput":[],"endTimestamp":1724231462035,"timeMs":0},"testcase":{"time":"1.466","assertions":[],"commands":[],"passed":0,"errors":0,"failed":0,"skipped":0,"tests":0,"status":"pass","startTimestamp":1724231462035,"httpOutput":[],"endTimestamp":1724231463501,"timeMs":1466},"afterEach":{"time":"0.01200","assertions":[],"commands":[{"name":"assert.ok","args":[],"startTime":1724231463509,"endTime":1724231463511,"elapsedTime":2,"status":"pass","result":{}},{"name":"assert.ok","args":[],"startTime":1724231463512,"endTime":1724231463513,"elapsedTime":1,"status":"pass","result":{}}],"passed":0,"errors":0,"failed":0,"skipped":0,"tests":0,"status":"pass","startTimestamp":1724231463501,"httpOutput":[],"endTimestamp":1724231463513,"timeMs":12},"timeMs":1480,"endTimestamp":1724231463514},"post api test after login using fake data":{"time":"3.464","assertions":[],"commands":[{"name":"assert.fail","args":[],"startTime":1724231466870,"endTime":1724231466876,"elapsedTime":6,"status":"fail","result":{"message":"expected 201 \"Created\", got 400 \"Bad Request\"","showDiff":false,"name":"NightwatchAssertError","abortOnFailure":true,"stack":"    at DescribeInstance.<anonymous> (C:\\Users\\User\\Documents\\QA-Automation\\tests\\step_definitions\\api\\FakerJson.js:223:18)"}},{"name":"saveScreenshot","args":["\"C:\\\\Users\\\\User\\\\Documents\\\\QA-Automation\\\\Screenshots\\\\FakerJson\\\\post-api-test-after-login-using-fake-data_FAILED_Aug-21-2024-144106-GMT+0530.png\"",null],"startTime":1724231466944,"endTime":1724231466971,"elapsedTime":27,"status":"fail","result":{"status":-1,"name":"TypeError"}}],"passed":0,"errors":0,"failed":0,"skipped":0,"tests":0,"status":"fail","startTimestamp":1724231463516,"httpOutput":[],"beforeEach":{"time":"0.01500","assertions":[],"commands":[],"passed":0,"errors":0,"failed":0,"skipped":0,"tests":0,"status":"pass","startTimestamp":1724231463516,"httpOutput":[],"endTimestamp":1724231463531,"timeMs":15},"testcase":{"time":"3.440","assertions":[],"commands":[{"name":"assert.fail","args":[],"startTime":1724231466870,"endTime":1724231466876,"elapsedTime":6,"status":"fail","result":{"message":"expected 201 \"Created\", got 400 \"Bad Request\"","showDiff":false,"name":"NightwatchAssertError","abortOnFailure":true,"stack":"    at DescribeInstance.<anonymous> (C:\\Users\\User\\Documents\\QA-Automation\\tests\\step_definitions\\api\\FakerJson.js:223:18)"}},{"name":"saveScreenshot","args":["\"C:\\\\Users\\\\User\\\\Documents\\\\QA-Automation\\\\Screenshots\\\\FakerJson\\\\post-api-test-after-login-using-fake-data_FAILED_Aug-21-2024-144106-GMT+0530.png\"",null],"startTime":1724231466944,"endTime":1724231466971,"elapsedTime":27,"status":"fail","result":{"status":-1,"name":"TypeError"}}],"passed":0,"errors":0,"failed":0,"skipped":0,"tests":0,"status":"pass","startTimestamp":1724231463531,"httpOutput":[],"endTimestamp":1724231466971,"timeMs":3440},"afterEach":{"time":"0.008000","assertions":[],"commands":[],"passed":0,"errors":0,"failed":0,"skipped":0,"tests":0,"status":"pass","startTimestamp":1724231466971,"httpOutput":[],"endTimestamp":1724231466979,"timeMs":8},"timeMs":3464,"endTimestamp":1724231466980},"__after_hook":{"time":"0.008000","assertions":[],"commands":[],"passed":0,"errors":0,"failed":0,"skipped":0,"tests":0,"status":"fail","startTimestamp":1724231466982,"httpOutput":[],"timeMs":8,"endTimestamp":1724231466990},"__global_afterEach_hook":{"time":"0.000","assertions":[],"commands":[],"passed":0,"errors":0,"failed":0,"skipped":0,"tests":0,"status":"fail","startTimestamp":1724231466990,"httpOutput":[],"timeMs":0,"endTimestamp":1724231466990}},"errmessages":[],"testsCount":2,"skippedCount":0,"failedCount":2,"errorsCount":0,"passedCount":2,"group":"","modulePath":"C:\\Users\\User\\Documents\\QA-Automation\\tests\\step_definitions\\api\\FakerJson.js","startTimestamp":"Wed, 21 Aug 2024 09:11:02 GMT","endTimestamp":"Wed, 21 Aug 2024 09:11:06 GMT","sessionCapabilities":{"browserName":"chrome","name":"API Auth Token"},"sessionId":"","projectName":"","buildName":"","testEnv":"api_testing","isMobile":false,"status":"fail","host":"localhost","name":"API Auth Token","tags":[],"tests":2,"failures":2,"errors":0,"httpOutput":[],"rawHttpOutput":[],"globalErrorRegister":["   \u001b[31m\u001b[1m✖\u001b[22m\u001b[39m \u001b[31m\u001b[1mTypeError\u001b[22m\u001b[39m\n   \u001b[31mCannot read properties of undefined (reading 'split')\u001b[39m\n\u001b[33m\u001b[39m\n\u001b[33m    Error location:\u001b[39m\n    C:\\Users\\User\\Documents\\QA-Automation\\tests\\step_definitions\\api\\FakerJson.js:228\n    –––––––––––––––––––––––––––––––––––––––––––––––––––––––––––––––––––––––––––––––\n     226 |                     // console.log(response);\n     227 |                     const locationHeader = response.headers.location;\n    \u001b[41m\u001b[37m 228 |                     const urlParts = locationHeader.split('/'); \u001b[39m\u001b[49m\n     229 |                     reservationId = urlParts[urlParts.length - 1];\n     230 |                     console.log(\"Reservation created successfully, Reservation ID:\", reservationId);\n    –––––––––––––––––––––––––––––––––––––––––––––––––––––––––––––––––––––––––––––––\n\n\u001b[33m    Stack Trace :\u001b[39m\n\u001b[90m    at C:\\Users\\User\\Documents\\QA-Automation\\tests\\step_definitions\\api\\FakerJson.js:228:53\u001b[39m\n\u001b[90m    at process.processTicksAndRejections (node:internal/process/task_queues:95:5)\u001b[39m\n\u001b[90m    at async DescribeInstance.<anonymous> (C:\\Users\\User\\Documents\\QA-Automation\\tests\\step_definitions\\api\\FakerJson.js:85:13)\u001b[39m\n"]}