{"reportPrefix":"","assertionsCount":0,"lastError":{"name":"ReferenceError","displayed":true},"skippedAtRuntime":["Get API Test After Login - Iteration 1","POST  API Test - Iteration 2","Get API Test After Login - Iteration 2","POST  API Test - Iteration 3","Get API Test After Login - Iteration 3"],"skippedByUser":[],"skipped":["Get API Test After Login - Iteration 1","POST  API Test - Iteration 2","Get API Test After Login - Iteration 2","POST  API Test - Iteration 3","Get API Test After Login - Iteration 3"],"time":"2.226","timeMs":2226,"completed":{"POST  API Test - Iteration 1":{"time":"0.1010","assertions":[],"commands":[],"passed":0,"errors":1,"failed":0,"skipped":0,"tests":0,"status":"fail","startTimestamp":"Fri, 23 Aug 2024 05:21:47 GMT","httpOutput":[],"steps":["Get API Test After Login - Iteration 1","POST  API Test - Iteration 2","Get API Test After Login - Iteration 2","POST  API Test - Iteration 3","Get API Test After Login - Iteration 3"],"stackTrace":"ReferenceError: record is not defined\n    at DescribeInstance.<anonymous> (C:\\Users\\User\\Documents\\QA-Automation\\tests\\step_definitions\\api\\Add2.js:98:66)\n    at Context.call (C:\\Users\\User\\Documents\\QA-Automation\\node_modules\\nightwatch\\lib\\testsuite\\context.js:515:35)\n    at TestCase.run (C:\\Users\\User\\Documents\\QA-Automation\\node_modules\\nightwatch\\lib\\testsuite\\testcase.js:58:31)\n    at Runnable.__runFn (C:\\Users\\User\\Documents\\QA-Automation\\node_modules\\nightwatch\\lib\\testsuite\\index.js:839:80)\n    at Runnable.run (C:\\Users\\User\\Documents\\QA-Automation\\node_modules\\nightwatch\\lib\\testsuite\\runnable.js:126:21)\n    at TestSuite.executeRunnable (C:\\Users\\User\\Documents\\QA-Automation\\node_modules\\nightwatch\\lib\\testsuite\\index.js:1000:49)\n    at TestSuite.handleRunnable (C:\\Users\\User\\Documents\\QA-Automation\\node_modules\\nightwatch\\lib\\testsuite\\index.js:1015:33)\n    at C:\\Users\\User\\Documents\\QA-Automation\\node_modules\\nightwatch\\lib\\testsuite\\index.js:839:21\n    at async DefaultRunner.runTestSuite (C:\\Users\\User\\Documents\\QA-Automation\\node_modules\\nightwatch\\lib\\runner\\test-runners\\default.js:83:7)\n    at async DefaultRunner.promiseFn (C:\\Users\\User\\Documents\\QA-Automation\\node_modules\\nightwatch\\lib\\runner\\test-runners\\default.js:101:7)","testcases":{"POST  API Test - Iteration 1":{"time":"0.1010","assertions":[],"tests":0,"commands":[],"passed":0,"errors":1,"failed":0,"skipped":0,"status":"fail","startTimestamp":"Fri, 23 Aug 2024 05:21:47 GMT","httpOutput":[],"steps":["Get API Test After Login - Iteration 1","POST  API Test - Iteration 2","Get API Test After Login - Iteration 2","POST  API Test - Iteration 3","Get API Test After Login - Iteration 3"],"stackTrace":"ReferenceError: record is not defined\n    at DescribeInstance.<anonymous> (C:\\Users\\User\\Documents\\QA-Automation\\tests\\step_definitions\\api\\Add2.js:98:66)\n    at Context.call (C:\\Users\\User\\Documents\\QA-Automation\\node_modules\\nightwatch\\lib\\testsuite\\context.js:515:35)\n    at TestCase.run (C:\\Users\\User\\Documents\\QA-Automation\\node_modules\\nightwatch\\lib\\testsuite\\testcase.js:58:31)\n    at Runnable.__runFn (C:\\Users\\User\\Documents\\QA-Automation\\node_modules\\nightwatch\\lib\\testsuite\\index.js:839:80)\n    at Runnable.run (C:\\Users\\User\\Documents\\QA-Automation\\node_modules\\nightwatch\\lib\\testsuite\\runnable.js:126:21)\n    at TestSuite.executeRunnable (C:\\Users\\User\\Documents\\QA-Automation\\node_modules\\nightwatch\\lib\\testsuite\\index.js:1000:49)\n    at TestSuite.handleRunnable (C:\\Users\\User\\Documents\\QA-Automation\\node_modules\\nightwatch\\lib\\testsuite\\index.js:1015:33)\n    at C:\\Users\\User\\Documents\\QA-Automation\\node_modules\\nightwatch\\lib\\testsuite\\index.js:839:21\n    at async DefaultRunner.runTestSuite (C:\\Users\\User\\Documents\\QA-Automation\\node_modules\\nightwatch\\lib\\runner\\test-runners\\default.js:83:7)\n    at async DefaultRunner.promiseFn (C:\\Users\\User\\Documents\\QA-Automation\\node_modules\\nightwatch\\lib\\runner\\test-runners\\default.js:101:7)","lastError":{"name":"ReferenceError","displayed":true},"errorsPerTest":["record is not defined"],"timeMs":101,"endTimestamp":"Fri, 23 Aug 2024 05:21:47 GMT"}},"lastError":{"name":"ReferenceError","displayed":true},"errorsPerTest":["record is not defined"],"timeMs":101,"endTimestamp":"Fri, 23 Aug 2024 05:21:47 GMT"}},"completedSections":{"__global_beforeEach_hook":{"time":"0.001000","assertions":[],"commands":[],"passed":0,"errors":0,"failed":0,"skipped":0,"tests":0,"status":"pass","startTimestamp":1724390505484,"httpOutput":[],"timeMs":1,"endTimestamp":1724390505485},"__before_hook":{"time":"2.009","assertions":[],"commands":[],"passed":0,"errors":0,"failed":0,"skipped":0,"tests":0,"status":"pass","startTimestamp":1724390505486,"httpOutput":[],"timeMs":2009,"endTimestamp":1724390507495},"POST  API Test - Iteration 1":{"time":"0.1010","assertions":[],"commands":[{"name":"saveScreenshot","args":["\"C:\\\\Users\\\\User\\\\Documents\\\\QA-Automation\\\\Screenshots\\\\Add2\\\\POST--API-Test---Iteration-1_FAILED_Aug-23-2024-105147-GMT+0530.png\"",null],"startTime":1724390507572,"endTime":1724390507589,"elapsedTime":17,"status":"fail","result":{"status":-1,"name":"TypeError"}}],"passed":0,"errors":0,"failed":0,"skipped":0,"tests":0,"status":"fail","startTimestamp":1724390507497,"httpOutput":[],"beforeEach":{"time":"0.007000","assertions":[],"commands":[],"passed":0,"errors":0,"failed":0,"skipped":0,"tests":0,"status":"pass","startTimestamp":1724390507497,"httpOutput":[],"endTimestamp":1724390507504,"timeMs":7},"testcase":{"time":"0.08600","assertions":[],"commands":[{"name":"saveScreenshot","args":["\"C:\\\\Users\\\\User\\\\Documents\\\\QA-Automation\\\\Screenshots\\\\Add2\\\\POST--API-Test---Iteration-1_FAILED_Aug-23-2024-105147-GMT+0530.png\"",null],"startTime":1724390507572,"endTime":1724390507589,"elapsedTime":17,"status":"fail","result":{"status":-1,"name":"TypeError"}}],"passed":0,"errors":0,"failed":0,"skipped":0,"tests":0,"status":"pass","startTimestamp":1724390507504,"httpOutput":[],"endTimestamp":1724390507590,"timeMs":86},"afterEach":{"time":"0.008000","assertions":[],"commands":[],"passed":0,"errors":0,"failed":0,"skipped":0,"tests":0,"status":"pass","startTimestamp":1724390507590,"httpOutput":[],"endTimestamp":1724390507598,"timeMs":8},"timeMs":101,"endTimestamp":1724390507598},"__after_hook":{"time":"0.01400","assertions":[],"commands":[],"passed":0,"errors":0,"failed":0,"skipped":0,"tests":0,"status":"fail","startTimestamp":1724390507599,"httpOutput":[],"timeMs":14,"endTimestamp":1724390507613},"__global_afterEach_hook":{"time":"0.000","assertions":[],"commands":[],"passed":0,"errors":0,"failed":0,"skipped":0,"tests":0,"status":"fail","startTimestamp":1724390507614,"httpOutput":[],"timeMs":0,"endTimestamp":1724390507614}},"errmessages":[" \u001b[31m\u001b[1m✖\u001b[22m\u001b[39m \u001b[31m\u001b[1mReferenceError\u001b[22m\u001b[39m\n   \u001b[31mrecord is not defined\u001b[39m\n\u001b[33m\u001b[39m\n\u001b[33m    Error location:\u001b[39m\n    C:\\Users\\User\\Documents\\QA-Automation\\tests\\step_definitions\\api\\Add2.js:98\n    ––––––––––––––––––––––––––––––––––––––––––––––––––––––––––––––––––––––––––\n     96 |                                                             \"baseAmount\": 299\n     97 |                                                         },\n    \u001b[41m\u001b[37m 98 |                                                         \"start\": record.startDate, \u001b[39m\u001b[49m\n     99 |                                                         \"end\": record.endDate\n     100 |                                                     }\n    ––––––––––––––––––––––––––––––––––––––––––––––––––––––––––––––––––––––––––\n\n\u001b[33m    Stack Trace :\u001b[39m\n\u001b[90m    at DescribeInstance.<anonymous> (C:\\Users\\User\\Documents\\QA-Automation\\tests\\step_definitions\\api\\Add2.js:98:66)\u001b[39m\n\u001b[90m    at Context.call (C:\\Users\\User\\Documents\\QA-Automation\\node_modules\\nightwatch\\lib\\testsuite\\context.js:515:35)\u001b[39m\n\u001b[90m    at TestCase.run (C:\\Users\\User\\Documents\\QA-Automation\\node_modules\\nightwatch\\lib\\testsuite\\testcase.js:58:31)\u001b[39m\n\u001b[90m    at Runnable.__runFn (C:\\Users\\User\\Documents\\QA-Automation\\node_modules\\nightwatch\\lib\\testsuite\\index.js:839:80)\u001b[39m\n\u001b[90m    at Runnable.run (C:\\Users\\User\\Documents\\QA-Automation\\node_modules\\nightwatch\\lib\\testsuite\\runnable.js:126:21)\u001b[39m\n\u001b[90m    at TestSuite.executeRunnable (C:\\Users\\User\\Documents\\QA-Automation\\node_modules\\nightwatch\\lib\\testsuite\\index.js:1000:49)\u001b[39m\n\u001b[90m    at TestSuite.handleRunnable (C:\\Users\\User\\Documents\\QA-Automation\\node_modules\\nightwatch\\lib\\testsuite\\index.js:1015:33)\u001b[39m\n\u001b[90m    at C:\\Users\\User\\Documents\\QA-Automation\\node_modules\\nightwatch\\lib\\testsuite\\index.js:839:21\u001b[39m\n\u001b[90m    at async DefaultRunner.runTestSuite (C:\\Users\\User\\Documents\\QA-Automation\\node_modules\\nightwatch\\lib\\runner\\test-runners\\default.js:83:7)\u001b[39m\n\u001b[90m    at async DefaultRunner.promiseFn (C:\\Users\\User\\Documents\\QA-Automation\\node_modules\\nightwatch\\lib\\runner\\test-runners\\default.js:101:7)\u001b[39m\n"],"testsCount":1,"skippedCount":5,"failedCount":0,"errorsCount":1,"passedCount":0,"group":"","modulePath":"C:\\Users\\User\\Documents\\QA-Automation\\tests\\step_definitions\\api\\Add2.js","startTimestamp":"Fri, 23 Aug 2024 05:21:45 GMT","endTimestamp":"Fri, 23 Aug 2024 05:21:47 GMT","sessionCapabilities":{"browserName":"chrome","name":"API Tests"},"sessionId":"","projectName":"","buildName":"","testEnv":"api_testing","isMobile":false,"status":"fail","host":"localhost","name":"API Tests","tags":[],"tests":1,"failures":0,"errors":1,"httpOutput":[],"rawHttpOutput":[],"globalErrorRegister":["   \u001b[31m\u001b[1m✖\u001b[22m\u001b[39m \u001b[31m\u001b[1mReferenceError\u001b[22m\u001b[39m\n   \u001b[31mrecord is not defined\u001b[39m\n\u001b[33m\u001b[39m\n\u001b[33m    Error location:\u001b[39m\n    C:\\Users\\User\\Documents\\QA-Automation\\tests\\step_definitions\\api\\Add2.js:98\n    ––––––––––––––––––––––––––––––––––––––––––––––––––––––––––––––––––––––––––\n     96 |                                                             \"baseAmount\": 299\n     97 |                                                         },\n    \u001b[41m\u001b[37m 98 |                                                         \"start\": record.startDate, \u001b[39m\u001b[49m\n     99 |                                                         \"end\": record.endDate\n     100 |                                                     }\n    ––––––––––––––––––––––––––––––––––––––––––––––––––––––––––––––––––––––––––\n\n\u001b[33m    Stack Trace :\u001b[39m\n\u001b[90m    at DescribeInstance.<anonymous> (C:\\Users\\User\\Documents\\QA-Automation\\tests\\step_definitions\\api\\Add2.js:98:66)\u001b[39m\n\u001b[90m    at Context.call (C:\\Users\\User\\Documents\\QA-Automation\\node_modules\\nightwatch\\lib\\testsuite\\context.js:515:35)\u001b[39m\n\u001b[90m    at TestCase.run (C:\\Users\\User\\Documents\\QA-Automation\\node_modules\\nightwatch\\lib\\testsuite\\testcase.js:58:31)\u001b[39m\n\u001b[90m    at Runnable.__runFn (C:\\Users\\User\\Documents\\QA-Automation\\node_modules\\nightwatch\\lib\\testsuite\\index.js:839:80)\u001b[39m\n\u001b[90m    at Runnable.run (C:\\Users\\User\\Documents\\QA-Automation\\node_modules\\nightwatch\\lib\\testsuite\\runnable.js:126:21)\u001b[39m\n\u001b[90m    at TestSuite.executeRunnable (C:\\Users\\User\\Documents\\QA-Automation\\node_modules\\nightwatch\\lib\\testsuite\\index.js:1000:49)\u001b[39m\n\u001b[90m    at TestSuite.handleRunnable (C:\\Users\\User\\Documents\\QA-Automation\\node_modules\\nightwatch\\lib\\testsuite\\index.js:1015:33)\u001b[39m\n\u001b[90m    at C:\\Users\\User\\Documents\\QA-Automation\\node_modules\\nightwatch\\lib\\testsuite\\index.js:839:21\u001b[39m\n\u001b[90m    at async DefaultRunner.runTestSuite (C:\\Users\\User\\Documents\\QA-Automation\\node_modules\\nightwatch\\lib\\runner\\test-runners\\default.js:83:7)\u001b[39m\n\u001b[90m    at async DefaultRunner.promiseFn (C:\\Users\\User\\Documents\\QA-Automation\\node_modules\\nightwatch\\lib\\runner\\test-runners\\default.js:101:7)\u001b[39m\n"," \u001b[31m\u001b[1m✖\u001b[22m\u001b[39m \u001b[31m\u001b[1mReferenceError\u001b[22m\u001b[39m\n   \u001b[31mrecord is not defined\u001b[39m\n\u001b[33m\u001b[39m\n\u001b[33m    Error location:\u001b[39m\n    C:\\Users\\User\\Documents\\QA-Automation\\tests\\step_definitions\\api\\Add2.js:98\n    ––––––––––––––––––––––––––––––––––––––––––––––––––––––––––––––––––––––––––\n     96 |                                                             \"baseAmount\": 299\n     97 |                                                         },\n    \u001b[41m\u001b[37m 98 |                                                         \"start\": record.startDate, \u001b[39m\u001b[49m\n     99 |                                                         \"end\": record.endDate\n     100 |                                                     }\n    ––––––––––––––––––––––––––––––––––––––––––––––––––––––––––––––––––––––––––\n\n\u001b[33m    Stack Trace :\u001b[39m\n\u001b[90m    at DescribeInstance.<anonymous> (C:\\Users\\User\\Documents\\QA-Automation\\tests\\step_definitions\\api\\Add2.js:98:66)\u001b[39m\n\u001b[90m    at Context.call (C:\\Users\\User\\Documents\\QA-Automation\\node_modules\\nightwatch\\lib\\testsuite\\context.js:515:35)\u001b[39m\n\u001b[90m    at TestCase.run (C:\\Users\\User\\Documents\\QA-Automation\\node_modules\\nightwatch\\lib\\testsuite\\testcase.js:58:31)\u001b[39m\n\u001b[90m    at Runnable.__runFn (C:\\Users\\User\\Documents\\QA-Automation\\node_modules\\nightwatch\\lib\\testsuite\\index.js:839:80)\u001b[39m\n\u001b[90m    at Runnable.run (C:\\Users\\User\\Documents\\QA-Automation\\node_modules\\nightwatch\\lib\\testsuite\\runnable.js:126:21)\u001b[39m\n\u001b[90m    at TestSuite.executeRunnable (C:\\Users\\User\\Documents\\QA-Automation\\node_modules\\nightwatch\\lib\\testsuite\\index.js:1000:49)\u001b[39m\n\u001b[90m    at TestSuite.handleRunnable (C:\\Users\\User\\Documents\\QA-Automation\\node_modules\\nightwatch\\lib\\testsuite\\index.js:1015:33)\u001b[39m\n\u001b[90m    at C:\\Users\\User\\Documents\\QA-Automation\\node_modules\\nightwatch\\lib\\testsuite\\index.js:839:21\u001b[39m\n\u001b[90m    at async DefaultRunner.runTestSuite (C:\\Users\\User\\Documents\\QA-Automation\\node_modules\\nightwatch\\lib\\runner\\test-runners\\default.js:83:7)\u001b[39m\n\u001b[90m    at async DefaultRunner.promiseFn (C:\\Users\\User\\Documents\\QA-Automation\\node_modules\\nightwatch\\lib\\runner\\test-runners\\default.js:101:7)\u001b[39m\n"]}