{"reportPrefix":"","assertionsCount":2,"lastError":{"name":"TypeError","displayed":true},"skippedAtRuntime":[],"skippedByUser":[],"skipped":[],"time":"3.091","timeMs":3091,"completed":{"post api test":{"time":"1.428","assertions":[{"name":"NightwatchAssertError","message":"expected 200 \"OK\", got 400 \"Bad Request\"","stackTrace":"    at DescribeInstance.<anonymous> (C:\\Users\\User\\Documents\\QA-Automation\\tests\\step_definitions\\api\\New.js:23:8)","fullMsg":"expected 200 \"OK\", got 400 \"Bad Request\"","failure":true}],"commands":[],"passed":0,"errors":0,"failed":1,"skipped":0,"tests":1,"status":"fail","startTimestamp":"Mon, 19 Aug 2024 07:46:28 GMT","httpOutput":[],"steps":[],"stackTrace":"    at DescribeInstance.<anonymous> (C:\\Users\\User\\Documents\\QA-Automation\\tests\\step_definitions\\api\\New.js:23:8)","testcases":{"post api test":{"time":"1.428","assertions":[{"name":"NightwatchAssertError","message":"expected 200 \"OK\", got 400 \"Bad Request\"","stackTrace":"    at DescribeInstance.<anonymous> (C:\\Users\\User\\Documents\\QA-Automation\\tests\\step_definitions\\api\\New.js:23:8)","fullMsg":"expected 200 \"OK\", got 400 \"Bad Request\"","failure":true}],"tests":1,"commands":[],"passed":0,"errors":0,"failed":1,"skipped":0,"status":"fail","startTimestamp":"Mon, 19 Aug 2024 07:46:28 GMT","httpOutput":[],"steps":[],"stackTrace":"    at DescribeInstance.<anonymous> (C:\\Users\\User\\Documents\\QA-Automation\\tests\\step_definitions\\api\\New.js:23:8)","lastError":{"name":"NightwatchAssertError","message":"expected 200 \"OK\", got 400 \"Bad Request\"","showDiff":false,"abortOnFailure":true,"namespace":"assert","stack":"    at DescribeInstance.<anonymous> (C:\\Users\\User\\Documents\\QA-Automation\\tests\\step_definitions\\api\\New.js:23:8)"},"timeMs":1428,"endTimestamp":"Mon, 19 Aug 2024 07:46:30 GMT"}},"lastError":{"name":"NightwatchAssertError","message":"expected 200 \"OK\", got 400 \"Bad Request\"","showDiff":false,"abortOnFailure":true,"namespace":"assert","stack":"    at DescribeInstance.<anonymous> (C:\\Users\\User\\Documents\\QA-Automation\\tests\\step_definitions\\api\\New.js:23:8)"},"timeMs":1428,"endTimestamp":"Mon, 19 Aug 2024 07:46:30 GMT"},"post api test after login":{"time":"0.1130","assertions":[{"name":"TypeError","message":"Cannot read properties of undefined (reading 'startDate')","stackTrace":"TypeError: Cannot read properties of undefined (reading 'startDate')\n    at DescribeInstance.<anonymous> (C:\\Users\\User\\Documents\\QA-Automation\\tests\\step_definitions\\api\\New.js:51:51)\n    at Context.call (C:\\Users\\User\\Documents\\QA-Automation\\node_modules\\nightwatch\\lib\\testsuite\\context.js:515:35)\n    at TestCase.run (C:\\Users\\User\\Documents\\QA-Automation\\node_modules\\nightwatch\\lib\\testsuite\\testcase.js:58:31)\n    at Runnable.__runFn (C:\\Users\\User\\Documents\\QA-Automation\\node_modules\\nightwatch\\lib\\testsuite\\index.js:839:80)\n    at Runnable.run (C:\\Users\\User\\Documents\\QA-Automation\\node_modules\\nightwatch\\lib\\testsuite\\runnable.js:126:21)\n    at TestSuite.executeRunnable (C:\\Users\\User\\Documents\\QA-Automation\\node_modules\\nightwatch\\lib\\testsuite\\index.js:1000:49)\n    at TestSuite.handleRunnable (C:\\Users\\User\\Documents\\QA-Automation\\node_modules\\nightwatch\\lib\\testsuite\\index.js:1015:33)\n    at C:\\Users\\User\\Documents\\QA-Automation\\node_modules\\nightwatch\\lib\\testsuite\\index.js:839:21\n    at async DefaultRunner.runTestSuite (C:\\Users\\User\\Documents\\QA-Automation\\node_modules\\nightwatch\\lib\\runner\\test-runners\\default.js:83:7)\n    at async DefaultRunner.promiseFn (C:\\Users\\User\\Documents\\QA-Automation\\node_modules\\nightwatch\\lib\\runner\\test-runners\\default.js:101:7)","fullMsg":"Cannot read properties of undefined (reading 'startDate')","failure":"expected \"undefined\" but got: \"undefined\""}],"commands":[],"passed":0,"errors":0,"failed":1,"skipped":0,"tests":1,"status":"fail","startTimestamp":"Mon, 19 Aug 2024 07:46:30 GMT","httpOutput":[],"steps":[],"stackTrace":"TypeError: Cannot read properties of undefined (reading 'startDate')\n    at DescribeInstance.<anonymous> (C:\\Users\\User\\Documents\\QA-Automation\\tests\\step_definitions\\api\\New.js:51:51)\n    at Context.call (C:\\Users\\User\\Documents\\QA-Automation\\node_modules\\nightwatch\\lib\\testsuite\\context.js:515:35)\n    at TestCase.run (C:\\Users\\User\\Documents\\QA-Automation\\node_modules\\nightwatch\\lib\\testsuite\\testcase.js:58:31)\n    at Runnable.__runFn (C:\\Users\\User\\Documents\\QA-Automation\\node_modules\\nightwatch\\lib\\testsuite\\index.js:839:80)\n    at Runnable.run (C:\\Users\\User\\Documents\\QA-Automation\\node_modules\\nightwatch\\lib\\testsuite\\runnable.js:126:21)\n    at TestSuite.executeRunnable (C:\\Users\\User\\Documents\\QA-Automation\\node_modules\\nightwatch\\lib\\testsuite\\index.js:1000:49)\n    at TestSuite.handleRunnable (C:\\Users\\User\\Documents\\QA-Automation\\node_modules\\nightwatch\\lib\\testsuite\\index.js:1015:33)\n    at C:\\Users\\User\\Documents\\QA-Automation\\node_modules\\nightwatch\\lib\\testsuite\\index.js:839:21\n    at async DefaultRunner.runTestSuite (C:\\Users\\User\\Documents\\QA-Automation\\node_modules\\nightwatch\\lib\\runner\\test-runners\\default.js:83:7)\n    at async DefaultRunner.promiseFn (C:\\Users\\User\\Documents\\QA-Automation\\node_modules\\nightwatch\\lib\\runner\\test-runners\\default.js:101:7)","testcases":{"post api test":{"time":"1.428","assertions":[{"name":"NightwatchAssertError","message":"expected 200 \"OK\", got 400 \"Bad Request\"","stackTrace":"    at DescribeInstance.<anonymous> (C:\\Users\\User\\Documents\\QA-Automation\\tests\\step_definitions\\api\\New.js:23:8)","fullMsg":"expected 200 \"OK\", got 400 \"Bad Request\"","failure":true}],"tests":1,"commands":[],"passed":0,"errors":0,"failed":1,"skipped":0,"status":"fail","startTimestamp":"Mon, 19 Aug 2024 07:46:28 GMT","httpOutput":[],"steps":[],"stackTrace":"    at DescribeInstance.<anonymous> (C:\\Users\\User\\Documents\\QA-Automation\\tests\\step_definitions\\api\\New.js:23:8)","lastError":{"name":"NightwatchAssertError","message":"expected 200 \"OK\", got 400 \"Bad Request\"","showDiff":false,"abortOnFailure":true,"namespace":"assert","stack":"    at DescribeInstance.<anonymous> (C:\\Users\\User\\Documents\\QA-Automation\\tests\\step_definitions\\api\\New.js:23:8)"},"timeMs":1428,"endTimestamp":"Mon, 19 Aug 2024 07:46:30 GMT"},"post api test after login":{"time":"0.1130","assertions":[{"name":"TypeError","message":"Cannot read properties of undefined (reading 'startDate')","stackTrace":"TypeError: Cannot read properties of undefined (reading 'startDate')\n    at DescribeInstance.<anonymous> (C:\\Users\\User\\Documents\\QA-Automation\\tests\\step_definitions\\api\\New.js:51:51)\n    at Context.call (C:\\Users\\User\\Documents\\QA-Automation\\node_modules\\nightwatch\\lib\\testsuite\\context.js:515:35)\n    at TestCase.run (C:\\Users\\User\\Documents\\QA-Automation\\node_modules\\nightwatch\\lib\\testsuite\\testcase.js:58:31)\n    at Runnable.__runFn (C:\\Users\\User\\Documents\\QA-Automation\\node_modules\\nightwatch\\lib\\testsuite\\index.js:839:80)\n    at Runnable.run (C:\\Users\\User\\Documents\\QA-Automation\\node_modules\\nightwatch\\lib\\testsuite\\runnable.js:126:21)\n    at TestSuite.executeRunnable (C:\\Users\\User\\Documents\\QA-Automation\\node_modules\\nightwatch\\lib\\testsuite\\index.js:1000:49)\n    at TestSuite.handleRunnable (C:\\Users\\User\\Documents\\QA-Automation\\node_modules\\nightwatch\\lib\\testsuite\\index.js:1015:33)\n    at C:\\Users\\User\\Documents\\QA-Automation\\node_modules\\nightwatch\\lib\\testsuite\\index.js:839:21\n    at async DefaultRunner.runTestSuite (C:\\Users\\User\\Documents\\QA-Automation\\node_modules\\nightwatch\\lib\\runner\\test-runners\\default.js:83:7)\n    at async DefaultRunner.promiseFn (C:\\Users\\User\\Documents\\QA-Automation\\node_modules\\nightwatch\\lib\\runner\\test-runners\\default.js:101:7)","fullMsg":"Cannot read properties of undefined (reading 'startDate')","failure":"expected \"undefined\" but got: \"undefined\""}],"tests":1,"commands":[],"passed":0,"errors":0,"failed":1,"skipped":0,"status":"fail","startTimestamp":"Mon, 19 Aug 2024 07:46:30 GMT","httpOutput":[],"steps":[],"stackTrace":"TypeError: Cannot read properties of undefined (reading 'startDate')\n    at DescribeInstance.<anonymous> (C:\\Users\\User\\Documents\\QA-Automation\\tests\\step_definitions\\api\\New.js:51:51)\n    at Context.call (C:\\Users\\User\\Documents\\QA-Automation\\node_modules\\nightwatch\\lib\\testsuite\\context.js:515:35)\n    at TestCase.run (C:\\Users\\User\\Documents\\QA-Automation\\node_modules\\nightwatch\\lib\\testsuite\\testcase.js:58:31)\n    at Runnable.__runFn (C:\\Users\\User\\Documents\\QA-Automation\\node_modules\\nightwatch\\lib\\testsuite\\index.js:839:80)\n    at Runnable.run (C:\\Users\\User\\Documents\\QA-Automation\\node_modules\\nightwatch\\lib\\testsuite\\runnable.js:126:21)\n    at TestSuite.executeRunnable (C:\\Users\\User\\Documents\\QA-Automation\\node_modules\\nightwatch\\lib\\testsuite\\index.js:1000:49)\n    at TestSuite.handleRunnable (C:\\Users\\User\\Documents\\QA-Automation\\node_modules\\nightwatch\\lib\\testsuite\\index.js:1015:33)\n    at C:\\Users\\User\\Documents\\QA-Automation\\node_modules\\nightwatch\\lib\\testsuite\\index.js:839:21\n    at async DefaultRunner.runTestSuite (C:\\Users\\User\\Documents\\QA-Automation\\node_modules\\nightwatch\\lib\\runner\\test-runners\\default.js:83:7)\n    at async DefaultRunner.promiseFn (C:\\Users\\User\\Documents\\QA-Automation\\node_modules\\nightwatch\\lib\\runner\\test-runners\\default.js:101:7)","lastError":{"name":"TypeError","displayed":true},"timeMs":113,"endTimestamp":"Mon, 19 Aug 2024 07:46:30 GMT"}},"lastError":{"name":"TypeError","displayed":true},"timeMs":113,"endTimestamp":"Mon, 19 Aug 2024 07:46:30 GMT"}},"completedSections":{"__global_beforeEach_hook":{"time":"0.002000","assertions":[],"commands":[],"passed":0,"errors":0,"failed":0,"skipped":0,"tests":0,"status":"pass","startTimestamp":1724053588658,"httpOutput":[],"timeMs":2,"endTimestamp":1724053588660},"__before_hook":{"time":"0.000","assertions":[],"commands":[],"passed":0,"errors":0,"failed":0,"skipped":0,"tests":0,"status":"pass","startTimestamp":1724053588661,"httpOutput":[],"timeMs":0,"endTimestamp":1724053588661},"post api test":{"time":"1.427","assertions":[],"commands":[{"name":"assert.fail","args":[],"startTime":1724053589982,"endTime":1724053589989,"elapsedTime":7,"status":"fail","result":{"message":"expected 200 \"OK\", got 400 \"Bad Request\"","showDiff":false,"name":"NightwatchAssertError","abortOnFailure":true,"stack":"    at DescribeInstance.<anonymous> (C:\\Users\\User\\Documents\\QA-Automation\\tests\\step_definitions\\api\\New.js:23:8)"}},{"name":"saveScreenshot","args":["\"C:\\\\Users\\\\User\\\\Documents\\\\QA-Automation\\\\Screenshots\\\\New\\\\post-api-test_FAILED_Aug-19-2024-131630-GMT+0530.png\"",null],"startTime":1724053590063,"endTime":1724053590091,"elapsedTime":28,"status":"fail","result":{"status":-1,"name":"TypeError"}}],"passed":0,"errors":0,"failed":0,"skipped":0,"tests":0,"status":"fail","startTimestamp":1724053588664,"httpOutput":[],"beforeEach":{"time":"0.000","assertions":[],"commands":[],"passed":0,"errors":0,"failed":0,"skipped":0,"tests":0,"status":"pass","startTimestamp":1724053588664,"httpOutput":[],"endTimestamp":1724053588664,"timeMs":0},"testcase":{"time":"1.314","assertions":[],"commands":[],"passed":0,"errors":0,"failed":0,"skipped":0,"tests":0,"status":"pass","startTimestamp":1724053588664,"httpOutput":[],"endTimestamp":1724053589978,"timeMs":1314},"afterEach":{"time":"0.1130","assertions":[],"commands":[{"name":"assert.fail","args":[],"startTime":1724053589982,"endTime":1724053589989,"elapsedTime":7,"status":"fail","result":{"message":"expected 200 \"OK\", got 400 \"Bad Request\"","showDiff":false,"name":"NightwatchAssertError","abortOnFailure":true,"stack":"    at DescribeInstance.<anonymous> (C:\\Users\\User\\Documents\\QA-Automation\\tests\\step_definitions\\api\\New.js:23:8)"}},{"name":"saveScreenshot","args":["\"C:\\\\Users\\\\User\\\\Documents\\\\QA-Automation\\\\Screenshots\\\\New\\\\post-api-test_FAILED_Aug-19-2024-131630-GMT+0530.png\"",null],"startTime":1724053590063,"endTime":1724053590091,"elapsedTime":28,"status":"fail","result":{"status":-1,"name":"TypeError"}}],"passed":0,"errors":0,"failed":0,"skipped":0,"tests":0,"status":"pass","startTimestamp":1724053589978,"httpOutput":[],"endTimestamp":1724053590091,"timeMs":113},"timeMs":1427,"endTimestamp":1724053590091},"post api test after login":{"time":"0.1130","assertions":[],"commands":[{"name":"screenshot","args":["false",null],"startTime":1724053590196,"endTime":1724053590202,"elapsedTime":6,"status":"pass"},{"name":"saveScreenshot","args":["\"C:\\\\Users\\\\User\\\\Documents\\\\QA-Automation\\\\Screenshots\\\\New\\\\post-api-test-after-login_FAILED_Aug-19-2024-131630-GMT+0530.png\"",null],"startTime":1724053590175,"endTime":1724053590202,"elapsedTime":27,"status":"fail","result":{"status":-1,"name":"TypeError"}}],"passed":0,"errors":0,"failed":0,"skipped":0,"tests":0,"status":"fail","startTimestamp":1724053590094,"httpOutput":[],"beforeEach":{"time":"0.005000","assertions":[],"commands":[],"passed":0,"errors":0,"failed":0,"skipped":0,"tests":0,"status":"pass","startTimestamp":1724053590094,"httpOutput":[],"endTimestamp":1724053590099,"timeMs":5},"testcase":{"time":"0.1030","assertions":[],"commands":[{"name":"screenshot","args":["false",null],"startTime":1724053590196,"endTime":1724053590202,"elapsedTime":6,"status":"pass"},{"name":"saveScreenshot","args":["\"C:\\\\Users\\\\User\\\\Documents\\\\QA-Automation\\\\Screenshots\\\\New\\\\post-api-test-after-login_FAILED_Aug-19-2024-131630-GMT+0530.png\"",null],"startTime":1724053590175,"endTime":1724053590202,"elapsedTime":27,"status":"fail","result":{"status":-1,"name":"TypeError"}}],"passed":0,"errors":0,"failed":0,"skipped":0,"tests":0,"status":"pass","startTimestamp":1724053590099,"httpOutput":[],"endTimestamp":1724053590202,"timeMs":103},"afterEach":{"time":"0.005000","assertions":[],"commands":[],"passed":0,"errors":0,"failed":0,"skipped":0,"tests":0,"status":"pass","startTimestamp":1724053590202,"httpOutput":[],"endTimestamp":1724053590207,"timeMs":5},"timeMs":113,"endTimestamp":1724053590207},"__after_hook":{"time":"0.008000","assertions":[],"commands":[],"passed":0,"errors":0,"failed":0,"skipped":0,"tests":0,"status":"fail","startTimestamp":1724053590209,"httpOutput":[],"timeMs":8,"endTimestamp":1724053590217},"__global_afterEach_hook":{"time":"0.000","assertions":[],"commands":[],"passed":0,"errors":0,"failed":0,"skipped":0,"tests":0,"status":"fail","startTimestamp":1724053590218,"httpOutput":[],"timeMs":0,"endTimestamp":1724053590218}},"errmessages":[],"testsCount":2,"skippedCount":0,"failedCount":2,"errorsCount":0,"passedCount":0,"group":"","modulePath":"C:\\Users\\User\\Documents\\QA-Automation\\tests\\step_definitions\\api\\New.js","startTimestamp":"Mon, 19 Aug 2024 07:46:28 GMT","endTimestamp":"Mon, 19 Aug 2024 07:46:30 GMT","sessionCapabilities":{"browserName":"chrome","name":"API Auth Token"},"sessionId":"","projectName":"","buildName":"","testEnv":"api_testing","isMobile":false,"status":"fail","host":"localhost","name":"API Auth Token","tags":[],"tests":2,"failures":2,"errors":0,"httpOutput":[],"rawHttpOutput":[],"globalErrorRegister":["   \u001b[31m\u001b[1m✖\u001b[22m\u001b[39m \u001b[31m\u001b[1mNightwatchAssertError\u001b[22m\u001b[39m\n   \u001b[31mexpected 200 \"OK\", got 400 \"Bad Request\"\u001b[39m\n\u001b[33m\u001b[39m\n\u001b[33m    Error location:\u001b[39m\n    C:\\Users\\User\\Documents\\QA-Automation\\tests\\step_definitions\\api\\New.js:23\n    –––––––––––––––––––––––––––––––––––––––––––––––––––––––––––––––––––––––––\n     21 |       .set('Authorization', 'Basic Og==')\n     22 |       .send(testData.auth)\n    \u001b[41m\u001b[37m 23 |       .expect(200) \u001b[39m\u001b[49m\n     24 |       .expect('Content-Type', /json/)\n     25 |       .then(function (response) {\n    –––––––––––––––––––––––––––––––––––––––––––––––––––––––––––––––––––––––––\n","   \u001b[31m\u001b[1m✖\u001b[22m\u001b[39m \u001b[31m\u001b[1mTypeError\u001b[22m\u001b[39m\n   \u001b[31mCannot read properties of undefined (reading 'startDate')\u001b[39m\n\u001b[33m\u001b[39m\n\u001b[33m    Error location:\u001b[39m\n    C:\\Users\\User\\Documents\\QA-Automation\\tests\\step_definitions\\api\\New.js:51\n    –––––––––––––––––––––––––––––––––––––––––––––––––––––––––––––––––––––––––\n     49 |                       \"baseAmount\": 299\n     50 |                     },\n    \u001b[41m\u001b[37m 51 |                     \"start\": testData.reservation.startDate, \u001b[39m\u001b[49m\n     52 |                     \"end\": testData.reservation.endDate\n     53 |                   }\n    –––––––––––––––––––––––––––––––––––––––––––––––––––––––––––––––––––––––––\n\n\u001b[33m    Stack Trace :\u001b[39m\n\u001b[90m    at DescribeInstance.<anonymous> (C:\\Users\\User\\Documents\\QA-Automation\\tests\\step_definitions\\api\\New.js:51:51)\u001b[39m\n\u001b[90m    at Context.call (C:\\Users\\User\\Documents\\QA-Automation\\node_modules\\nightwatch\\lib\\testsuite\\context.js:515:35)\u001b[39m\n\u001b[90m    at TestCase.run (C:\\Users\\User\\Documents\\QA-Automation\\node_modules\\nightwatch\\lib\\testsuite\\testcase.js:58:31)\u001b[39m\n\u001b[90m    at Runnable.__runFn (C:\\Users\\User\\Documents\\QA-Automation\\node_modules\\nightwatch\\lib\\testsuite\\index.js:839:80)\u001b[39m\n\u001b[90m    at Runnable.run (C:\\Users\\User\\Documents\\QA-Automation\\node_modules\\nightwatch\\lib\\testsuite\\runnable.js:126:21)\u001b[39m\n\u001b[90m    at TestSuite.executeRunnable (C:\\Users\\User\\Documents\\QA-Automation\\node_modules\\nightwatch\\lib\\testsuite\\index.js:1000:49)\u001b[39m\n\u001b[90m    at TestSuite.handleRunnable (C:\\Users\\User\\Documents\\QA-Automation\\node_modules\\nightwatch\\lib\\testsuite\\index.js:1015:33)\u001b[39m\n\u001b[90m    at C:\\Users\\User\\Documents\\QA-Automation\\node_modules\\nightwatch\\lib\\testsuite\\index.js:839:21\u001b[39m\n\u001b[90m    at async DefaultRunner.runTestSuite (C:\\Users\\User\\Documents\\QA-Automation\\node_modules\\nightwatch\\lib\\runner\\test-runners\\default.js:83:7)\u001b[39m\n\u001b[90m    at async DefaultRunner.promiseFn (C:\\Users\\User\\Documents\\QA-Automation\\node_modules\\nightwatch\\lib\\runner\\test-runners\\default.js:101:7)\u001b[39m\n"]}