{"reportPrefix":"","assertionsCount":3,"lastError":{"code":"ERR_HTTP_INVALID_HEADER_VALUE","name":"TypeError","displayed":true},"skippedAtRuntime":[],"skippedByUser":[],"skipped":[],"time":"10.45","timeMs":10450,"completed":{"post api test":{"time":"5.099","assertions":[{"name":"NightwatchAssertError","message":"Passed [ok]: .post('/oauth/v1/tokens').expect(200) ok","stackTrace":"","fullMsg":"Passed [ok]: .post('/oauth/v1/tokens').expect(200) ok","failure":false},{"name":"NightwatchAssertError","message":"Passed [ok]: .post('/oauth/v1/tokens').expect('Content-Type', /json/) ok","stackTrace":"","fullMsg":"Passed [ok]: .post('/oauth/v1/tokens').expect('Content-Type', /json/) ok","failure":false}],"commands":[],"passed":2,"errors":0,"failed":0,"skipped":0,"tests":2,"status":"pass","startTimestamp":"Wed, 21 Aug 2024 07:36:33 GMT","httpOutput":[],"steps":[],"stackTrace":"","testcases":{"post api test":{"time":"5.099","assertions":[{"name":"NightwatchAssertError","message":"Passed [ok]: .post('/oauth/v1/tokens').expect(200) ok","stackTrace":"","fullMsg":"Passed [ok]: .post('/oauth/v1/tokens').expect(200) ok","failure":false},{"name":"NightwatchAssertError","message":"Passed [ok]: .post('/oauth/v1/tokens').expect('Content-Type', /json/) ok","stackTrace":"","fullMsg":"Passed [ok]: .post('/oauth/v1/tokens').expect('Content-Type', /json/) ok","failure":false}],"tests":2,"commands":[],"passed":2,"errors":0,"failed":0,"skipped":0,"status":"pass","startTimestamp":"Wed, 21 Aug 2024 07:36:33 GMT","httpOutput":[],"steps":[],"stackTrace":"","timeMs":5099,"endTimestamp":"Wed, 21 Aug 2024 07:36:38 GMT"}},"timeMs":5099,"endTimestamp":"Wed, 21 Aug 2024 07:36:38 GMT"},"post api test after login using fake data":{"time":"0.1180","assertions":[{"name":"TypeError","message":"Invalid value \"undefined\" for header \"x-hotelid\"","stackTrace":"TypeError [ERR_HTTP_INVALID_HEADER_VALUE]: Invalid value \"undefined\" for header \"x-hotelid\"\n    at ClientRequest.setHeader (node:_http_outgoing:662:3)\n    at Request.request (C:\\Users\\User\\Documents\\QA-Automation\\node_modules\\superagent\\lib\\node\\index.js:801:39)\n    at Request.end (C:\\Users\\User\\Documents\\QA-Automation\\node_modules\\superagent\\lib\\node\\index.js:919:8)\n    at Test.end (C:\\Users\\User\\Documents\\QA-Automation\\node_modules\\supertest\\lib\\test.js:118:11)\n    at res.end (C:\\Users\\User\\Documents\\QA-Automation\\node_modules\\@nightwatch\\apitesting\\nightwatch\\commands\\supertest\\request.js:31:28)\n    at C:\\Users\\User\\Documents\\QA-Automation\\node_modules\\superagent\\lib\\request-base.js:266:12\n    at new Promise (<anonymous>)\n    at RequestBase.then (C:\\Users\\User\\Documents\\QA-Automation\\node_modules\\superagent\\lib\\request-base.js:250:31)\n    at DescribeInstance.<anonymous> (C:\\Users\\User\\Documents\\QA-Automation\\tests\\step_definitions\\api\\Json.js:198:18)\n    at Context.call (C:\\Users\\User\\Documents\\QA-Automation\\node_modules\\nightwatch\\lib\\testsuite\\context.js:515:35)","fullMsg":"Invalid value \"undefined\" for header \"x-hotelid\"","failure":"expected \"undefined\" but got: \"undefined\""}],"commands":[],"passed":0,"errors":0,"failed":1,"skipped":0,"tests":1,"status":"fail","startTimestamp":"Wed, 21 Aug 2024 07:36:38 GMT","httpOutput":[],"steps":[],"stackTrace":"TypeError [ERR_HTTP_INVALID_HEADER_VALUE]: Invalid value \"undefined\" for header \"x-hotelid\"\n    at ClientRequest.setHeader (node:_http_outgoing:662:3)\n    at Request.request (C:\\Users\\User\\Documents\\QA-Automation\\node_modules\\superagent\\lib\\node\\index.js:801:39)\n    at Request.end (C:\\Users\\User\\Documents\\QA-Automation\\node_modules\\superagent\\lib\\node\\index.js:919:8)\n    at Test.end (C:\\Users\\User\\Documents\\QA-Automation\\node_modules\\supertest\\lib\\test.js:118:11)\n    at res.end (C:\\Users\\User\\Documents\\QA-Automation\\node_modules\\@nightwatch\\apitesting\\nightwatch\\commands\\supertest\\request.js:31:28)\n    at C:\\Users\\User\\Documents\\QA-Automation\\node_modules\\superagent\\lib\\request-base.js:266:12\n    at new Promise (<anonymous>)\n    at RequestBase.then (C:\\Users\\User\\Documents\\QA-Automation\\node_modules\\superagent\\lib\\request-base.js:250:31)\n    at DescribeInstance.<anonymous> (C:\\Users\\User\\Documents\\QA-Automation\\tests\\step_definitions\\api\\Json.js:198:18)\n    at Context.call (C:\\Users\\User\\Documents\\QA-Automation\\node_modules\\nightwatch\\lib\\testsuite\\context.js:515:35)","testcases":{"post api test":{"time":"5.099","assertions":[{"name":"NightwatchAssertError","message":"Passed [ok]: .post('/oauth/v1/tokens').expect(200) ok","stackTrace":"","fullMsg":"Passed [ok]: .post('/oauth/v1/tokens').expect(200) ok","failure":false},{"name":"NightwatchAssertError","message":"Passed [ok]: .post('/oauth/v1/tokens').expect('Content-Type', /json/) ok","stackTrace":"","fullMsg":"Passed [ok]: .post('/oauth/v1/tokens').expect('Content-Type', /json/) ok","failure":false}],"tests":2,"commands":[],"passed":2,"errors":0,"failed":0,"skipped":0,"status":"pass","startTimestamp":"Wed, 21 Aug 2024 07:36:33 GMT","httpOutput":[],"steps":[],"stackTrace":"","timeMs":5099,"endTimestamp":"Wed, 21 Aug 2024 07:36:38 GMT"},"post api test after login using fake data":{"time":"0.1180","assertions":[{"name":"TypeError","message":"Invalid value \"undefined\" for header \"x-hotelid\"","stackTrace":"TypeError [ERR_HTTP_INVALID_HEADER_VALUE]: Invalid value \"undefined\" for header \"x-hotelid\"\n    at ClientRequest.setHeader (node:_http_outgoing:662:3)\n    at Request.request (C:\\Users\\User\\Documents\\QA-Automation\\node_modules\\superagent\\lib\\node\\index.js:801:39)\n    at Request.end (C:\\Users\\User\\Documents\\QA-Automation\\node_modules\\superagent\\lib\\node\\index.js:919:8)\n    at Test.end (C:\\Users\\User\\Documents\\QA-Automation\\node_modules\\supertest\\lib\\test.js:118:11)\n    at res.end (C:\\Users\\User\\Documents\\QA-Automation\\node_modules\\@nightwatch\\apitesting\\nightwatch\\commands\\supertest\\request.js:31:28)\n    at C:\\Users\\User\\Documents\\QA-Automation\\node_modules\\superagent\\lib\\request-base.js:266:12\n    at new Promise (<anonymous>)\n    at RequestBase.then (C:\\Users\\User\\Documents\\QA-Automation\\node_modules\\superagent\\lib\\request-base.js:250:31)\n    at DescribeInstance.<anonymous> (C:\\Users\\User\\Documents\\QA-Automation\\tests\\step_definitions\\api\\Json.js:198:18)\n    at Context.call (C:\\Users\\User\\Documents\\QA-Automation\\node_modules\\nightwatch\\lib\\testsuite\\context.js:515:35)","fullMsg":"Invalid value \"undefined\" for header \"x-hotelid\"","failure":"expected \"undefined\" but got: \"undefined\""}],"tests":1,"commands":[],"passed":0,"errors":0,"failed":1,"skipped":0,"status":"fail","startTimestamp":"Wed, 21 Aug 2024 07:36:38 GMT","httpOutput":[],"steps":[],"stackTrace":"TypeError [ERR_HTTP_INVALID_HEADER_VALUE]: Invalid value \"undefined\" for header \"x-hotelid\"\n    at ClientRequest.setHeader (node:_http_outgoing:662:3)\n    at Request.request (C:\\Users\\User\\Documents\\QA-Automation\\node_modules\\superagent\\lib\\node\\index.js:801:39)\n    at Request.end (C:\\Users\\User\\Documents\\QA-Automation\\node_modules\\superagent\\lib\\node\\index.js:919:8)\n    at Test.end (C:\\Users\\User\\Documents\\QA-Automation\\node_modules\\supertest\\lib\\test.js:118:11)\n    at res.end (C:\\Users\\User\\Documents\\QA-Automation\\node_modules\\@nightwatch\\apitesting\\nightwatch\\commands\\supertest\\request.js:31:28)\n    at C:\\Users\\User\\Documents\\QA-Automation\\node_modules\\superagent\\lib\\request-base.js:266:12\n    at new Promise (<anonymous>)\n    at RequestBase.then (C:\\Users\\User\\Documents\\QA-Automation\\node_modules\\superagent\\lib\\request-base.js:250:31)\n    at DescribeInstance.<anonymous> (C:\\Users\\User\\Documents\\QA-Automation\\tests\\step_definitions\\api\\Json.js:198:18)\n    at Context.call (C:\\Users\\User\\Documents\\QA-Automation\\node_modules\\nightwatch\\lib\\testsuite\\context.js:515:35)","lastError":{"code":"ERR_HTTP_INVALID_HEADER_VALUE","name":"TypeError","displayed":true},"timeMs":118,"endTimestamp":"Wed, 21 Aug 2024 07:36:38 GMT"}},"lastError":{"code":"ERR_HTTP_INVALID_HEADER_VALUE","name":"TypeError","displayed":true},"timeMs":118,"endTimestamp":"Wed, 21 Aug 2024 07:36:38 GMT"}},"completedSections":{"__global_beforeEach_hook":{"time":"0.001000","assertions":[],"commands":[],"passed":0,"errors":0,"failed":0,"skipped":0,"tests":0,"status":"pass","startTimestamp":1724225793316,"httpOutput":[],"timeMs":1,"endTimestamp":1724225793317},"__before_hook":{"time":"0.000","assertions":[],"commands":[],"passed":0,"errors":0,"failed":0,"skipped":0,"tests":0,"status":"pass","startTimestamp":1724225793318,"httpOutput":[],"timeMs":0,"endTimestamp":1724225793318},"post api test":{"time":"5.099","assertions":[],"commands":[{"name":"assert.ok","args":[],"startTime":1724225798415,"endTime":1724225798417,"elapsedTime":2,"status":"pass","result":{}},{"name":"assert.ok","args":[],"startTime":1724225798417,"endTime":1724225798418,"elapsedTime":1,"status":"pass","result":{}}],"passed":0,"errors":0,"failed":0,"skipped":0,"tests":0,"status":"pass","startTimestamp":1724225793319,"httpOutput":[],"beforeEach":{"time":"0.001000","assertions":[],"commands":[],"passed":0,"errors":0,"failed":0,"skipped":0,"tests":0,"status":"pass","startTimestamp":1724225793319,"httpOutput":[],"endTimestamp":1724225793320,"timeMs":1},"testcase":{"time":"5.086","assertions":[],"commands":[],"passed":0,"errors":0,"failed":0,"skipped":0,"tests":0,"status":"pass","startTimestamp":1724225793320,"httpOutput":[],"endTimestamp":1724225798406,"timeMs":5086},"afterEach":{"time":"0.01200","assertions":[],"commands":[{"name":"assert.ok","args":[],"startTime":1724225798415,"endTime":1724225798417,"elapsedTime":2,"status":"pass","result":{}},{"name":"assert.ok","args":[],"startTime":1724225798417,"endTime":1724225798418,"elapsedTime":1,"status":"pass","result":{}}],"passed":0,"errors":0,"failed":0,"skipped":0,"tests":0,"status":"pass","startTimestamp":1724225798406,"httpOutput":[],"endTimestamp":1724225798418,"timeMs":12},"timeMs":5099,"endTimestamp":1724225798418},"post api test after login using fake data":{"time":"0.1190","assertions":[],"commands":[{"name":"saveScreenshot","args":["\"C:\\\\Users\\\\User\\\\Documents\\\\QA-Automation\\\\Screenshots\\\\Json\\\\post-api-test-after-login-using-fake-data_FAILED_Aug-21-2024-130638-GMT+0530.png\"",null],"startTime":1724225798507,"endTime":1724225798527,"elapsedTime":20,"status":"fail","result":{"status":-1,"name":"TypeError"}}],"passed":0,"errors":0,"failed":0,"skipped":0,"tests":0,"status":"fail","startTimestamp":1724225798420,"httpOutput":[],"beforeEach":{"time":"0.01100","assertions":[],"commands":[],"passed":0,"errors":0,"failed":0,"skipped":0,"tests":0,"status":"pass","startTimestamp":1724225798420,"httpOutput":[],"endTimestamp":1724225798431,"timeMs":11},"testcase":{"time":"0.09700","assertions":[],"commands":[{"name":"saveScreenshot","args":["\"C:\\\\Users\\\\User\\\\Documents\\\\QA-Automation\\\\Screenshots\\\\Json\\\\post-api-test-after-login-using-fake-data_FAILED_Aug-21-2024-130638-GMT+0530.png\"",null],"startTime":1724225798507,"endTime":1724225798527,"elapsedTime":20,"status":"fail","result":{"status":-1,"name":"TypeError"}}],"passed":0,"errors":0,"failed":0,"skipped":0,"tests":0,"status":"pass","startTimestamp":1724225798431,"httpOutput":[],"endTimestamp":1724225798528,"timeMs":97},"afterEach":{"time":"0.01000","assertions":[],"commands":[],"passed":0,"errors":0,"failed":0,"skipped":0,"tests":0,"status":"pass","startTimestamp":1724225798528,"httpOutput":[],"endTimestamp":1724225798538,"timeMs":10},"timeMs":119,"endTimestamp":1724225798539},"__after_hook":{"time":"0.01400","assertions":[],"commands":[],"passed":0,"errors":0,"failed":0,"skipped":0,"tests":0,"status":"fail","startTimestamp":1724225798540,"httpOutput":[],"timeMs":14,"endTimestamp":1724225798554},"__global_afterEach_hook":{"time":"0.000","assertions":[],"commands":[],"passed":0,"errors":0,"failed":0,"skipped":0,"tests":0,"status":"fail","startTimestamp":1724225798554,"httpOutput":[],"timeMs":0,"endTimestamp":1724225798554}},"errmessages":[],"testsCount":2,"skippedCount":0,"failedCount":1,"errorsCount":0,"passedCount":2,"group":"","modulePath":"C:\\Users\\User\\Documents\\QA-Automation\\tests\\step_definitions\\api\\Json.js","startTimestamp":"Wed, 21 Aug 2024 07:36:33 GMT","endTimestamp":"Wed, 21 Aug 2024 07:36:38 GMT","sessionCapabilities":{"browserName":"chrome","name":"API Auth Token"},"sessionId":"","projectName":"","buildName":"","testEnv":"api_testing","isMobile":false,"status":"fail","host":"localhost","name":"API Auth Token","tags":[],"tests":2,"failures":1,"errors":0,"httpOutput":[],"rawHttpOutput":[],"globalErrorRegister":["   \u001b[31m\u001b[1m✖\u001b[22m\u001b[39m \u001b[31m\u001b[1mTypeError\u001b[22m\u001b[39m\n   \u001b[31mInvalid value \"undefined\" for header \"x-hotelid\"\u001b[39m\n\u001b[33m\u001b[39m\n\u001b[33m    Error location:\u001b[39m\n    C:\\Users\\User\\Documents\\QA-Automation\\tests\\step_definitions\\api\\Json.js:198\n    ––––––––––––––––––––––––––––––––––––––––––––––––––––––––––––––––––––––––––\n     196 |                 .expect(201)\n     197 |                 .expect('Content-Type', /json/)\n    \u001b[41m\u001b[37m 198 |                 .then(function (response) { \u001b[39m\u001b[49m\n     199 |                     console.log(response);\n     200 |                     const locationHeader = response.headers.location;\n    ––––––––––––––––––––––––––––––––––––––––––––––––––––––––––––––––––––––––––\n\n\u001b[33m    Stack Trace :\u001b[39m\n\u001b[90m    at ClientRequest.setHeader (node:_http_outgoing:662:3)\u001b[39m\n\u001b[90m    at Request.request (C:\\Users\\User\\Documents\\QA-Automation\\node_modules\\superagent\\lib\\node\\index.js:801:39)\u001b[39m\n\u001b[90m    at Request.end (C:\\Users\\User\\Documents\\QA-Automation\\node_modules\\superagent\\lib\\node\\index.js:919:8)\u001b[39m\n\u001b[90m    at Test.end (C:\\Users\\User\\Documents\\QA-Automation\\node_modules\\supertest\\lib\\test.js:118:11)\u001b[39m\n\u001b[90m    at res.end (C:\\Users\\User\\Documents\\QA-Automation\\node_modules\\@nightwatch\\apitesting\\nightwatch\\commands\\supertest\\request.js:31:28)\u001b[39m\n\u001b[90m    at C:\\Users\\User\\Documents\\QA-Automation\\node_modules\\superagent\\lib\\request-base.js:266:12\u001b[39m\n\u001b[90m    at new Promise (<anonymous>)\u001b[39m\n\u001b[90m    at RequestBase.then (C:\\Users\\User\\Documents\\QA-Automation\\node_modules\\superagent\\lib\\request-base.js:250:31)\u001b[39m\n\u001b[90m    at DescribeInstance.<anonymous> (C:\\Users\\User\\Documents\\QA-Automation\\tests\\step_definitions\\api\\Json.js:198:18)\u001b[39m\n\u001b[90m    at Context.call (C:\\Users\\User\\Documents\\QA-Automation\\node_modules\\nightwatch\\lib\\testsuite\\context.js:515:35)\u001b[39m\n"]}