{"reportPrefix":"","assertionsCount":0,"lastError":{"name":"Error","displayed":true},"skippedAtRuntime":["POST and GET for Fake Data Record 2"],"skippedByUser":[],"skipped":["POST and GET for Fake Data Record 2"],"time":"5.480","timeMs":5480,"completed":{"POST and GET for Fake Data Record 1":{"time":"1.985","assertions":[],"commands":[],"passed":0,"errors":1,"failed":0,"skipped":0,"tests":0,"status":"fail","startTimestamp":"Thu, 22 Aug 2024 04:39:32 GMT","httpOutput":[],"steps":["POST and GET for Fake Data Record 2"],"stackTrace":"Error: expected 201 \"Created\", got 400 \"Bad Request\"\n    at DescribeInstance.<anonymous> (C:\\Users\\User\\Documents\\QA-Automation\\tests\\step_definitions\\api\\Add.js:151:18)\n    at Context.call (C:\\Users\\User\\Documents\\QA-Automation\\node_modules\\nightwatch\\lib\\testsuite\\context.js:515:35)\n    at TestCase.run (C:\\Users\\User\\Documents\\QA-Automation\\node_modules\\nightwatch\\lib\\testsuite\\testcase.js:58:31)\n    at Runnable.__runFn (C:\\Users\\User\\Documents\\QA-Automation\\node_modules\\nightwatch\\lib\\testsuite\\index.js:839:80)\n    at Runnable.run (C:\\Users\\User\\Documents\\QA-Automation\\node_modules\\nightwatch\\lib\\testsuite\\runnable.js:126:21)\n    at TestSuite.executeRunnable (C:\\Users\\User\\Documents\\QA-Automation\\node_modules\\nightwatch\\lib\\testsuite\\index.js:1000:49)\n    at TestSuite.handleRunnable (C:\\Users\\User\\Documents\\QA-Automation\\node_modules\\nightwatch\\lib\\testsuite\\index.js:1015:33)\n    at C:\\Users\\User\\Documents\\QA-Automation\\node_modules\\nightwatch\\lib\\testsuite\\index.js:839:21\n----\n    at Test._assertStatus (C:\\Users\\User\\Documents\\QA-Automation\\node_modules\\supertest\\lib\\test.js:252:14)\n    at C:\\Users\\User\\Documents\\QA-Automation\\node_modules\\supertest\\lib\\test.js:308:13\n    at Test._assertFunction (C:\\Users\\User\\Documents\\QA-Automation\\node_modules\\supertest\\lib\\test.js:285:13)\n    at Test.assert (C:\\Users\\User\\Documents\\QA-Automation\\node_modules\\supertest\\lib\\test.js:164:23)\n    at localAssert (C:\\Users\\User\\Documents\\QA-Automation\\node_modules\\supertest\\lib\\test.js:120:14)\n    at C:\\Users\\User\\Documents\\QA-Automation\\node_modules\\supertest\\lib\\test.js:125:7\n    at Request.callback (C:\\Users\\User\\Documents\\QA-Automation\\node_modules\\superagent\\lib\\node\\index.js:867:3)\n    at C:\\Users\\User\\Documents\\QA-Automation\\node_modules\\superagent\\lib\\node\\index.js:1070:18\n    at IncomingMessage.<anonymous> (C:\\Users\\User\\Documents\\QA-Automation\\node_modules\\superagent\\lib\\node\\parsers\\json.js:21:7)\n    at IncomingMessage.emit (node:events:530:35)","testcases":{"POST and GET for Fake Data Record 1":{"time":"1.985","assertions":[],"tests":0,"commands":[],"passed":0,"errors":1,"failed":0,"skipped":0,"status":"fail","startTimestamp":"Thu, 22 Aug 2024 04:39:32 GMT","httpOutput":[],"steps":["POST and GET for Fake Data Record 2"],"stackTrace":"Error: expected 201 \"Created\", got 400 \"Bad Request\"\n    at DescribeInstance.<anonymous> (C:\\Users\\User\\Documents\\QA-Automation\\tests\\step_definitions\\api\\Add.js:151:18)\n    at Context.call (C:\\Users\\User\\Documents\\QA-Automation\\node_modules\\nightwatch\\lib\\testsuite\\context.js:515:35)\n    at TestCase.run (C:\\Users\\User\\Documents\\QA-Automation\\node_modules\\nightwatch\\lib\\testsuite\\testcase.js:58:31)\n    at Runnable.__runFn (C:\\Users\\User\\Documents\\QA-Automation\\node_modules\\nightwatch\\lib\\testsuite\\index.js:839:80)\n    at Runnable.run (C:\\Users\\User\\Documents\\QA-Automation\\node_modules\\nightwatch\\lib\\testsuite\\runnable.js:126:21)\n    at TestSuite.executeRunnable (C:\\Users\\User\\Documents\\QA-Automation\\node_modules\\nightwatch\\lib\\testsuite\\index.js:1000:49)\n    at TestSuite.handleRunnable (C:\\Users\\User\\Documents\\QA-Automation\\node_modules\\nightwatch\\lib\\testsuite\\index.js:1015:33)\n    at C:\\Users\\User\\Documents\\QA-Automation\\node_modules\\nightwatch\\lib\\testsuite\\index.js:839:21\n----\n    at Test._assertStatus (C:\\Users\\User\\Documents\\QA-Automation\\node_modules\\supertest\\lib\\test.js:252:14)\n    at C:\\Users\\User\\Documents\\QA-Automation\\node_modules\\supertest\\lib\\test.js:308:13\n    at Test._assertFunction (C:\\Users\\User\\Documents\\QA-Automation\\node_modules\\supertest\\lib\\test.js:285:13)\n    at Test.assert (C:\\Users\\User\\Documents\\QA-Automation\\node_modules\\supertest\\lib\\test.js:164:23)\n    at localAssert (C:\\Users\\User\\Documents\\QA-Automation\\node_modules\\supertest\\lib\\test.js:120:14)\n    at C:\\Users\\User\\Documents\\QA-Automation\\node_modules\\supertest\\lib\\test.js:125:7\n    at Request.callback (C:\\Users\\User\\Documents\\QA-Automation\\node_modules\\superagent\\lib\\node\\index.js:867:3)\n    at C:\\Users\\User\\Documents\\QA-Automation\\node_modules\\superagent\\lib\\node\\index.js:1070:18\n    at IncomingMessage.<anonymous> (C:\\Users\\User\\Documents\\QA-Automation\\node_modules\\superagent\\lib\\node\\parsers\\json.js:21:7)\n    at IncomingMessage.emit (node:events:530:35)","lastError":{"name":"Error","displayed":true},"errorsPerTest":["expected 201 \"Created\", got 400 \"Bad Request\""],"timeMs":1985,"endTimestamp":"Thu, 22 Aug 2024 04:39:34 GMT"}},"lastError":{"name":"Error","displayed":true},"errorsPerTest":["expected 201 \"Created\", got 400 \"Bad Request\""],"timeMs":1985,"endTimestamp":"Thu, 22 Aug 2024 04:39:34 GMT"}},"completedSections":{"__global_beforeEach_hook":{"time":"0.002000","assertions":[],"commands":[],"passed":0,"errors":0,"failed":0,"skipped":0,"tests":0,"status":"pass","startTimestamp":1724301571473,"httpOutput":[],"timeMs":2,"endTimestamp":1724301571475},"__before_hook":{"time":"1.493","assertions":[],"commands":[],"passed":0,"errors":0,"failed":0,"skipped":0,"tests":0,"status":"pass","startTimestamp":1724301571475,"httpOutput":[],"timeMs":1493,"endTimestamp":1724301572968},"POST and GET for Fake Data Record 1":{"time":"1.985","assertions":[],"commands":[{"name":"saveScreenshot","args":["\"C:\\\\Users\\\\User\\\\Documents\\\\QA-Automation\\\\Screenshots\\\\Add\\\\POST-and-GET-for-Fake-Data-Record-1_FAILED_Aug-22-2024-100934-GMT+0530.png\"",null],"startTime":1724301574930,"endTime":1724301574937,"elapsedTime":7,"status":"fail","result":{"status":-1,"name":"TypeError"}}],"passed":0,"errors":0,"failed":0,"skipped":0,"tests":0,"status":"fail","startTimestamp":1724301572969,"httpOutput":[],"beforeEach":{"time":"0.005000","assertions":[],"commands":[],"passed":0,"errors":0,"failed":0,"skipped":0,"tests":0,"status":"pass","startTimestamp":1724301572969,"httpOutput":[],"endTimestamp":1724301572974,"timeMs":5},"testcase":{"time":"1.964","assertions":[],"commands":[{"name":"saveScreenshot","args":["\"C:\\\\Users\\\\User\\\\Documents\\\\QA-Automation\\\\Screenshots\\\\Add\\\\POST-and-GET-for-Fake-Data-Record-1_FAILED_Aug-22-2024-100934-GMT+0530.png\"",null],"startTime":1724301574930,"endTime":1724301574937,"elapsedTime":7,"status":"fail","result":{"status":-1,"name":"TypeError"}}],"passed":0,"errors":0,"failed":0,"skipped":0,"tests":0,"status":"pass","startTimestamp":1724301572974,"httpOutput":[],"endTimestamp":1724301574938,"timeMs":1964},"afterEach":{"time":"0.01600","assertions":[],"commands":[],"passed":0,"errors":0,"failed":0,"skipped":0,"tests":0,"status":"pass","startTimestamp":1724301574938,"httpOutput":[],"endTimestamp":1724301574954,"timeMs":16},"timeMs":1985,"endTimestamp":1724301574954},"__after_hook":{"time":"0.01500","assertions":[],"commands":[],"passed":0,"errors":0,"failed":0,"skipped":0,"tests":0,"status":"fail","startTimestamp":1724301574956,"httpOutput":[],"timeMs":15,"endTimestamp":1724301574971},"__global_afterEach_hook":{"time":"0.000","assertions":[],"commands":[],"passed":0,"errors":0,"failed":0,"skipped":0,"tests":0,"status":"fail","startTimestamp":1724301574971,"httpOutput":[],"timeMs":0,"endTimestamp":1724301574971}},"errmessages":[" \u001b[31m\u001b[1mError\u001b[22m\u001b[39m\n   \u001b[31mexpected 201 \"Created\", got 400 \"Bad Request\"\u001b[39m\n\u001b[33m\u001b[39m\n\u001b[33m    Error location:\u001b[39m\n    C:\\Users\\User\\Documents\\QA-Automation\\tests\\step_definitions\\api\\Add.js:151\n    –––––––––––––––––––––––––––––––––––––––––––––––––––––––––––––––––––––––––\n     149 |                     ]\n     150 |                 })\n    \u001b[41m\u001b[37m 151 |                 .expect(201) \u001b[39m\u001b[49m\n     152 |                 .expect('Content-Type', /json/)\n     153 |                 .then(function (response) {\n    –––––––––––––––––––––––––––––––––––––––––––––––––––––––––––––––––––––––––\n"],"testsCount":1,"skippedCount":1,"failedCount":0,"errorsCount":1,"passedCount":0,"group":"","modulePath":"C:\\Users\\User\\Documents\\QA-Automation\\tests\\step_definitions\\api\\Add.js","startTimestamp":"Thu, 22 Aug 2024 04:39:31 GMT","endTimestamp":"Thu, 22 Aug 2024 04:39:34 GMT","sessionCapabilities":{"browserName":"chrome","name":"API Tests"},"sessionId":"","projectName":"","buildName":"","testEnv":"api_testing","isMobile":false,"status":"fail","host":"localhost","name":"API Tests","tags":[],"tests":1,"failures":0,"errors":1,"httpOutput":[],"rawHttpOutput":[],"globalErrorRegister":["   \u001b[31m\u001b[1mError\u001b[22m\u001b[39m\n   \u001b[31mexpected 201 \"Created\", got 400 \"Bad Request\"\u001b[39m\n\u001b[33m\u001b[39m\n\u001b[33m    Error location:\u001b[39m\n    C:\\Users\\User\\Documents\\QA-Automation\\tests\\step_definitions\\api\\Add.js:151\n    –––––––––––––––––––––––––––––––––––––––––––––––––––––––––––––––––––––––––\n     149 |                     ]\n     150 |                 })\n    \u001b[41m\u001b[37m 151 |                 .expect(201) \u001b[39m\u001b[49m\n     152 |                 .expect('Content-Type', /json/)\n     153 |                 .then(function (response) {\n    –––––––––––––––––––––––––––––––––––––––––––––––––––––––––––––––––––––––––\n"," \u001b[31m\u001b[1mError\u001b[22m\u001b[39m\n   \u001b[31mexpected 201 \"Created\", got 400 \"Bad Request\"\u001b[39m\n\u001b[33m\u001b[39m\n\u001b[33m    Error location:\u001b[39m\n    C:\\Users\\User\\Documents\\QA-Automation\\tests\\step_definitions\\api\\Add.js:151\n    –––––––––––––––––––––––––––––––––––––––––––––––––––––––––––––––––––––––––\n     149 |                     ]\n     150 |                 })\n    \u001b[41m\u001b[37m 151 |                 .expect(201) \u001b[39m\u001b[49m\n     152 |                 .expect('Content-Type', /json/)\n     153 |                 .then(function (response) {\n    –––––––––––––––––––––––––––––––––––––––––––––––––––––––––––––––––––––––––\n"]}