{"reportPrefix":"","assertionsCount":4,"lastError":{"name":"TypeError","displayed":true},"skippedAtRuntime":[],"skippedByUser":[],"skipped":[],"time":"6.509","timeMs":6509,"completed":{"post api test":{"time":"1.734","assertions":[{"name":"NightwatchAssertError","message":"Passed [ok]: .post('/oauth/v1/tokens').expect(200) ok","stackTrace":"","fullMsg":"Passed [ok]: .post('/oauth/v1/tokens').expect(200) ok","failure":false},{"name":"NightwatchAssertError","message":"Passed [ok]: .post('/oauth/v1/tokens').expect('Content-Type', /json/) ok","stackTrace":"","fullMsg":"Passed [ok]: .post('/oauth/v1/tokens').expect('Content-Type', /json/) ok","failure":false}],"commands":[],"passed":2,"errors":0,"failed":0,"skipped":0,"tests":2,"status":"pass","startTimestamp":"Wed, 21 Aug 2024 07:27:05 GMT","httpOutput":[],"steps":[],"stackTrace":"","testcases":{"post api test":{"time":"1.734","assertions":[{"name":"NightwatchAssertError","message":"Passed [ok]: .post('/oauth/v1/tokens').expect(200) ok","stackTrace":"","fullMsg":"Passed [ok]: .post('/oauth/v1/tokens').expect(200) ok","failure":false},{"name":"NightwatchAssertError","message":"Passed [ok]: .post('/oauth/v1/tokens').expect('Content-Type', /json/) ok","stackTrace":"","fullMsg":"Passed [ok]: .post('/oauth/v1/tokens').expect('Content-Type', /json/) ok","failure":false}],"tests":2,"commands":[],"passed":2,"errors":0,"failed":0,"skipped":0,"status":"pass","startTimestamp":"Wed, 21 Aug 2024 07:27:05 GMT","httpOutput":[],"steps":[],"stackTrace":"","timeMs":1734,"endTimestamp":"Wed, 21 Aug 2024 07:27:07 GMT"}},"timeMs":1734,"endTimestamp":"Wed, 21 Aug 2024 07:27:07 GMT"},"post api test after login using fake data":{"time":"1.519","assertions":[{"name":"NightwatchAssertError","message":"expected 201 \"Created\", got 400 \"Bad Request\"","stackTrace":"    at DescribeInstance.<anonymous> (C:\\Users\\User\\Documents\\QA-Automation\\tests\\step_definitions\\api\\Json.js:200:18)","fullMsg":"expected 201 \"Created\", got 400 \"Bad Request\"","failure":true},{"name":"TypeError","message":"Cannot read properties of undefined (reading 'split')","stackTrace":"TypeError: Cannot read properties of undefined (reading 'split')\n    at C:\\Users\\User\\Documents\\QA-Automation\\tests\\step_definitions\\api\\Json.js:205:53\n    at process.processTicksAndRejections (node:internal/process/task_queues:95:5)\n    at async DescribeInstance.<anonymous> (C:\\Users\\User\\Documents\\QA-Automation\\tests\\step_definitions\\api\\Json.js:62:13)","fullMsg":"Cannot read properties of undefined (reading 'split')","failure":"expected \"undefined\" but got: \"undefined\""}],"commands":[],"passed":0,"errors":0,"failed":2,"skipped":0,"tests":2,"status":"fail","startTimestamp":"Wed, 21 Aug 2024 07:27:07 GMT","httpOutput":[],"steps":[],"stackTrace":"TypeError: Cannot read properties of undefined (reading 'split')\n    at C:\\Users\\User\\Documents\\QA-Automation\\tests\\step_definitions\\api\\Json.js:205:53\n    at process.processTicksAndRejections (node:internal/process/task_queues:95:5)\n    at async DescribeInstance.<anonymous> (C:\\Users\\User\\Documents\\QA-Automation\\tests\\step_definitions\\api\\Json.js:62:13)","testcases":{"post api test":{"time":"1.734","assertions":[{"name":"NightwatchAssertError","message":"Passed [ok]: .post('/oauth/v1/tokens').expect(200) ok","stackTrace":"","fullMsg":"Passed [ok]: .post('/oauth/v1/tokens').expect(200) ok","failure":false},{"name":"NightwatchAssertError","message":"Passed [ok]: .post('/oauth/v1/tokens').expect('Content-Type', /json/) ok","stackTrace":"","fullMsg":"Passed [ok]: .post('/oauth/v1/tokens').expect('Content-Type', /json/) ok","failure":false}],"tests":2,"commands":[],"passed":2,"errors":0,"failed":0,"skipped":0,"status":"pass","startTimestamp":"Wed, 21 Aug 2024 07:27:05 GMT","httpOutput":[],"steps":[],"stackTrace":"","timeMs":1734,"endTimestamp":"Wed, 21 Aug 2024 07:27:07 GMT"},"post api test after login using fake data":{"time":"1.519","assertions":[{"name":"NightwatchAssertError","message":"expected 201 \"Created\", got 400 \"Bad Request\"","stackTrace":"    at DescribeInstance.<anonymous> (C:\\Users\\User\\Documents\\QA-Automation\\tests\\step_definitions\\api\\Json.js:200:18)","fullMsg":"expected 201 \"Created\", got 400 \"Bad Request\"","failure":true},{"name":"TypeError","message":"Cannot read properties of undefined (reading 'split')","stackTrace":"TypeError: Cannot read properties of undefined (reading 'split')\n    at C:\\Users\\User\\Documents\\QA-Automation\\tests\\step_definitions\\api\\Json.js:205:53\n    at process.processTicksAndRejections (node:internal/process/task_queues:95:5)\n    at async DescribeInstance.<anonymous> (C:\\Users\\User\\Documents\\QA-Automation\\tests\\step_definitions\\api\\Json.js:62:13)","fullMsg":"Cannot read properties of undefined (reading 'split')","failure":"expected \"undefined\" but got: \"undefined\""}],"tests":2,"commands":[],"passed":0,"errors":0,"failed":2,"skipped":0,"status":"fail","startTimestamp":"Wed, 21 Aug 2024 07:27:07 GMT","httpOutput":[],"steps":[],"stackTrace":"TypeError: Cannot read properties of undefined (reading 'split')\n    at C:\\Users\\User\\Documents\\QA-Automation\\tests\\step_definitions\\api\\Json.js:205:53\n    at process.processTicksAndRejections (node:internal/process/task_queues:95:5)\n    at async DescribeInstance.<anonymous> (C:\\Users\\User\\Documents\\QA-Automation\\tests\\step_definitions\\api\\Json.js:62:13)","lastError":{"name":"TypeError","displayed":true},"timeMs":1519,"endTimestamp":"Wed, 21 Aug 2024 07:27:09 GMT"}},"lastError":{"name":"TypeError","displayed":true},"timeMs":1519,"endTimestamp":"Wed, 21 Aug 2024 07:27:09 GMT"}},"completedSections":{"__global_beforeEach_hook":{"time":"0.002000","assertions":[],"commands":[],"passed":0,"errors":0,"failed":0,"skipped":0,"tests":0,"status":"pass","startTimestamp":1724225225773,"httpOutput":[],"timeMs":2,"endTimestamp":1724225225775},"__before_hook":{"time":"0.001000","assertions":[],"commands":[],"passed":0,"errors":0,"failed":0,"skipped":0,"tests":0,"status":"pass","startTimestamp":1724225225776,"httpOutput":[],"timeMs":1,"endTimestamp":1724225225777},"post api test":{"time":"1.734","assertions":[],"commands":[{"name":"assert.ok","args":[],"startTime":1724225227509,"endTime":1724225227511,"elapsedTime":2,"status":"pass","result":{}},{"name":"assert.ok","args":[],"startTime":1724225227511,"endTime":1724225227512,"elapsedTime":1,"status":"pass","result":{}}],"passed":0,"errors":0,"failed":0,"skipped":0,"tests":0,"status":"pass","startTimestamp":1724225225779,"httpOutput":[],"beforeEach":{"time":"0.000","assertions":[],"commands":[],"passed":0,"errors":0,"failed":0,"skipped":0,"tests":0,"status":"pass","startTimestamp":1724225225780,"httpOutput":[],"endTimestamp":1724225225780,"timeMs":0},"testcase":{"time":"1.715","assertions":[],"commands":[],"passed":0,"errors":0,"failed":0,"skipped":0,"tests":0,"status":"pass","startTimestamp":1724225225780,"httpOutput":[],"endTimestamp":1724225227495,"timeMs":1715},"afterEach":{"time":"0.01700","assertions":[],"commands":[{"name":"assert.ok","args":[],"startTime":1724225227509,"endTime":1724225227511,"elapsedTime":2,"status":"pass","result":{}},{"name":"assert.ok","args":[],"startTime":1724225227511,"endTime":1724225227512,"elapsedTime":1,"status":"pass","result":{}}],"passed":0,"errors":0,"failed":0,"skipped":0,"tests":0,"status":"pass","startTimestamp":1724225227495,"httpOutput":[],"endTimestamp":1724225227512,"timeMs":17},"timeMs":1734,"endTimestamp":1724225227513},"post api test after login using fake data":{"time":"1.519","assertions":[],"commands":[{"name":"assert.fail","args":[],"startTime":1724225228938,"endTime":1724225228947,"elapsedTime":9,"status":"fail","result":{"message":"expected 201 \"Created\", got 400 \"Bad Request\"","showDiff":false,"name":"NightwatchAssertError","abortOnFailure":true,"stack":"    at DescribeInstance.<anonymous> (C:\\Users\\User\\Documents\\QA-Automation\\tests\\step_definitions\\api\\Json.js:200:18)"}},{"name":"saveScreenshot","args":["\"C:\\\\Users\\\\User\\\\Documents\\\\QA-Automation\\\\Screenshots\\\\Json\\\\post-api-test-after-login-using-fake-data_FAILED_Aug-21-2024-125709-GMT+0530.png\"",null],"startTime":1724225229010,"endTime":1724225229025,"elapsedTime":15,"status":"fail","result":{"status":-1,"name":"TypeError"}}],"passed":0,"errors":0,"failed":0,"skipped":0,"tests":0,"status":"fail","startTimestamp":1724225227515,"httpOutput":[],"beforeEach":{"time":"0.01500","assertions":[],"commands":[],"passed":0,"errors":0,"failed":0,"skipped":0,"tests":0,"status":"pass","startTimestamp":1724225227515,"httpOutput":[],"endTimestamp":1724225227530,"timeMs":15},"testcase":{"time":"1.496","assertions":[],"commands":[{"name":"assert.fail","args":[],"startTime":1724225228938,"endTime":1724225228947,"elapsedTime":9,"status":"fail","result":{"message":"expected 201 \"Created\", got 400 \"Bad Request\"","showDiff":false,"name":"NightwatchAssertError","abortOnFailure":true,"stack":"    at DescribeInstance.<anonymous> (C:\\Users\\User\\Documents\\QA-Automation\\tests\\step_definitions\\api\\Json.js:200:18)"}},{"name":"saveScreenshot","args":["\"C:\\\\Users\\\\User\\\\Documents\\\\QA-Automation\\\\Screenshots\\\\Json\\\\post-api-test-after-login-using-fake-data_FAILED_Aug-21-2024-125709-GMT+0530.png\"",null],"startTime":1724225229010,"endTime":1724225229025,"elapsedTime":15,"status":"fail","result":{"status":-1,"name":"TypeError"}}],"passed":0,"errors":0,"failed":0,"skipped":0,"tests":0,"status":"pass","startTimestamp":1724225227530,"httpOutput":[],"endTimestamp":1724225229026,"timeMs":1496},"afterEach":{"time":"0.007000","assertions":[],"commands":[],"passed":0,"errors":0,"failed":0,"skipped":0,"tests":0,"status":"pass","startTimestamp":1724225229026,"httpOutput":[],"endTimestamp":1724225229033,"timeMs":7},"timeMs":1519,"endTimestamp":1724225229034},"__after_hook":{"time":"0.000","assertions":[],"commands":[],"passed":0,"errors":0,"failed":0,"skipped":0,"tests":0,"status":"fail","startTimestamp":1724225229036,"httpOutput":[],"timeMs":0,"endTimestamp":1724225229036},"__global_afterEach_hook":{"time":"0.000","assertions":[],"commands":[],"passed":0,"errors":0,"failed":0,"skipped":0,"tests":0,"status":"fail","startTimestamp":1724225229037,"httpOutput":[],"timeMs":0,"endTimestamp":1724225229037}},"errmessages":[],"testsCount":2,"skippedCount":0,"failedCount":2,"errorsCount":0,"passedCount":2,"group":"","modulePath":"C:\\Users\\User\\Documents\\QA-Automation\\tests\\step_definitions\\api\\Json.js","startTimestamp":"Wed, 21 Aug 2024 07:27:05 GMT","endTimestamp":"Wed, 21 Aug 2024 07:27:09 GMT","sessionCapabilities":{"browserName":"chrome","name":"API Auth Token"},"sessionId":"","projectName":"","buildName":"","testEnv":"api_testing","isMobile":false,"status":"fail","host":"localhost","name":"API Auth Token","tags":[],"tests":2,"failures":2,"errors":0,"httpOutput":[],"rawHttpOutput":[],"globalErrorRegister":["   \u001b[31m\u001b[1m✖\u001b[22m\u001b[39m \u001b[31m\u001b[1mTypeError\u001b[22m\u001b[39m\n   \u001b[31mCannot read properties of undefined (reading 'split')\u001b[39m\n\u001b[33m\u001b[39m\n\u001b[33m    Error location:\u001b[39m\n    C:\\Users\\User\\Documents\\QA-Automation\\tests\\step_definitions\\api\\Json.js:205\n    ––––––––––––––––––––––––––––––––––––––––––––––––––––––––––––––––––––––––––\n     203 |                     console.log(response);\n     204 |                     const locationHeader = response.headers.location;\n    \u001b[41m\u001b[37m 205 |                     const urlParts = locationHeader.split('/'); \u001b[39m\u001b[49m\n     206 |                     reservationId = urlParts[urlParts.length - 1];\n     207 |                     console.log(\"Reservation created successfully, Reservation ID:\", reservationId);\n    ––––––––––––––––––––––––––––––––––––––––––––––––––––––––––––––––––––––––––\n\n\u001b[33m    Stack Trace :\u001b[39m\n\u001b[90m    at C:\\Users\\User\\Documents\\QA-Automation\\tests\\step_definitions\\api\\Json.js:205:53\u001b[39m\n\u001b[90m    at process.processTicksAndRejections (node:internal/process/task_queues:95:5)\u001b[39m\n\u001b[90m    at async DescribeInstance.<anonymous> (C:\\Users\\User\\Documents\\QA-Automation\\tests\\step_definitions\\api\\Json.js:62:13)\u001b[39m\n"]}