{"reportPrefix":"","assertionsCount":4,"lastError":{"name":"TypeError","displayed":true},"skippedAtRuntime":[],"skippedByUser":[],"skipped":[],"time":"18.57","timeMs":18569,"completed":{"post api test":{"time":"2.018","assertions":[{"name":"NightwatchAssertError","message":"Passed [ok]: .post('/oauth/v1/tokens').expect(200) ok","stackTrace":"","fullMsg":"Passed [ok]: .post('/oauth/v1/tokens').expect(200) ok","failure":false},{"name":"NightwatchAssertError","message":"Passed [ok]: .post('/oauth/v1/tokens').expect('Content-Type', /json/) ok","stackTrace":"","fullMsg":"Passed [ok]: .post('/oauth/v1/tokens').expect('Content-Type', /json/) ok","failure":false}],"commands":[],"passed":2,"errors":0,"failed":0,"skipped":0,"tests":2,"status":"pass","startTimestamp":"Wed, 21 Aug 2024 07:15:01 GMT","httpOutput":[],"steps":[],"stackTrace":"","testcases":{"post api test":{"time":"2.018","assertions":[{"name":"NightwatchAssertError","message":"Passed [ok]: .post('/oauth/v1/tokens').expect(200) ok","stackTrace":"","fullMsg":"Passed [ok]: .post('/oauth/v1/tokens').expect(200) ok","failure":false},{"name":"NightwatchAssertError","message":"Passed [ok]: .post('/oauth/v1/tokens').expect('Content-Type', /json/) ok","stackTrace":"","fullMsg":"Passed [ok]: .post('/oauth/v1/tokens').expect('Content-Type', /json/) ok","failure":false}],"tests":2,"commands":[],"passed":2,"errors":0,"failed":0,"skipped":0,"status":"pass","startTimestamp":"Wed, 21 Aug 2024 07:15:01 GMT","httpOutput":[],"steps":[],"stackTrace":"","timeMs":2018,"endTimestamp":"Wed, 21 Aug 2024 07:15:03 GMT"}},"timeMs":2018,"endTimestamp":"Wed, 21 Aug 2024 07:15:03 GMT"},"post api test after login":{"time":"7.262","assertions":[{"name":"NightwatchAssertError","message":"expected 201 \"Created\", got 403 \"Forbidden\"","stackTrace":"    at DescribeInstance.<anonymous> (C:\\Users\\User\\Documents\\QA-Automation\\tests\\step_definitions\\api\\Json.js:203:22)","fullMsg":"expected 201 \"Created\", got 403 \"Forbidden\"","failure":true},{"name":"TypeError","message":"Cannot read properties of undefined (reading 'split')","stackTrace":"TypeError: Cannot read properties of undefined (reading 'split')\n    at C:\\Users\\User\\Documents\\QA-Automation\\tests\\step_definitions\\api\\Json.js:208:57\n    at process.processTicksAndRejections (node:internal/process/task_queues:95:5)\n    at async DescribeInstance.<anonymous> (C:\\Users\\User\\Documents\\QA-Automation\\tests\\step_definitions\\api\\Json.js:65:17)","fullMsg":"Cannot read properties of undefined (reading 'split')","failure":"expected \"undefined\" but got: \"undefined\""}],"commands":[],"passed":0,"errors":0,"failed":2,"skipped":0,"tests":2,"status":"fail","startTimestamp":"Wed, 21 Aug 2024 07:15:03 GMT","httpOutput":[],"steps":[],"stackTrace":"TypeError: Cannot read properties of undefined (reading 'split')\n    at C:\\Users\\User\\Documents\\QA-Automation\\tests\\step_definitions\\api\\Json.js:208:57\n    at process.processTicksAndRejections (node:internal/process/task_queues:95:5)\n    at async DescribeInstance.<anonymous> (C:\\Users\\User\\Documents\\QA-Automation\\tests\\step_definitions\\api\\Json.js:65:17)","testcases":{"post api test":{"time":"2.018","assertions":[{"name":"NightwatchAssertError","message":"Passed [ok]: .post('/oauth/v1/tokens').expect(200) ok","stackTrace":"","fullMsg":"Passed [ok]: .post('/oauth/v1/tokens').expect(200) ok","failure":false},{"name":"NightwatchAssertError","message":"Passed [ok]: .post('/oauth/v1/tokens').expect('Content-Type', /json/) ok","stackTrace":"","fullMsg":"Passed [ok]: .post('/oauth/v1/tokens').expect('Content-Type', /json/) ok","failure":false}],"tests":2,"commands":[],"passed":2,"errors":0,"failed":0,"skipped":0,"status":"pass","startTimestamp":"Wed, 21 Aug 2024 07:15:01 GMT","httpOutput":[],"steps":[],"stackTrace":"","timeMs":2018,"endTimestamp":"Wed, 21 Aug 2024 07:15:03 GMT"},"post api test after login":{"time":"7.262","assertions":[{"name":"NightwatchAssertError","message":"expected 201 \"Created\", got 403 \"Forbidden\"","stackTrace":"    at DescribeInstance.<anonymous> (C:\\Users\\User\\Documents\\QA-Automation\\tests\\step_definitions\\api\\Json.js:203:22)","fullMsg":"expected 201 \"Created\", got 403 \"Forbidden\"","failure":true},{"name":"TypeError","message":"Cannot read properties of undefined (reading 'split')","stackTrace":"TypeError: Cannot read properties of undefined (reading 'split')\n    at C:\\Users\\User\\Documents\\QA-Automation\\tests\\step_definitions\\api\\Json.js:208:57\n    at process.processTicksAndRejections (node:internal/process/task_queues:95:5)\n    at async DescribeInstance.<anonymous> (C:\\Users\\User\\Documents\\QA-Automation\\tests\\step_definitions\\api\\Json.js:65:17)","fullMsg":"Cannot read properties of undefined (reading 'split')","failure":"expected \"undefined\" but got: \"undefined\""}],"tests":2,"commands":[],"passed":0,"errors":0,"failed":2,"skipped":0,"status":"fail","startTimestamp":"Wed, 21 Aug 2024 07:15:03 GMT","httpOutput":[],"steps":[],"stackTrace":"TypeError: Cannot read properties of undefined (reading 'split')\n    at C:\\Users\\User\\Documents\\QA-Automation\\tests\\step_definitions\\api\\Json.js:208:57\n    at process.processTicksAndRejections (node:internal/process/task_queues:95:5)\n    at async DescribeInstance.<anonymous> (C:\\Users\\User\\Documents\\QA-Automation\\tests\\step_definitions\\api\\Json.js:65:17)","lastError":{"name":"TypeError","displayed":true},"timeMs":7262,"endTimestamp":"Wed, 21 Aug 2024 07:15:10 GMT"}},"lastError":{"name":"TypeError","displayed":true},"timeMs":7262,"endTimestamp":"Wed, 21 Aug 2024 07:15:10 GMT"}},"completedSections":{"__global_beforeEach_hook":{"time":"0.001000","assertions":[],"commands":[],"passed":0,"errors":0,"failed":0,"skipped":0,"tests":0,"status":"pass","startTimestamp":1724224501000,"httpOutput":[],"timeMs":1,"endTimestamp":1724224501001},"__before_hook":{"time":"0.000","assertions":[],"commands":[],"passed":0,"errors":0,"failed":0,"skipped":0,"tests":0,"status":"pass","startTimestamp":1724224501002,"httpOutput":[],"timeMs":0,"endTimestamp":1724224501002},"post api test":{"time":"2.017","assertions":[],"commands":[{"name":"assert.ok","args":[],"startTime":1724224503016,"endTime":1724224503019,"elapsedTime":3,"status":"pass","result":{}},{"name":"assert.ok","args":[],"startTime":1724224503020,"endTime":1724224503021,"elapsedTime":1,"status":"pass","result":{}}],"passed":0,"errors":0,"failed":0,"skipped":0,"tests":0,"status":"pass","startTimestamp":1724224501004,"httpOutput":[],"beforeEach":{"time":"0.000","assertions":[],"commands":[],"passed":0,"errors":0,"failed":0,"skipped":0,"tests":0,"status":"pass","startTimestamp":1724224501004,"httpOutput":[],"endTimestamp":1724224501004,"timeMs":0},"testcase":{"time":"2.009","assertions":[],"commands":[],"passed":0,"errors":0,"failed":0,"skipped":0,"tests":0,"status":"pass","startTimestamp":1724224501004,"httpOutput":[],"endTimestamp":1724224503013,"timeMs":2009},"afterEach":{"time":"0.008000","assertions":[],"commands":[{"name":"assert.ok","args":[],"startTime":1724224503016,"endTime":1724224503019,"elapsedTime":3,"status":"pass","result":{}},{"name":"assert.ok","args":[],"startTime":1724224503020,"endTime":1724224503021,"elapsedTime":1,"status":"pass","result":{}}],"passed":0,"errors":0,"failed":0,"skipped":0,"tests":0,"status":"pass","startTimestamp":1724224503013,"httpOutput":[],"endTimestamp":1724224503021,"timeMs":8},"timeMs":2017,"endTimestamp":1724224503021},"post api test after login":{"time":"7.262","assertions":[],"commands":[{"name":"assert.fail","args":[],"startTime":1724224510180,"endTime":1724224510186,"elapsedTime":6,"status":"fail","result":{"message":"expected 201 \"Created\", got 403 \"Forbidden\"","showDiff":false,"name":"NightwatchAssertError","abortOnFailure":true,"stack":"    at DescribeInstance.<anonymous> (C:\\Users\\User\\Documents\\QA-Automation\\tests\\step_definitions\\api\\Json.js:203:22)"}},{"name":"saveScreenshot","args":["\"C:\\\\Users\\\\User\\\\Documents\\\\QA-Automation\\\\Screenshots\\\\Json\\\\post-api-test-after-login_FAILED_Aug-21-2024-124510-GMT+0530.png\"",null],"startTime":1724224510268,"endTime":1724224510285,"elapsedTime":17,"status":"fail","result":{"status":-1,"name":"TypeError"}}],"passed":0,"errors":0,"failed":0,"skipped":0,"tests":0,"status":"fail","startTimestamp":1724224503024,"httpOutput":[],"beforeEach":{"time":"0.01200","assertions":[],"commands":[],"passed":0,"errors":0,"failed":0,"skipped":0,"tests":0,"status":"pass","startTimestamp":1724224503024,"httpOutput":[],"endTimestamp":1724224503036,"timeMs":12},"testcase":{"time":"7.249","assertions":[],"commands":[{"name":"assert.fail","args":[],"startTime":1724224510180,"endTime":1724224510186,"elapsedTime":6,"status":"fail","result":{"message":"expected 201 \"Created\", got 403 \"Forbidden\"","showDiff":false,"name":"NightwatchAssertError","abortOnFailure":true,"stack":"    at DescribeInstance.<anonymous> (C:\\Users\\User\\Documents\\QA-Automation\\tests\\step_definitions\\api\\Json.js:203:22)"}},{"name":"saveScreenshot","args":["\"C:\\\\Users\\\\User\\\\Documents\\\\QA-Automation\\\\Screenshots\\\\Json\\\\post-api-test-after-login_FAILED_Aug-21-2024-124510-GMT+0530.png\"",null],"startTime":1724224510268,"endTime":1724224510285,"elapsedTime":17,"status":"fail","result":{"status":-1,"name":"TypeError"}}],"passed":0,"errors":0,"failed":0,"skipped":0,"tests":0,"status":"pass","startTimestamp":1724224503036,"httpOutput":[],"endTimestamp":1724224510285,"timeMs":7249},"afterEach":{"time":"0.001000","assertions":[],"commands":[],"passed":0,"errors":0,"failed":0,"skipped":0,"tests":0,"status":"pass","startTimestamp":1724224510285,"httpOutput":[],"endTimestamp":1724224510286,"timeMs":1},"timeMs":7262,"endTimestamp":1724224510286},"__after_hook":{"time":"0.009000","assertions":[],"commands":[],"passed":0,"errors":0,"failed":0,"skipped":0,"tests":0,"status":"fail","startTimestamp":1724224510289,"httpOutput":[],"timeMs":9,"endTimestamp":1724224510298},"__global_afterEach_hook":{"time":"0.000","assertions":[],"commands":[],"passed":0,"errors":0,"failed":0,"skipped":0,"tests":0,"status":"fail","startTimestamp":1724224510299,"httpOutput":[],"timeMs":0,"endTimestamp":1724224510299}},"errmessages":[],"testsCount":2,"skippedCount":0,"failedCount":2,"errorsCount":0,"passedCount":2,"group":"","modulePath":"C:\\Users\\User\\Documents\\QA-Automation\\tests\\step_definitions\\api\\Json.js","startTimestamp":"Wed, 21 Aug 2024 07:15:00 GMT","endTimestamp":"Wed, 21 Aug 2024 07:15:10 GMT","sessionCapabilities":{"browserName":"chrome","name":"API Auth Token"},"sessionId":"","projectName":"","buildName":"","testEnv":"api_testing","isMobile":false,"status":"fail","host":"localhost","name":"API Auth Token","tags":[],"tests":2,"failures":2,"errors":0,"httpOutput":[],"rawHttpOutput":[],"globalErrorRegister":["   \u001b[31m\u001b[1m✖\u001b[22m\u001b[39m \u001b[31m\u001b[1mTypeError\u001b[22m\u001b[39m\n   \u001b[31mCannot read properties of undefined (reading 'split')\u001b[39m\n\u001b[33m\u001b[39m\n\u001b[33m    Error location:\u001b[39m\n    C:\\Users\\User\\Documents\\QA-Automation\\tests\\step_definitions\\api\\Json.js:208\n    ––––––––––––––––––––––––––––––––––––––––––––––––––––––––––––––––––––––––––\n     206 |                         console.log(response);\n     207 |                         const locationHeader = response.headers.location;\n    \u001b[41m\u001b[37m 208 |                         const urlParts = locationHeader.split('/'); \u001b[39m\u001b[49m\n     209 |                         reservationId = urlParts[urlParts.length - 1];\n     210 |                         console.log(\"Reservation created successfully, Reservation ID:\", reservationId);\n    ––––––––––––––––––––––––––––––––––––––––––––––––––––––––––––––––––––––––––\n\n\u001b[33m    Stack Trace :\u001b[39m\n\u001b[90m    at C:\\Users\\User\\Documents\\QA-Automation\\tests\\step_definitions\\api\\Json.js:208:57\u001b[39m\n\u001b[90m    at process.processTicksAndRejections (node:internal/process/task_queues:95:5)\u001b[39m\n\u001b[90m    at async DescribeInstance.<anonymous> (C:\\Users\\User\\Documents\\QA-Automation\\tests\\step_definitions\\api\\Json.js:65:17)\u001b[39m\n"]}