{"reportPrefix":"","assertionsCount":4,"lastError":{"name":"ReferenceError","displayed":true},"skippedAtRuntime":[],"skippedByUser":[],"skipped":[],"time":"10.12","timeMs":10120,"completed":{"post api test":{"time":"1.348","assertions":[{"name":"NightwatchAssertError","message":"Passed [ok]: .post('/oauth/v1/tokens').expect(200) ok","stackTrace":"","fullMsg":"Passed [ok]: .post('/oauth/v1/tokens').expect(200) ok","failure":false},{"name":"NightwatchAssertError","message":"Passed [ok]: .post('/oauth/v1/tokens').expect('Content-Type', /json/) ok","stackTrace":"","fullMsg":"Passed [ok]: .post('/oauth/v1/tokens').expect('Content-Type', /json/) ok","failure":false}],"commands":[],"passed":2,"errors":0,"failed":0,"skipped":0,"tests":2,"status":"pass","startTimestamp":"Wed, 21 Aug 2024 09:31:38 GMT","httpOutput":[],"steps":[],"stackTrace":"","testcases":{"post api test":{"time":"1.348","assertions":[{"name":"NightwatchAssertError","message":"Passed [ok]: .post('/oauth/v1/tokens').expect(200) ok","stackTrace":"","fullMsg":"Passed [ok]: .post('/oauth/v1/tokens').expect(200) ok","failure":false},{"name":"NightwatchAssertError","message":"Passed [ok]: .post('/oauth/v1/tokens').expect('Content-Type', /json/) ok","stackTrace":"","fullMsg":"Passed [ok]: .post('/oauth/v1/tokens').expect('Content-Type', /json/) ok","failure":false}],"tests":2,"commands":[],"passed":2,"errors":0,"failed":0,"skipped":0,"status":"pass","startTimestamp":"Wed, 21 Aug 2024 09:31:38 GMT","httpOutput":[],"steps":[],"stackTrace":"","timeMs":1348,"endTimestamp":"Wed, 21 Aug 2024 09:31:40 GMT"}},"timeMs":1348,"endTimestamp":"Wed, 21 Aug 2024 09:31:40 GMT"},"post api test after login using fake data":{"time":"3.623","assertions":[{"name":"NightwatchAssertError","message":"Passed [ok]: .post('/rsv/v1/hotels/GRVZA/reservations').expect(201) ok","stackTrace":"","fullMsg":"Passed [ok]: .post('/rsv/v1/hotels/GRVZA/reservations').expect(201) ok","failure":false},{"name":"NightwatchAssertError","message":"Passed [ok]: .post('/rsv/v1/hotels/GRVZA/reservations').expect('Content-Type', /json/) ok","stackTrace":"","fullMsg":"Passed [ok]: .post('/rsv/v1/hotels/GRVZA/reservations').expect('Content-Type', /json/) ok","failure":false}],"commands":[],"passed":2,"errors":0,"failed":0,"skipped":0,"tests":2,"status":"pass","startTimestamp":"Wed, 21 Aug 2024 09:31:40 GMT","httpOutput":[],"steps":[],"stackTrace":"","testcases":{"post api test":{"time":"1.348","assertions":[{"name":"NightwatchAssertError","message":"Passed [ok]: .post('/oauth/v1/tokens').expect(200) ok","stackTrace":"","fullMsg":"Passed [ok]: .post('/oauth/v1/tokens').expect(200) ok","failure":false},{"name":"NightwatchAssertError","message":"Passed [ok]: .post('/oauth/v1/tokens').expect('Content-Type', /json/) ok","stackTrace":"","fullMsg":"Passed [ok]: .post('/oauth/v1/tokens').expect('Content-Type', /json/) ok","failure":false}],"tests":2,"commands":[],"passed":2,"errors":0,"failed":0,"skipped":0,"status":"pass","startTimestamp":"Wed, 21 Aug 2024 09:31:38 GMT","httpOutput":[],"steps":[],"stackTrace":"","timeMs":1348,"endTimestamp":"Wed, 21 Aug 2024 09:31:40 GMT"},"post api test after login using fake data":{"time":"3.623","assertions":[{"name":"NightwatchAssertError","message":"Passed [ok]: .post('/rsv/v1/hotels/GRVZA/reservations').expect(201) ok","stackTrace":"","fullMsg":"Passed [ok]: .post('/rsv/v1/hotels/GRVZA/reservations').expect(201) ok","failure":false},{"name":"NightwatchAssertError","message":"Passed [ok]: .post('/rsv/v1/hotels/GRVZA/reservations').expect('Content-Type', /json/) ok","stackTrace":"","fullMsg":"Passed [ok]: .post('/rsv/v1/hotels/GRVZA/reservations').expect('Content-Type', /json/) ok","failure":false}],"tests":2,"commands":[],"passed":2,"errors":0,"failed":0,"skipped":0,"status":"pass","startTimestamp":"Wed, 21 Aug 2024 09:31:40 GMT","httpOutput":[],"steps":[],"stackTrace":"","timeMs":3623,"endTimestamp":"Wed, 21 Aug 2024 09:31:43 GMT"}},"timeMs":3623,"endTimestamp":"Wed, 21 Aug 2024 09:31:43 GMT"},"GET Reservation OHIP":{"time":"0.08500","assertions":[],"commands":[],"passed":0,"errors":1,"failed":0,"skipped":0,"tests":0,"status":"fail","startTimestamp":"Wed, 21 Aug 2024 09:31:43 GMT","httpOutput":[],"steps":[],"stackTrace":"ReferenceError: authToken1 is not defined\n    at DescribeInstance.<anonymous> (C:\\Users\\User\\Documents\\QA-Automation\\tests\\step_definitions\\api\\FakerJson.js:230:51)\n    at Context.call (C:\\Users\\User\\Documents\\QA-Automation\\node_modules\\nightwatch\\lib\\testsuite\\context.js:515:35)\n    at TestCase.run (C:\\Users\\User\\Documents\\QA-Automation\\node_modules\\nightwatch\\lib\\testsuite\\testcase.js:58:31)\n    at Runnable.__runFn (C:\\Users\\User\\Documents\\QA-Automation\\node_modules\\nightwatch\\lib\\testsuite\\index.js:839:80)\n    at Runnable.run (C:\\Users\\User\\Documents\\QA-Automation\\node_modules\\nightwatch\\lib\\testsuite\\runnable.js:126:21)\n    at TestSuite.executeRunnable (C:\\Users\\User\\Documents\\QA-Automation\\node_modules\\nightwatch\\lib\\testsuite\\index.js:1000:49)\n    at TestSuite.handleRunnable (C:\\Users\\User\\Documents\\QA-Automation\\node_modules\\nightwatch\\lib\\testsuite\\index.js:1015:33)\n    at C:\\Users\\User\\Documents\\QA-Automation\\node_modules\\nightwatch\\lib\\testsuite\\index.js:839:21\n    at runNextTicks (node:internal/process/task_queues:60:5)\n    at process.processTimers (node:internal/timers:511:9)","testcases":{"post api test":{"time":"1.348","assertions":[{"name":"NightwatchAssertError","message":"Passed [ok]: .post('/oauth/v1/tokens').expect(200) ok","stackTrace":"","fullMsg":"Passed [ok]: .post('/oauth/v1/tokens').expect(200) ok","failure":false},{"name":"NightwatchAssertError","message":"Passed [ok]: .post('/oauth/v1/tokens').expect('Content-Type', /json/) ok","stackTrace":"","fullMsg":"Passed [ok]: .post('/oauth/v1/tokens').expect('Content-Type', /json/) ok","failure":false}],"tests":2,"commands":[],"passed":2,"errors":0,"failed":0,"skipped":0,"status":"pass","startTimestamp":"Wed, 21 Aug 2024 09:31:38 GMT","httpOutput":[],"steps":[],"stackTrace":"","timeMs":1348,"endTimestamp":"Wed, 21 Aug 2024 09:31:40 GMT"},"post api test after login using fake data":{"time":"3.623","assertions":[{"name":"NightwatchAssertError","message":"Passed [ok]: .post('/rsv/v1/hotels/GRVZA/reservations').expect(201) ok","stackTrace":"","fullMsg":"Passed [ok]: .post('/rsv/v1/hotels/GRVZA/reservations').expect(201) ok","failure":false},{"name":"NightwatchAssertError","message":"Passed [ok]: .post('/rsv/v1/hotels/GRVZA/reservations').expect('Content-Type', /json/) ok","stackTrace":"","fullMsg":"Passed [ok]: .post('/rsv/v1/hotels/GRVZA/reservations').expect('Content-Type', /json/) ok","failure":false}],"tests":2,"commands":[],"passed":2,"errors":0,"failed":0,"skipped":0,"status":"pass","startTimestamp":"Wed, 21 Aug 2024 09:31:40 GMT","httpOutput":[],"steps":[],"stackTrace":"","timeMs":3623,"endTimestamp":"Wed, 21 Aug 2024 09:31:43 GMT"},"GET Reservation OHIP":{"time":"0.08500","assertions":[],"tests":0,"commands":[],"passed":0,"errors":1,"failed":0,"skipped":0,"status":"fail","startTimestamp":"Wed, 21 Aug 2024 09:31:43 GMT","httpOutput":[],"steps":[],"stackTrace":"ReferenceError: authToken1 is not defined\n    at DescribeInstance.<anonymous> (C:\\Users\\User\\Documents\\QA-Automation\\tests\\step_definitions\\api\\FakerJson.js:230:51)\n    at Context.call (C:\\Users\\User\\Documents\\QA-Automation\\node_modules\\nightwatch\\lib\\testsuite\\context.js:515:35)\n    at TestCase.run (C:\\Users\\User\\Documents\\QA-Automation\\node_modules\\nightwatch\\lib\\testsuite\\testcase.js:58:31)\n    at Runnable.__runFn (C:\\Users\\User\\Documents\\QA-Automation\\node_modules\\nightwatch\\lib\\testsuite\\index.js:839:80)\n    at Runnable.run (C:\\Users\\User\\Documents\\QA-Automation\\node_modules\\nightwatch\\lib\\testsuite\\runnable.js:126:21)\n    at TestSuite.executeRunnable (C:\\Users\\User\\Documents\\QA-Automation\\node_modules\\nightwatch\\lib\\testsuite\\index.js:1000:49)\n    at TestSuite.handleRunnable (C:\\Users\\User\\Documents\\QA-Automation\\node_modules\\nightwatch\\lib\\testsuite\\index.js:1015:33)\n    at C:\\Users\\User\\Documents\\QA-Automation\\node_modules\\nightwatch\\lib\\testsuite\\index.js:839:21\n    at runNextTicks (node:internal/process/task_queues:60:5)\n    at process.processTimers (node:internal/timers:511:9)","lastError":{"name":"ReferenceError","displayed":true},"errorsPerTest":["authToken1 is not defined"],"timeMs":85,"endTimestamp":"Wed, 21 Aug 2024 09:31:43 GMT"}},"lastError":{"name":"ReferenceError","displayed":true},"errorsPerTest":["authToken1 is not defined"],"timeMs":85,"endTimestamp":"Wed, 21 Aug 2024 09:31:43 GMT"}},"completedSections":{"__global_beforeEach_hook":{"time":"0.001000","assertions":[],"commands":[],"passed":0,"errors":0,"failed":0,"skipped":0,"tests":0,"status":"pass","startTimestamp":1724232698680,"httpOutput":[],"timeMs":1,"endTimestamp":1724232698681},"__before_hook":{"time":"0.000","assertions":[],"commands":[],"passed":0,"errors":0,"failed":0,"skipped":0,"tests":0,"status":"pass","startTimestamp":1724232698681,"httpOutput":[],"timeMs":0,"endTimestamp":1724232698681},"post api test":{"time":"1.348","assertions":[],"commands":[{"name":"assert.ok","args":[],"startTime":1724232700027,"endTime":1724232700029,"elapsedTime":2,"status":"pass","result":{}},{"name":"assert.ok","args":[],"startTime":1724232700030,"endTime":1724232700030,"elapsedTime":0,"status":"pass","result":{}}],"passed":0,"errors":0,"failed":0,"skipped":0,"tests":0,"status":"pass","startTimestamp":1724232698683,"httpOutput":[],"beforeEach":{"time":"0.000","assertions":[],"commands":[],"passed":0,"errors":0,"failed":0,"skipped":0,"tests":0,"status":"pass","startTimestamp":1724232698684,"httpOutput":[],"endTimestamp":1724232698684,"timeMs":0},"testcase":{"time":"1.340","assertions":[],"commands":[],"passed":0,"errors":0,"failed":0,"skipped":0,"tests":0,"status":"pass","startTimestamp":1724232698684,"httpOutput":[],"endTimestamp":1724232700024,"timeMs":1340},"afterEach":{"time":"0.007000","assertions":[],"commands":[{"name":"assert.ok","args":[],"startTime":1724232700027,"endTime":1724232700029,"elapsedTime":2,"status":"pass","result":{}},{"name":"assert.ok","args":[],"startTime":1724232700030,"endTime":1724232700030,"elapsedTime":0,"status":"pass","result":{}}],"passed":0,"errors":0,"failed":0,"skipped":0,"tests":0,"status":"pass","startTimestamp":1724232700024,"httpOutput":[],"endTimestamp":1724232700031,"timeMs":7},"timeMs":1348,"endTimestamp":1724232700031},"post api test after login using fake data":{"time":"3.623","assertions":[],"commands":[{"name":"assert.ok","args":[],"startTime":1724232703655,"endTime":1724232703655,"elapsedTime":0,"status":"pass","result":{}},{"name":"assert.ok","args":[],"startTime":1724232703655,"endTime":1724232703656,"elapsedTime":1,"status":"pass","result":{}}],"passed":0,"errors":0,"failed":0,"skipped":0,"tests":0,"status":"pass","startTimestamp":1724232700033,"httpOutput":[],"beforeEach":{"time":"0.009000","assertions":[],"commands":[],"passed":0,"errors":0,"failed":0,"skipped":0,"tests":0,"status":"pass","startTimestamp":1724232700033,"httpOutput":[],"endTimestamp":1724232700042,"timeMs":9},"testcase":{"time":"3.603","assertions":[],"commands":[],"passed":0,"errors":0,"failed":0,"skipped":0,"tests":0,"status":"pass","startTimestamp":1724232700042,"httpOutput":[],"endTimestamp":1724232703645,"timeMs":3603},"afterEach":{"time":"0.01100","assertions":[],"commands":[{"name":"assert.ok","args":[],"startTime":1724232703655,"endTime":1724232703655,"elapsedTime":0,"status":"pass","result":{}},{"name":"assert.ok","args":[],"startTime":1724232703655,"endTime":1724232703656,"elapsedTime":1,"status":"pass","result":{}}],"passed":0,"errors":0,"failed":0,"skipped":0,"tests":0,"status":"pass","startTimestamp":1724232703645,"httpOutput":[],"endTimestamp":1724232703656,"timeMs":11},"timeMs":3623,"endTimestamp":1724232703656},"GET Reservation OHIP":{"time":"0.08600","assertions":[],"commands":[{"name":"saveScreenshot","args":["\"C:\\\\Users\\\\User\\\\Documents\\\\QA-Automation\\\\Screenshots\\\\FakerJson\\\\GET-Reservation-OHIP_FAILED_Aug-21-2024-150143-GMT+0530.png\"",null],"startTime":1724232703737,"endTime":1724232703743,"elapsedTime":6,"status":"fail","result":{"status":-1,"name":"TypeError"}}],"passed":0,"errors":0,"failed":0,"skipped":0,"tests":0,"status":"fail","startTimestamp":1724232703658,"httpOutput":[],"beforeEach":{"time":"0.01300","assertions":[],"commands":[],"passed":0,"errors":0,"failed":0,"skipped":0,"tests":0,"status":"pass","startTimestamp":1724232703658,"httpOutput":[],"endTimestamp":1724232703671,"timeMs":13},"testcase":{"time":"0.07200","assertions":[],"commands":[{"name":"saveScreenshot","args":["\"C:\\\\Users\\\\User\\\\Documents\\\\QA-Automation\\\\Screenshots\\\\FakerJson\\\\GET-Reservation-OHIP_FAILED_Aug-21-2024-150143-GMT+0530.png\"",null],"startTime":1724232703737,"endTime":1724232703743,"elapsedTime":6,"status":"fail","result":{"status":-1,"name":"TypeError"}}],"passed":0,"errors":0,"failed":0,"skipped":0,"tests":0,"status":"pass","startTimestamp":1724232703671,"httpOutput":[],"endTimestamp":1724232703743,"timeMs":72},"afterEach":{"time":"0.000","assertions":[],"commands":[],"passed":0,"errors":0,"failed":0,"skipped":0,"tests":0,"status":"pass","startTimestamp":1724232703743,"httpOutput":[],"endTimestamp":1724232703743,"timeMs":0},"timeMs":86,"endTimestamp":1724232703744},"__after_hook":{"time":"0.006000","assertions":[],"commands":[],"passed":0,"errors":0,"failed":0,"skipped":0,"tests":0,"status":"fail","startTimestamp":1724232703744,"httpOutput":[],"timeMs":6,"endTimestamp":1724232703750},"__global_afterEach_hook":{"time":"0.000","assertions":[],"commands":[],"passed":0,"errors":0,"failed":0,"skipped":0,"tests":0,"status":"fail","startTimestamp":1724232703750,"httpOutput":[],"timeMs":0,"endTimestamp":1724232703750}},"errmessages":[" \u001b[31m\u001b[1m✖\u001b[22m\u001b[39m \u001b[31m\u001b[1mReferenceError\u001b[22m\u001b[39m\n   \u001b[31mauthToken1 is not defined\u001b[39m\n\u001b[33m\u001b[39m\n\u001b[33m    Error location:\u001b[39m\n    C:\\Users\\User\\Documents\\QA-Automation\\tests\\step_definitions\\api\\FakerJson.js:230\n    –––––––––––––––––––––––––––––––––––––––––––––––––––––––––––––––––––––––––––––––\n     228 |                 .set('x-app-key', reservation['x-app-key1'])\n     229 |                 .set('bypass-routing', reservation['bypass-routing'])\n    \u001b[41m\u001b[37m 230 |                 .set('Authorization', 'Bearer ' + authToken1) \u001b[39m\u001b[49m\n     231 |                 .expect(200)\n     232 |                 .expect('Content-Type', /json/)\n    –––––––––––––––––––––––––––––––––––––––––––––––––––––––––––––––––––––––––––––––\n\n\u001b[33m    Stack Trace :\u001b[39m\n\u001b[90m    at DescribeInstance.<anonymous> (C:\\Users\\User\\Documents\\QA-Automation\\tests\\step_definitions\\api\\FakerJson.js:230:51)\u001b[39m\n\u001b[90m    at Context.call (C:\\Users\\User\\Documents\\QA-Automation\\node_modules\\nightwatch\\lib\\testsuite\\context.js:515:35)\u001b[39m\n\u001b[90m    at TestCase.run (C:\\Users\\User\\Documents\\QA-Automation\\node_modules\\nightwatch\\lib\\testsuite\\testcase.js:58:31)\u001b[39m\n\u001b[90m    at Runnable.__runFn (C:\\Users\\User\\Documents\\QA-Automation\\node_modules\\nightwatch\\lib\\testsuite\\index.js:839:80)\u001b[39m\n\u001b[90m    at Runnable.run (C:\\Users\\User\\Documents\\QA-Automation\\node_modules\\nightwatch\\lib\\testsuite\\runnable.js:126:21)\u001b[39m\n\u001b[90m    at TestSuite.executeRunnable (C:\\Users\\User\\Documents\\QA-Automation\\node_modules\\nightwatch\\lib\\testsuite\\index.js:1000:49)\u001b[39m\n\u001b[90m    at TestSuite.handleRunnable (C:\\Users\\User\\Documents\\QA-Automation\\node_modules\\nightwatch\\lib\\testsuite\\index.js:1015:33)\u001b[39m\n\u001b[90m    at C:\\Users\\User\\Documents\\QA-Automation\\node_modules\\nightwatch\\lib\\testsuite\\index.js:839:21\u001b[39m\n\u001b[90m    at runNextTicks (node:internal/process/task_queues:60:5)\u001b[39m\n\u001b[90m    at process.processTimers (node:internal/timers:511:9)\u001b[39m\n"],"testsCount":3,"skippedCount":0,"failedCount":0,"errorsCount":1,"passedCount":4,"group":"","modulePath":"C:\\Users\\User\\Documents\\QA-Automation\\tests\\step_definitions\\api\\FakerJson.js","startTimestamp":"Wed, 21 Aug 2024 09:31:38 GMT","endTimestamp":"Wed, 21 Aug 2024 09:31:43 GMT","sessionCapabilities":{"browserName":"chrome","name":"API Auth Token"},"sessionId":"","projectName":"","buildName":"","testEnv":"api_testing","isMobile":false,"status":"fail","host":"localhost","name":"API Auth Token","tags":[],"tests":3,"failures":0,"errors":1,"httpOutput":[],"rawHttpOutput":[],"globalErrorRegister":["   \u001b[31m\u001b[1m✖\u001b[22m\u001b[39m \u001b[31m\u001b[1mReferenceError\u001b[22m\u001b[39m\n   \u001b[31mauthToken1 is not defined\u001b[39m\n\u001b[33m\u001b[39m\n\u001b[33m    Error location:\u001b[39m\n    C:\\Users\\User\\Documents\\QA-Automation\\tests\\step_definitions\\api\\FakerJson.js:230\n    –––––––––––––––––––––––––––––––––––––––––––––––––––––––––––––––––––––––––––––––\n     228 |                 .set('x-app-key', reservation['x-app-key1'])\n     229 |                 .set('bypass-routing', reservation['bypass-routing'])\n    \u001b[41m\u001b[37m 230 |                 .set('Authorization', 'Bearer ' + authToken1) \u001b[39m\u001b[49m\n     231 |                 .expect(200)\n     232 |                 .expect('Content-Type', /json/)\n    –––––––––––––––––––––––––––––––––––––––––––––––––––––––––––––––––––––––––––––––\n\n\u001b[33m    Stack Trace :\u001b[39m\n\u001b[90m    at DescribeInstance.<anonymous> (C:\\Users\\User\\Documents\\QA-Automation\\tests\\step_definitions\\api\\FakerJson.js:230:51)\u001b[39m\n\u001b[90m    at Context.call (C:\\Users\\User\\Documents\\QA-Automation\\node_modules\\nightwatch\\lib\\testsuite\\context.js:515:35)\u001b[39m\n\u001b[90m    at TestCase.run (C:\\Users\\User\\Documents\\QA-Automation\\node_modules\\nightwatch\\lib\\testsuite\\testcase.js:58:31)\u001b[39m\n\u001b[90m    at Runnable.__runFn (C:\\Users\\User\\Documents\\QA-Automation\\node_modules\\nightwatch\\lib\\testsuite\\index.js:839:80)\u001b[39m\n\u001b[90m    at Runnable.run (C:\\Users\\User\\Documents\\QA-Automation\\node_modules\\nightwatch\\lib\\testsuite\\runnable.js:126:21)\u001b[39m\n\u001b[90m    at TestSuite.executeRunnable (C:\\Users\\User\\Documents\\QA-Automation\\node_modules\\nightwatch\\lib\\testsuite\\index.js:1000:49)\u001b[39m\n\u001b[90m    at TestSuite.handleRunnable (C:\\Users\\User\\Documents\\QA-Automation\\node_modules\\nightwatch\\lib\\testsuite\\index.js:1015:33)\u001b[39m\n\u001b[90m    at C:\\Users\\User\\Documents\\QA-Automation\\node_modules\\nightwatch\\lib\\testsuite\\index.js:839:21\u001b[39m\n\u001b[90m    at runNextTicks (node:internal/process/task_queues:60:5)\u001b[39m\n\u001b[90m    at process.processTimers (node:internal/timers:511:9)\u001b[39m\n"," \u001b[31m\u001b[1m✖\u001b[22m\u001b[39m \u001b[31m\u001b[1mReferenceError\u001b[22m\u001b[39m\n   \u001b[31mauthToken1 is not defined\u001b[39m\n\u001b[33m\u001b[39m\n\u001b[33m    Error location:\u001b[39m\n    C:\\Users\\User\\Documents\\QA-Automation\\tests\\step_definitions\\api\\FakerJson.js:230\n    –––––––––––––––––––––––––––––––––––––––––––––––––––––––––––––––––––––––––––––––\n     228 |                 .set('x-app-key', reservation['x-app-key1'])\n     229 |                 .set('bypass-routing', reservation['bypass-routing'])\n    \u001b[41m\u001b[37m 230 |                 .set('Authorization', 'Bearer ' + authToken1) \u001b[39m\u001b[49m\n     231 |                 .expect(200)\n     232 |                 .expect('Content-Type', /json/)\n    –––––––––––––––––––––––––––––––––––––––––––––––––––––––––––––––––––––––––––––––\n\n\u001b[33m    Stack Trace :\u001b[39m\n\u001b[90m    at DescribeInstance.<anonymous> (C:\\Users\\User\\Documents\\QA-Automation\\tests\\step_definitions\\api\\FakerJson.js:230:51)\u001b[39m\n\u001b[90m    at Context.call (C:\\Users\\User\\Documents\\QA-Automation\\node_modules\\nightwatch\\lib\\testsuite\\context.js:515:35)\u001b[39m\n\u001b[90m    at TestCase.run (C:\\Users\\User\\Documents\\QA-Automation\\node_modules\\nightwatch\\lib\\testsuite\\testcase.js:58:31)\u001b[39m\n\u001b[90m    at Runnable.__runFn (C:\\Users\\User\\Documents\\QA-Automation\\node_modules\\nightwatch\\lib\\testsuite\\index.js:839:80)\u001b[39m\n\u001b[90m    at Runnable.run (C:\\Users\\User\\Documents\\QA-Automation\\node_modules\\nightwatch\\lib\\testsuite\\runnable.js:126:21)\u001b[39m\n\u001b[90m    at TestSuite.executeRunnable (C:\\Users\\User\\Documents\\QA-Automation\\node_modules\\nightwatch\\lib\\testsuite\\index.js:1000:49)\u001b[39m\n\u001b[90m    at TestSuite.handleRunnable (C:\\Users\\User\\Documents\\QA-Automation\\node_modules\\nightwatch\\lib\\testsuite\\index.js:1015:33)\u001b[39m\n\u001b[90m    at C:\\Users\\User\\Documents\\QA-Automation\\node_modules\\nightwatch\\lib\\testsuite\\index.js:839:21\u001b[39m\n\u001b[90m    at runNextTicks (node:internal/process/task_queues:60:5)\u001b[39m\n\u001b[90m    at process.processTimers (node:internal/timers:511:9)\u001b[39m\n"]}