{"reportPrefix":"","assertionsCount":4,"lastError":{"name":"TypeError","displayed":true},"skippedAtRuntime":[],"skippedByUser":[],"skipped":[],"time":"18.95","timeMs":18953,"completed":{"post api test":{"time":"1.562","assertions":[{"name":"NightwatchAssertError","message":"Passed [ok]: .post('/oauth/v1/tokens').expect(200) ok","stackTrace":"","fullMsg":"Passed [ok]: .post('/oauth/v1/tokens').expect(200) ok","failure":false},{"name":"NightwatchAssertError","message":"Passed [ok]: .post('/oauth/v1/tokens').expect('Content-Type', /json/) ok","stackTrace":"","fullMsg":"Passed [ok]: .post('/oauth/v1/tokens').expect('Content-Type', /json/) ok","failure":false}],"commands":[],"passed":2,"errors":0,"failed":0,"skipped":0,"tests":2,"status":"pass","startTimestamp":"Tue, 20 Aug 2024 05:31:16 GMT","httpOutput":[],"steps":[],"stackTrace":"","testcases":{"post api test":{"time":"1.562","assertions":[{"name":"NightwatchAssertError","message":"Passed [ok]: .post('/oauth/v1/tokens').expect(200) ok","stackTrace":"","fullMsg":"Passed [ok]: .post('/oauth/v1/tokens').expect(200) ok","failure":false},{"name":"NightwatchAssertError","message":"Passed [ok]: .post('/oauth/v1/tokens').expect('Content-Type', /json/) ok","stackTrace":"","fullMsg":"Passed [ok]: .post('/oauth/v1/tokens').expect('Content-Type', /json/) ok","failure":false}],"tests":2,"commands":[],"passed":2,"errors":0,"failed":0,"skipped":0,"status":"pass","startTimestamp":"Tue, 20 Aug 2024 05:31:16 GMT","httpOutput":[],"steps":[],"stackTrace":"","timeMs":1562,"endTimestamp":"Tue, 20 Aug 2024 05:31:18 GMT"}},"timeMs":1562,"endTimestamp":"Tue, 20 Aug 2024 05:31:18 GMT"},"post api test after login":{"time":"7.909","assertions":[{"name":"NightwatchAssertError","message":"expected 201 \"Created\", got 403 \"Forbidden\"","stackTrace":"    at DescribeInstance.<anonymous> (C:\\Users\\User\\Documents\\QA-Automation\\tests\\step_definitions\\api\\New.js:193:6)","fullMsg":"expected 201 \"Created\", got 403 \"Forbidden\"","failure":true},{"name":"TypeError","message":"Cannot read properties of undefined (reading 'split')","stackTrace":"TypeError: Cannot read properties of undefined (reading 'split')\n    at C:\\Users\\User\\Documents\\QA-Automation\\tests\\step_definitions\\api\\New.js:198:39\n    at process.processTicksAndRejections (node:internal/process/task_queues:95:5)\n    at async DescribeInstance.<anonymous> (C:\\Users\\User\\Documents\\QA-Automation\\tests\\step_definitions\\api\\New.js:61:3)","fullMsg":"Cannot read properties of undefined (reading 'split')","failure":"expected \"undefined\" but got: \"undefined\""}],"commands":[],"passed":0,"errors":0,"failed":2,"skipped":0,"tests":2,"status":"fail","startTimestamp":"Tue, 20 Aug 2024 05:31:18 GMT","httpOutput":[],"steps":[],"stackTrace":"TypeError: Cannot read properties of undefined (reading 'split')\n    at C:\\Users\\User\\Documents\\QA-Automation\\tests\\step_definitions\\api\\New.js:198:39\n    at process.processTicksAndRejections (node:internal/process/task_queues:95:5)\n    at async DescribeInstance.<anonymous> (C:\\Users\\User\\Documents\\QA-Automation\\tests\\step_definitions\\api\\New.js:61:3)","testcases":{"post api test":{"time":"1.562","assertions":[{"name":"NightwatchAssertError","message":"Passed [ok]: .post('/oauth/v1/tokens').expect(200) ok","stackTrace":"","fullMsg":"Passed [ok]: .post('/oauth/v1/tokens').expect(200) ok","failure":false},{"name":"NightwatchAssertError","message":"Passed [ok]: .post('/oauth/v1/tokens').expect('Content-Type', /json/) ok","stackTrace":"","fullMsg":"Passed [ok]: .post('/oauth/v1/tokens').expect('Content-Type', /json/) ok","failure":false}],"tests":2,"commands":[],"passed":2,"errors":0,"failed":0,"skipped":0,"status":"pass","startTimestamp":"Tue, 20 Aug 2024 05:31:16 GMT","httpOutput":[],"steps":[],"stackTrace":"","timeMs":1562,"endTimestamp":"Tue, 20 Aug 2024 05:31:18 GMT"},"post api test after login":{"time":"7.909","assertions":[{"name":"NightwatchAssertError","message":"expected 201 \"Created\", got 403 \"Forbidden\"","stackTrace":"    at DescribeInstance.<anonymous> (C:\\Users\\User\\Documents\\QA-Automation\\tests\\step_definitions\\api\\New.js:193:6)","fullMsg":"expected 201 \"Created\", got 403 \"Forbidden\"","failure":true},{"name":"TypeError","message":"Cannot read properties of undefined (reading 'split')","stackTrace":"TypeError: Cannot read properties of undefined (reading 'split')\n    at C:\\Users\\User\\Documents\\QA-Automation\\tests\\step_definitions\\api\\New.js:198:39\n    at process.processTicksAndRejections (node:internal/process/task_queues:95:5)\n    at async DescribeInstance.<anonymous> (C:\\Users\\User\\Documents\\QA-Automation\\tests\\step_definitions\\api\\New.js:61:3)","fullMsg":"Cannot read properties of undefined (reading 'split')","failure":"expected \"undefined\" but got: \"undefined\""}],"tests":2,"commands":[],"passed":0,"errors":0,"failed":2,"skipped":0,"status":"fail","startTimestamp":"Tue, 20 Aug 2024 05:31:18 GMT","httpOutput":[],"steps":[],"stackTrace":"TypeError: Cannot read properties of undefined (reading 'split')\n    at C:\\Users\\User\\Documents\\QA-Automation\\tests\\step_definitions\\api\\New.js:198:39\n    at process.processTicksAndRejections (node:internal/process/task_queues:95:5)\n    at async DescribeInstance.<anonymous> (C:\\Users\\User\\Documents\\QA-Automation\\tests\\step_definitions\\api\\New.js:61:3)","lastError":{"name":"TypeError","displayed":true},"timeMs":7909,"endTimestamp":"Tue, 20 Aug 2024 05:31:26 GMT"}},"lastError":{"name":"TypeError","displayed":true},"timeMs":7909,"endTimestamp":"Tue, 20 Aug 2024 05:31:26 GMT"}},"completedSections":{"__global_beforeEach_hook":{"time":"0.001000","assertions":[],"commands":[],"passed":0,"errors":0,"failed":0,"skipped":0,"tests":0,"status":"pass","startTimestamp":1724131876601,"httpOutput":[],"timeMs":1,"endTimestamp":1724131876602},"__before_hook":{"time":"0.000","assertions":[],"commands":[],"passed":0,"errors":0,"failed":0,"skipped":0,"tests":0,"status":"pass","startTimestamp":1724131876602,"httpOutput":[],"timeMs":0,"endTimestamp":1724131876602},"post api test":{"time":"1.562","assertions":[],"commands":[{"name":"assert.ok","args":[],"startTime":1724131878162,"endTime":1724131878164,"elapsedTime":2,"status":"pass","result":{}},{"name":"assert.ok","args":[],"startTime":1724131878165,"endTime":1724131878166,"elapsedTime":1,"status":"pass","result":{}}],"passed":0,"errors":0,"failed":0,"skipped":0,"tests":0,"status":"pass","startTimestamp":1724131876604,"httpOutput":[],"beforeEach":{"time":"0.000","assertions":[],"commands":[],"passed":0,"errors":0,"failed":0,"skipped":0,"tests":0,"status":"pass","startTimestamp":1724131876604,"httpOutput":[],"endTimestamp":1724131876604,"timeMs":0},"testcase":{"time":"1.546","assertions":[],"commands":[],"passed":0,"errors":0,"failed":0,"skipped":0,"tests":0,"status":"pass","startTimestamp":1724131876604,"httpOutput":[],"endTimestamp":1724131878150,"timeMs":1546},"afterEach":{"time":"0.01600","assertions":[],"commands":[{"name":"assert.ok","args":[],"startTime":1724131878162,"endTime":1724131878164,"elapsedTime":2,"status":"pass","result":{}},{"name":"assert.ok","args":[],"startTime":1724131878165,"endTime":1724131878166,"elapsedTime":1,"status":"pass","result":{}}],"passed":0,"errors":0,"failed":0,"skipped":0,"tests":0,"status":"pass","startTimestamp":1724131878150,"httpOutput":[],"endTimestamp":1724131878166,"timeMs":16},"timeMs":1562,"endTimestamp":1724131878166},"post api test after login":{"time":"7.910","assertions":[],"commands":[{"name":"assert.fail","args":[],"startTime":1724131885981,"endTime":1724131885986,"elapsedTime":5,"status":"fail","result":{"message":"expected 201 \"Created\", got 403 \"Forbidden\"","showDiff":false,"name":"NightwatchAssertError","abortOnFailure":true,"stack":"    at DescribeInstance.<anonymous> (C:\\Users\\User\\Documents\\QA-Automation\\tests\\step_definitions\\api\\New.js:193:6)"}},{"name":"saveScreenshot","args":["\"C:\\\\Users\\\\User\\\\Documents\\\\QA-Automation\\\\Screenshots\\\\New\\\\post-api-test-after-login_FAILED_Aug-20-2024-110126-GMT+0530.png\"",null],"startTime":1724131886057,"endTime":1724131886070,"elapsedTime":13,"status":"fail","result":{"status":-1,"name":"TypeError"}}],"passed":0,"errors":0,"failed":0,"skipped":0,"tests":0,"status":"fail","startTimestamp":1724131878169,"httpOutput":[],"beforeEach":{"time":"0.008000","assertions":[],"commands":[],"passed":0,"errors":0,"failed":0,"skipped":0,"tests":0,"status":"pass","startTimestamp":1724131878169,"httpOutput":[],"endTimestamp":1724131878177,"timeMs":8},"testcase":{"time":"7.894","assertions":[],"commands":[{"name":"assert.fail","args":[],"startTime":1724131885981,"endTime":1724131885986,"elapsedTime":5,"status":"fail","result":{"message":"expected 201 \"Created\", got 403 \"Forbidden\"","showDiff":false,"name":"NightwatchAssertError","abortOnFailure":true,"stack":"    at DescribeInstance.<anonymous> (C:\\Users\\User\\Documents\\QA-Automation\\tests\\step_definitions\\api\\New.js:193:6)"}},{"name":"saveScreenshot","args":["\"C:\\\\Users\\\\User\\\\Documents\\\\QA-Automation\\\\Screenshots\\\\New\\\\post-api-test-after-login_FAILED_Aug-20-2024-110126-GMT+0530.png\"",null],"startTime":1724131886057,"endTime":1724131886070,"elapsedTime":13,"status":"fail","result":{"status":-1,"name":"TypeError"}}],"passed":0,"errors":0,"failed":0,"skipped":0,"tests":0,"status":"pass","startTimestamp":1724131878177,"httpOutput":[],"endTimestamp":1724131886071,"timeMs":7894},"afterEach":{"time":"0.007000","assertions":[],"commands":[],"passed":0,"errors":0,"failed":0,"skipped":0,"tests":0,"status":"pass","startTimestamp":1724131886071,"httpOutput":[],"endTimestamp":1724131886078,"timeMs":7},"timeMs":7910,"endTimestamp":1724131886079},"__after_hook":{"time":"0.008000","assertions":[],"commands":[],"passed":0,"errors":0,"failed":0,"skipped":0,"tests":0,"status":"fail","startTimestamp":1724131886082,"httpOutput":[],"timeMs":8,"endTimestamp":1724131886090},"__global_afterEach_hook":{"time":"0.001000","assertions":[],"commands":[],"passed":0,"errors":0,"failed":0,"skipped":0,"tests":0,"status":"fail","startTimestamp":1724131886090,"httpOutput":[],"timeMs":1,"endTimestamp":1724131886091}},"errmessages":[],"testsCount":2,"skippedCount":0,"failedCount":2,"errorsCount":0,"passedCount":2,"group":"","modulePath":"C:\\Users\\User\\Documents\\QA-Automation\\tests\\step_definitions\\api\\New.js","startTimestamp":"Tue, 20 Aug 2024 05:31:16 GMT","endTimestamp":"Tue, 20 Aug 2024 05:31:26 GMT","sessionCapabilities":{"browserName":"chrome","name":"API Auth Token"},"sessionId":"","projectName":"","buildName":"","testEnv":"api_testing","isMobile":false,"status":"fail","host":"localhost","name":"API Auth Token","tags":[],"tests":2,"failures":2,"errors":0,"httpOutput":[],"rawHttpOutput":[],"globalErrorRegister":["   \u001b[31m\u001b[1m✖\u001b[22m\u001b[39m \u001b[31m\u001b[1mTypeError\u001b[22m\u001b[39m\n   \u001b[31mCannot read properties of undefined (reading 'split')\u001b[39m\n\u001b[33m\u001b[39m\n\u001b[33m    Error location:\u001b[39m\n    C:\\Users\\User\\Documents\\QA-Automation\\tests\\step_definitions\\api\\New.js:198\n    –––––––––––––––––––––––––––––––––––––––––––––––––––––––––––––––––––––––––\n     196 |       console.log(response);\n     197 |       const locationHeader = response.headers.location;\n    \u001b[41m\u001b[37m 198 |       const urlParts = locationHeader.split('/'); \u001b[39m\u001b[49m\n     199 |       reservationId = urlParts[urlParts.length - 1];\n     200 |       console.log(\"Reservation created successfully, Reservation ID:\", reservationId);\n    –––––––––––––––––––––––––––––––––––––––––––––––––––––––––––––––––––––––––\n\n\u001b[33m    Stack Trace :\u001b[39m\n\u001b[90m    at C:\\Users\\User\\Documents\\QA-Automation\\tests\\step_definitions\\api\\New.js:198:39\u001b[39m\n\u001b[90m    at process.processTicksAndRejections (node:internal/process/task_queues:95:5)\u001b[39m\n\u001b[90m    at async DescribeInstance.<anonymous> (C:\\Users\\User\\Documents\\QA-Automation\\tests\\step_definitions\\api\\New.js:61:3)\u001b[39m\n"]}