{"reportPrefix":"","assertionsCount":4,"lastError":{"name":"ReferenceError","displayed":true},"skippedAtRuntime":["post api test","post api test after login","GET Reservation OHIP"],"skippedByUser":[],"skipped":["post api test","post api test after login","GET Reservation OHIP"],"time":"9.368","timeMs":9368,"completed":{"post api test":{"time":"1.323","assertions":[{"name":"NightwatchAssertError","message":"Passed [ok]: .post('/oauth/v1/tokens').expect(200) ok","stackTrace":"","fullMsg":"Passed [ok]: .post('/oauth/v1/tokens').expect(200) ok","failure":false},{"name":"NightwatchAssertError","message":"Passed [ok]: .post('/oauth/v1/tokens').expect('Content-Type', /json/) ok","stackTrace":"","fullMsg":"Passed [ok]: .post('/oauth/v1/tokens').expect('Content-Type', /json/) ok","failure":false}],"commands":[],"passed":2,"errors":0,"failed":0,"skipped":0,"tests":2,"status":"pass","startTimestamp":"Fri, 23 Aug 2024 06:22:49 GMT","httpOutput":[],"steps":["post api test","post api test after login","GET Reservation OHIP"],"stackTrace":"","testcases":{"post api test":{"time":"1.323","assertions":[{"name":"NightwatchAssertError","message":"Passed [ok]: .post('/oauth/v1/tokens').expect(200) ok","stackTrace":"","fullMsg":"Passed [ok]: .post('/oauth/v1/tokens').expect(200) ok","failure":false},{"name":"NightwatchAssertError","message":"Passed [ok]: .post('/oauth/v1/tokens').expect('Content-Type', /json/) ok","stackTrace":"","fullMsg":"Passed [ok]: .post('/oauth/v1/tokens').expect('Content-Type', /json/) ok","failure":false}],"tests":2,"commands":[],"passed":2,"errors":0,"failed":0,"skipped":0,"status":"pass","startTimestamp":"Fri, 23 Aug 2024 06:22:49 GMT","httpOutput":[],"steps":["post api test","post api test after login","GET Reservation OHIP"],"stackTrace":"","timeMs":1323,"endTimestamp":"Fri, 23 Aug 2024 06:22:50 GMT"}},"timeMs":1323,"endTimestamp":"Fri, 23 Aug 2024 06:22:50 GMT"},"post api test after login":{"time":"3.290","assertions":[{"name":"NightwatchAssertError","message":"Passed [ok]: .post('/rsv/v1/hotels/GRVZA/reservations').expect(201) ok","stackTrace":"","fullMsg":"Passed [ok]: .post('/rsv/v1/hotels/GRVZA/reservations').expect(201) ok","failure":false},{"name":"NightwatchAssertError","message":"Passed [ok]: .post('/rsv/v1/hotels/GRVZA/reservations').expect('Content-Type', /json/) ok","stackTrace":"","fullMsg":"Passed [ok]: .post('/rsv/v1/hotels/GRVZA/reservations').expect('Content-Type', /json/) ok","failure":false}],"commands":[],"passed":2,"errors":0,"failed":0,"skipped":0,"tests":2,"status":"pass","startTimestamp":"Fri, 23 Aug 2024 06:22:50 GMT","httpOutput":[],"steps":["post api test","post api test after login","GET Reservation OHIP"],"stackTrace":"","testcases":{"post api test":{"time":"1.323","assertions":[{"name":"NightwatchAssertError","message":"Passed [ok]: .post('/oauth/v1/tokens').expect(200) ok","stackTrace":"","fullMsg":"Passed [ok]: .post('/oauth/v1/tokens').expect(200) ok","failure":false},{"name":"NightwatchAssertError","message":"Passed [ok]: .post('/oauth/v1/tokens').expect('Content-Type', /json/) ok","stackTrace":"","fullMsg":"Passed [ok]: .post('/oauth/v1/tokens').expect('Content-Type', /json/) ok","failure":false}],"tests":2,"commands":[],"passed":2,"errors":0,"failed":0,"skipped":0,"status":"pass","startTimestamp":"Fri, 23 Aug 2024 06:22:49 GMT","httpOutput":[],"steps":["post api test","post api test after login","GET Reservation OHIP"],"stackTrace":"","timeMs":1323,"endTimestamp":"Fri, 23 Aug 2024 06:22:50 GMT"},"post api test after login":{"time":"3.290","assertions":[{"name":"NightwatchAssertError","message":"Passed [ok]: .post('/rsv/v1/hotels/GRVZA/reservations').expect(201) ok","stackTrace":"","fullMsg":"Passed [ok]: .post('/rsv/v1/hotels/GRVZA/reservations').expect(201) ok","failure":false},{"name":"NightwatchAssertError","message":"Passed [ok]: .post('/rsv/v1/hotels/GRVZA/reservations').expect('Content-Type', /json/) ok","stackTrace":"","fullMsg":"Passed [ok]: .post('/rsv/v1/hotels/GRVZA/reservations').expect('Content-Type', /json/) ok","failure":false}],"tests":2,"commands":[],"passed":2,"errors":0,"failed":0,"skipped":0,"status":"pass","startTimestamp":"Fri, 23 Aug 2024 06:22:50 GMT","httpOutput":[],"steps":["post api test","post api test after login","GET Reservation OHIP"],"stackTrace":"","timeMs":3290,"endTimestamp":"Fri, 23 Aug 2024 06:22:54 GMT"}},"timeMs":3290,"endTimestamp":"Fri, 23 Aug 2024 06:22:54 GMT"},"GET Reservation OHIP":{"time":"0.06900","assertions":[],"commands":[],"passed":0,"errors":1,"failed":0,"skipped":0,"tests":0,"status":"fail","startTimestamp":"Fri, 23 Aug 2024 06:22:54 GMT","httpOutput":[],"steps":["post api test","post api test after login","GET Reservation OHIP"],"stackTrace":"ReferenceError: row is not defined\n    at DescribeInstance.<anonymous> (C:\\Users\\User\\Documents\\QA-Automation\\tests\\step_definitions\\api\\ReservationJson2.js:229:16)\n    at Context.call (C:\\Users\\User\\Documents\\QA-Automation\\node_modules\\nightwatch\\lib\\testsuite\\context.js:515:35)\n    at TestCase.run (C:\\Users\\User\\Documents\\QA-Automation\\node_modules\\nightwatch\\lib\\testsuite\\testcase.js:58:31)\n    at Runnable.__runFn (C:\\Users\\User\\Documents\\QA-Automation\\node_modules\\nightwatch\\lib\\testsuite\\index.js:839:80)\n    at Runnable.run (C:\\Users\\User\\Documents\\QA-Automation\\node_modules\\nightwatch\\lib\\testsuite\\runnable.js:126:21)\n    at TestSuite.executeRunnable (C:\\Users\\User\\Documents\\QA-Automation\\node_modules\\nightwatch\\lib\\testsuite\\index.js:1000:49)\n    at TestSuite.handleRunnable (C:\\Users\\User\\Documents\\QA-Automation\\node_modules\\nightwatch\\lib\\testsuite\\index.js:1015:33)\n    at C:\\Users\\User\\Documents\\QA-Automation\\node_modules\\nightwatch\\lib\\testsuite\\index.js:839:21\n    at async DefaultRunner.runTestSuite (C:\\Users\\User\\Documents\\QA-Automation\\node_modules\\nightwatch\\lib\\runner\\test-runners\\default.js:83:7)\n    at async DefaultRunner.promiseFn (C:\\Users\\User\\Documents\\QA-Automation\\node_modules\\nightwatch\\lib\\runner\\test-runners\\default.js:101:7)","testcases":{"post api test":{"time":"1.323","assertions":[{"name":"NightwatchAssertError","message":"Passed [ok]: .post('/oauth/v1/tokens').expect(200) ok","stackTrace":"","fullMsg":"Passed [ok]: .post('/oauth/v1/tokens').expect(200) ok","failure":false},{"name":"NightwatchAssertError","message":"Passed [ok]: .post('/oauth/v1/tokens').expect('Content-Type', /json/) ok","stackTrace":"","fullMsg":"Passed [ok]: .post('/oauth/v1/tokens').expect('Content-Type', /json/) ok","failure":false}],"tests":2,"commands":[],"passed":2,"errors":0,"failed":0,"skipped":0,"status":"pass","startTimestamp":"Fri, 23 Aug 2024 06:22:49 GMT","httpOutput":[],"steps":["post api test","post api test after login","GET Reservation OHIP"],"stackTrace":"","timeMs":1323,"endTimestamp":"Fri, 23 Aug 2024 06:22:50 GMT"},"post api test after login":{"time":"3.290","assertions":[{"name":"NightwatchAssertError","message":"Passed [ok]: .post('/rsv/v1/hotels/GRVZA/reservations').expect(201) ok","stackTrace":"","fullMsg":"Passed [ok]: .post('/rsv/v1/hotels/GRVZA/reservations').expect(201) ok","failure":false},{"name":"NightwatchAssertError","message":"Passed [ok]: .post('/rsv/v1/hotels/GRVZA/reservations').expect('Content-Type', /json/) ok","stackTrace":"","fullMsg":"Passed [ok]: .post('/rsv/v1/hotels/GRVZA/reservations').expect('Content-Type', /json/) ok","failure":false}],"tests":2,"commands":[],"passed":2,"errors":0,"failed":0,"skipped":0,"status":"pass","startTimestamp":"Fri, 23 Aug 2024 06:22:50 GMT","httpOutput":[],"steps":["post api test","post api test after login","GET Reservation OHIP"],"stackTrace":"","timeMs":3290,"endTimestamp":"Fri, 23 Aug 2024 06:22:54 GMT"},"GET Reservation OHIP":{"time":"0.06900","assertions":[],"tests":0,"commands":[],"passed":0,"errors":1,"failed":0,"skipped":0,"status":"fail","startTimestamp":"Fri, 23 Aug 2024 06:22:54 GMT","httpOutput":[],"steps":["post api test","post api test after login","GET Reservation OHIP"],"stackTrace":"ReferenceError: row is not defined\n    at DescribeInstance.<anonymous> (C:\\Users\\User\\Documents\\QA-Automation\\tests\\step_definitions\\api\\ReservationJson2.js:229:16)\n    at Context.call (C:\\Users\\User\\Documents\\QA-Automation\\node_modules\\nightwatch\\lib\\testsuite\\context.js:515:35)\n    at TestCase.run (C:\\Users\\User\\Documents\\QA-Automation\\node_modules\\nightwatch\\lib\\testsuite\\testcase.js:58:31)\n    at Runnable.__runFn (C:\\Users\\User\\Documents\\QA-Automation\\node_modules\\nightwatch\\lib\\testsuite\\index.js:839:80)\n    at Runnable.run (C:\\Users\\User\\Documents\\QA-Automation\\node_modules\\nightwatch\\lib\\testsuite\\runnable.js:126:21)\n    at TestSuite.executeRunnable (C:\\Users\\User\\Documents\\QA-Automation\\node_modules\\nightwatch\\lib\\testsuite\\index.js:1000:49)\n    at TestSuite.handleRunnable (C:\\Users\\User\\Documents\\QA-Automation\\node_modules\\nightwatch\\lib\\testsuite\\index.js:1015:33)\n    at C:\\Users\\User\\Documents\\QA-Automation\\node_modules\\nightwatch\\lib\\testsuite\\index.js:839:21\n    at async DefaultRunner.runTestSuite (C:\\Users\\User\\Documents\\QA-Automation\\node_modules\\nightwatch\\lib\\runner\\test-runners\\default.js:83:7)\n    at async DefaultRunner.promiseFn (C:\\Users\\User\\Documents\\QA-Automation\\node_modules\\nightwatch\\lib\\runner\\test-runners\\default.js:101:7)","lastError":{"name":"ReferenceError","displayed":true},"errorsPerTest":["row is not defined"],"timeMs":69,"endTimestamp":"Fri, 23 Aug 2024 06:22:54 GMT"}},"lastError":{"name":"ReferenceError","displayed":true},"errorsPerTest":["row is not defined"],"timeMs":69,"endTimestamp":"Fri, 23 Aug 2024 06:22:54 GMT"}},"completedSections":{"__global_beforeEach_hook":{"time":"0.001000","assertions":[],"commands":[],"passed":0,"errors":0,"failed":0,"skipped":0,"tests":0,"status":"pass","startTimestamp":1724394169435,"httpOutput":[],"timeMs":1,"endTimestamp":1724394169436},"__before_hook":{"time":"0.000","assertions":[],"commands":[],"passed":0,"errors":0,"failed":0,"skipped":0,"tests":0,"status":"pass","startTimestamp":1724394169436,"httpOutput":[],"timeMs":0,"endTimestamp":1724394169436},"post api test":{"time":"1.324","assertions":[],"commands":[{"name":"assert.ok","args":[],"startTime":1724394170757,"endTime":1724394170759,"elapsedTime":2,"status":"pass","result":{}},{"name":"assert.ok","args":[],"startTime":1724394170759,"endTime":1724394170760,"elapsedTime":1,"status":"pass","result":{}}],"passed":0,"errors":0,"failed":0,"skipped":0,"tests":0,"status":"pass","startTimestamp":1724394169437,"httpOutput":[],"beforeEach":{"time":"0.001000","assertions":[],"commands":[],"passed":0,"errors":0,"failed":0,"skipped":0,"tests":0,"status":"pass","startTimestamp":1724394169437,"httpOutput":[],"endTimestamp":1724394169438,"timeMs":1},"testcase":{"time":"1.303","assertions":[],"commands":[],"passed":0,"errors":0,"failed":0,"skipped":0,"tests":0,"status":"pass","startTimestamp":1724394169438,"httpOutput":[],"endTimestamp":1724394170741,"timeMs":1303},"afterEach":{"time":"0.01900","assertions":[],"commands":[{"name":"assert.ok","args":[],"startTime":1724394170757,"endTime":1724394170759,"elapsedTime":2,"status":"pass","result":{}},{"name":"assert.ok","args":[],"startTime":1724394170759,"endTime":1724394170760,"elapsedTime":1,"status":"pass","result":{}}],"passed":0,"errors":0,"failed":0,"skipped":0,"tests":0,"status":"pass","startTimestamp":1724394170741,"httpOutput":[],"endTimestamp":1724394170760,"timeMs":19},"timeMs":1324,"endTimestamp":1724394170761},"post api test after login":{"time":"3.290","assertions":[],"commands":[{"name":"assert.ok","args":[],"startTime":1724394174049,"endTime":1724394174051,"elapsedTime":2,"status":"pass","result":{}},{"name":"assert.ok","args":[],"startTime":1724394174051,"endTime":1724394174052,"elapsedTime":1,"status":"pass","result":{}}],"passed":0,"errors":0,"failed":0,"skipped":0,"tests":0,"status":"pass","startTimestamp":1724394170762,"httpOutput":[],"beforeEach":{"time":"0.01100","assertions":[],"commands":[],"passed":0,"errors":0,"failed":0,"skipped":0,"tests":0,"status":"pass","startTimestamp":1724394170762,"httpOutput":[],"endTimestamp":1724394170773,"timeMs":11},"testcase":{"time":"3.260","assertions":[],"commands":[],"passed":0,"errors":0,"failed":0,"skipped":0,"tests":0,"status":"pass","startTimestamp":1724394170773,"httpOutput":[],"endTimestamp":1724394174033,"timeMs":3260},"afterEach":{"time":"0.01800","assertions":[],"commands":[{"name":"assert.ok","args":[],"startTime":1724394174049,"endTime":1724394174051,"elapsedTime":2,"status":"pass","result":{}},{"name":"assert.ok","args":[],"startTime":1724394174051,"endTime":1724394174052,"elapsedTime":1,"status":"pass","result":{}}],"passed":0,"errors":0,"failed":0,"skipped":0,"tests":0,"status":"pass","startTimestamp":1724394174034,"httpOutput":[],"endTimestamp":1724394174052,"timeMs":18},"timeMs":3290,"endTimestamp":1724394174052},"GET Reservation OHIP":{"time":"0.06900","assertions":[],"commands":[{"name":"saveScreenshot","args":["\"C:\\\\Users\\\\User\\\\Documents\\\\QA-Automation\\\\Screenshots\\\\ReservationJson2\\\\GET-Reservation-OHIP_FAILED_Aug-23-2024-115254-GMT+0530.png\"",null],"startTime":1724394174116,"endTime":1724394174123,"elapsedTime":7,"status":"fail","result":{"status":-1,"name":"TypeError"}}],"passed":0,"errors":0,"failed":0,"skipped":0,"tests":0,"status":"fail","startTimestamp":1724394174055,"httpOutput":[],"beforeEach":{"time":"0.000","assertions":[],"commands":[],"passed":0,"errors":0,"failed":0,"skipped":0,"tests":0,"status":"pass","startTimestamp":1724394174056,"httpOutput":[],"endTimestamp":1724394174056,"timeMs":0},"testcase":{"time":"0.06700","assertions":[],"commands":[{"name":"saveScreenshot","args":["\"C:\\\\Users\\\\User\\\\Documents\\\\QA-Automation\\\\Screenshots\\\\ReservationJson2\\\\GET-Reservation-OHIP_FAILED_Aug-23-2024-115254-GMT+0530.png\"",null],"startTime":1724394174116,"endTime":1724394174123,"elapsedTime":7,"status":"fail","result":{"status":-1,"name":"TypeError"}}],"passed":0,"errors":0,"failed":0,"skipped":0,"tests":0,"status":"pass","startTimestamp":1724394174056,"httpOutput":[],"endTimestamp":1724394174123,"timeMs":67},"afterEach":{"time":"0.001000","assertions":[],"commands":[],"passed":0,"errors":0,"failed":0,"skipped":0,"tests":0,"status":"pass","startTimestamp":1724394174123,"httpOutput":[],"endTimestamp":1724394174124,"timeMs":1},"timeMs":69,"endTimestamp":1724394174124},"__after_hook":{"time":"0.002000","assertions":[],"commands":[],"passed":0,"errors":0,"failed":0,"skipped":0,"tests":0,"status":"fail","startTimestamp":1724394174125,"httpOutput":[],"timeMs":2,"endTimestamp":1724394174127},"__global_afterEach_hook":{"time":"0.000","assertions":[],"commands":[],"passed":0,"errors":0,"failed":0,"skipped":0,"tests":0,"status":"fail","startTimestamp":1724394174127,"httpOutput":[],"timeMs":0,"endTimestamp":1724394174127}},"errmessages":[" \u001b[31m\u001b[1m✖\u001b[22m\u001b[39m \u001b[31m\u001b[1mReferenceError\u001b[22m\u001b[39m\n   \u001b[31mrow is not defined\u001b[39m\n\u001b[33m\u001b[39m\n\u001b[33m    Error location:\u001b[39m\n    C:\\Users\\User\\Documents\\QA-Automation\\tests\\step_definitions\\api\\ReservationJson2.js:229\n    ––––––––––––––––––––––––––––––––––––––––––––––––––––––––––––––––––––––––––––––––––––––\n     227 | it('GET Reservation OHIP', async function ({ supertest }) {\n     228 |     await supertest\n    \u001b[41m\u001b[37m 229 |       .request(row.request) \u001b[39m\u001b[49m\n     230 |       .get(row.Getendpath + reservationId)\n     231 |       .set('Content-Type', row['Content-Type1'])\n    ––––––––––––––––––––––––––––––––––––––––––––––––––––––––––––––––––––––––––––––––––––––\n\n\u001b[33m    Stack Trace :\u001b[39m\n\u001b[90m    at DescribeInstance.<anonymous> (C:\\Users\\User\\Documents\\QA-Automation\\tests\\step_definitions\\api\\ReservationJson2.js:229:16)\u001b[39m\n\u001b[90m    at Context.call (C:\\Users\\User\\Documents\\QA-Automation\\node_modules\\nightwatch\\lib\\testsuite\\context.js:515:35)\u001b[39m\n\u001b[90m    at TestCase.run (C:\\Users\\User\\Documents\\QA-Automation\\node_modules\\nightwatch\\lib\\testsuite\\testcase.js:58:31)\u001b[39m\n\u001b[90m    at Runnable.__runFn (C:\\Users\\User\\Documents\\QA-Automation\\node_modules\\nightwatch\\lib\\testsuite\\index.js:839:80)\u001b[39m\n\u001b[90m    at Runnable.run (C:\\Users\\User\\Documents\\QA-Automation\\node_modules\\nightwatch\\lib\\testsuite\\runnable.js:126:21)\u001b[39m\n\u001b[90m    at TestSuite.executeRunnable (C:\\Users\\User\\Documents\\QA-Automation\\node_modules\\nightwatch\\lib\\testsuite\\index.js:1000:49)\u001b[39m\n\u001b[90m    at TestSuite.handleRunnable (C:\\Users\\User\\Documents\\QA-Automation\\node_modules\\nightwatch\\lib\\testsuite\\index.js:1015:33)\u001b[39m\n\u001b[90m    at C:\\Users\\User\\Documents\\QA-Automation\\node_modules\\nightwatch\\lib\\testsuite\\index.js:839:21\u001b[39m\n\u001b[90m    at async DefaultRunner.runTestSuite (C:\\Users\\User\\Documents\\QA-Automation\\node_modules\\nightwatch\\lib\\runner\\test-runners\\default.js:83:7)\u001b[39m\n\u001b[90m    at async DefaultRunner.promiseFn (C:\\Users\\User\\Documents\\QA-Automation\\node_modules\\nightwatch\\lib\\runner\\test-runners\\default.js:101:7)\u001b[39m\n"],"testsCount":3,"skippedCount":3,"failedCount":0,"errorsCount":1,"passedCount":4,"group":"","modulePath":"C:\\Users\\User\\Documents\\QA-Automation\\tests\\step_definitions\\api\\ReservationJson2.js","startTimestamp":"Fri, 23 Aug 2024 06:22:49 GMT","endTimestamp":"Fri, 23 Aug 2024 06:22:54 GMT","sessionCapabilities":{"browserName":"chrome","name":"API Auth Token"},"sessionId":"","projectName":"","buildName":"","testEnv":"api_testing","isMobile":false,"status":"fail","host":"localhost","name":"API Auth Token","tags":[],"tests":3,"failures":0,"errors":1,"httpOutput":[],"rawHttpOutput":[],"globalErrorRegister":["   \u001b[31m\u001b[1m✖\u001b[22m\u001b[39m \u001b[31m\u001b[1mReferenceError\u001b[22m\u001b[39m\n   \u001b[31mrow is not defined\u001b[39m\n\u001b[33m\u001b[39m\n\u001b[33m    Error location:\u001b[39m\n    C:\\Users\\User\\Documents\\QA-Automation\\tests\\step_definitions\\api\\ReservationJson2.js:229\n    ––––––––––––––––––––––––––––––––––––––––––––––––––––––––––––––––––––––––––––––––––––––\n     227 | it('GET Reservation OHIP', async function ({ supertest }) {\n     228 |     await supertest\n    \u001b[41m\u001b[37m 229 |       .request(row.request) \u001b[39m\u001b[49m\n     230 |       .get(row.Getendpath + reservationId)\n     231 |       .set('Content-Type', row['Content-Type1'])\n    ––––––––––––––––––––––––––––––––––––––––––––––––––––––––––––––––––––––––––––––––––––––\n\n\u001b[33m    Stack Trace :\u001b[39m\n\u001b[90m    at DescribeInstance.<anonymous> (C:\\Users\\User\\Documents\\QA-Automation\\tests\\step_definitions\\api\\ReservationJson2.js:229:16)\u001b[39m\n\u001b[90m    at Context.call (C:\\Users\\User\\Documents\\QA-Automation\\node_modules\\nightwatch\\lib\\testsuite\\context.js:515:35)\u001b[39m\n\u001b[90m    at TestCase.run (C:\\Users\\User\\Documents\\QA-Automation\\node_modules\\nightwatch\\lib\\testsuite\\testcase.js:58:31)\u001b[39m\n\u001b[90m    at Runnable.__runFn (C:\\Users\\User\\Documents\\QA-Automation\\node_modules\\nightwatch\\lib\\testsuite\\index.js:839:80)\u001b[39m\n\u001b[90m    at Runnable.run (C:\\Users\\User\\Documents\\QA-Automation\\node_modules\\nightwatch\\lib\\testsuite\\runnable.js:126:21)\u001b[39m\n\u001b[90m    at TestSuite.executeRunnable (C:\\Users\\User\\Documents\\QA-Automation\\node_modules\\nightwatch\\lib\\testsuite\\index.js:1000:49)\u001b[39m\n\u001b[90m    at TestSuite.handleRunnable (C:\\Users\\User\\Documents\\QA-Automation\\node_modules\\nightwatch\\lib\\testsuite\\index.js:1015:33)\u001b[39m\n\u001b[90m    at C:\\Users\\User\\Documents\\QA-Automation\\node_modules\\nightwatch\\lib\\testsuite\\index.js:839:21\u001b[39m\n\u001b[90m    at async DefaultRunner.runTestSuite (C:\\Users\\User\\Documents\\QA-Automation\\node_modules\\nightwatch\\lib\\runner\\test-runners\\default.js:83:7)\u001b[39m\n\u001b[90m    at async DefaultRunner.promiseFn (C:\\Users\\User\\Documents\\QA-Automation\\node_modules\\nightwatch\\lib\\runner\\test-runners\\default.js:101:7)\u001b[39m\n"," \u001b[31m\u001b[1m✖\u001b[22m\u001b[39m \u001b[31m\u001b[1mReferenceError\u001b[22m\u001b[39m\n   \u001b[31mrow is not defined\u001b[39m\n\u001b[33m\u001b[39m\n\u001b[33m    Error location:\u001b[39m\n    C:\\Users\\User\\Documents\\QA-Automation\\tests\\step_definitions\\api\\ReservationJson2.js:229\n    ––––––––––––––––––––––––––––––––––––––––––––––––––––––––––––––––––––––––––––––––––––––\n     227 | it('GET Reservation OHIP', async function ({ supertest }) {\n     228 |     await supertest\n    \u001b[41m\u001b[37m 229 |       .request(row.request) \u001b[39m\u001b[49m\n     230 |       .get(row.Getendpath + reservationId)\n     231 |       .set('Content-Type', row['Content-Type1'])\n    ––––––––––––––––––––––––––––––––––––––––––––––––––––––––––––––––––––––––––––––––––––––\n\n\u001b[33m    Stack Trace :\u001b[39m\n\u001b[90m    at DescribeInstance.<anonymous> (C:\\Users\\User\\Documents\\QA-Automation\\tests\\step_definitions\\api\\ReservationJson2.js:229:16)\u001b[39m\n\u001b[90m    at Context.call (C:\\Users\\User\\Documents\\QA-Automation\\node_modules\\nightwatch\\lib\\testsuite\\context.js:515:35)\u001b[39m\n\u001b[90m    at TestCase.run (C:\\Users\\User\\Documents\\QA-Automation\\node_modules\\nightwatch\\lib\\testsuite\\testcase.js:58:31)\u001b[39m\n\u001b[90m    at Runnable.__runFn (C:\\Users\\User\\Documents\\QA-Automation\\node_modules\\nightwatch\\lib\\testsuite\\index.js:839:80)\u001b[39m\n\u001b[90m    at Runnable.run (C:\\Users\\User\\Documents\\QA-Automation\\node_modules\\nightwatch\\lib\\testsuite\\runnable.js:126:21)\u001b[39m\n\u001b[90m    at TestSuite.executeRunnable (C:\\Users\\User\\Documents\\QA-Automation\\node_modules\\nightwatch\\lib\\testsuite\\index.js:1000:49)\u001b[39m\n\u001b[90m    at TestSuite.handleRunnable (C:\\Users\\User\\Documents\\QA-Automation\\node_modules\\nightwatch\\lib\\testsuite\\index.js:1015:33)\u001b[39m\n\u001b[90m    at C:\\Users\\User\\Documents\\QA-Automation\\node_modules\\nightwatch\\lib\\testsuite\\index.js:839:21\u001b[39m\n\u001b[90m    at async DefaultRunner.runTestSuite (C:\\Users\\User\\Documents\\QA-Automation\\node_modules\\nightwatch\\lib\\runner\\test-runners\\default.js:83:7)\u001b[39m\n\u001b[90m    at async DefaultRunner.promiseFn (C:\\Users\\User\\Documents\\QA-Automation\\node_modules\\nightwatch\\lib\\runner\\test-runners\\default.js:101:7)\u001b[39m\n"]}