{"reportPrefix":"","assertionsCount":4,"lastError":{"name":"TypeError","displayed":true},"skippedAtRuntime":[],"skippedByUser":[],"skipped":[],"time":"10.30","timeMs":10304,"completed":{"post api test":{"time":"1.274","assertions":[{"name":"NightwatchAssertError","message":"Passed [ok]: .post('/oauth/v1/tokens').expect(200) ok","stackTrace":"","fullMsg":"Passed [ok]: .post('/oauth/v1/tokens').expect(200) ok","failure":false},{"name":"NightwatchAssertError","message":"Passed [ok]: .post('/oauth/v1/tokens').expect('Content-Type', /json/) ok","stackTrace":"","fullMsg":"Passed [ok]: .post('/oauth/v1/tokens').expect('Content-Type', /json/) ok","failure":false}],"commands":[],"passed":2,"errors":0,"failed":0,"skipped":0,"tests":2,"status":"pass","startTimestamp":"Tue, 20 Aug 2024 05:20:27 GMT","httpOutput":[],"steps":[],"stackTrace":"","testcases":{"post api test":{"time":"1.274","assertions":[{"name":"NightwatchAssertError","message":"Passed [ok]: .post('/oauth/v1/tokens').expect(200) ok","stackTrace":"","fullMsg":"Passed [ok]: .post('/oauth/v1/tokens').expect(200) ok","failure":false},{"name":"NightwatchAssertError","message":"Passed [ok]: .post('/oauth/v1/tokens').expect('Content-Type', /json/) ok","stackTrace":"","fullMsg":"Passed [ok]: .post('/oauth/v1/tokens').expect('Content-Type', /json/) ok","failure":false}],"tests":2,"commands":[],"passed":2,"errors":0,"failed":0,"skipped":0,"status":"pass","startTimestamp":"Tue, 20 Aug 2024 05:20:27 GMT","httpOutput":[],"steps":[],"stackTrace":"","timeMs":1274,"endTimestamp":"Tue, 20 Aug 2024 05:20:28 GMT"}},"timeMs":1274,"endTimestamp":"Tue, 20 Aug 2024 05:20:28 GMT"},"post api test after login":{"time":"3.874","assertions":[{"name":"NightwatchAssertError","message":"expected 201 \"Created\", got 415 \"Unsupported Media Type\"","stackTrace":"    at DescribeInstance.<anonymous> (C:\\Users\\User\\Documents\\QA-Automation\\tests\\step_definitions\\api\\New.js:191:6)","fullMsg":"expected 201 \"Created\", got 415 \"Unsupported Media Type\"","failure":true},{"name":"TypeError","message":"Cannot read properties of undefined (reading 'split')","stackTrace":"TypeError: Cannot read properties of undefined (reading 'split')\n    at C:\\Users\\User\\Documents\\QA-Automation\\tests\\step_definitions\\api\\New.js:195:39\n    at process.processTicksAndRejections (node:internal/process/task_queues:95:5)\n    at async DescribeInstance.<anonymous> (C:\\Users\\User\\Documents\\QA-Automation\\tests\\step_definitions\\api\\New.js:59:3)","fullMsg":"Cannot read properties of undefined (reading 'split')","failure":"expected \"undefined\" but got: \"undefined\""}],"commands":[],"passed":0,"errors":0,"failed":2,"skipped":0,"tests":2,"status":"fail","startTimestamp":"Tue, 20 Aug 2024 05:20:28 GMT","httpOutput":[],"steps":[],"stackTrace":"TypeError: Cannot read properties of undefined (reading 'split')\n    at C:\\Users\\User\\Documents\\QA-Automation\\tests\\step_definitions\\api\\New.js:195:39\n    at process.processTicksAndRejections (node:internal/process/task_queues:95:5)\n    at async DescribeInstance.<anonymous> (C:\\Users\\User\\Documents\\QA-Automation\\tests\\step_definitions\\api\\New.js:59:3)","testcases":{"post api test":{"time":"1.274","assertions":[{"name":"NightwatchAssertError","message":"Passed [ok]: .post('/oauth/v1/tokens').expect(200) ok","stackTrace":"","fullMsg":"Passed [ok]: .post('/oauth/v1/tokens').expect(200) ok","failure":false},{"name":"NightwatchAssertError","message":"Passed [ok]: .post('/oauth/v1/tokens').expect('Content-Type', /json/) ok","stackTrace":"","fullMsg":"Passed [ok]: .post('/oauth/v1/tokens').expect('Content-Type', /json/) ok","failure":false}],"tests":2,"commands":[],"passed":2,"errors":0,"failed":0,"skipped":0,"status":"pass","startTimestamp":"Tue, 20 Aug 2024 05:20:27 GMT","httpOutput":[],"steps":[],"stackTrace":"","timeMs":1274,"endTimestamp":"Tue, 20 Aug 2024 05:20:28 GMT"},"post api test after login":{"time":"3.874","assertions":[{"name":"NightwatchAssertError","message":"expected 201 \"Created\", got 415 \"Unsupported Media Type\"","stackTrace":"    at DescribeInstance.<anonymous> (C:\\Users\\User\\Documents\\QA-Automation\\tests\\step_definitions\\api\\New.js:191:6)","fullMsg":"expected 201 \"Created\", got 415 \"Unsupported Media Type\"","failure":true},{"name":"TypeError","message":"Cannot read properties of undefined (reading 'split')","stackTrace":"TypeError: Cannot read properties of undefined (reading 'split')\n    at C:\\Users\\User\\Documents\\QA-Automation\\tests\\step_definitions\\api\\New.js:195:39\n    at process.processTicksAndRejections (node:internal/process/task_queues:95:5)\n    at async DescribeInstance.<anonymous> (C:\\Users\\User\\Documents\\QA-Automation\\tests\\step_definitions\\api\\New.js:59:3)","fullMsg":"Cannot read properties of undefined (reading 'split')","failure":"expected \"undefined\" but got: \"undefined\""}],"tests":2,"commands":[],"passed":0,"errors":0,"failed":2,"skipped":0,"status":"fail","startTimestamp":"Tue, 20 Aug 2024 05:20:28 GMT","httpOutput":[],"steps":[],"stackTrace":"TypeError: Cannot read properties of undefined (reading 'split')\n    at C:\\Users\\User\\Documents\\QA-Automation\\tests\\step_definitions\\api\\New.js:195:39\n    at process.processTicksAndRejections (node:internal/process/task_queues:95:5)\n    at async DescribeInstance.<anonymous> (C:\\Users\\User\\Documents\\QA-Automation\\tests\\step_definitions\\api\\New.js:59:3)","lastError":{"name":"TypeError","displayed":true},"timeMs":3874,"endTimestamp":"Tue, 20 Aug 2024 05:20:32 GMT"}},"lastError":{"name":"TypeError","displayed":true},"timeMs":3874,"endTimestamp":"Tue, 20 Aug 2024 05:20:32 GMT"}},"completedSections":{"__global_beforeEach_hook":{"time":"0.001000","assertions":[],"commands":[],"passed":0,"errors":0,"failed":0,"skipped":0,"tests":0,"status":"pass","startTimestamp":1724131227050,"httpOutput":[],"timeMs":1,"endTimestamp":1724131227051},"__before_hook":{"time":"0.000","assertions":[],"commands":[],"passed":0,"errors":0,"failed":0,"skipped":0,"tests":0,"status":"pass","startTimestamp":1724131227051,"httpOutput":[],"timeMs":0,"endTimestamp":1724131227051},"post api test":{"time":"1.275","assertions":[],"commands":[{"name":"assert.ok","args":[],"startTime":1724131228324,"endTime":1724131228326,"elapsedTime":2,"status":"pass","result":{}},{"name":"assert.ok","args":[],"startTime":1724131228326,"endTime":1724131228327,"elapsedTime":1,"status":"pass","result":{}}],"passed":0,"errors":0,"failed":0,"skipped":0,"tests":0,"status":"pass","startTimestamp":1724131227053,"httpOutput":[],"beforeEach":{"time":"0.000","assertions":[],"commands":[],"passed":0,"errors":0,"failed":0,"skipped":0,"tests":0,"status":"pass","startTimestamp":1724131227054,"httpOutput":[],"endTimestamp":1724131227054,"timeMs":0},"testcase":{"time":"1.263","assertions":[],"commands":[],"passed":0,"errors":0,"failed":0,"skipped":0,"tests":0,"status":"pass","startTimestamp":1724131227054,"httpOutput":[],"endTimestamp":1724131228317,"timeMs":1263},"afterEach":{"time":"0.01000","assertions":[],"commands":[{"name":"assert.ok","args":[],"startTime":1724131228324,"endTime":1724131228326,"elapsedTime":2,"status":"pass","result":{}},{"name":"assert.ok","args":[],"startTime":1724131228326,"endTime":1724131228327,"elapsedTime":1,"status":"pass","result":{}}],"passed":0,"errors":0,"failed":0,"skipped":0,"tests":0,"status":"pass","startTimestamp":1724131228317,"httpOutput":[],"endTimestamp":1724131228327,"timeMs":10},"timeMs":1275,"endTimestamp":1724131228328},"post api test after login":{"time":"3.875","assertions":[],"commands":[{"name":"assert.fail","args":[],"startTime":1724131232093,"endTime":1724131232103,"elapsedTime":10,"status":"fail","result":{"message":"expected 201 \"Created\", got 415 \"Unsupported Media Type\"","showDiff":false,"name":"NightwatchAssertError","abortOnFailure":true,"stack":"    at DescribeInstance.<anonymous> (C:\\Users\\User\\Documents\\QA-Automation\\tests\\step_definitions\\api\\New.js:191:6)"}},{"name":"saveScreenshot","args":["\"C:\\\\Users\\\\User\\\\Documents\\\\QA-Automation\\\\Screenshots\\\\New\\\\post-api-test-after-login_FAILED_Aug-20-2024-105032-GMT+0530.png\"",null],"startTime":1724131232173,"endTime":1724131232187,"elapsedTime":14,"status":"fail","result":{"status":-1,"name":"TypeError"}}],"passed":0,"errors":0,"failed":0,"skipped":0,"tests":0,"status":"fail","startTimestamp":1724131228330,"httpOutput":[],"beforeEach":{"time":"0.01200","assertions":[],"commands":[],"passed":0,"errors":0,"failed":0,"skipped":0,"tests":0,"status":"pass","startTimestamp":1724131228330,"httpOutput":[],"endTimestamp":1724131228342,"timeMs":12},"testcase":{"time":"3.845","assertions":[],"commands":[{"name":"assert.fail","args":[],"startTime":1724131232093,"endTime":1724131232103,"elapsedTime":10,"status":"fail","result":{"message":"expected 201 \"Created\", got 415 \"Unsupported Media Type\"","showDiff":false,"name":"NightwatchAssertError","abortOnFailure":true,"stack":"    at DescribeInstance.<anonymous> (C:\\Users\\User\\Documents\\QA-Automation\\tests\\step_definitions\\api\\New.js:191:6)"}},{"name":"saveScreenshot","args":["\"C:\\\\Users\\\\User\\\\Documents\\\\QA-Automation\\\\Screenshots\\\\New\\\\post-api-test-after-login_FAILED_Aug-20-2024-105032-GMT+0530.png\"",null],"startTime":1724131232173,"endTime":1724131232187,"elapsedTime":14,"status":"fail","result":{"status":-1,"name":"TypeError"}}],"passed":0,"errors":0,"failed":0,"skipped":0,"tests":0,"status":"pass","startTimestamp":1724131228342,"httpOutput":[],"endTimestamp":1724131232187,"timeMs":3845},"afterEach":{"time":"0.01700","assertions":[],"commands":[],"passed":0,"errors":0,"failed":0,"skipped":0,"tests":0,"status":"pass","startTimestamp":1724131232187,"httpOutput":[],"endTimestamp":1724131232204,"timeMs":17},"timeMs":3875,"endTimestamp":1724131232205},"__after_hook":{"time":"0.005000","assertions":[],"commands":[],"passed":0,"errors":0,"failed":0,"skipped":0,"tests":0,"status":"fail","startTimestamp":1724131232208,"httpOutput":[],"timeMs":5,"endTimestamp":1724131232213},"__global_afterEach_hook":{"time":"0.000","assertions":[],"commands":[],"passed":0,"errors":0,"failed":0,"skipped":0,"tests":0,"status":"fail","startTimestamp":1724131232213,"httpOutput":[],"timeMs":0,"endTimestamp":1724131232213}},"errmessages":[],"testsCount":2,"skippedCount":0,"failedCount":2,"errorsCount":0,"passedCount":2,"group":"","modulePath":"C:\\Users\\User\\Documents\\QA-Automation\\tests\\step_definitions\\api\\New.js","startTimestamp":"Tue, 20 Aug 2024 05:20:27 GMT","endTimestamp":"Tue, 20 Aug 2024 05:20:32 GMT","sessionCapabilities":{"browserName":"chrome","name":"API Auth Token"},"sessionId":"","projectName":"","buildName":"","testEnv":"api_testing","isMobile":false,"status":"fail","host":"localhost","name":"API Auth Token","tags":[],"tests":2,"failures":2,"errors":0,"httpOutput":[],"rawHttpOutput":[],"globalErrorRegister":["   \u001b[31m\u001b[1m✖\u001b[22m\u001b[39m \u001b[31m\u001b[1mTypeError\u001b[22m\u001b[39m\n   \u001b[31mCannot read properties of undefined (reading 'split')\u001b[39m\n\u001b[33m\u001b[39m\n\u001b[33m    Error location:\u001b[39m\n    C:\\Users\\User\\Documents\\QA-Automation\\tests\\step_definitions\\api\\New.js:195\n    –––––––––––––––––––––––––––––––––––––––––––––––––––––––––––––––––––––––––\n     193 |     .then(function (response) {\n     194 |       const locationHeader = response.headers.location;\n    \u001b[41m\u001b[37m 195 |       const urlParts = locationHeader.split('/'); \u001b[39m\u001b[49m\n     196 |       reservationId = urlParts[urlParts.length - 1];\n     197 |       console.log(\"Reservation created successfully, Reservation ID:\", reservationId);\n    –––––––––––––––––––––––––––––––––––––––––––––––––––––––––––––––––––––––––\n\n\u001b[33m    Stack Trace :\u001b[39m\n\u001b[90m    at C:\\Users\\User\\Documents\\QA-Automation\\tests\\step_definitions\\api\\New.js:195:39\u001b[39m\n\u001b[90m    at process.processTicksAndRejections (node:internal/process/task_queues:95:5)\u001b[39m\n\u001b[90m    at async DescribeInstance.<anonymous> (C:\\Users\\User\\Documents\\QA-Automation\\tests\\step_definitions\\api\\New.js:59:3)\u001b[39m\n"]}