{"reportPrefix":"","assertionsCount":4,"lastError":{"name":"Error","displayed":true},"skippedAtRuntime":[],"skippedByUser":[],"skipped":[],"time":"12.52","timeMs":12520,"completed":{"post api test":{"time":"1.842","assertions":[{"name":"NightwatchAssertError","message":"Passed [ok]: .post('/oauth/v1/tokens').expect(200) ok","stackTrace":"","fullMsg":"Passed [ok]: .post('/oauth/v1/tokens').expect(200) ok","failure":false},{"name":"NightwatchAssertError","message":"Passed [ok]: .post('/oauth/v1/tokens').expect('Content-Type', /json/) ok","stackTrace":"","fullMsg":"Passed [ok]: .post('/oauth/v1/tokens').expect('Content-Type', /json/) ok","failure":false}],"commands":[],"passed":2,"errors":0,"failed":0,"skipped":0,"tests":2,"status":"pass","startTimestamp":"Tue, 20 Aug 2024 07:45:19 GMT","httpOutput":[],"steps":[],"stackTrace":"","testcases":{"post api test":{"time":"1.842","assertions":[{"name":"NightwatchAssertError","message":"Passed [ok]: .post('/oauth/v1/tokens').expect(200) ok","stackTrace":"","fullMsg":"Passed [ok]: .post('/oauth/v1/tokens').expect(200) ok","failure":false},{"name":"NightwatchAssertError","message":"Passed [ok]: .post('/oauth/v1/tokens').expect('Content-Type', /json/) ok","stackTrace":"","fullMsg":"Passed [ok]: .post('/oauth/v1/tokens').expect('Content-Type', /json/) ok","failure":false}],"tests":2,"commands":[],"passed":2,"errors":0,"failed":0,"skipped":0,"status":"pass","startTimestamp":"Tue, 20 Aug 2024 07:45:19 GMT","httpOutput":[],"steps":[],"stackTrace":"","timeMs":1842,"endTimestamp":"Tue, 20 Aug 2024 07:45:21 GMT"}},"timeMs":1842,"endTimestamp":"Tue, 20 Aug 2024 07:45:21 GMT"},"post api test after login":{"time":"4.322","assertions":[{"name":"NightwatchAssertError","message":"Passed [ok]: .post('/rsv/v1/hotels/GRVZA/reservations').expect(201) ok","stackTrace":"","fullMsg":"Passed [ok]: .post('/rsv/v1/hotels/GRVZA/reservations').expect(201) ok","failure":false},{"name":"NightwatchAssertError","message":"Passed [ok]: .post('/rsv/v1/hotels/GRVZA/reservations').expect('Content-Type', /json/) ok","stackTrace":"","fullMsg":"Passed [ok]: .post('/rsv/v1/hotels/GRVZA/reservations').expect('Content-Type', /json/) ok","failure":false}],"commands":[],"passed":2,"errors":0,"failed":0,"skipped":0,"tests":2,"status":"pass","startTimestamp":"Tue, 20 Aug 2024 07:45:21 GMT","httpOutput":[],"steps":[],"stackTrace":"","testcases":{"post api test":{"time":"1.842","assertions":[{"name":"NightwatchAssertError","message":"Passed [ok]: .post('/oauth/v1/tokens').expect(200) ok","stackTrace":"","fullMsg":"Passed [ok]: .post('/oauth/v1/tokens').expect(200) ok","failure":false},{"name":"NightwatchAssertError","message":"Passed [ok]: .post('/oauth/v1/tokens').expect('Content-Type', /json/) ok","stackTrace":"","fullMsg":"Passed [ok]: .post('/oauth/v1/tokens').expect('Content-Type', /json/) ok","failure":false}],"tests":2,"commands":[],"passed":2,"errors":0,"failed":0,"skipped":0,"status":"pass","startTimestamp":"Tue, 20 Aug 2024 07:45:19 GMT","httpOutput":[],"steps":[],"stackTrace":"","timeMs":1842,"endTimestamp":"Tue, 20 Aug 2024 07:45:21 GMT"},"post api test after login":{"time":"4.322","assertions":[{"name":"NightwatchAssertError","message":"Passed [ok]: .post('/rsv/v1/hotels/GRVZA/reservations').expect(201) ok","stackTrace":"","fullMsg":"Passed [ok]: .post('/rsv/v1/hotels/GRVZA/reservations').expect(201) ok","failure":false},{"name":"NightwatchAssertError","message":"Passed [ok]: .post('/rsv/v1/hotels/GRVZA/reservations').expect('Content-Type', /json/) ok","stackTrace":"","fullMsg":"Passed [ok]: .post('/rsv/v1/hotels/GRVZA/reservations').expect('Content-Type', /json/) ok","failure":false}],"tests":2,"commands":[],"passed":2,"errors":0,"failed":0,"skipped":0,"status":"pass","startTimestamp":"Tue, 20 Aug 2024 07:45:21 GMT","httpOutput":[],"steps":[],"stackTrace":"","timeMs":4322,"endTimestamp":"Tue, 20 Aug 2024 07:45:25 GMT"}},"timeMs":4322,"endTimestamp":"Tue, 20 Aug 2024 07:45:25 GMT"},"GET Reservation OHIP":{"time":"0.08900","assertions":[],"commands":[],"passed":0,"errors":1,"failed":0,"skipped":0,"tests":0,"status":"fail","startTimestamp":"Tue, 20 Aug 2024 07:45:25 GMT","httpOutput":[],"steps":[],"stackTrace":"Error: Getendpath is undefined. Please check the value in the JSON file or script.\n    at DescribeInstance.<anonymous> (C:\\Users\\User\\Documents\\QA-Automation\\tests\\step_definitions\\api\\New.js:213:9)\n    at Context.call (C:\\Users\\User\\Documents\\QA-Automation\\node_modules\\nightwatch\\lib\\testsuite\\context.js:515:35)\n    at TestCase.run (C:\\Users\\User\\Documents\\QA-Automation\\node_modules\\nightwatch\\lib\\testsuite\\testcase.js:58:31)\n    at Runnable.__runFn (C:\\Users\\User\\Documents\\QA-Automation\\node_modules\\nightwatch\\lib\\testsuite\\index.js:839:80)\n    at Runnable.run (C:\\Users\\User\\Documents\\QA-Automation\\node_modules\\nightwatch\\lib\\testsuite\\runnable.js:126:21)\n    at TestSuite.executeRunnable (C:\\Users\\User\\Documents\\QA-Automation\\node_modules\\nightwatch\\lib\\testsuite\\index.js:1000:49)\n    at TestSuite.handleRunnable (C:\\Users\\User\\Documents\\QA-Automation\\node_modules\\nightwatch\\lib\\testsuite\\index.js:1015:33)\n    at C:\\Users\\User\\Documents\\QA-Automation\\node_modules\\nightwatch\\lib\\testsuite\\index.js:839:21\n    at runNextTicks (node:internal/process/task_queues:60:5)\n    at process.processTimers (node:internal/timers:511:9)","testcases":{"post api test":{"time":"1.842","assertions":[{"name":"NightwatchAssertError","message":"Passed [ok]: .post('/oauth/v1/tokens').expect(200) ok","stackTrace":"","fullMsg":"Passed [ok]: .post('/oauth/v1/tokens').expect(200) ok","failure":false},{"name":"NightwatchAssertError","message":"Passed [ok]: .post('/oauth/v1/tokens').expect('Content-Type', /json/) ok","stackTrace":"","fullMsg":"Passed [ok]: .post('/oauth/v1/tokens').expect('Content-Type', /json/) ok","failure":false}],"tests":2,"commands":[],"passed":2,"errors":0,"failed":0,"skipped":0,"status":"pass","startTimestamp":"Tue, 20 Aug 2024 07:45:19 GMT","httpOutput":[],"steps":[],"stackTrace":"","timeMs":1842,"endTimestamp":"Tue, 20 Aug 2024 07:45:21 GMT"},"post api test after login":{"time":"4.322","assertions":[{"name":"NightwatchAssertError","message":"Passed [ok]: .post('/rsv/v1/hotels/GRVZA/reservations').expect(201) ok","stackTrace":"","fullMsg":"Passed [ok]: .post('/rsv/v1/hotels/GRVZA/reservations').expect(201) ok","failure":false},{"name":"NightwatchAssertError","message":"Passed [ok]: .post('/rsv/v1/hotels/GRVZA/reservations').expect('Content-Type', /json/) ok","stackTrace":"","fullMsg":"Passed [ok]: .post('/rsv/v1/hotels/GRVZA/reservations').expect('Content-Type', /json/) ok","failure":false}],"tests":2,"commands":[],"passed":2,"errors":0,"failed":0,"skipped":0,"status":"pass","startTimestamp":"Tue, 20 Aug 2024 07:45:21 GMT","httpOutput":[],"steps":[],"stackTrace":"","timeMs":4322,"endTimestamp":"Tue, 20 Aug 2024 07:45:25 GMT"},"GET Reservation OHIP":{"time":"0.08900","assertions":[],"tests":0,"commands":[],"passed":0,"errors":1,"failed":0,"skipped":0,"status":"fail","startTimestamp":"Tue, 20 Aug 2024 07:45:25 GMT","httpOutput":[],"steps":[],"stackTrace":"Error: Getendpath is undefined. Please check the value in the JSON file or script.\n    at DescribeInstance.<anonymous> (C:\\Users\\User\\Documents\\QA-Automation\\tests\\step_definitions\\api\\New.js:213:9)\n    at Context.call (C:\\Users\\User\\Documents\\QA-Automation\\node_modules\\nightwatch\\lib\\testsuite\\context.js:515:35)\n    at TestCase.run (C:\\Users\\User\\Documents\\QA-Automation\\node_modules\\nightwatch\\lib\\testsuite\\testcase.js:58:31)\n    at Runnable.__runFn (C:\\Users\\User\\Documents\\QA-Automation\\node_modules\\nightwatch\\lib\\testsuite\\index.js:839:80)\n    at Runnable.run (C:\\Users\\User\\Documents\\QA-Automation\\node_modules\\nightwatch\\lib\\testsuite\\runnable.js:126:21)\n    at TestSuite.executeRunnable (C:\\Users\\User\\Documents\\QA-Automation\\node_modules\\nightwatch\\lib\\testsuite\\index.js:1000:49)\n    at TestSuite.handleRunnable (C:\\Users\\User\\Documents\\QA-Automation\\node_modules\\nightwatch\\lib\\testsuite\\index.js:1015:33)\n    at C:\\Users\\User\\Documents\\QA-Automation\\node_modules\\nightwatch\\lib\\testsuite\\index.js:839:21\n    at runNextTicks (node:internal/process/task_queues:60:5)\n    at process.processTimers (node:internal/timers:511:9)","lastError":{"name":"Error","displayed":true},"errorsPerTest":["Getendpath is undefined. Please check the value in the JSON file or script."],"timeMs":89,"endTimestamp":"Tue, 20 Aug 2024 07:45:25 GMT"}},"lastError":{"name":"Error","displayed":true},"errorsPerTest":["Getendpath is undefined. Please check the value in the JSON file or script."],"timeMs":89,"endTimestamp":"Tue, 20 Aug 2024 07:45:25 GMT"}},"completedSections":{"__global_beforeEach_hook":{"time":"0.001000","assertions":[],"commands":[],"passed":0,"errors":0,"failed":0,"skipped":0,"tests":0,"status":"pass","startTimestamp":1724139919352,"httpOutput":[],"timeMs":1,"endTimestamp":1724139919353},"__before_hook":{"time":"0.001000","assertions":[],"commands":[],"passed":0,"errors":0,"failed":0,"skipped":0,"tests":0,"status":"pass","startTimestamp":1724139919353,"httpOutput":[],"timeMs":1,"endTimestamp":1724139919354},"post api test":{"time":"1.842","assertions":[],"commands":[{"name":"assert.ok","args":[],"startTime":1724139921194,"endTime":1724139921196,"elapsedTime":2,"status":"pass","result":{}},{"name":"assert.ok","args":[],"startTime":1724139921196,"endTime":1724139921196,"elapsedTime":0,"status":"pass","result":{}}],"passed":0,"errors":0,"failed":0,"skipped":0,"tests":0,"status":"pass","startTimestamp":1724139919355,"httpOutput":[],"beforeEach":{"time":"0.000","assertions":[],"commands":[],"passed":0,"errors":0,"failed":0,"skipped":0,"tests":0,"status":"pass","startTimestamp":1724139919355,"httpOutput":[],"endTimestamp":1724139919355,"timeMs":0},"testcase":{"time":"1.831","assertions":[],"commands":[],"passed":0,"errors":0,"failed":0,"skipped":0,"tests":0,"status":"pass","startTimestamp":1724139919355,"httpOutput":[],"endTimestamp":1724139921186,"timeMs":1831},"afterEach":{"time":"0.01100","assertions":[],"commands":[{"name":"assert.ok","args":[],"startTime":1724139921194,"endTime":1724139921196,"elapsedTime":2,"status":"pass","result":{}},{"name":"assert.ok","args":[],"startTime":1724139921196,"endTime":1724139921196,"elapsedTime":0,"status":"pass","result":{}}],"passed":0,"errors":0,"failed":0,"skipped":0,"tests":0,"status":"pass","startTimestamp":1724139921186,"httpOutput":[],"endTimestamp":1724139921197,"timeMs":11},"timeMs":1842,"endTimestamp":1724139921197},"post api test after login":{"time":"4.322","assertions":[],"commands":[{"name":"assert.ok","args":[],"startTime":1724139925520,"endTime":1724139925520,"elapsedTime":0,"status":"pass","result":{}},{"name":"assert.ok","args":[],"startTime":1724139925520,"endTime":1724139925521,"elapsedTime":1,"status":"pass","result":{}}],"passed":0,"errors":0,"failed":0,"skipped":0,"tests":0,"status":"pass","startTimestamp":1724139921199,"httpOutput":[],"beforeEach":{"time":"0.01100","assertions":[],"commands":[],"passed":0,"errors":0,"failed":0,"skipped":0,"tests":0,"status":"pass","startTimestamp":1724139921199,"httpOutput":[],"endTimestamp":1724139921210,"timeMs":11},"testcase":{"time":"4.309","assertions":[],"commands":[],"passed":0,"errors":0,"failed":0,"skipped":0,"tests":0,"status":"pass","startTimestamp":1724139921210,"httpOutput":[],"endTimestamp":1724139925519,"timeMs":4309},"afterEach":{"time":"0.002000","assertions":[],"commands":[{"name":"assert.ok","args":[],"startTime":1724139925520,"endTime":1724139925520,"elapsedTime":0,"status":"pass","result":{}},{"name":"assert.ok","args":[],"startTime":1724139925520,"endTime":1724139925521,"elapsedTime":1,"status":"pass","result":{}}],"passed":0,"errors":0,"failed":0,"skipped":0,"tests":0,"status":"pass","startTimestamp":1724139925519,"httpOutput":[],"endTimestamp":1724139925521,"timeMs":2},"timeMs":4322,"endTimestamp":1724139925521},"GET Reservation OHIP":{"time":"0.08900","assertions":[],"commands":[{"name":"saveScreenshot","args":["\"C:\\\\Users\\\\User\\\\Documents\\\\QA-Automation\\\\Screenshots\\\\New\\\\GET-Reservation-OHIP_FAILED_Aug-20-2024-131525-GMT+0530.png\"",null],"startTime":1724139925600,"endTime":1724139925607,"elapsedTime":7,"status":"fail","result":{"status":-1,"name":"TypeError"}}],"passed":0,"errors":0,"failed":0,"skipped":0,"tests":0,"status":"fail","startTimestamp":1724139925522,"httpOutput":[],"beforeEach":{"time":"0.01100","assertions":[],"commands":[],"passed":0,"errors":0,"failed":0,"skipped":0,"tests":0,"status":"pass","startTimestamp":1724139925522,"httpOutput":[],"endTimestamp":1724139925533,"timeMs":11},"testcase":{"time":"0.07400","assertions":[],"commands":[{"name":"saveScreenshot","args":["\"C:\\\\Users\\\\User\\\\Documents\\\\QA-Automation\\\\Screenshots\\\\New\\\\GET-Reservation-OHIP_FAILED_Aug-20-2024-131525-GMT+0530.png\"",null],"startTime":1724139925600,"endTime":1724139925607,"elapsedTime":7,"status":"fail","result":{"status":-1,"name":"TypeError"}}],"passed":0,"errors":0,"failed":0,"skipped":0,"tests":0,"status":"pass","startTimestamp":1724139925533,"httpOutput":[],"endTimestamp":1724139925607,"timeMs":74},"afterEach":{"time":"0.004000","assertions":[],"commands":[],"passed":0,"errors":0,"failed":0,"skipped":0,"tests":0,"status":"pass","startTimestamp":1724139925607,"httpOutput":[],"endTimestamp":1724139925611,"timeMs":4},"timeMs":89,"endTimestamp":1724139925611},"__after_hook":{"time":"0.01200","assertions":[],"commands":[],"passed":0,"errors":0,"failed":0,"skipped":0,"tests":0,"status":"fail","startTimestamp":1724139925614,"httpOutput":[],"timeMs":12,"endTimestamp":1724139925626},"__global_afterEach_hook":{"time":"0.000","assertions":[],"commands":[],"passed":0,"errors":0,"failed":0,"skipped":0,"tests":0,"status":"fail","startTimestamp":1724139925626,"httpOutput":[],"timeMs":0,"endTimestamp":1724139925626}},"errmessages":[" \u001b[31m\u001b[1mError\u001b[22m\u001b[39m\n   \u001b[31mGetendpath is undefined. Please check the value in the JSON file or script.\u001b[39m\n\u001b[33m\u001b[39m\n\u001b[33m    Error location:\u001b[39m\n    C:\\Users\\User\\Documents\\QA-Automation\\tests\\step_definitions\\api\\New.js:213\n    –––––––––––––––––––––––––––––––––––––––––––––––––––––––––––––––––––––––––\n     211 | \n     212 | if (!Getendpath) {\n    \u001b[41m\u001b[37m 213 |   throw new Error(\"Getendpath is undefined. Please check the value in the JSON file or script.\"); \u001b[39m\u001b[49m\n     214 | }\n     215 | console.log(\"GetendPath:\", getEndPath);\n    –––––––––––––––––––––––––––––––––––––––––––––––––––––––––––––––––––––––––\n"],"testsCount":3,"skippedCount":0,"failedCount":0,"errorsCount":1,"passedCount":4,"group":"","modulePath":"C:\\Users\\User\\Documents\\QA-Automation\\tests\\step_definitions\\api\\New.js","startTimestamp":"Tue, 20 Aug 2024 07:45:19 GMT","endTimestamp":"Tue, 20 Aug 2024 07:45:25 GMT","sessionCapabilities":{"browserName":"chrome","name":"API Auth Token"},"sessionId":"","projectName":"","buildName":"","testEnv":"api_testing","isMobile":false,"status":"fail","host":"localhost","name":"API Auth Token","tags":[],"tests":3,"failures":0,"errors":1,"httpOutput":[],"rawHttpOutput":[],"globalErrorRegister":["   \u001b[31m\u001b[1mError\u001b[22m\u001b[39m\n   \u001b[31mGetendpath is undefined. Please check the value in the JSON file or script.\u001b[39m\n\u001b[33m\u001b[39m\n\u001b[33m    Error location:\u001b[39m\n    C:\\Users\\User\\Documents\\QA-Automation\\tests\\step_definitions\\api\\New.js:213\n    –––––––––––––––––––––––––––––––––––––––––––––––––––––––––––––––––––––––––\n     211 | \n     212 | if (!Getendpath) {\n    \u001b[41m\u001b[37m 213 |   throw new Error(\"Getendpath is undefined. Please check the value in the JSON file or script.\"); \u001b[39m\u001b[49m\n     214 | }\n     215 | console.log(\"GetendPath:\", getEndPath);\n    –––––––––––––––––––––––––––––––––––––––––––––––––––––––––––––––––––––––––\n"," \u001b[31m\u001b[1mError\u001b[22m\u001b[39m\n   \u001b[31mGetendpath is undefined. Please check the value in the JSON file or script.\u001b[39m\n\u001b[33m\u001b[39m\n\u001b[33m    Error location:\u001b[39m\n    C:\\Users\\User\\Documents\\QA-Automation\\tests\\step_definitions\\api\\New.js:213\n    –––––––––––––––––––––––––––––––––––––––––––––––––––––––––––––––––––––––––\n     211 | \n     212 | if (!Getendpath) {\n    \u001b[41m\u001b[37m 213 |   throw new Error(\"Getendpath is undefined. Please check the value in the JSON file or script.\"); \u001b[39m\u001b[49m\n     214 | }\n     215 | console.log(\"GetendPath:\", getEndPath);\n    –––––––––––––––––––––––––––––––––––––––––––––––––––––––––––––––––––––––––\n"]}