{"reportPrefix":"","assertionsCount":3,"lastError":{"name":"TypeError","displayed":true},"skippedAtRuntime":[],"skippedByUser":[],"skipped":[],"time":"3.319","timeMs":3319,"completed":{"post api test":{"time":"1.559","assertions":[{"name":"NightwatchAssertError","message":"Passed [ok]: .post('/oauth/v1/tokens').expect(200) ok","stackTrace":"","fullMsg":"Passed [ok]: .post('/oauth/v1/tokens').expect(200) ok","failure":false},{"name":"NightwatchAssertError","message":"Passed [ok]: .post('/oauth/v1/tokens').expect('Content-Type', /json/) ok","stackTrace":"","fullMsg":"Passed [ok]: .post('/oauth/v1/tokens').expect('Content-Type', /json/) ok","failure":false}],"commands":[],"passed":2,"errors":0,"failed":0,"skipped":0,"tests":2,"status":"pass","startTimestamp":"Mon, 19 Aug 2024 07:52:49 GMT","httpOutput":[],"steps":[],"stackTrace":"","testcases":{"post api test":{"time":"1.559","assertions":[{"name":"NightwatchAssertError","message":"Passed [ok]: .post('/oauth/v1/tokens').expect(200) ok","stackTrace":"","fullMsg":"Passed [ok]: .post('/oauth/v1/tokens').expect(200) ok","failure":false},{"name":"NightwatchAssertError","message":"Passed [ok]: .post('/oauth/v1/tokens').expect('Content-Type', /json/) ok","stackTrace":"","fullMsg":"Passed [ok]: .post('/oauth/v1/tokens').expect('Content-Type', /json/) ok","failure":false}],"tests":2,"commands":[],"passed":2,"errors":0,"failed":0,"skipped":0,"status":"pass","startTimestamp":"Mon, 19 Aug 2024 07:52:49 GMT","httpOutput":[],"steps":[],"stackTrace":"","timeMs":1559,"endTimestamp":"Mon, 19 Aug 2024 07:52:51 GMT"}},"timeMs":1559,"endTimestamp":"Mon, 19 Aug 2024 07:52:51 GMT"},"post api test after login":{"time":"0.09600","assertions":[{"name":"TypeError","message":"Cannot read properties of undefined (reading 'hotelId')","stackTrace":"TypeError: Cannot read properties of undefined (reading 'hotelId')\n    at DescribeInstance.<anonymous> (C:\\Users\\User\\Documents\\QA-Automation\\tests\\step_definitions\\api\\New.js:44:46)\n    at Context.call (C:\\Users\\User\\Documents\\QA-Automation\\node_modules\\nightwatch\\lib\\testsuite\\context.js:515:35)\n    at TestCase.run (C:\\Users\\User\\Documents\\QA-Automation\\node_modules\\nightwatch\\lib\\testsuite\\testcase.js:58:31)\n    at Runnable.__runFn (C:\\Users\\User\\Documents\\QA-Automation\\node_modules\\nightwatch\\lib\\testsuite\\index.js:839:80)\n    at Runnable.run (C:\\Users\\User\\Documents\\QA-Automation\\node_modules\\nightwatch\\lib\\testsuite\\runnable.js:126:21)\n    at TestSuite.executeRunnable (C:\\Users\\User\\Documents\\QA-Automation\\node_modules\\nightwatch\\lib\\testsuite\\index.js:1000:49)\n    at TestSuite.handleRunnable (C:\\Users\\User\\Documents\\QA-Automation\\node_modules\\nightwatch\\lib\\testsuite\\index.js:1015:33)\n    at C:\\Users\\User\\Documents\\QA-Automation\\node_modules\\nightwatch\\lib\\testsuite\\index.js:839:21\n    at runNextTicks (node:internal/process/task_queues:60:5)\n    at process.processTimers (node:internal/timers:511:9)","fullMsg":"Cannot read properties of undefined (reading 'hotelId')","failure":"expected \"undefined\" but got: \"undefined\""}],"commands":[],"passed":0,"errors":0,"failed":1,"skipped":0,"tests":1,"status":"fail","startTimestamp":"Mon, 19 Aug 2024 07:52:51 GMT","httpOutput":[],"steps":[],"stackTrace":"TypeError: Cannot read properties of undefined (reading 'hotelId')\n    at DescribeInstance.<anonymous> (C:\\Users\\User\\Documents\\QA-Automation\\tests\\step_definitions\\api\\New.js:44:46)\n    at Context.call (C:\\Users\\User\\Documents\\QA-Automation\\node_modules\\nightwatch\\lib\\testsuite\\context.js:515:35)\n    at TestCase.run (C:\\Users\\User\\Documents\\QA-Automation\\node_modules\\nightwatch\\lib\\testsuite\\testcase.js:58:31)\n    at Runnable.__runFn (C:\\Users\\User\\Documents\\QA-Automation\\node_modules\\nightwatch\\lib\\testsuite\\index.js:839:80)\n    at Runnable.run (C:\\Users\\User\\Documents\\QA-Automation\\node_modules\\nightwatch\\lib\\testsuite\\runnable.js:126:21)\n    at TestSuite.executeRunnable (C:\\Users\\User\\Documents\\QA-Automation\\node_modules\\nightwatch\\lib\\testsuite\\index.js:1000:49)\n    at TestSuite.handleRunnable (C:\\Users\\User\\Documents\\QA-Automation\\node_modules\\nightwatch\\lib\\testsuite\\index.js:1015:33)\n    at C:\\Users\\User\\Documents\\QA-Automation\\node_modules\\nightwatch\\lib\\testsuite\\index.js:839:21\n    at runNextTicks (node:internal/process/task_queues:60:5)\n    at process.processTimers (node:internal/timers:511:9)","testcases":{"post api test":{"time":"1.559","assertions":[{"name":"NightwatchAssertError","message":"Passed [ok]: .post('/oauth/v1/tokens').expect(200) ok","stackTrace":"","fullMsg":"Passed [ok]: .post('/oauth/v1/tokens').expect(200) ok","failure":false},{"name":"NightwatchAssertError","message":"Passed [ok]: .post('/oauth/v1/tokens').expect('Content-Type', /json/) ok","stackTrace":"","fullMsg":"Passed [ok]: .post('/oauth/v1/tokens').expect('Content-Type', /json/) ok","failure":false}],"tests":2,"commands":[],"passed":2,"errors":0,"failed":0,"skipped":0,"status":"pass","startTimestamp":"Mon, 19 Aug 2024 07:52:49 GMT","httpOutput":[],"steps":[],"stackTrace":"","timeMs":1559,"endTimestamp":"Mon, 19 Aug 2024 07:52:51 GMT"},"post api test after login":{"time":"0.09600","assertions":[{"name":"TypeError","message":"Cannot read properties of undefined (reading 'hotelId')","stackTrace":"TypeError: Cannot read properties of undefined (reading 'hotelId')\n    at DescribeInstance.<anonymous> (C:\\Users\\User\\Documents\\QA-Automation\\tests\\step_definitions\\api\\New.js:44:46)\n    at Context.call (C:\\Users\\User\\Documents\\QA-Automation\\node_modules\\nightwatch\\lib\\testsuite\\context.js:515:35)\n    at TestCase.run (C:\\Users\\User\\Documents\\QA-Automation\\node_modules\\nightwatch\\lib\\testsuite\\testcase.js:58:31)\n    at Runnable.__runFn (C:\\Users\\User\\Documents\\QA-Automation\\node_modules\\nightwatch\\lib\\testsuite\\index.js:839:80)\n    at Runnable.run (C:\\Users\\User\\Documents\\QA-Automation\\node_modules\\nightwatch\\lib\\testsuite\\runnable.js:126:21)\n    at TestSuite.executeRunnable (C:\\Users\\User\\Documents\\QA-Automation\\node_modules\\nightwatch\\lib\\testsuite\\index.js:1000:49)\n    at TestSuite.handleRunnable (C:\\Users\\User\\Documents\\QA-Automation\\node_modules\\nightwatch\\lib\\testsuite\\index.js:1015:33)\n    at C:\\Users\\User\\Documents\\QA-Automation\\node_modules\\nightwatch\\lib\\testsuite\\index.js:839:21\n    at runNextTicks (node:internal/process/task_queues:60:5)\n    at process.processTimers (node:internal/timers:511:9)","fullMsg":"Cannot read properties of undefined (reading 'hotelId')","failure":"expected \"undefined\" but got: \"undefined\""}],"tests":1,"commands":[],"passed":0,"errors":0,"failed":1,"skipped":0,"status":"fail","startTimestamp":"Mon, 19 Aug 2024 07:52:51 GMT","httpOutput":[],"steps":[],"stackTrace":"TypeError: Cannot read properties of undefined (reading 'hotelId')\n    at DescribeInstance.<anonymous> (C:\\Users\\User\\Documents\\QA-Automation\\tests\\step_definitions\\api\\New.js:44:46)\n    at Context.call (C:\\Users\\User\\Documents\\QA-Automation\\node_modules\\nightwatch\\lib\\testsuite\\context.js:515:35)\n    at TestCase.run (C:\\Users\\User\\Documents\\QA-Automation\\node_modules\\nightwatch\\lib\\testsuite\\testcase.js:58:31)\n    at Runnable.__runFn (C:\\Users\\User\\Documents\\QA-Automation\\node_modules\\nightwatch\\lib\\testsuite\\index.js:839:80)\n    at Runnable.run (C:\\Users\\User\\Documents\\QA-Automation\\node_modules\\nightwatch\\lib\\testsuite\\runnable.js:126:21)\n    at TestSuite.executeRunnable (C:\\Users\\User\\Documents\\QA-Automation\\node_modules\\nightwatch\\lib\\testsuite\\index.js:1000:49)\n    at TestSuite.handleRunnable (C:\\Users\\User\\Documents\\QA-Automation\\node_modules\\nightwatch\\lib\\testsuite\\index.js:1015:33)\n    at C:\\Users\\User\\Documents\\QA-Automation\\node_modules\\nightwatch\\lib\\testsuite\\index.js:839:21\n    at runNextTicks (node:internal/process/task_queues:60:5)\n    at process.processTimers (node:internal/timers:511:9)","lastError":{"name":"TypeError","displayed":true},"timeMs":96,"endTimestamp":"Mon, 19 Aug 2024 07:52:51 GMT"}},"lastError":{"name":"TypeError","displayed":true},"timeMs":96,"endTimestamp":"Mon, 19 Aug 2024 07:52:51 GMT"}},"completedSections":{"__global_beforeEach_hook":{"time":"0.001000","assertions":[],"commands":[],"passed":0,"errors":0,"failed":0,"skipped":0,"tests":0,"status":"pass","startTimestamp":1724053969913,"httpOutput":[],"timeMs":1,"endTimestamp":1724053969914},"__before_hook":{"time":"0.000","assertions":[],"commands":[],"passed":0,"errors":0,"failed":0,"skipped":0,"tests":0,"status":"pass","startTimestamp":1724053969914,"httpOutput":[],"timeMs":0,"endTimestamp":1724053969914},"post api test":{"time":"1.559","assertions":[],"commands":[{"name":"assert.ok","args":[],"startTime":1724053971470,"endTime":1724053971472,"elapsedTime":2,"status":"pass","result":{}},{"name":"assert.ok","args":[],"startTime":1724053971473,"endTime":1724053971473,"elapsedTime":0,"status":"pass","result":{}}],"passed":0,"errors":0,"failed":0,"skipped":0,"tests":0,"status":"pass","startTimestamp":1724053969915,"httpOutput":[],"beforeEach":{"time":"0.000","assertions":[],"commands":[],"passed":0,"errors":0,"failed":0,"skipped":0,"tests":0,"status":"pass","startTimestamp":1724053969916,"httpOutput":[],"endTimestamp":1724053969916,"timeMs":0},"testcase":{"time":"1.552","assertions":[],"commands":[],"passed":0,"errors":0,"failed":0,"skipped":0,"tests":0,"status":"pass","startTimestamp":1724053969916,"httpOutput":[],"endTimestamp":1724053971468,"timeMs":1552},"afterEach":{"time":"0.004000","assertions":[],"commands":[{"name":"assert.ok","args":[],"startTime":1724053971470,"endTime":1724053971472,"elapsedTime":2,"status":"pass","result":{}},{"name":"assert.ok","args":[],"startTime":1724053971473,"endTime":1724053971473,"elapsedTime":0,"status":"pass","result":{}}],"passed":0,"errors":0,"failed":0,"skipped":0,"tests":0,"status":"pass","startTimestamp":1724053971469,"httpOutput":[],"endTimestamp":1724053971473,"timeMs":4},"timeMs":1559,"endTimestamp":1724053971474},"post api test after login":{"time":"0.09600","assertions":[],"commands":[{"name":"saveScreenshot","args":["\"C:\\\\Users\\\\User\\\\Documents\\\\QA-Automation\\\\Screenshots\\\\New\\\\post-api-test-after-login_FAILED_Aug-19-2024-132251-GMT+0530.png\"",null],"startTime":1724053971551,"endTime":1724053971561,"elapsedTime":10,"status":"fail","result":{"status":-1,"name":"TypeError"}}],"passed":0,"errors":0,"failed":0,"skipped":0,"tests":0,"status":"fail","startTimestamp":1724053971476,"httpOutput":[],"beforeEach":{"time":"0.009000","assertions":[],"commands":[],"passed":0,"errors":0,"failed":0,"skipped":0,"tests":0,"status":"pass","startTimestamp":1724053971476,"httpOutput":[],"endTimestamp":1724053971485,"timeMs":9},"testcase":{"time":"0.07600","assertions":[],"commands":[{"name":"saveScreenshot","args":["\"C:\\\\Users\\\\User\\\\Documents\\\\QA-Automation\\\\Screenshots\\\\New\\\\post-api-test-after-login_FAILED_Aug-19-2024-132251-GMT+0530.png\"",null],"startTime":1724053971551,"endTime":1724053971561,"elapsedTime":10,"status":"fail","result":{"status":-1,"name":"TypeError"}}],"passed":0,"errors":0,"failed":0,"skipped":0,"tests":0,"status":"pass","startTimestamp":1724053971485,"httpOutput":[],"endTimestamp":1724053971561,"timeMs":76},"afterEach":{"time":"0.01100","assertions":[],"commands":[],"passed":0,"errors":0,"failed":0,"skipped":0,"tests":0,"status":"pass","startTimestamp":1724053971561,"httpOutput":[],"endTimestamp":1724053971572,"timeMs":11},"timeMs":96,"endTimestamp":1724053971572},"__after_hook":{"time":"0.008000","assertions":[],"commands":[],"passed":0,"errors":0,"failed":0,"skipped":0,"tests":0,"status":"fail","startTimestamp":1724053971573,"httpOutput":[],"timeMs":8,"endTimestamp":1724053971581},"__global_afterEach_hook":{"time":"0.000","assertions":[],"commands":[],"passed":0,"errors":0,"failed":0,"skipped":0,"tests":0,"status":"fail","startTimestamp":1724053971581,"httpOutput":[],"timeMs":0,"endTimestamp":1724053971581}},"errmessages":[],"testsCount":2,"skippedCount":0,"failedCount":1,"errorsCount":0,"passedCount":2,"group":"","modulePath":"C:\\Users\\User\\Documents\\QA-Automation\\tests\\step_definitions\\api\\New.js","startTimestamp":"Mon, 19 Aug 2024 07:52:49 GMT","endTimestamp":"Mon, 19 Aug 2024 07:52:51 GMT","sessionCapabilities":{"browserName":"chrome","name":"API Auth Token"},"sessionId":"","projectName":"","buildName":"","testEnv":"api_testing","isMobile":false,"status":"fail","host":"localhost","name":"API Auth Token","tags":[],"tests":2,"failures":1,"errors":0,"httpOutput":[],"rawHttpOutput":[],"globalErrorRegister":["   \u001b[31m\u001b[1m✖\u001b[22m\u001b[39m \u001b[31m\u001b[1mTypeError\u001b[22m\u001b[39m\n   \u001b[31mCannot read properties of undefined (reading 'hotelId')\u001b[39m\n\u001b[33m\u001b[39m\n\u001b[33m    Error location:\u001b[39m\n    C:\\Users\\User\\Documents\\QA-Automation\\tests\\step_definitions\\api\\New.js:44\n    –––––––––––––––––––––––––––––––––––––––––––––––––––––––––––––––––––––––––\n     42 |       .post(\"/rsv/v1/hotels/GRVZA/reservations\")\n     43 |       .set('Content-Type', 'application/json')\n    \u001b[41m\u001b[37m 44 |       .set('x-hotelid', testData.reservation.hotelId) \u001b[39m\u001b[49m\n     45 |       .set('x-app-key', '69594b78-9894-4914-a894-860ca6d056db')\n     46 |       .set('bypass-routing', 'N')\n    –––––––––––––––––––––––––––––––––––––––––––––––––––––––––––––––––––––––––\n\n\u001b[33m    Stack Trace :\u001b[39m\n\u001b[90m    at DescribeInstance.<anonymous> (C:\\Users\\User\\Documents\\QA-Automation\\tests\\step_definitions\\api\\New.js:44:46)\u001b[39m\n\u001b[90m    at Context.call (C:\\Users\\User\\Documents\\QA-Automation\\node_modules\\nightwatch\\lib\\testsuite\\context.js:515:35)\u001b[39m\n\u001b[90m    at TestCase.run (C:\\Users\\User\\Documents\\QA-Automation\\node_modules\\nightwatch\\lib\\testsuite\\testcase.js:58:31)\u001b[39m\n\u001b[90m    at Runnable.__runFn (C:\\Users\\User\\Documents\\QA-Automation\\node_modules\\nightwatch\\lib\\testsuite\\index.js:839:80)\u001b[39m\n\u001b[90m    at Runnable.run (C:\\Users\\User\\Documents\\QA-Automation\\node_modules\\nightwatch\\lib\\testsuite\\runnable.js:126:21)\u001b[39m\n\u001b[90m    at TestSuite.executeRunnable (C:\\Users\\User\\Documents\\QA-Automation\\node_modules\\nightwatch\\lib\\testsuite\\index.js:1000:49)\u001b[39m\n\u001b[90m    at TestSuite.handleRunnable (C:\\Users\\User\\Documents\\QA-Automation\\node_modules\\nightwatch\\lib\\testsuite\\index.js:1015:33)\u001b[39m\n\u001b[90m    at C:\\Users\\User\\Documents\\QA-Automation\\node_modules\\nightwatch\\lib\\testsuite\\index.js:839:21\u001b[39m\n\u001b[90m    at runNextTicks (node:internal/process/task_queues:60:5)\u001b[39m\n\u001b[90m    at process.processTimers (node:internal/timers:511:9)\u001b[39m\n"]}