{"reportPrefix":"","assertionsCount":4,"lastError":{"name":"ReferenceError","displayed":true},"skippedAtRuntime":[],"skippedByUser":[],"skipped":[],"time":"11.71","timeMs":11710,"completed":{"post api test":{"time":"2.562","assertions":[{"name":"NightwatchAssertError","message":"Passed [ok]: .post('/oauth/v1/tokens').expect(200) ok","stackTrace":"","fullMsg":"Passed [ok]: .post('/oauth/v1/tokens').expect(200) ok","failure":false},{"name":"NightwatchAssertError","message":"Passed [ok]: .post('/oauth/v1/tokens').expect('Content-Type', /json/) ok","stackTrace":"","fullMsg":"Passed [ok]: .post('/oauth/v1/tokens').expect('Content-Type', /json/) ok","failure":false}],"commands":[],"passed":2,"errors":0,"failed":0,"skipped":0,"tests":2,"status":"pass","startTimestamp":"Tue, 20 Aug 2024 06:55:07 GMT","httpOutput":[],"steps":[],"stackTrace":"","testcases":{"post api test":{"time":"2.562","assertions":[{"name":"NightwatchAssertError","message":"Passed [ok]: .post('/oauth/v1/tokens').expect(200) ok","stackTrace":"","fullMsg":"Passed [ok]: .post('/oauth/v1/tokens').expect(200) ok","failure":false},{"name":"NightwatchAssertError","message":"Passed [ok]: .post('/oauth/v1/tokens').expect('Content-Type', /json/) ok","stackTrace":"","fullMsg":"Passed [ok]: .post('/oauth/v1/tokens').expect('Content-Type', /json/) ok","failure":false}],"tests":2,"commands":[],"passed":2,"errors":0,"failed":0,"skipped":0,"status":"pass","startTimestamp":"Tue, 20 Aug 2024 06:55:07 GMT","httpOutput":[],"steps":[],"stackTrace":"","timeMs":2562,"endTimestamp":"Tue, 20 Aug 2024 06:55:09 GMT"}},"timeMs":2562,"endTimestamp":"Tue, 20 Aug 2024 06:55:09 GMT"},"post api test after login":{"time":"3.188","assertions":[{"name":"NightwatchAssertError","message":"Passed [ok]: .post('/rsv/v1/hotels/GRVZA/reservations').expect(201) ok","stackTrace":"","fullMsg":"Passed [ok]: .post('/rsv/v1/hotels/GRVZA/reservations').expect(201) ok","failure":false},{"name":"NightwatchAssertError","message":"Passed [ok]: .post('/rsv/v1/hotels/GRVZA/reservations').expect('Content-Type', /json/) ok","stackTrace":"","fullMsg":"Passed [ok]: .post('/rsv/v1/hotels/GRVZA/reservations').expect('Content-Type', /json/) ok","failure":false}],"commands":[],"passed":2,"errors":0,"failed":0,"skipped":0,"tests":2,"status":"pass","startTimestamp":"Tue, 20 Aug 2024 06:55:09 GMT","httpOutput":[],"steps":[],"stackTrace":"","testcases":{"post api test":{"time":"2.562","assertions":[{"name":"NightwatchAssertError","message":"Passed [ok]: .post('/oauth/v1/tokens').expect(200) ok","stackTrace":"","fullMsg":"Passed [ok]: .post('/oauth/v1/tokens').expect(200) ok","failure":false},{"name":"NightwatchAssertError","message":"Passed [ok]: .post('/oauth/v1/tokens').expect('Content-Type', /json/) ok","stackTrace":"","fullMsg":"Passed [ok]: .post('/oauth/v1/tokens').expect('Content-Type', /json/) ok","failure":false}],"tests":2,"commands":[],"passed":2,"errors":0,"failed":0,"skipped":0,"status":"pass","startTimestamp":"Tue, 20 Aug 2024 06:55:07 GMT","httpOutput":[],"steps":[],"stackTrace":"","timeMs":2562,"endTimestamp":"Tue, 20 Aug 2024 06:55:09 GMT"},"post api test after login":{"time":"3.188","assertions":[{"name":"NightwatchAssertError","message":"Passed [ok]: .post('/rsv/v1/hotels/GRVZA/reservations').expect(201) ok","stackTrace":"","fullMsg":"Passed [ok]: .post('/rsv/v1/hotels/GRVZA/reservations').expect(201) ok","failure":false},{"name":"NightwatchAssertError","message":"Passed [ok]: .post('/rsv/v1/hotels/GRVZA/reservations').expect('Content-Type', /json/) ok","stackTrace":"","fullMsg":"Passed [ok]: .post('/rsv/v1/hotels/GRVZA/reservations').expect('Content-Type', /json/) ok","failure":false}],"tests":2,"commands":[],"passed":2,"errors":0,"failed":0,"skipped":0,"status":"pass","startTimestamp":"Tue, 20 Aug 2024 06:55:09 GMT","httpOutput":[],"steps":[],"stackTrace":"","timeMs":3188,"endTimestamp":"Tue, 20 Aug 2024 06:55:13 GMT"}},"timeMs":3188,"endTimestamp":"Tue, 20 Aug 2024 06:55:13 GMT"},"GET Reservation OHIP":{"time":"0.1000","assertions":[],"commands":[],"passed":0,"errors":1,"failed":0,"skipped":0,"tests":0,"status":"fail","startTimestamp":"Tue, 20 Aug 2024 06:55:13 GMT","httpOutput":[],"steps":[],"stackTrace":"ReferenceError: row is not defined\n    at DescribeInstance.<anonymous> (C:\\Users\\User\\Documents\\QA-Automation\\tests\\step_definitions\\api\\New.js:210:27)\n    at Context.call (C:\\Users\\User\\Documents\\QA-Automation\\node_modules\\nightwatch\\lib\\testsuite\\context.js:515:35)\n    at TestCase.run (C:\\Users\\User\\Documents\\QA-Automation\\node_modules\\nightwatch\\lib\\testsuite\\testcase.js:58:31)\n    at Runnable.__runFn (C:\\Users\\User\\Documents\\QA-Automation\\node_modules\\nightwatch\\lib\\testsuite\\index.js:839:80)\n    at Runnable.run (C:\\Users\\User\\Documents\\QA-Automation\\node_modules\\nightwatch\\lib\\testsuite\\runnable.js:126:21)\n    at TestSuite.executeRunnable (C:\\Users\\User\\Documents\\QA-Automation\\node_modules\\nightwatch\\lib\\testsuite\\index.js:1000:49)\n    at TestSuite.handleRunnable (C:\\Users\\User\\Documents\\QA-Automation\\node_modules\\nightwatch\\lib\\testsuite\\index.js:1015:33)\n    at C:\\Users\\User\\Documents\\QA-Automation\\node_modules\\nightwatch\\lib\\testsuite\\index.js:839:21\n    at async DefaultRunner.runTestSuite (C:\\Users\\User\\Documents\\QA-Automation\\node_modules\\nightwatch\\lib\\runner\\test-runners\\default.js:83:7)\n    at async DefaultRunner.promiseFn (C:\\Users\\User\\Documents\\QA-Automation\\node_modules\\nightwatch\\lib\\runner\\test-runners\\default.js:101:7)","testcases":{"post api test":{"time":"2.562","assertions":[{"name":"NightwatchAssertError","message":"Passed [ok]: .post('/oauth/v1/tokens').expect(200) ok","stackTrace":"","fullMsg":"Passed [ok]: .post('/oauth/v1/tokens').expect(200) ok","failure":false},{"name":"NightwatchAssertError","message":"Passed [ok]: .post('/oauth/v1/tokens').expect('Content-Type', /json/) ok","stackTrace":"","fullMsg":"Passed [ok]: .post('/oauth/v1/tokens').expect('Content-Type', /json/) ok","failure":false}],"tests":2,"commands":[],"passed":2,"errors":0,"failed":0,"skipped":0,"status":"pass","startTimestamp":"Tue, 20 Aug 2024 06:55:07 GMT","httpOutput":[],"steps":[],"stackTrace":"","timeMs":2562,"endTimestamp":"Tue, 20 Aug 2024 06:55:09 GMT"},"post api test after login":{"time":"3.188","assertions":[{"name":"NightwatchAssertError","message":"Passed [ok]: .post('/rsv/v1/hotels/GRVZA/reservations').expect(201) ok","stackTrace":"","fullMsg":"Passed [ok]: .post('/rsv/v1/hotels/GRVZA/reservations').expect(201) ok","failure":false},{"name":"NightwatchAssertError","message":"Passed [ok]: .post('/rsv/v1/hotels/GRVZA/reservations').expect('Content-Type', /json/) ok","stackTrace":"","fullMsg":"Passed [ok]: .post('/rsv/v1/hotels/GRVZA/reservations').expect('Content-Type', /json/) ok","failure":false}],"tests":2,"commands":[],"passed":2,"errors":0,"failed":0,"skipped":0,"status":"pass","startTimestamp":"Tue, 20 Aug 2024 06:55:09 GMT","httpOutput":[],"steps":[],"stackTrace":"","timeMs":3188,"endTimestamp":"Tue, 20 Aug 2024 06:55:13 GMT"},"GET Reservation OHIP":{"time":"0.1000","assertions":[],"tests":0,"commands":[],"passed":0,"errors":1,"failed":0,"skipped":0,"status":"fail","startTimestamp":"Tue, 20 Aug 2024 06:55:13 GMT","httpOutput":[],"steps":[],"stackTrace":"ReferenceError: row is not defined\n    at DescribeInstance.<anonymous> (C:\\Users\\User\\Documents\\QA-Automation\\tests\\step_definitions\\api\\New.js:210:27)\n    at Context.call (C:\\Users\\User\\Documents\\QA-Automation\\node_modules\\nightwatch\\lib\\testsuite\\context.js:515:35)\n    at TestCase.run (C:\\Users\\User\\Documents\\QA-Automation\\node_modules\\nightwatch\\lib\\testsuite\\testcase.js:58:31)\n    at Runnable.__runFn (C:\\Users\\User\\Documents\\QA-Automation\\node_modules\\nightwatch\\lib\\testsuite\\index.js:839:80)\n    at Runnable.run (C:\\Users\\User\\Documents\\QA-Automation\\node_modules\\nightwatch\\lib\\testsuite\\runnable.js:126:21)\n    at TestSuite.executeRunnable (C:\\Users\\User\\Documents\\QA-Automation\\node_modules\\nightwatch\\lib\\testsuite\\index.js:1000:49)\n    at TestSuite.handleRunnable (C:\\Users\\User\\Documents\\QA-Automation\\node_modules\\nightwatch\\lib\\testsuite\\index.js:1015:33)\n    at C:\\Users\\User\\Documents\\QA-Automation\\node_modules\\nightwatch\\lib\\testsuite\\index.js:839:21\n    at async DefaultRunner.runTestSuite (C:\\Users\\User\\Documents\\QA-Automation\\node_modules\\nightwatch\\lib\\runner\\test-runners\\default.js:83:7)\n    at async DefaultRunner.promiseFn (C:\\Users\\User\\Documents\\QA-Automation\\node_modules\\nightwatch\\lib\\runner\\test-runners\\default.js:101:7)","lastError":{"name":"ReferenceError","displayed":true},"errorsPerTest":["row is not defined"],"timeMs":100,"endTimestamp":"Tue, 20 Aug 2024 06:55:13 GMT"}},"lastError":{"name":"ReferenceError","displayed":true},"errorsPerTest":["row is not defined"],"timeMs":100,"endTimestamp":"Tue, 20 Aug 2024 06:55:13 GMT"}},"completedSections":{"__global_beforeEach_hook":{"time":"0.001000","assertions":[],"commands":[],"passed":0,"errors":0,"failed":0,"skipped":0,"tests":0,"status":"pass","startTimestamp":1724136907288,"httpOutput":[],"timeMs":1,"endTimestamp":1724136907289},"__before_hook":{"time":"0.000","assertions":[],"commands":[],"passed":0,"errors":0,"failed":0,"skipped":0,"tests":0,"status":"pass","startTimestamp":1724136907290,"httpOutput":[],"timeMs":0,"endTimestamp":1724136907290},"post api test":{"time":"2.562","assertions":[],"commands":[{"name":"assert.ok","args":[],"startTime":1724136909849,"endTime":1724136909852,"elapsedTime":3,"status":"pass","result":{}},{"name":"assert.ok","args":[],"startTime":1724136909853,"endTime":1724136909854,"elapsedTime":1,"status":"pass","result":{}}],"passed":0,"errors":0,"failed":0,"skipped":0,"tests":0,"status":"pass","startTimestamp":1724136907293,"httpOutput":[],"beforeEach":{"time":"0.000","assertions":[],"commands":[],"passed":0,"errors":0,"failed":0,"skipped":0,"tests":0,"status":"pass","startTimestamp":1724136907294,"httpOutput":[],"endTimestamp":1724136907294,"timeMs":0},"testcase":{"time":"2.553","assertions":[],"commands":[],"passed":0,"errors":0,"failed":0,"skipped":0,"tests":0,"status":"pass","startTimestamp":1724136907294,"httpOutput":[],"endTimestamp":1724136909847,"timeMs":2553},"afterEach":{"time":"0.007000","assertions":[],"commands":[{"name":"assert.ok","args":[],"startTime":1724136909849,"endTime":1724136909852,"elapsedTime":3,"status":"pass","result":{}},{"name":"assert.ok","args":[],"startTime":1724136909853,"endTime":1724136909854,"elapsedTime":1,"status":"pass","result":{}}],"passed":0,"errors":0,"failed":0,"skipped":0,"tests":0,"status":"pass","startTimestamp":1724136909847,"httpOutput":[],"endTimestamp":1724136909854,"timeMs":7},"timeMs":2562,"endTimestamp":1724136909855},"post api test after login":{"time":"3.188","assertions":[],"commands":[{"name":"assert.ok","args":[],"startTime":1724136913044,"endTime":1724136913045,"elapsedTime":1,"status":"pass","result":{}},{"name":"assert.ok","args":[],"startTime":1724136913045,"endTime":1724136913046,"elapsedTime":1,"status":"pass","result":{}}],"passed":0,"errors":0,"failed":0,"skipped":0,"tests":0,"status":"pass","startTimestamp":1724136909858,"httpOutput":[],"beforeEach":{"time":"0.009000","assertions":[],"commands":[],"passed":0,"errors":0,"failed":0,"skipped":0,"tests":0,"status":"pass","startTimestamp":1724136909858,"httpOutput":[],"endTimestamp":1724136909867,"timeMs":9},"testcase":{"time":"3.176","assertions":[],"commands":[],"passed":0,"errors":0,"failed":0,"skipped":0,"tests":0,"status":"pass","startTimestamp":1724136909867,"httpOutput":[],"endTimestamp":1724136913043,"timeMs":3176},"afterEach":{"time":"0.003000","assertions":[],"commands":[{"name":"assert.ok","args":[],"startTime":1724136913044,"endTime":1724136913045,"elapsedTime":1,"status":"pass","result":{}},{"name":"assert.ok","args":[],"startTime":1724136913045,"endTime":1724136913046,"elapsedTime":1,"status":"pass","result":{}}],"passed":0,"errors":0,"failed":0,"skipped":0,"tests":0,"status":"pass","startTimestamp":1724136913043,"httpOutput":[],"endTimestamp":1724136913046,"timeMs":3},"timeMs":3188,"endTimestamp":1724136913046},"GET Reservation OHIP":{"time":"0.1000","assertions":[],"commands":[{"name":"saveScreenshot","args":["\"C:\\\\Users\\\\User\\\\Documents\\\\QA-Automation\\\\Screenshots\\\\New\\\\GET-Reservation-OHIP_FAILED_Aug-20-2024-122513-GMT+0530.png\"",null],"startTime":1724136913122,"endTime":1724136913136,"elapsedTime":14,"status":"fail","result":{"status":-1,"name":"TypeError"}}],"passed":0,"errors":0,"failed":0,"skipped":0,"tests":0,"status":"fail","startTimestamp":1724136913047,"httpOutput":[],"beforeEach":{"time":"0.003000","assertions":[],"commands":[],"passed":0,"errors":0,"failed":0,"skipped":0,"tests":0,"status":"pass","startTimestamp":1724136913047,"httpOutput":[],"endTimestamp":1724136913050,"timeMs":3},"testcase":{"time":"0.08700","assertions":[],"commands":[{"name":"saveScreenshot","args":["\"C:\\\\Users\\\\User\\\\Documents\\\\QA-Automation\\\\Screenshots\\\\New\\\\GET-Reservation-OHIP_FAILED_Aug-20-2024-122513-GMT+0530.png\"",null],"startTime":1724136913122,"endTime":1724136913136,"elapsedTime":14,"status":"fail","result":{"status":-1,"name":"TypeError"}}],"passed":0,"errors":0,"failed":0,"skipped":0,"tests":0,"status":"pass","startTimestamp":1724136913050,"httpOutput":[],"endTimestamp":1724136913137,"timeMs":87},"afterEach":{"time":"0.01000","assertions":[],"commands":[],"passed":0,"errors":0,"failed":0,"skipped":0,"tests":0,"status":"pass","startTimestamp":1724136913137,"httpOutput":[],"endTimestamp":1724136913147,"timeMs":10},"timeMs":100,"endTimestamp":1724136913147},"__after_hook":{"time":"0.009000","assertions":[],"commands":[],"passed":0,"errors":0,"failed":0,"skipped":0,"tests":0,"status":"fail","startTimestamp":1724136913149,"httpOutput":[],"timeMs":9,"endTimestamp":1724136913158},"__global_afterEach_hook":{"time":"0.000","assertions":[],"commands":[],"passed":0,"errors":0,"failed":0,"skipped":0,"tests":0,"status":"fail","startTimestamp":1724136913159,"httpOutput":[],"timeMs":0,"endTimestamp":1724136913159}},"errmessages":[" \u001b[31m\u001b[1m✖\u001b[22m\u001b[39m \u001b[31m\u001b[1mReferenceError\u001b[22m\u001b[39m\n   \u001b[31mrow is not defined\u001b[39m\n\u001b[33m\u001b[39m\n\u001b[33m    Error location:\u001b[39m\n    C:\\Users\\User\\Documents\\QA-Automation\\tests\\step_definitions\\api\\New.js:210\n    –––––––––––––––––––––––––––––––––––––––––––––––––––––––––––––––––––––––––\n     208 |     throw new Error(\"Reservation data is missing in testData.\");\n     209 |   }\n    \u001b[41m\u001b[37m 210 |   console.log('Request:', row.request); // Debugging line \u001b[39m\u001b[49m\n     211 |   console.log('AuthendPath:', row.Authendpath); // Debugging line\n     212 |   await supertest\n    –––––––––––––––––––––––––––––––––––––––––––––––––––––––––––––––––––––––––\n\n\u001b[33m    Stack Trace :\u001b[39m\n\u001b[90m    at DescribeInstance.<anonymous> (C:\\Users\\User\\Documents\\QA-Automation\\tests\\step_definitions\\api\\New.js:210:27)\u001b[39m\n\u001b[90m    at Context.call (C:\\Users\\User\\Documents\\QA-Automation\\node_modules\\nightwatch\\lib\\testsuite\\context.js:515:35)\u001b[39m\n\u001b[90m    at TestCase.run (C:\\Users\\User\\Documents\\QA-Automation\\node_modules\\nightwatch\\lib\\testsuite\\testcase.js:58:31)\u001b[39m\n\u001b[90m    at Runnable.__runFn (C:\\Users\\User\\Documents\\QA-Automation\\node_modules\\nightwatch\\lib\\testsuite\\index.js:839:80)\u001b[39m\n\u001b[90m    at Runnable.run (C:\\Users\\User\\Documents\\QA-Automation\\node_modules\\nightwatch\\lib\\testsuite\\runnable.js:126:21)\u001b[39m\n\u001b[90m    at TestSuite.executeRunnable (C:\\Users\\User\\Documents\\QA-Automation\\node_modules\\nightwatch\\lib\\testsuite\\index.js:1000:49)\u001b[39m\n\u001b[90m    at TestSuite.handleRunnable (C:\\Users\\User\\Documents\\QA-Automation\\node_modules\\nightwatch\\lib\\testsuite\\index.js:1015:33)\u001b[39m\n\u001b[90m    at C:\\Users\\User\\Documents\\QA-Automation\\node_modules\\nightwatch\\lib\\testsuite\\index.js:839:21\u001b[39m\n\u001b[90m    at async DefaultRunner.runTestSuite (C:\\Users\\User\\Documents\\QA-Automation\\node_modules\\nightwatch\\lib\\runner\\test-runners\\default.js:83:7)\u001b[39m\n\u001b[90m    at async DefaultRunner.promiseFn (C:\\Users\\User\\Documents\\QA-Automation\\node_modules\\nightwatch\\lib\\runner\\test-runners\\default.js:101:7)\u001b[39m\n"],"testsCount":3,"skippedCount":0,"failedCount":0,"errorsCount":1,"passedCount":4,"group":"","modulePath":"C:\\Users\\User\\Documents\\QA-Automation\\tests\\step_definitions\\api\\New.js","startTimestamp":"Tue, 20 Aug 2024 06:55:07 GMT","endTimestamp":"Tue, 20 Aug 2024 06:55:13 GMT","sessionCapabilities":{"browserName":"chrome","name":"API Auth Token"},"sessionId":"","projectName":"","buildName":"","testEnv":"api_testing","isMobile":false,"status":"fail","host":"localhost","name":"API Auth Token","tags":[],"tests":3,"failures":0,"errors":1,"httpOutput":[],"rawHttpOutput":[],"globalErrorRegister":["   \u001b[31m\u001b[1m✖\u001b[22m\u001b[39m \u001b[31m\u001b[1mReferenceError\u001b[22m\u001b[39m\n   \u001b[31mrow is not defined\u001b[39m\n\u001b[33m\u001b[39m\n\u001b[33m    Error location:\u001b[39m\n    C:\\Users\\User\\Documents\\QA-Automation\\tests\\step_definitions\\api\\New.js:210\n    –––––––––––––––––––––––––––––––––––––––––––––––––––––––––––––––––––––––––\n     208 |     throw new Error(\"Reservation data is missing in testData.\");\n     209 |   }\n    \u001b[41m\u001b[37m 210 |   console.log('Request:', row.request); // Debugging line \u001b[39m\u001b[49m\n     211 |   console.log('AuthendPath:', row.Authendpath); // Debugging line\n     212 |   await supertest\n    –––––––––––––––––––––––––––––––––––––––––––––––––––––––––––––––––––––––––\n\n\u001b[33m    Stack Trace :\u001b[39m\n\u001b[90m    at DescribeInstance.<anonymous> (C:\\Users\\User\\Documents\\QA-Automation\\tests\\step_definitions\\api\\New.js:210:27)\u001b[39m\n\u001b[90m    at Context.call (C:\\Users\\User\\Documents\\QA-Automation\\node_modules\\nightwatch\\lib\\testsuite\\context.js:515:35)\u001b[39m\n\u001b[90m    at TestCase.run (C:\\Users\\User\\Documents\\QA-Automation\\node_modules\\nightwatch\\lib\\testsuite\\testcase.js:58:31)\u001b[39m\n\u001b[90m    at Runnable.__runFn (C:\\Users\\User\\Documents\\QA-Automation\\node_modules\\nightwatch\\lib\\testsuite\\index.js:839:80)\u001b[39m\n\u001b[90m    at Runnable.run (C:\\Users\\User\\Documents\\QA-Automation\\node_modules\\nightwatch\\lib\\testsuite\\runnable.js:126:21)\u001b[39m\n\u001b[90m    at TestSuite.executeRunnable (C:\\Users\\User\\Documents\\QA-Automation\\node_modules\\nightwatch\\lib\\testsuite\\index.js:1000:49)\u001b[39m\n\u001b[90m    at TestSuite.handleRunnable (C:\\Users\\User\\Documents\\QA-Automation\\node_modules\\nightwatch\\lib\\testsuite\\index.js:1015:33)\u001b[39m\n\u001b[90m    at C:\\Users\\User\\Documents\\QA-Automation\\node_modules\\nightwatch\\lib\\testsuite\\index.js:839:21\u001b[39m\n\u001b[90m    at async DefaultRunner.runTestSuite (C:\\Users\\User\\Documents\\QA-Automation\\node_modules\\nightwatch\\lib\\runner\\test-runners\\default.js:83:7)\u001b[39m\n\u001b[90m    at async DefaultRunner.promiseFn (C:\\Users\\User\\Documents\\QA-Automation\\node_modules\\nightwatch\\lib\\runner\\test-runners\\default.js:101:7)\u001b[39m\n"," \u001b[31m\u001b[1m✖\u001b[22m\u001b[39m \u001b[31m\u001b[1mReferenceError\u001b[22m\u001b[39m\n   \u001b[31mrow is not defined\u001b[39m\n\u001b[33m\u001b[39m\n\u001b[33m    Error location:\u001b[39m\n    C:\\Users\\User\\Documents\\QA-Automation\\tests\\step_definitions\\api\\New.js:210\n    –––––––––––––––––––––––––––––––––––––––––––––––––––––––––––––––––––––––––\n     208 |     throw new Error(\"Reservation data is missing in testData.\");\n     209 |   }\n    \u001b[41m\u001b[37m 210 |   console.log('Request:', row.request); // Debugging line \u001b[39m\u001b[49m\n     211 |   console.log('AuthendPath:', row.Authendpath); // Debugging line\n     212 |   await supertest\n    –––––––––––––––––––––––––––––––––––––––––––––––––––––––––––––––––––––––––\n\n\u001b[33m    Stack Trace :\u001b[39m\n\u001b[90m    at DescribeInstance.<anonymous> (C:\\Users\\User\\Documents\\QA-Automation\\tests\\step_definitions\\api\\New.js:210:27)\u001b[39m\n\u001b[90m    at Context.call (C:\\Users\\User\\Documents\\QA-Automation\\node_modules\\nightwatch\\lib\\testsuite\\context.js:515:35)\u001b[39m\n\u001b[90m    at TestCase.run (C:\\Users\\User\\Documents\\QA-Automation\\node_modules\\nightwatch\\lib\\testsuite\\testcase.js:58:31)\u001b[39m\n\u001b[90m    at Runnable.__runFn (C:\\Users\\User\\Documents\\QA-Automation\\node_modules\\nightwatch\\lib\\testsuite\\index.js:839:80)\u001b[39m\n\u001b[90m    at Runnable.run (C:\\Users\\User\\Documents\\QA-Automation\\node_modules\\nightwatch\\lib\\testsuite\\runnable.js:126:21)\u001b[39m\n\u001b[90m    at TestSuite.executeRunnable (C:\\Users\\User\\Documents\\QA-Automation\\node_modules\\nightwatch\\lib\\testsuite\\index.js:1000:49)\u001b[39m\n\u001b[90m    at TestSuite.handleRunnable (C:\\Users\\User\\Documents\\QA-Automation\\node_modules\\nightwatch\\lib\\testsuite\\index.js:1015:33)\u001b[39m\n\u001b[90m    at C:\\Users\\User\\Documents\\QA-Automation\\node_modules\\nightwatch\\lib\\testsuite\\index.js:839:21\u001b[39m\n\u001b[90m    at async DefaultRunner.runTestSuite (C:\\Users\\User\\Documents\\QA-Automation\\node_modules\\nightwatch\\lib\\runner\\test-runners\\default.js:83:7)\u001b[39m\n\u001b[90m    at async DefaultRunner.promiseFn (C:\\Users\\User\\Documents\\QA-Automation\\node_modules\\nightwatch\\lib\\runner\\test-runners\\default.js:101:7)\u001b[39m\n"]}