{"reportPrefix":"","assertionsCount":0,"lastError":{"name":"Error","displayed":true},"skippedAtRuntime":["GET Check Availability","PUT Check Validation","POST Create Reservation","GET AuthToken1","GET Check Availability","PUT Check Validation","POST Create Reservation","GET Reservation OHIP","GET Reservation OHIP","GET AuthToken2","GET Reservation GRS","GET AuthToken2","GET Reservation GRS"],"skippedByUser":[],"skipped":["GET Check Availability","PUT Check Validation","POST Create Reservation","GET AuthToken1","GET Check Availability","PUT Check Validation","POST Create Reservation","GET Reservation OHIP","GET Reservation OHIP","GET AuthToken2","GET Reservation GRS","GET AuthToken2","GET Reservation GRS"],"time":"0.2590","timeMs":259,"completed":{"GET AuthToken1":{"time":"0.09800","assertions":[],"commands":[],"passed":0,"errors":1,"failed":0,"skipped":0,"tests":0,"status":"fail","startTimestamp":"Mon, 29 Jul 2024 04:28:41 GMT","httpOutput":[],"steps":["GET Check Availability","PUT Check Validation","POST Create Reservation","GET AuthToken1","GET Check Availability","PUT Check Validation","POST Create Reservation","GET Reservation OHIP","GET Reservation OHIP","GET AuthToken2","GET Reservation GRS","GET AuthToken2","GET Reservation GRS"],"stackTrace":"Error: Missing request or AuthendPath in row\n    at DescribeInstance.<anonymous> (C:\\Users\\User\\Documents\\QA-Automation\\tests\\step_definitions\\api\\CreateReservDemo.js:91:23)\n    at Context.call (C:\\Users\\User\\Documents\\QA-Automation\\node_modules\\nightwatch\\lib\\testsuite\\context.js:515:35)\n    at TestCase.run (C:\\Users\\User\\Documents\\QA-Automation\\node_modules\\nightwatch\\lib\\testsuite\\testcase.js:58:31)\n    at Runnable.__runFn (C:\\Users\\User\\Documents\\QA-Automation\\node_modules\\nightwatch\\lib\\testsuite\\index.js:839:80)\n    at Runnable.run (C:\\Users\\User\\Documents\\QA-Automation\\node_modules\\nightwatch\\lib\\testsuite\\runnable.js:126:21)\n    at TestSuite.executeRunnable (C:\\Users\\User\\Documents\\QA-Automation\\node_modules\\nightwatch\\lib\\testsuite\\index.js:1000:49)\n    at TestSuite.handleRunnable (C:\\Users\\User\\Documents\\QA-Automation\\node_modules\\nightwatch\\lib\\testsuite\\index.js:1015:33)\n    at C:\\Users\\User\\Documents\\QA-Automation\\node_modules\\nightwatch\\lib\\testsuite\\index.js:839:21\n    at async DefaultRunner.runTestSuite (C:\\Users\\User\\Documents\\QA-Automation\\node_modules\\nightwatch\\lib\\runner\\test-runners\\default.js:83:7)\n    at async DefaultRunner.promiseFn (C:\\Users\\User\\Documents\\QA-Automation\\node_modules\\nightwatch\\lib\\runner\\test-runners\\default.js:101:7)","testcases":{"GET AuthToken1":{"time":"0.09800","assertions":[],"tests":0,"commands":[],"passed":0,"errors":1,"failed":0,"skipped":0,"status":"fail","startTimestamp":"Mon, 29 Jul 2024 04:28:41 GMT","httpOutput":[],"steps":["GET Check Availability","PUT Check Validation","POST Create Reservation","GET AuthToken1","GET Check Availability","PUT Check Validation","POST Create Reservation","GET Reservation OHIP","GET Reservation OHIP","GET AuthToken2","GET Reservation GRS","GET AuthToken2","GET Reservation GRS"],"stackTrace":"Error: Missing request or AuthendPath in row\n    at DescribeInstance.<anonymous> (C:\\Users\\User\\Documents\\QA-Automation\\tests\\step_definitions\\api\\CreateReservDemo.js:91:23)\n    at Context.call (C:\\Users\\User\\Documents\\QA-Automation\\node_modules\\nightwatch\\lib\\testsuite\\context.js:515:35)\n    at TestCase.run (C:\\Users\\User\\Documents\\QA-Automation\\node_modules\\nightwatch\\lib\\testsuite\\testcase.js:58:31)\n    at Runnable.__runFn (C:\\Users\\User\\Documents\\QA-Automation\\node_modules\\nightwatch\\lib\\testsuite\\index.js:839:80)\n    at Runnable.run (C:\\Users\\User\\Documents\\QA-Automation\\node_modules\\nightwatch\\lib\\testsuite\\runnable.js:126:21)\n    at TestSuite.executeRunnable (C:\\Users\\User\\Documents\\QA-Automation\\node_modules\\nightwatch\\lib\\testsuite\\index.js:1000:49)\n    at TestSuite.handleRunnable (C:\\Users\\User\\Documents\\QA-Automation\\node_modules\\nightwatch\\lib\\testsuite\\index.js:1015:33)\n    at C:\\Users\\User\\Documents\\QA-Automation\\node_modules\\nightwatch\\lib\\testsuite\\index.js:839:21\n    at async DefaultRunner.runTestSuite (C:\\Users\\User\\Documents\\QA-Automation\\node_modules\\nightwatch\\lib\\runner\\test-runners\\default.js:83:7)\n    at async DefaultRunner.promiseFn (C:\\Users\\User\\Documents\\QA-Automation\\node_modules\\nightwatch\\lib\\runner\\test-runners\\default.js:101:7)","lastError":{"name":"Error","displayed":true},"errorsPerTest":["Missing request or AuthendPath in row"],"timeMs":98,"endTimestamp":"Mon, 29 Jul 2024 04:28:41 GMT"}},"lastError":{"name":"Error","displayed":true},"errorsPerTest":["Missing request or AuthendPath in row"],"timeMs":98,"endTimestamp":"Mon, 29 Jul 2024 04:28:41 GMT"}},"completedSections":{"__global_beforeEach_hook":{"time":"0.002000","assertions":[],"commands":[],"passed":0,"errors":0,"failed":0,"skipped":0,"tests":0,"status":"pass","startTimestamp":1722227321848,"httpOutput":[],"timeMs":2,"endTimestamp":1722227321850},"__before_hook":{"time":"0.000","assertions":[],"commands":[],"passed":0,"errors":0,"failed":0,"skipped":0,"tests":0,"status":"pass","startTimestamp":1722227321850,"httpOutput":[],"timeMs":0,"endTimestamp":1722227321850},"GET AuthToken1":{"time":"0.09700","assertions":[],"commands":[{"name":"saveScreenshot","args":["\"C:\\\\Users\\\\User\\\\Documents\\\\QA-Automation\\\\Screenshots\\\\CreateReservDemo\\\\GET-AuthToken1_FAILED_Jul-29-2024-095841-GMT+0530.png\"",null],"startTime":1722227321923,"endTime":1722227321938,"elapsedTime":15,"status":"fail","result":{"status":-1,"name":"TypeError"}}],"passed":0,"errors":0,"failed":0,"skipped":0,"tests":0,"status":"fail","startTimestamp":1722227321853,"httpOutput":[],"beforeEach":{"time":"0.001000","assertions":[],"commands":[],"passed":0,"errors":0,"failed":0,"skipped":0,"tests":0,"status":"pass","startTimestamp":1722227321853,"httpOutput":[],"endTimestamp":1722227321854,"timeMs":1},"testcase":{"time":"0.08500","assertions":[],"commands":[{"name":"saveScreenshot","args":["\"C:\\\\Users\\\\User\\\\Documents\\\\QA-Automation\\\\Screenshots\\\\CreateReservDemo\\\\GET-AuthToken1_FAILED_Jul-29-2024-095841-GMT+0530.png\"",null],"startTime":1722227321923,"endTime":1722227321938,"elapsedTime":15,"status":"fail","result":{"status":-1,"name":"TypeError"}}],"passed":0,"errors":0,"failed":0,"skipped":0,"tests":0,"status":"pass","startTimestamp":1722227321854,"httpOutput":[],"endTimestamp":1722227321939,"timeMs":85},"afterEach":{"time":"0.01000","assertions":[],"commands":[],"passed":0,"errors":0,"failed":0,"skipped":0,"tests":0,"status":"pass","startTimestamp":1722227321939,"httpOutput":[],"endTimestamp":1722227321949,"timeMs":10},"timeMs":97,"endTimestamp":1722227321950},"__after_hook":{"time":"0.06200","assertions":[],"commands":[],"passed":0,"errors":0,"failed":0,"skipped":0,"tests":0,"status":"fail","startTimestamp":1722227321953,"httpOutput":[],"timeMs":62,"endTimestamp":1722227322015},"__global_afterEach_hook":{"time":"0.000","assertions":[],"commands":[],"passed":0,"errors":0,"failed":0,"skipped":0,"tests":0,"status":"fail","startTimestamp":1722227322016,"httpOutput":[],"timeMs":0,"endTimestamp":1722227322016}},"errmessages":[" \u001b[31m\u001b[1mError\u001b[22m\u001b[39m\n   \u001b[31mMissing request or AuthendPath in row\u001b[39m\n\u001b[33m\u001b[39m\n\u001b[33m    Error location:\u001b[39m\n    C:\\Users\\User\\Documents\\QA-Automation\\tests\\step_definitions\\api\\CreateReservDemo.js:91\n    ––––––––––––––––––––––––––––––––––––––––––––––––––––––––––––––––––––––––––––––––––––––\n     89 | \n     90 |             if (!row.request || !row.Authendpath) {\n    \u001b[41m\u001b[37m 91 |                 throw new Error('Missing request or AuthendPath in row'); \u001b[39m\u001b[49m\n     92 |             }\n     93 | \n    ––––––––––––––––––––––––––––––––––––––––––––––––––––––––––––––––––––––––––––––––––––––\n"],"testsCount":1,"skippedCount":13,"failedCount":0,"errorsCount":1,"passedCount":0,"group":"","modulePath":"C:\\Users\\User\\Documents\\QA-Automation\\tests\\step_definitions\\api\\CreateReservDemo.js","startTimestamp":"Mon, 29 Jul 2024 04:28:41 GMT","endTimestamp":"Mon, 29 Jul 2024 04:28:42 GMT","sessionCapabilities":{"browserName":"chrome","name":"Api Auth Token1"},"sessionId":"","projectName":"","buildName":"","testEnv":"api_testing","isMobile":false,"status":"fail","host":"localhost","name":"Api Auth Token1","tags":[],"tests":1,"failures":0,"errors":1,"httpOutput":[],"rawHttpOutput":[],"globalErrorRegister":["   \u001b[31m\u001b[1mError\u001b[22m\u001b[39m\n   \u001b[31mMissing request or AuthendPath in row\u001b[39m\n\u001b[33m\u001b[39m\n\u001b[33m    Error location:\u001b[39m\n    C:\\Users\\User\\Documents\\QA-Automation\\tests\\step_definitions\\api\\CreateReservDemo.js:91\n    ––––––––––––––––––––––––––––––––––––––––––––––––––––––––––––––––––––––––––––––––––––––\n     89 | \n     90 |             if (!row.request || !row.Authendpath) {\n    \u001b[41m\u001b[37m 91 |                 throw new Error('Missing request or AuthendPath in row'); \u001b[39m\u001b[49m\n     92 |             }\n     93 | \n    ––––––––––––––––––––––––––––––––––––––––––––––––––––––––––––––––––––––––––––––––––––––\n"," \u001b[31m\u001b[1mError\u001b[22m\u001b[39m\n   \u001b[31mMissing request or AuthendPath in row\u001b[39m\n\u001b[33m\u001b[39m\n\u001b[33m    Error location:\u001b[39m\n    C:\\Users\\User\\Documents\\QA-Automation\\tests\\step_definitions\\api\\CreateReservDemo.js:91\n    ––––––––––––––––––––––––––––––––––––––––––––––––––––––––––––––––––––––––––––––––––––––\n     89 | \n     90 |             if (!row.request || !row.Authendpath) {\n    \u001b[41m\u001b[37m 91 |                 throw new Error('Missing request or AuthendPath in row'); \u001b[39m\u001b[49m\n     92 |             }\n     93 | \n    ––––––––––––––––––––––––––––––––––––––––––––––––––––––––––––––––––––––––––––––––––––––\n"]}