{"reportPrefix":"","assertionsCount":3,"lastError":{"code":"ERR_INVALID_ARG_TYPE","name":"TypeError","displayed":true},"skippedAtRuntime":["GET Reservation OHIP","AuthToken1 "," POST Create Reservation","GET Reservation OHIP"],"skippedByUser":[],"skipped":["GET Reservation OHIP","AuthToken1 "," POST Create Reservation","GET Reservation OHIP"],"time":"3.790","timeMs":3790,"completed":{"AuthToken1 ":{"time":"1.782","assertions":[{"name":"NightwatchAssertError","message":"Passed [ok]: .post('/oauth/v1/tokens').expect(200) ok","stackTrace":"","fullMsg":"Passed [ok]: .post('/oauth/v1/tokens').expect(200) ok","failure":false},{"name":"NightwatchAssertError","message":"Passed [ok]: .post('/oauth/v1/tokens').expect('Content-Type', /json/) ok","stackTrace":"","fullMsg":"Passed [ok]: .post('/oauth/v1/tokens').expect('Content-Type', /json/) ok","failure":false}],"commands":[],"passed":2,"errors":0,"failed":0,"skipped":0,"tests":2,"status":"pass","startTimestamp":"Wed, 28 Aug 2024 14:49:05 GMT","httpOutput":[],"steps":["GET Reservation OHIP","AuthToken1 "," POST Create Reservation","GET Reservation OHIP"],"stackTrace":"","testcases":{"AuthToken1 ":{"time":"1.782","assertions":[{"name":"NightwatchAssertError","message":"Passed [ok]: .post('/oauth/v1/tokens').expect(200) ok","stackTrace":"","fullMsg":"Passed [ok]: .post('/oauth/v1/tokens').expect(200) ok","failure":false},{"name":"NightwatchAssertError","message":"Passed [ok]: .post('/oauth/v1/tokens').expect('Content-Type', /json/) ok","stackTrace":"","fullMsg":"Passed [ok]: .post('/oauth/v1/tokens').expect('Content-Type', /json/) ok","failure":false}],"tests":2,"commands":[],"passed":2,"errors":0,"failed":0,"skipped":0,"status":"pass","startTimestamp":"Wed, 28 Aug 2024 14:49:05 GMT","httpOutput":[],"steps":["GET Reservation OHIP","AuthToken1 "," POST Create Reservation","GET Reservation OHIP"],"stackTrace":"","timeMs":1782,"endTimestamp":"Wed, 28 Aug 2024 14:49:07 GMT"}},"timeMs":1782,"endTimestamp":"Wed, 28 Aug 2024 14:49:07 GMT"}," POST Create Reservation":{"time":"0.1080","assertions":[{"name":"TypeError","message":"The \"urlObject\" argument must be one of type object or string. Received undefined","stackTrace":"TypeError [ERR_INVALID_ARG_TYPE]: The \"urlObject\" argument must be one of type object or string. Received undefined\n    at urlFormat (node:url:580:11)\n    at new Request (C:\\Users\\User\\Documents\\QA-Automation\\node_modules\\superagent\\lib\\node\\index.js:158:38)\n    at new Test (C:\\Users\\User\\Documents\\QA-Automation\\node_modules\\supertest\\lib\\test.js:26:5)\n    at obj.<computed> [as post] (C:\\Users\\User\\Documents\\QA-Automation\\node_modules\\supertest\\index.js:43:18)\n    at Object.<anonymous> (C:\\Users\\User\\Documents\\QA-Automation\\node_modules\\@nightwatch\\apitesting\\nightwatch\\commands\\supertest\\request.js:18:42)\n    at DescribeInstance.<anonymous> (C:\\Users\\User\\Documents\\QA-Automation\\tests\\step_definitions\\api\\GRVZZ.js:115:10)\n    at Context.call (C:\\Users\\User\\Documents\\QA-Automation\\node_modules\\nightwatch\\lib\\testsuite\\context.js:515:35)\n    at TestCase.run (C:\\Users\\User\\Documents\\QA-Automation\\node_modules\\nightwatch\\lib\\testsuite\\testcase.js:58:31)\n    at Runnable.__runFn (C:\\Users\\User\\Documents\\QA-Automation\\node_modules\\nightwatch\\lib\\testsuite\\index.js:839:80)\n    at Runnable.run (C:\\Users\\User\\Documents\\QA-Automation\\node_modules\\nightwatch\\lib\\testsuite\\runnable.js:126:21)","fullMsg":"The \"urlObject\" argument must be one of type object or string. Received undefined","failure":"expected \"undefined\" but got: \"undefined\""}],"commands":[],"passed":0,"errors":0,"failed":1,"skipped":0,"tests":1,"status":"fail","startTimestamp":"Wed, 28 Aug 2024 14:49:07 GMT","httpOutput":[],"steps":["GET Reservation OHIP","AuthToken1 "," POST Create Reservation","GET Reservation OHIP"],"stackTrace":"TypeError [ERR_INVALID_ARG_TYPE]: The \"urlObject\" argument must be one of type object or string. Received undefined\n    at urlFormat (node:url:580:11)\n    at new Request (C:\\Users\\User\\Documents\\QA-Automation\\node_modules\\superagent\\lib\\node\\index.js:158:38)\n    at new Test (C:\\Users\\User\\Documents\\QA-Automation\\node_modules\\supertest\\lib\\test.js:26:5)\n    at obj.<computed> [as post] (C:\\Users\\User\\Documents\\QA-Automation\\node_modules\\supertest\\index.js:43:18)\n    at Object.<anonymous> (C:\\Users\\User\\Documents\\QA-Automation\\node_modules\\@nightwatch\\apitesting\\nightwatch\\commands\\supertest\\request.js:18:42)\n    at DescribeInstance.<anonymous> (C:\\Users\\User\\Documents\\QA-Automation\\tests\\step_definitions\\api\\GRVZZ.js:115:10)\n    at Context.call (C:\\Users\\User\\Documents\\QA-Automation\\node_modules\\nightwatch\\lib\\testsuite\\context.js:515:35)\n    at TestCase.run (C:\\Users\\User\\Documents\\QA-Automation\\node_modules\\nightwatch\\lib\\testsuite\\testcase.js:58:31)\n    at Runnable.__runFn (C:\\Users\\User\\Documents\\QA-Automation\\node_modules\\nightwatch\\lib\\testsuite\\index.js:839:80)\n    at Runnable.run (C:\\Users\\User\\Documents\\QA-Automation\\node_modules\\nightwatch\\lib\\testsuite\\runnable.js:126:21)","testcases":{"AuthToken1 ":{"time":"1.782","assertions":[{"name":"NightwatchAssertError","message":"Passed [ok]: .post('/oauth/v1/tokens').expect(200) ok","stackTrace":"","fullMsg":"Passed [ok]: .post('/oauth/v1/tokens').expect(200) ok","failure":false},{"name":"NightwatchAssertError","message":"Passed [ok]: .post('/oauth/v1/tokens').expect('Content-Type', /json/) ok","stackTrace":"","fullMsg":"Passed [ok]: .post('/oauth/v1/tokens').expect('Content-Type', /json/) ok","failure":false}],"tests":2,"commands":[],"passed":2,"errors":0,"failed":0,"skipped":0,"status":"pass","startTimestamp":"Wed, 28 Aug 2024 14:49:05 GMT","httpOutput":[],"steps":["GET Reservation OHIP","AuthToken1 "," POST Create Reservation","GET Reservation OHIP"],"stackTrace":"","timeMs":1782,"endTimestamp":"Wed, 28 Aug 2024 14:49:07 GMT"}," POST Create Reservation":{"time":"0.1080","assertions":[{"name":"TypeError","message":"The \"urlObject\" argument must be one of type object or string. Received undefined","stackTrace":"TypeError [ERR_INVALID_ARG_TYPE]: The \"urlObject\" argument must be one of type object or string. Received undefined\n    at urlFormat (node:url:580:11)\n    at new Request (C:\\Users\\User\\Documents\\QA-Automation\\node_modules\\superagent\\lib\\node\\index.js:158:38)\n    at new Test (C:\\Users\\User\\Documents\\QA-Automation\\node_modules\\supertest\\lib\\test.js:26:5)\n    at obj.<computed> [as post] (C:\\Users\\User\\Documents\\QA-Automation\\node_modules\\supertest\\index.js:43:18)\n    at Object.<anonymous> (C:\\Users\\User\\Documents\\QA-Automation\\node_modules\\@nightwatch\\apitesting\\nightwatch\\commands\\supertest\\request.js:18:42)\n    at DescribeInstance.<anonymous> (C:\\Users\\User\\Documents\\QA-Automation\\tests\\step_definitions\\api\\GRVZZ.js:115:10)\n    at Context.call (C:\\Users\\User\\Documents\\QA-Automation\\node_modules\\nightwatch\\lib\\testsuite\\context.js:515:35)\n    at TestCase.run (C:\\Users\\User\\Documents\\QA-Automation\\node_modules\\nightwatch\\lib\\testsuite\\testcase.js:58:31)\n    at Runnable.__runFn (C:\\Users\\User\\Documents\\QA-Automation\\node_modules\\nightwatch\\lib\\testsuite\\index.js:839:80)\n    at Runnable.run (C:\\Users\\User\\Documents\\QA-Automation\\node_modules\\nightwatch\\lib\\testsuite\\runnable.js:126:21)","fullMsg":"The \"urlObject\" argument must be one of type object or string. Received undefined","failure":"expected \"undefined\" but got: \"undefined\""}],"tests":1,"commands":[],"passed":0,"errors":0,"failed":1,"skipped":0,"status":"fail","startTimestamp":"Wed, 28 Aug 2024 14:49:07 GMT","httpOutput":[],"steps":["GET Reservation OHIP","AuthToken1 "," POST Create Reservation","GET Reservation OHIP"],"stackTrace":"TypeError [ERR_INVALID_ARG_TYPE]: The \"urlObject\" argument must be one of type object or string. Received undefined\n    at urlFormat (node:url:580:11)\n    at new Request (C:\\Users\\User\\Documents\\QA-Automation\\node_modules\\superagent\\lib\\node\\index.js:158:38)\n    at new Test (C:\\Users\\User\\Documents\\QA-Automation\\node_modules\\supertest\\lib\\test.js:26:5)\n    at obj.<computed> [as post] (C:\\Users\\User\\Documents\\QA-Automation\\node_modules\\supertest\\index.js:43:18)\n    at Object.<anonymous> (C:\\Users\\User\\Documents\\QA-Automation\\node_modules\\@nightwatch\\apitesting\\nightwatch\\commands\\supertest\\request.js:18:42)\n    at DescribeInstance.<anonymous> (C:\\Users\\User\\Documents\\QA-Automation\\tests\\step_definitions\\api\\GRVZZ.js:115:10)\n    at Context.call (C:\\Users\\User\\Documents\\QA-Automation\\node_modules\\nightwatch\\lib\\testsuite\\context.js:515:35)\n    at TestCase.run (C:\\Users\\User\\Documents\\QA-Automation\\node_modules\\nightwatch\\lib\\testsuite\\testcase.js:58:31)\n    at Runnable.__runFn (C:\\Users\\User\\Documents\\QA-Automation\\node_modules\\nightwatch\\lib\\testsuite\\index.js:839:80)\n    at Runnable.run (C:\\Users\\User\\Documents\\QA-Automation\\node_modules\\nightwatch\\lib\\testsuite\\runnable.js:126:21)","lastError":{"code":"ERR_INVALID_ARG_TYPE","name":"TypeError","displayed":true},"timeMs":108,"endTimestamp":"Wed, 28 Aug 2024 14:49:07 GMT"}},"lastError":{"code":"ERR_INVALID_ARG_TYPE","name":"TypeError","displayed":true},"timeMs":108,"endTimestamp":"Wed, 28 Aug 2024 14:49:07 GMT"}},"completedSections":{"__global_beforeEach_hook":{"time":"0.000","assertions":[],"commands":[],"passed":0,"errors":0,"failed":0,"skipped":0,"tests":0,"status":"pass","startTimestamp":1724856545439,"httpOutput":[],"timeMs":0,"endTimestamp":1724856545439},"__before_hook":{"time":"0.000","assertions":[],"commands":[],"passed":0,"errors":0,"failed":0,"skipped":0,"tests":0,"status":"pass","startTimestamp":1724856545441,"httpOutput":[],"timeMs":0,"endTimestamp":1724856545441},"AuthToken1 ":{"time":"1.782","assertions":[],"commands":[{"name":"assert.ok","args":[],"startTime":1724856547219,"endTime":1724856547222,"elapsedTime":3,"status":"pass","result":{}},{"name":"assert.ok","args":[],"startTime":1724856547223,"endTime":1724856547223,"elapsedTime":0,"status":"pass","result":{}}],"passed":0,"errors":0,"failed":0,"skipped":0,"tests":0,"status":"pass","startTimestamp":1724856545442,"httpOutput":[],"beforeEach":{"time":"0.000","assertions":[],"commands":[],"passed":0,"errors":0,"failed":0,"skipped":0,"tests":0,"status":"pass","startTimestamp":1724856545442,"httpOutput":[],"endTimestamp":1724856545442,"timeMs":0},"testcase":{"time":"1.764","assertions":[],"commands":[],"passed":0,"errors":0,"failed":0,"skipped":0,"tests":0,"status":"pass","startTimestamp":1724856545442,"httpOutput":[],"endTimestamp":1724856547206,"timeMs":1764},"afterEach":{"time":"0.01700","assertions":[],"commands":[{"name":"assert.ok","args":[],"startTime":1724856547219,"endTime":1724856547222,"elapsedTime":3,"status":"pass","result":{}},{"name":"assert.ok","args":[],"startTime":1724856547223,"endTime":1724856547223,"elapsedTime":0,"status":"pass","result":{}}],"passed":0,"errors":0,"failed":0,"skipped":0,"tests":0,"status":"pass","startTimestamp":1724856547206,"httpOutput":[],"endTimestamp":1724856547223,"timeMs":17},"timeMs":1782,"endTimestamp":1724856547224}," POST Create Reservation":{"time":"0.1090","assertions":[],"commands":[{"name":"saveScreenshot","args":["\"C:\\\\Users\\\\User\\\\Documents\\\\QA-Automation\\\\Screenshots\\\\GRVZZ\\\\-POST-Create-Reservation_FAILED_Aug-28-2024-201907-GMT+0530.png\"",null],"startTime":1724856547303,"endTime":1724856547332,"elapsedTime":29,"status":"fail","result":{"status":-1,"name":"TypeError"}}],"passed":0,"errors":0,"failed":0,"skipped":0,"tests":0,"status":"fail","startTimestamp":1724856547227,"httpOutput":[],"beforeEach":{"time":"0.001000","assertions":[],"commands":[],"passed":0,"errors":0,"failed":0,"skipped":0,"tests":0,"status":"pass","startTimestamp":1724856547227,"httpOutput":[],"endTimestamp":1724856547228,"timeMs":1},"testcase":{"time":"0.1040","assertions":[],"commands":[{"name":"saveScreenshot","args":["\"C:\\\\Users\\\\User\\\\Documents\\\\QA-Automation\\\\Screenshots\\\\GRVZZ\\\\-POST-Create-Reservation_FAILED_Aug-28-2024-201907-GMT+0530.png\"",null],"startTime":1724856547303,"endTime":1724856547332,"elapsedTime":29,"status":"fail","result":{"status":-1,"name":"TypeError"}}],"passed":0,"errors":0,"failed":0,"skipped":0,"tests":0,"status":"pass","startTimestamp":1724856547228,"httpOutput":[],"endTimestamp":1724856547332,"timeMs":104},"afterEach":{"time":"0.003000","assertions":[],"commands":[],"passed":0,"errors":0,"failed":0,"skipped":0,"tests":0,"status":"pass","startTimestamp":1724856547332,"httpOutput":[],"endTimestamp":1724856547335,"timeMs":3},"timeMs":109,"endTimestamp":1724856547336},"__after_hook":{"time":"0.009000","assertions":[],"commands":[],"passed":0,"errors":0,"failed":0,"skipped":0,"tests":0,"status":"fail","startTimestamp":1724856547338,"httpOutput":[],"timeMs":9,"endTimestamp":1724856547347},"__global_afterEach_hook":{"time":"0.000","assertions":[],"commands":[],"passed":0,"errors":0,"failed":0,"skipped":0,"tests":0,"status":"fail","startTimestamp":1724856547347,"httpOutput":[],"timeMs":0,"endTimestamp":1724856547347}},"errmessages":[],"testsCount":2,"skippedCount":4,"failedCount":1,"errorsCount":0,"passedCount":2,"group":"","modulePath":"C:\\Users\\User\\Documents\\QA-Automation\\tests\\step_definitions\\api\\GRVZZ.js","startTimestamp":"Wed, 28 Aug 2024 14:49:05 GMT","endTimestamp":"Wed, 28 Aug 2024 14:49:07 GMT","sessionCapabilities":{"browserName":"chrome","name":"api Authu Token"},"sessionId":"","projectName":"","buildName":"","testEnv":"api_testing","isMobile":false,"status":"fail","host":"localhost","name":"api Authu Token","tags":[],"tests":2,"failures":1,"errors":0,"httpOutput":[],"rawHttpOutput":[],"globalErrorRegister":["   \u001b[31m\u001b[1m✖\u001b[22m\u001b[39m \u001b[31m\u001b[1mTypeError\u001b[22m\u001b[39m\n   \u001b[31mThe \"urlObject\" argument must be one of type object or string. Received undefined\u001b[39m\n\u001b[33m\u001b[39m\n\u001b[33m    Error location:\u001b[39m\n    C:\\Users\\User\\Documents\\QA-Automation\\tests\\step_definitions\\api\\GRVZZ.js:115\n    –––––––––––––––––––––––––––––––––––––––––––––––––––––––––––––––––––––––––––\n     113 |       await supertest\n     114 |         .request(row.request)\n    \u001b[41m\u001b[37m 115 |         .post(row.Postendpath) \u001b[39m\u001b[49m\n     116 |         .set(\"Content-Type\", row[\"Content-Type1\"])\n     117 |         .set(\"x-hotelid\", row.hotelId)\n    –––––––––––––––––––––––––––––––––––––––––––––––––––––––––––––––––––––––––––\n\n\u001b[33m    Stack Trace :\u001b[39m\n\u001b[90m    at urlFormat (node:url:580:11)\u001b[39m\n\u001b[90m    at new Request (C:\\Users\\User\\Documents\\QA-Automation\\node_modules\\superagent\\lib\\node\\index.js:158:38)\u001b[39m\n\u001b[90m    at new Test (C:\\Users\\User\\Documents\\QA-Automation\\node_modules\\supertest\\lib\\test.js:26:5)\u001b[39m\n\u001b[90m    at obj.<computed> [as post] (C:\\Users\\User\\Documents\\QA-Automation\\node_modules\\supertest\\index.js:43:18)\u001b[39m\n\u001b[90m    at Object.<anonymous> (C:\\Users\\User\\Documents\\QA-Automation\\node_modules\\@nightwatch\\apitesting\\nightwatch\\commands\\supertest\\request.js:18:42)\u001b[39m\n\u001b[90m    at DescribeInstance.<anonymous> (C:\\Users\\User\\Documents\\QA-Automation\\tests\\step_definitions\\api\\GRVZZ.js:115:10)\u001b[39m\n\u001b[90m    at Context.call (C:\\Users\\User\\Documents\\QA-Automation\\node_modules\\nightwatch\\lib\\testsuite\\context.js:515:35)\u001b[39m\n\u001b[90m    at TestCase.run (C:\\Users\\User\\Documents\\QA-Automation\\node_modules\\nightwatch\\lib\\testsuite\\testcase.js:58:31)\u001b[39m\n\u001b[90m    at Runnable.__runFn (C:\\Users\\User\\Documents\\QA-Automation\\node_modules\\nightwatch\\lib\\testsuite\\index.js:839:80)\u001b[39m\n\u001b[90m    at Runnable.run (C:\\Users\\User\\Documents\\QA-Automation\\node_modules\\nightwatch\\lib\\testsuite\\runnable.js:126:21)\u001b[39m\n"]}