{"reportPrefix":"","assertionsCount":3,"lastError":{"code":"ERR_INVALID_ARG_TYPE","name":"TypeError","displayed":true},"skippedAtRuntime":["GET Reservation OHIP","AuthToken1 "," POST Create Reservation","GET Reservation OHIP"],"skippedByUser":[],"skipped":["GET Reservation OHIP","AuthToken1 "," POST Create Reservation","GET Reservation OHIP"],"time":"2.998","timeMs":2998,"completed":{"AuthToken1 ":{"time":"1.399","assertions":[{"name":"NightwatchAssertError","message":"Passed [ok]: .post('/oauth/v1/tokens').expect(200) ok","stackTrace":"","fullMsg":"Passed [ok]: .post('/oauth/v1/tokens').expect(200) ok","failure":false},{"name":"NightwatchAssertError","message":"Passed [ok]: .post('/oauth/v1/tokens').expect('Content-Type', /json/) ok","stackTrace":"","fullMsg":"Passed [ok]: .post('/oauth/v1/tokens').expect('Content-Type', /json/) ok","failure":false}],"commands":[],"passed":2,"errors":0,"failed":0,"skipped":0,"tests":2,"status":"pass","startTimestamp":"Wed, 28 Aug 2024 15:32:54 GMT","httpOutput":[],"steps":["GET Reservation OHIP","AuthToken1 "," POST Create Reservation","GET Reservation OHIP"],"stackTrace":"","testcases":{"AuthToken1 ":{"time":"1.399","assertions":[{"name":"NightwatchAssertError","message":"Passed [ok]: .post('/oauth/v1/tokens').expect(200) ok","stackTrace":"","fullMsg":"Passed [ok]: .post('/oauth/v1/tokens').expect(200) ok","failure":false},{"name":"NightwatchAssertError","message":"Passed [ok]: .post('/oauth/v1/tokens').expect('Content-Type', /json/) ok","stackTrace":"","fullMsg":"Passed [ok]: .post('/oauth/v1/tokens').expect('Content-Type', /json/) ok","failure":false}],"tests":2,"commands":[],"passed":2,"errors":0,"failed":0,"skipped":0,"status":"pass","startTimestamp":"Wed, 28 Aug 2024 15:32:54 GMT","httpOutput":[],"steps":["GET Reservation OHIP","AuthToken1 "," POST Create Reservation","GET Reservation OHIP"],"stackTrace":"","timeMs":1399,"endTimestamp":"Wed, 28 Aug 2024 15:32:55 GMT"}},"timeMs":1399,"endTimestamp":"Wed, 28 Aug 2024 15:32:55 GMT"}," POST Create Reservation":{"time":"0.09200","assertions":[{"name":"TypeError","message":"The \"urlObject\" argument must be one of type object or string. Received undefined","stackTrace":"TypeError [ERR_INVALID_ARG_TYPE]: The \"urlObject\" argument must be one of type object or string. Received undefined\n    at urlFormat (node:url:580:11)\n    at new Request (C:\\Users\\User\\Documents\\QA-Automation\\node_modules\\superagent\\lib\\node\\index.js:158:38)\n    at new Test (C:\\Users\\User\\Documents\\QA-Automation\\node_modules\\supertest\\lib\\test.js:26:5)\n    at obj.<computed> [as post] (C:\\Users\\User\\Documents\\QA-Automation\\node_modules\\supertest\\index.js:43:18)\n    at Object.<anonymous> (C:\\Users\\User\\Documents\\QA-Automation\\node_modules\\@nightwatch\\apitesting\\nightwatch\\commands\\supertest\\request.js:18:42)\n    at DescribeInstance.<anonymous> (C:\\Users\\User\\Documents\\QA-Automation\\tests\\step_definitions\\api\\GRVZZ2night.js:115:10)\n    at Context.call (C:\\Users\\User\\Documents\\QA-Automation\\node_modules\\nightwatch\\lib\\testsuite\\context.js:515:35)\n    at TestCase.run (C:\\Users\\User\\Documents\\QA-Automation\\node_modules\\nightwatch\\lib\\testsuite\\testcase.js:58:31)\n    at Runnable.__runFn (C:\\Users\\User\\Documents\\QA-Automation\\node_modules\\nightwatch\\lib\\testsuite\\index.js:839:80)\n    at Runnable.run (C:\\Users\\User\\Documents\\QA-Automation\\node_modules\\nightwatch\\lib\\testsuite\\runnable.js:126:21)","fullMsg":"The \"urlObject\" argument must be one of type object or string. Received undefined","failure":"expected \"undefined\" but got: \"undefined\""}],"commands":[],"passed":0,"errors":0,"failed":1,"skipped":0,"tests":1,"status":"fail","startTimestamp":"Wed, 28 Aug 2024 15:32:55 GMT","httpOutput":[],"steps":["GET Reservation OHIP","AuthToken1 "," POST Create Reservation","GET Reservation OHIP"],"stackTrace":"TypeError [ERR_INVALID_ARG_TYPE]: The \"urlObject\" argument must be one of type object or string. Received undefined\n    at urlFormat (node:url:580:11)\n    at new Request (C:\\Users\\User\\Documents\\QA-Automation\\node_modules\\superagent\\lib\\node\\index.js:158:38)\n    at new Test (C:\\Users\\User\\Documents\\QA-Automation\\node_modules\\supertest\\lib\\test.js:26:5)\n    at obj.<computed> [as post] (C:\\Users\\User\\Documents\\QA-Automation\\node_modules\\supertest\\index.js:43:18)\n    at Object.<anonymous> (C:\\Users\\User\\Documents\\QA-Automation\\node_modules\\@nightwatch\\apitesting\\nightwatch\\commands\\supertest\\request.js:18:42)\n    at DescribeInstance.<anonymous> (C:\\Users\\User\\Documents\\QA-Automation\\tests\\step_definitions\\api\\GRVZZ2night.js:115:10)\n    at Context.call (C:\\Users\\User\\Documents\\QA-Automation\\node_modules\\nightwatch\\lib\\testsuite\\context.js:515:35)\n    at TestCase.run (C:\\Users\\User\\Documents\\QA-Automation\\node_modules\\nightwatch\\lib\\testsuite\\testcase.js:58:31)\n    at Runnable.__runFn (C:\\Users\\User\\Documents\\QA-Automation\\node_modules\\nightwatch\\lib\\testsuite\\index.js:839:80)\n    at Runnable.run (C:\\Users\\User\\Documents\\QA-Automation\\node_modules\\nightwatch\\lib\\testsuite\\runnable.js:126:21)","testcases":{"AuthToken1 ":{"time":"1.399","assertions":[{"name":"NightwatchAssertError","message":"Passed [ok]: .post('/oauth/v1/tokens').expect(200) ok","stackTrace":"","fullMsg":"Passed [ok]: .post('/oauth/v1/tokens').expect(200) ok","failure":false},{"name":"NightwatchAssertError","message":"Passed [ok]: .post('/oauth/v1/tokens').expect('Content-Type', /json/) ok","stackTrace":"","fullMsg":"Passed [ok]: .post('/oauth/v1/tokens').expect('Content-Type', /json/) ok","failure":false}],"tests":2,"commands":[],"passed":2,"errors":0,"failed":0,"skipped":0,"status":"pass","startTimestamp":"Wed, 28 Aug 2024 15:32:54 GMT","httpOutput":[],"steps":["GET Reservation OHIP","AuthToken1 "," POST Create Reservation","GET Reservation OHIP"],"stackTrace":"","timeMs":1399,"endTimestamp":"Wed, 28 Aug 2024 15:32:55 GMT"}," POST Create Reservation":{"time":"0.09200","assertions":[{"name":"TypeError","message":"The \"urlObject\" argument must be one of type object or string. Received undefined","stackTrace":"TypeError [ERR_INVALID_ARG_TYPE]: The \"urlObject\" argument must be one of type object or string. Received undefined\n    at urlFormat (node:url:580:11)\n    at new Request (C:\\Users\\User\\Documents\\QA-Automation\\node_modules\\superagent\\lib\\node\\index.js:158:38)\n    at new Test (C:\\Users\\User\\Documents\\QA-Automation\\node_modules\\supertest\\lib\\test.js:26:5)\n    at obj.<computed> [as post] (C:\\Users\\User\\Documents\\QA-Automation\\node_modules\\supertest\\index.js:43:18)\n    at Object.<anonymous> (C:\\Users\\User\\Documents\\QA-Automation\\node_modules\\@nightwatch\\apitesting\\nightwatch\\commands\\supertest\\request.js:18:42)\n    at DescribeInstance.<anonymous> (C:\\Users\\User\\Documents\\QA-Automation\\tests\\step_definitions\\api\\GRVZZ2night.js:115:10)\n    at Context.call (C:\\Users\\User\\Documents\\QA-Automation\\node_modules\\nightwatch\\lib\\testsuite\\context.js:515:35)\n    at TestCase.run (C:\\Users\\User\\Documents\\QA-Automation\\node_modules\\nightwatch\\lib\\testsuite\\testcase.js:58:31)\n    at Runnable.__runFn (C:\\Users\\User\\Documents\\QA-Automation\\node_modules\\nightwatch\\lib\\testsuite\\index.js:839:80)\n    at Runnable.run (C:\\Users\\User\\Documents\\QA-Automation\\node_modules\\nightwatch\\lib\\testsuite\\runnable.js:126:21)","fullMsg":"The \"urlObject\" argument must be one of type object or string. Received undefined","failure":"expected \"undefined\" but got: \"undefined\""}],"tests":1,"commands":[],"passed":0,"errors":0,"failed":1,"skipped":0,"status":"fail","startTimestamp":"Wed, 28 Aug 2024 15:32:55 GMT","httpOutput":[],"steps":["GET Reservation OHIP","AuthToken1 "," POST Create Reservation","GET Reservation OHIP"],"stackTrace":"TypeError [ERR_INVALID_ARG_TYPE]: The \"urlObject\" argument must be one of type object or string. Received undefined\n    at urlFormat (node:url:580:11)\n    at new Request (C:\\Users\\User\\Documents\\QA-Automation\\node_modules\\superagent\\lib\\node\\index.js:158:38)\n    at new Test (C:\\Users\\User\\Documents\\QA-Automation\\node_modules\\supertest\\lib\\test.js:26:5)\n    at obj.<computed> [as post] (C:\\Users\\User\\Documents\\QA-Automation\\node_modules\\supertest\\index.js:43:18)\n    at Object.<anonymous> (C:\\Users\\User\\Documents\\QA-Automation\\node_modules\\@nightwatch\\apitesting\\nightwatch\\commands\\supertest\\request.js:18:42)\n    at DescribeInstance.<anonymous> (C:\\Users\\User\\Documents\\QA-Automation\\tests\\step_definitions\\api\\GRVZZ2night.js:115:10)\n    at Context.call (C:\\Users\\User\\Documents\\QA-Automation\\node_modules\\nightwatch\\lib\\testsuite\\context.js:515:35)\n    at TestCase.run (C:\\Users\\User\\Documents\\QA-Automation\\node_modules\\nightwatch\\lib\\testsuite\\testcase.js:58:31)\n    at Runnable.__runFn (C:\\Users\\User\\Documents\\QA-Automation\\node_modules\\nightwatch\\lib\\testsuite\\index.js:839:80)\n    at Runnable.run (C:\\Users\\User\\Documents\\QA-Automation\\node_modules\\nightwatch\\lib\\testsuite\\runnable.js:126:21)","lastError":{"code":"ERR_INVALID_ARG_TYPE","name":"TypeError","displayed":true},"timeMs":92,"endTimestamp":"Wed, 28 Aug 2024 15:32:55 GMT"}},"lastError":{"code":"ERR_INVALID_ARG_TYPE","name":"TypeError","displayed":true},"timeMs":92,"endTimestamp":"Wed, 28 Aug 2024 15:32:55 GMT"}},"completedSections":{"__global_beforeEach_hook":{"time":"0.000","assertions":[],"commands":[],"passed":0,"errors":0,"failed":0,"skipped":0,"tests":0,"status":"pass","startTimestamp":1724859174108,"httpOutput":[],"timeMs":0,"endTimestamp":1724859174108},"__before_hook":{"time":"0.000","assertions":[],"commands":[],"passed":0,"errors":0,"failed":0,"skipped":0,"tests":0,"status":"pass","startTimestamp":1724859174109,"httpOutput":[],"timeMs":0,"endTimestamp":1724859174109},"AuthToken1 ":{"time":"1.399","assertions":[],"commands":[{"name":"assert.ok","args":[],"startTime":1724859175506,"endTime":1724859175507,"elapsedTime":1,"status":"pass","result":{}},{"name":"assert.ok","args":[],"startTime":1724859175508,"endTime":1724859175508,"elapsedTime":0,"status":"pass","result":{}}],"passed":0,"errors":0,"failed":0,"skipped":0,"tests":0,"status":"pass","startTimestamp":1724859174110,"httpOutput":[],"beforeEach":{"time":"0.000","assertions":[],"commands":[],"passed":0,"errors":0,"failed":0,"skipped":0,"tests":0,"status":"pass","startTimestamp":1724859174110,"httpOutput":[],"endTimestamp":1724859174110,"timeMs":0},"testcase":{"time":"1.385","assertions":[],"commands":[],"passed":0,"errors":0,"failed":0,"skipped":0,"tests":0,"status":"pass","startTimestamp":1724859174110,"httpOutput":[],"endTimestamp":1724859175495,"timeMs":1385},"afterEach":{"time":"0.01400","assertions":[],"commands":[{"name":"assert.ok","args":[],"startTime":1724859175506,"endTime":1724859175507,"elapsedTime":1,"status":"pass","result":{}},{"name":"assert.ok","args":[],"startTime":1724859175508,"endTime":1724859175508,"elapsedTime":0,"status":"pass","result":{}}],"passed":0,"errors":0,"failed":0,"skipped":0,"tests":0,"status":"pass","startTimestamp":1724859175495,"httpOutput":[],"endTimestamp":1724859175509,"timeMs":14},"timeMs":1399,"endTimestamp":1724859175509}," POST Create Reservation":{"time":"0.09300","assertions":[],"commands":[{"name":"saveScreenshot","args":["\"C:\\\\Users\\\\User\\\\Documents\\\\QA-Automation\\\\Screenshots\\\\GRVZZ2night\\\\-POST-Create-Reservation_FAILED_Aug-28-2024-210255-GMT+0530.png\"",null],"startTime":1724859175583,"endTime":1724859175593,"elapsedTime":10,"status":"fail","result":{"status":-1,"name":"TypeError"}}],"passed":0,"errors":0,"failed":0,"skipped":0,"tests":0,"status":"fail","startTimestamp":1724859175511,"httpOutput":[],"beforeEach":{"time":"0.01000","assertions":[],"commands":[],"passed":0,"errors":0,"failed":0,"skipped":0,"tests":0,"status":"pass","startTimestamp":1724859175511,"httpOutput":[],"endTimestamp":1724859175521,"timeMs":10},"testcase":{"time":"0.07300","assertions":[],"commands":[{"name":"saveScreenshot","args":["\"C:\\\\Users\\\\User\\\\Documents\\\\QA-Automation\\\\Screenshots\\\\GRVZZ2night\\\\-POST-Create-Reservation_FAILED_Aug-28-2024-210255-GMT+0530.png\"",null],"startTime":1724859175583,"endTime":1724859175593,"elapsedTime":10,"status":"fail","result":{"status":-1,"name":"TypeError"}}],"passed":0,"errors":0,"failed":0,"skipped":0,"tests":0,"status":"pass","startTimestamp":1724859175521,"httpOutput":[],"endTimestamp":1724859175594,"timeMs":73},"afterEach":{"time":"0.009000","assertions":[],"commands":[],"passed":0,"errors":0,"failed":0,"skipped":0,"tests":0,"status":"pass","startTimestamp":1724859175594,"httpOutput":[],"endTimestamp":1724859175603,"timeMs":9},"timeMs":93,"endTimestamp":1724859175604},"__after_hook":{"time":"0.01500","assertions":[],"commands":[],"passed":0,"errors":0,"failed":0,"skipped":0,"tests":0,"status":"fail","startTimestamp":1724859175605,"httpOutput":[],"timeMs":15,"endTimestamp":1724859175620},"__global_afterEach_hook":{"time":"0.000","assertions":[],"commands":[],"passed":0,"errors":0,"failed":0,"skipped":0,"tests":0,"status":"fail","startTimestamp":1724859175620,"httpOutput":[],"timeMs":0,"endTimestamp":1724859175620}},"errmessages":[],"testsCount":2,"skippedCount":4,"failedCount":1,"errorsCount":0,"passedCount":2,"group":"","modulePath":"C:\\Users\\User\\Documents\\QA-Automation\\tests\\step_definitions\\api\\GRVZZ2night.js","startTimestamp":"Wed, 28 Aug 2024 15:32:54 GMT","endTimestamp":"Wed, 28 Aug 2024 15:32:55 GMT","sessionCapabilities":{"browserName":"chrome","name":"api Authu Token"},"sessionId":"","projectName":"","buildName":"","testEnv":"api_testing","isMobile":false,"status":"fail","host":"localhost","name":"api Authu Token","tags":[],"tests":2,"failures":1,"errors":0,"httpOutput":[],"rawHttpOutput":[],"globalErrorRegister":["   \u001b[31m\u001b[1m✖\u001b[22m\u001b[39m \u001b[31m\u001b[1mTypeError\u001b[22m\u001b[39m\n   \u001b[31mThe \"urlObject\" argument must be one of type object or string. Received undefined\u001b[39m\n\u001b[33m\u001b[39m\n\u001b[33m    Error location:\u001b[39m\n    C:\\Users\\User\\Documents\\QA-Automation\\tests\\step_definitions\\api\\GRVZZ2night.js:115\n    –––––––––––––––––––––––––––––––––––––––––––––––––––––––––––––––––––––––––––––––––\n     113 |       await supertest\n     114 |         .request(row.request)\n    \u001b[41m\u001b[37m 115 |         .post(row.Postendpath) \u001b[39m\u001b[49m\n     116 |         .set(\"Content-Type\", row[\"Content-Type1\"])\n     117 |         .set(\"x-hotelid\", row.hotelId)\n    –––––––––––––––––––––––––––––––––––––––––––––––––––––––––––––––––––––––––––––––––\n\n\u001b[33m    Stack Trace :\u001b[39m\n\u001b[90m    at urlFormat (node:url:580:11)\u001b[39m\n\u001b[90m    at new Request (C:\\Users\\User\\Documents\\QA-Automation\\node_modules\\superagent\\lib\\node\\index.js:158:38)\u001b[39m\n\u001b[90m    at new Test (C:\\Users\\User\\Documents\\QA-Automation\\node_modules\\supertest\\lib\\test.js:26:5)\u001b[39m\n\u001b[90m    at obj.<computed> [as post] (C:\\Users\\User\\Documents\\QA-Automation\\node_modules\\supertest\\index.js:43:18)\u001b[39m\n\u001b[90m    at Object.<anonymous> (C:\\Users\\User\\Documents\\QA-Automation\\node_modules\\@nightwatch\\apitesting\\nightwatch\\commands\\supertest\\request.js:18:42)\u001b[39m\n\u001b[90m    at DescribeInstance.<anonymous> (C:\\Users\\User\\Documents\\QA-Automation\\tests\\step_definitions\\api\\GRVZZ2night.js:115:10)\u001b[39m\n\u001b[90m    at Context.call (C:\\Users\\User\\Documents\\QA-Automation\\node_modules\\nightwatch\\lib\\testsuite\\context.js:515:35)\u001b[39m\n\u001b[90m    at TestCase.run (C:\\Users\\User\\Documents\\QA-Automation\\node_modules\\nightwatch\\lib\\testsuite\\testcase.js:58:31)\u001b[39m\n\u001b[90m    at Runnable.__runFn (C:\\Users\\User\\Documents\\QA-Automation\\node_modules\\nightwatch\\lib\\testsuite\\index.js:839:80)\u001b[39m\n\u001b[90m    at Runnable.run (C:\\Users\\User\\Documents\\QA-Automation\\node_modules\\nightwatch\\lib\\testsuite\\runnable.js:126:21)\u001b[39m\n"]}