{"reportPrefix":"","assertionsCount":1,"lastError":{"name":"TypeError","detailedErr":"  - writing an ES6 async test case? - keep in mind that commands return a Promise; \n      - writing unit tests? - make sure to specify \"unit_tests_mode=true\" in your config.","displayed":true},"skippedAtRuntime":["POST and GET API Test using fake data - Record 2"],"skippedByUser":[],"skipped":["POST and GET API Test using fake data - Record 2"],"time":"2.200","timeMs":2200,"completed":{"POST and GET API Test using fake data - Record 1":{"time":"0.1060","assertions":[{"name":"TypeError","message":"supertest.request is not a function","stackTrace":"TypeError: supertest.request is not a function\n    at DescribeInstance.<anonymous> (C:\\Users\\User\\Documents\\QA-Automation\\tests\\step_definitions\\api\\Add.js:76:14)\n    at Context.call (C:\\Users\\User\\Documents\\QA-Automation\\node_modules\\nightwatch\\lib\\testsuite\\context.js:515:35)\n    at TestCase.run (C:\\Users\\User\\Documents\\QA-Automation\\node_modules\\nightwatch\\lib\\testsuite\\testcase.js:58:31)\n    at Runnable.__runFn (C:\\Users\\User\\Documents\\QA-Automation\\node_modules\\nightwatch\\lib\\testsuite\\index.js:839:80)\n    at Runnable.run (C:\\Users\\User\\Documents\\QA-Automation\\node_modules\\nightwatch\\lib\\testsuite\\runnable.js:126:21)\n    at TestSuite.executeRunnable (C:\\Users\\User\\Documents\\QA-Automation\\node_modules\\nightwatch\\lib\\testsuite\\index.js:1000:49)\n    at TestSuite.handleRunnable (C:\\Users\\User\\Documents\\QA-Automation\\node_modules\\nightwatch\\lib\\testsuite\\index.js:1015:33)\n    at C:\\Users\\User\\Documents\\QA-Automation\\node_modules\\nightwatch\\lib\\testsuite\\index.js:839:21\n    at async DefaultRunner.runTestSuite (C:\\Users\\User\\Documents\\QA-Automation\\node_modules\\nightwatch\\lib\\runner\\test-runners\\default.js:83:7)\n    at async DefaultRunner.promiseFn (C:\\Users\\User\\Documents\\QA-Automation\\node_modules\\nightwatch\\lib\\runner\\test-runners\\default.js:101:7)","fullMsg":"supertest.request is not a function","failure":"expected \"undefined\" but got: \"undefined\""}],"commands":[],"passed":0,"errors":0,"failed":1,"skipped":0,"tests":1,"status":"fail","startTimestamp":"Thu, 22 Aug 2024 14:20:23 GMT","httpOutput":[],"steps":["POST and GET API Test using fake data - Record 2"],"stackTrace":"TypeError: supertest.request is not a function\n    at DescribeInstance.<anonymous> (C:\\Users\\User\\Documents\\QA-Automation\\tests\\step_definitions\\api\\Add.js:76:14)\n    at Context.call (C:\\Users\\User\\Documents\\QA-Automation\\node_modules\\nightwatch\\lib\\testsuite\\context.js:515:35)\n    at TestCase.run (C:\\Users\\User\\Documents\\QA-Automation\\node_modules\\nightwatch\\lib\\testsuite\\testcase.js:58:31)\n    at Runnable.__runFn (C:\\Users\\User\\Documents\\QA-Automation\\node_modules\\nightwatch\\lib\\testsuite\\index.js:839:80)\n    at Runnable.run (C:\\Users\\User\\Documents\\QA-Automation\\node_modules\\nightwatch\\lib\\testsuite\\runnable.js:126:21)\n    at TestSuite.executeRunnable (C:\\Users\\User\\Documents\\QA-Automation\\node_modules\\nightwatch\\lib\\testsuite\\index.js:1000:49)\n    at TestSuite.handleRunnable (C:\\Users\\User\\Documents\\QA-Automation\\node_modules\\nightwatch\\lib\\testsuite\\index.js:1015:33)\n    at C:\\Users\\User\\Documents\\QA-Automation\\node_modules\\nightwatch\\lib\\testsuite\\index.js:839:21\n    at async DefaultRunner.runTestSuite (C:\\Users\\User\\Documents\\QA-Automation\\node_modules\\nightwatch\\lib\\runner\\test-runners\\default.js:83:7)\n    at async DefaultRunner.promiseFn (C:\\Users\\User\\Documents\\QA-Automation\\node_modules\\nightwatch\\lib\\runner\\test-runners\\default.js:101:7)","testcases":{"POST and GET API Test using fake data - Record 1":{"time":"0.1060","assertions":[{"name":"TypeError","message":"supertest.request is not a function","stackTrace":"TypeError: supertest.request is not a function\n    at DescribeInstance.<anonymous> (C:\\Users\\User\\Documents\\QA-Automation\\tests\\step_definitions\\api\\Add.js:76:14)\n    at Context.call (C:\\Users\\User\\Documents\\QA-Automation\\node_modules\\nightwatch\\lib\\testsuite\\context.js:515:35)\n    at TestCase.run (C:\\Users\\User\\Documents\\QA-Automation\\node_modules\\nightwatch\\lib\\testsuite\\testcase.js:58:31)\n    at Runnable.__runFn (C:\\Users\\User\\Documents\\QA-Automation\\node_modules\\nightwatch\\lib\\testsuite\\index.js:839:80)\n    at Runnable.run (C:\\Users\\User\\Documents\\QA-Automation\\node_modules\\nightwatch\\lib\\testsuite\\runnable.js:126:21)\n    at TestSuite.executeRunnable (C:\\Users\\User\\Documents\\QA-Automation\\node_modules\\nightwatch\\lib\\testsuite\\index.js:1000:49)\n    at TestSuite.handleRunnable (C:\\Users\\User\\Documents\\QA-Automation\\node_modules\\nightwatch\\lib\\testsuite\\index.js:1015:33)\n    at C:\\Users\\User\\Documents\\QA-Automation\\node_modules\\nightwatch\\lib\\testsuite\\index.js:839:21\n    at async DefaultRunner.runTestSuite (C:\\Users\\User\\Documents\\QA-Automation\\node_modules\\nightwatch\\lib\\runner\\test-runners\\default.js:83:7)\n    at async DefaultRunner.promiseFn (C:\\Users\\User\\Documents\\QA-Automation\\node_modules\\nightwatch\\lib\\runner\\test-runners\\default.js:101:7)","fullMsg":"supertest.request is not a function","failure":"expected \"undefined\" but got: \"undefined\""}],"tests":1,"commands":[],"passed":0,"errors":0,"failed":1,"skipped":0,"status":"fail","startTimestamp":"Thu, 22 Aug 2024 14:20:23 GMT","httpOutput":[],"steps":["POST and GET API Test using fake data - Record 2"],"stackTrace":"TypeError: supertest.request is not a function\n    at DescribeInstance.<anonymous> (C:\\Users\\User\\Documents\\QA-Automation\\tests\\step_definitions\\api\\Add.js:76:14)\n    at Context.call (C:\\Users\\User\\Documents\\QA-Automation\\node_modules\\nightwatch\\lib\\testsuite\\context.js:515:35)\n    at TestCase.run (C:\\Users\\User\\Documents\\QA-Automation\\node_modules\\nightwatch\\lib\\testsuite\\testcase.js:58:31)\n    at Runnable.__runFn (C:\\Users\\User\\Documents\\QA-Automation\\node_modules\\nightwatch\\lib\\testsuite\\index.js:839:80)\n    at Runnable.run (C:\\Users\\User\\Documents\\QA-Automation\\node_modules\\nightwatch\\lib\\testsuite\\runnable.js:126:21)\n    at TestSuite.executeRunnable (C:\\Users\\User\\Documents\\QA-Automation\\node_modules\\nightwatch\\lib\\testsuite\\index.js:1000:49)\n    at TestSuite.handleRunnable (C:\\Users\\User\\Documents\\QA-Automation\\node_modules\\nightwatch\\lib\\testsuite\\index.js:1015:33)\n    at C:\\Users\\User\\Documents\\QA-Automation\\node_modules\\nightwatch\\lib\\testsuite\\index.js:839:21\n    at async DefaultRunner.runTestSuite (C:\\Users\\User\\Documents\\QA-Automation\\node_modules\\nightwatch\\lib\\runner\\test-runners\\default.js:83:7)\n    at async DefaultRunner.promiseFn (C:\\Users\\User\\Documents\\QA-Automation\\node_modules\\nightwatch\\lib\\runner\\test-runners\\default.js:101:7)","lastError":{"name":"TypeError","detailedErr":"  - writing an ES6 async test case? - keep in mind that commands return a Promise; \n      - writing unit tests? - make sure to specify \"unit_tests_mode=true\" in your config.","displayed":true},"timeMs":106,"endTimestamp":"Thu, 22 Aug 2024 14:20:23 GMT"}},"lastError":{"name":"TypeError","detailedErr":"  - writing an ES6 async test case? - keep in mind that commands return a Promise; \n      - writing unit tests? - make sure to specify \"unit_tests_mode=true\" in your config.","displayed":true},"timeMs":106,"endTimestamp":"Thu, 22 Aug 2024 14:20:23 GMT"}},"completedSections":{"__global_beforeEach_hook":{"time":"0.001000","assertions":[],"commands":[],"passed":0,"errors":0,"failed":0,"skipped":0,"tests":0,"status":"pass","startTimestamp":1724336421693,"httpOutput":[],"timeMs":1,"endTimestamp":1724336421694},"__before_hook":{"time":"1.941","assertions":[],"commands":[],"passed":0,"errors":0,"failed":0,"skipped":0,"tests":0,"status":"pass","startTimestamp":1724336421694,"httpOutput":[],"timeMs":1941,"endTimestamp":1724336423635},"POST and GET API Test using fake data - Record 1":{"time":"0.1070","assertions":[],"commands":[{"name":"saveScreenshot","args":["\"C:\\\\Users\\\\User\\\\Documents\\\\QA-Automation\\\\Screenshots\\\\Add\\\\POST-and-GET-API-Test-using-fake-data---Record-1_FAILED_Aug-22-2024-195023-GMT+0530.png\"",null],"startTime":1724336423714,"endTime":1724336423739,"elapsedTime":25,"status":"fail","result":{"status":-1,"name":"TypeError"}}],"passed":0,"errors":0,"failed":0,"skipped":0,"tests":0,"status":"fail","startTimestamp":1724336423638,"httpOutput":[],"beforeEach":{"time":"0.001000","assertions":[],"commands":[],"passed":0,"errors":0,"failed":0,"skipped":0,"tests":0,"status":"pass","startTimestamp":1724336423638,"httpOutput":[],"endTimestamp":1724336423639,"timeMs":1},"testcase":{"time":"0.1010","assertions":[],"commands":[{"name":"saveScreenshot","args":["\"C:\\\\Users\\\\User\\\\Documents\\\\QA-Automation\\\\Screenshots\\\\Add\\\\POST-and-GET-API-Test-using-fake-data---Record-1_FAILED_Aug-22-2024-195023-GMT+0530.png\"",null],"startTime":1724336423714,"endTime":1724336423739,"elapsedTime":25,"status":"fail","result":{"status":-1,"name":"TypeError"}}],"passed":0,"errors":0,"failed":0,"skipped":0,"tests":0,"status":"pass","startTimestamp":1724336423639,"httpOutput":[],"endTimestamp":1724336423740,"timeMs":101},"afterEach":{"time":"0.004000","assertions":[],"commands":[],"passed":0,"errors":0,"failed":0,"skipped":0,"tests":0,"status":"pass","startTimestamp":1724336423740,"httpOutput":[],"endTimestamp":1724336423744,"timeMs":4},"timeMs":107,"endTimestamp":1724336423745},"__after_hook":{"time":"0.04500","assertions":[],"commands":[],"passed":0,"errors":0,"failed":0,"skipped":0,"tests":0,"status":"fail","startTimestamp":1724336423747,"httpOutput":[],"timeMs":45,"endTimestamp":1724336423792},"__global_afterEach_hook":{"time":"0.000","assertions":[],"commands":[],"passed":0,"errors":0,"failed":0,"skipped":0,"tests":0,"status":"fail","startTimestamp":1724336423793,"httpOutput":[],"timeMs":0,"endTimestamp":1724336423793}},"errmessages":[],"testsCount":1,"skippedCount":1,"failedCount":1,"errorsCount":0,"passedCount":0,"group":"","modulePath":"C:\\Users\\User\\Documents\\QA-Automation\\tests\\step_definitions\\api\\Add.js","startTimestamp":"Thu, 22 Aug 2024 14:20:21 GMT","endTimestamp":"Thu, 22 Aug 2024 14:20:23 GMT","sessionCapabilities":{"browserName":"chrome","name":"API Tests"},"sessionId":"","projectName":"","buildName":"","testEnv":"api_testing","isMobile":false,"status":"fail","host":"localhost","name":"API Tests","tags":[],"tests":1,"failures":1,"errors":0,"httpOutput":[],"rawHttpOutput":[],"globalErrorRegister":["   \u001b[31m\u001b[1m✖\u001b[22m\u001b[39m \u001b[31m\u001b[1mTypeError\u001b[22m\u001b[39m\n   \u001b[31msupertest.request is not a function\u001b[39m\n    \u001b[32m\u001b[1m  - writing an ES6 async test case? - keep in mind that commands return a Promise; \u001b[22m\u001b[39m\n\u001b[32m\u001b[1m      - writing unit tests? - make sure to specify \"unit_tests_mode=true\" in your config.\u001b[22m\u001b[39m\n\u001b[33m\u001b[39m\n\u001b[33m    Error location:\u001b[39m\n    C:\\Users\\User\\Documents\\QA-Automation\\tests\\step_definitions\\api\\Add.js:76\n    –––––––––––––––––––––––––––––––––––––––––––––––––––––––––––––––––––––––––\n     74 |         it(`POST and GET API Test using fake data - Record ${index + 1}`, async function () {\n     75 |             await supertest\n    \u001b[41m\u001b[37m 76 |             .request(reservation.request) \u001b[39m\u001b[49m\n     77 |                 .post(reservation.Postendpath)\n     78 |                 .set('Content-Type', reservation['Content-Type1'])\n    –––––––––––––––––––––––––––––––––––––––––––––––––––––––––––––––––––––––––\n\n\u001b[33m    Stack Trace :\u001b[39m\n\u001b[90m    at DescribeInstance.<anonymous> (C:\\Users\\User\\Documents\\QA-Automation\\tests\\step_definitions\\api\\Add.js:76:14)\u001b[39m\n\u001b[90m    at Context.call (C:\\Users\\User\\Documents\\QA-Automation\\node_modules\\nightwatch\\lib\\testsuite\\context.js:515:35)\u001b[39m\n\u001b[90m    at TestCase.run (C:\\Users\\User\\Documents\\QA-Automation\\node_modules\\nightwatch\\lib\\testsuite\\testcase.js:58:31)\u001b[39m\n\u001b[90m    at Runnable.__runFn (C:\\Users\\User\\Documents\\QA-Automation\\node_modules\\nightwatch\\lib\\testsuite\\index.js:839:80)\u001b[39m\n\u001b[90m    at Runnable.run (C:\\Users\\User\\Documents\\QA-Automation\\node_modules\\nightwatch\\lib\\testsuite\\runnable.js:126:21)\u001b[39m\n\u001b[90m    at TestSuite.executeRunnable (C:\\Users\\User\\Documents\\QA-Automation\\node_modules\\nightwatch\\lib\\testsuite\\index.js:1000:49)\u001b[39m\n\u001b[90m    at TestSuite.handleRunnable (C:\\Users\\User\\Documents\\QA-Automation\\node_modules\\nightwatch\\lib\\testsuite\\index.js:1015:33)\u001b[39m\n\u001b[90m    at C:\\Users\\User\\Documents\\QA-Automation\\node_modules\\nightwatch\\lib\\testsuite\\index.js:839:21\u001b[39m\n\u001b[90m    at async DefaultRunner.runTestSuite (C:\\Users\\User\\Documents\\QA-Automation\\node_modules\\nightwatch\\lib\\runner\\test-runners\\default.js:83:7)\u001b[39m\n\u001b[90m    at async DefaultRunner.promiseFn (C:\\Users\\User\\Documents\\QA-Automation\\node_modules\\nightwatch\\lib\\runner\\test-runners\\default.js:101:7)\u001b[39m\n"]}