{"reportPrefix":"","assertionsCount":2,"lastError":{"errno":-4048,"code":"EPERM","syscall":"mkdir","path":"C:\\Users\\Ajayan\\NightWatch\\nightwatch\\Block_Flows\\BLOCK_za\\file","skipTestCases":false,"name":"Error"},"skippedAtRuntime":["Put api test to the block allocation","put api test Cancel the group block","GET Check Multi Availability","Post API Test for check block availability","PUT API test Check Validation","Post API Test for create the reservation"],"skippedByUser":[],"skipped":["Put api test to the block allocation","put api test Cancel the group block","GET Check Multi Availability","Post API Test for check block availability","PUT API test Check Validation","Post API Test for create the reservation"],"time":"11.70","timeMs":11697,"completed":{"post api test to create the group block":{"time":"3.490","assertions":[{"name":"NightwatchAssertError","message":"expected 201 \"Created\", got 400 \"Bad Request\"","stackTrace":"    at DescribeInstance.<anonymous> (C:\\Users\\User\\Documents\\QA-Automation\\tests\\step_definitions\\api\\Block_flow1.js:185:8)","fullMsg":"expected 201 \"Created\", got 400 \"Bad Request\"","failure":true},{"name":"TypeError","message":"Cannot read properties of undefined (reading 'split')","stackTrace":"TypeError: Cannot read properties of undefined (reading 'split')\n    at C:\\Users\\User\\Documents\\QA-Automation\\tests\\step_definitions\\api\\Block_flow1.js:192:41\n    at process.processTicksAndRejections (node:internal/process/task_queues:95:5)\n    at async DescribeInstance.<anonymous> (C:\\Users\\User\\Documents\\QA-Automation\\tests\\step_definitions\\api\\Block_flow1.js:68:5)","fullMsg":"Cannot read properties of undefined (reading 'split')","failure":"expected \"undefined\" but got: \"undefined\""}],"commands":[],"passed":0,"errors":0,"failed":2,"skipped":0,"tests":2,"status":"fail","startTimestamp":"Tue, 17 Sep 2024 05:43:37 GMT","httpOutput":[],"steps":["Put api test to the block allocation","put api test Cancel the group block","GET Check Multi Availability","Post API Test for check block availability","PUT API test Check Validation","Post API Test for create the reservation"],"stackTrace":"Error: EPERM: operation not permitted, mkdir 'C:\\Users\\Ajayan\\NightWatch\\nightwatch\\Block_Flows\\BLOCK_za\\file'\n    at Object.mkdirSync (node:fs:1373:26)\n    at DescribeInstance.<anonymous> (C:\\Users\\User\\Documents\\QA-Automation\\tests\\step_definitions\\api\\Block_flow1.js:775:16)\n    at Context.call (C:\\Users\\User\\Documents\\QA-Automation\\node_modules\\nightwatch\\lib\\testsuite\\context.js:515:35)\n    at Context.invokeMethod (C:\\Users\\User\\Documents\\QA-Automation\\node_modules\\nightwatch\\lib\\testsuite\\context.js:484:31)\n    at C:\\Users\\User\\Documents\\QA-Automation\\node_modules\\nightwatch\\lib\\testsuite\\hooks\\_basehook.js:88:49\n    at new Promise (<anonymous>)\n    at AfterAll.run (C:\\Users\\User\\Documents\\QA-Automation\\node_modules\\nightwatch\\lib\\testsuite\\hooks\\_basehook.js:62:14)\n    at Runnable.__runFn (C:\\Users\\User\\Documents\\QA-Automation\\node_modules\\nightwatch\\lib\\testsuite\\index.js:471:35)\n    at Runnable.run (C:\\Users\\User\\Documents\\QA-Automation\\node_modules\\nightwatch\\lib\\testsuite\\runnable.js:126:21)\n    at TestSuite.executeRunnable (C:\\Users\\User\\Documents\\QA-Automation\\node_modules\\nightwatch\\lib\\testsuite\\index.js:1000:49)","testcases":{"post api test to create the group block":{"time":"3.490","assertions":[{"name":"NightwatchAssertError","message":"expected 201 \"Created\", got 400 \"Bad Request\"","stackTrace":"    at DescribeInstance.<anonymous> (C:\\Users\\User\\Documents\\QA-Automation\\tests\\step_definitions\\api\\Block_flow1.js:185:8)","fullMsg":"expected 201 \"Created\", got 400 \"Bad Request\"","failure":true},{"name":"TypeError","message":"Cannot read properties of undefined (reading 'split')","stackTrace":"TypeError: Cannot read properties of undefined (reading 'split')\n    at C:\\Users\\User\\Documents\\QA-Automation\\tests\\step_definitions\\api\\Block_flow1.js:192:41\n    at process.processTicksAndRejections (node:internal/process/task_queues:95:5)\n    at async DescribeInstance.<anonymous> (C:\\Users\\User\\Documents\\QA-Automation\\tests\\step_definitions\\api\\Block_flow1.js:68:5)","fullMsg":"Cannot read properties of undefined (reading 'split')","failure":"expected \"undefined\" but got: \"undefined\""}],"tests":2,"commands":[],"passed":0,"errors":0,"failed":2,"skipped":0,"status":"fail","startTimestamp":"Tue, 17 Sep 2024 05:43:37 GMT","httpOutput":[],"steps":["Put api test to the block allocation","put api test Cancel the group block","GET Check Multi Availability","Post API Test for check block availability","PUT API test Check Validation","Post API Test for create the reservation"],"stackTrace":"Error: EPERM: operation not permitted, mkdir 'C:\\Users\\Ajayan\\NightWatch\\nightwatch\\Block_Flows\\BLOCK_za\\file'\n    at Object.mkdirSync (node:fs:1373:26)\n    at DescribeInstance.<anonymous> (C:\\Users\\User\\Documents\\QA-Automation\\tests\\step_definitions\\api\\Block_flow1.js:775:16)\n    at Context.call (C:\\Users\\User\\Documents\\QA-Automation\\node_modules\\nightwatch\\lib\\testsuite\\context.js:515:35)\n    at Context.invokeMethod (C:\\Users\\User\\Documents\\QA-Automation\\node_modules\\nightwatch\\lib\\testsuite\\context.js:484:31)\n    at C:\\Users\\User\\Documents\\QA-Automation\\node_modules\\nightwatch\\lib\\testsuite\\hooks\\_basehook.js:88:49\n    at new Promise (<anonymous>)\n    at AfterAll.run (C:\\Users\\User\\Documents\\QA-Automation\\node_modules\\nightwatch\\lib\\testsuite\\hooks\\_basehook.js:62:14)\n    at Runnable.__runFn (C:\\Users\\User\\Documents\\QA-Automation\\node_modules\\nightwatch\\lib\\testsuite\\index.js:471:35)\n    at Runnable.run (C:\\Users\\User\\Documents\\QA-Automation\\node_modules\\nightwatch\\lib\\testsuite\\runnable.js:126:21)\n    at TestSuite.executeRunnable (C:\\Users\\User\\Documents\\QA-Automation\\node_modules\\nightwatch\\lib\\testsuite\\index.js:1000:49)","lastError":{"name":"TypeError","displayed":true},"timeMs":3490,"endTimestamp":"Tue, 17 Sep 2024 05:43:41 GMT"}},"lastError":{"name":"TypeError","displayed":true},"timeMs":3490,"endTimestamp":"Tue, 17 Sep 2024 05:43:41 GMT"}},"completedSections":{"__global_beforeEach_hook":{"time":"0.001000","assertions":[],"commands":[],"passed":0,"errors":0,"failed":0,"skipped":0,"tests":0,"status":"pass","startTimestamp":1726551813140,"httpOutput":[],"timeMs":1,"endTimestamp":1726551813141},"__before_hook":{"time":"4.641","assertions":[],"commands":[],"passed":0,"errors":0,"failed":0,"skipped":0,"tests":0,"status":"pass","startTimestamp":1726551813142,"httpOutput":[],"timeMs":4641,"endTimestamp":1726551817783},"post api test to create the group block":{"time":"3.489","assertions":[],"commands":[{"name":"assert.fail","args":[],"startTime":1726551821161,"endTime":1726551821167,"elapsedTime":6,"status":"fail","result":{"message":"expected 201 \"Created\", got 400 \"Bad Request\"","showDiff":false,"name":"NightwatchAssertError","abortOnFailure":true,"stack":"    at DescribeInstance.<anonymous> (C:\\Users\\User\\Documents\\QA-Automation\\tests\\step_definitions\\api\\Block_flow1.js:185:8)"}},{"name":"saveScreenshot","args":["\"C:\\\\Users\\\\User\\\\Documents\\\\QA-Automation\\\\Screenshots\\\\Block_flow1\\\\post-api-test-to-create-the-group-block_FAILED_Sep-17-2024-111341-GMT+0530.png\"",null],"startTime":1726551821240,"endTime":1726551821268,"elapsedTime":28,"status":"fail","result":{"status":-1,"name":"TypeError"}}],"passed":0,"errors":0,"failed":0,"skipped":0,"tests":0,"status":"fail","startTimestamp":1726551817785,"httpOutput":[],"beforeEach":{"time":"0.001000","assertions":[],"commands":[],"passed":0,"errors":0,"failed":0,"skipped":0,"tests":0,"status":"pass","startTimestamp":1726551817785,"httpOutput":[],"endTimestamp":1726551817786,"timeMs":1},"testcase":{"time":"3.482","assertions":[],"commands":[{"name":"assert.fail","args":[],"startTime":1726551821161,"endTime":1726551821167,"elapsedTime":6,"status":"fail","result":{"message":"expected 201 \"Created\", got 400 \"Bad Request\"","showDiff":false,"name":"NightwatchAssertError","abortOnFailure":true,"stack":"    at DescribeInstance.<anonymous> (C:\\Users\\User\\Documents\\QA-Automation\\tests\\step_definitions\\api\\Block_flow1.js:185:8)"}},{"name":"saveScreenshot","args":["\"C:\\\\Users\\\\User\\\\Documents\\\\QA-Automation\\\\Screenshots\\\\Block_flow1\\\\post-api-test-to-create-the-group-block_FAILED_Sep-17-2024-111341-GMT+0530.png\"",null],"startTime":1726551821240,"endTime":1726551821268,"elapsedTime":28,"status":"fail","result":{"status":-1,"name":"TypeError"}}],"passed":0,"errors":0,"failed":0,"skipped":0,"tests":0,"status":"pass","startTimestamp":1726551817786,"httpOutput":[],"endTimestamp":1726551821268,"timeMs":3482},"afterEach":{"time":"0.005000","assertions":[],"commands":[],"passed":0,"errors":0,"failed":0,"skipped":0,"tests":0,"status":"pass","startTimestamp":1726551821268,"httpOutput":[],"endTimestamp":1726551821273,"timeMs":5},"timeMs":3489,"endTimestamp":1726551821274},"__after_hook":{"time":"0.07600","assertions":[],"commands":[{"name":"screenshot","args":["false",null],"startTime":1726551821345,"endTime":1726551821352,"elapsedTime":7,"status":"pass"},{"name":"saveScreenshot","args":["\"C:\\\\Users\\\\User\\\\Documents\\\\QA-Automation\\\\Screenshots\\\\Block_flow1\\\\post-api-test-to-create-the-group-block_FAILED_Sep-17-2024-111341-GMT+0530.png\"",null],"startTime":1726551821343,"endTime":1726551821352,"elapsedTime":9,"status":"fail","result":{"status":-1,"name":"TypeError"}}],"passed":0,"errors":0,"failed":0,"skipped":0,"tests":0,"status":"fail","startTimestamp":1726551821276,"httpOutput":[],"timeMs":76,"endTimestamp":1726551821352},"__global_afterEach_hook":{"time":"0.000","assertions":[],"commands":[],"passed":0,"errors":0,"failed":0,"skipped":0,"tests":0,"status":"fail","startTimestamp":1726551821352,"httpOutput":[],"timeMs":0,"endTimestamp":1726551821352}},"errmessages":[" \u001b[31m\u001b[1mError\u001b[22m\u001b[39m\n   \u001b[31mEPERM: operation not permitted, mkdir 'C:\\Users\\Ajayan\\NightWatch\\nightwatch\\Block_Flows\\BLOCK_za\\file'\u001b[39m\n\u001b[33m\u001b[39m\n\u001b[33m    Error location:\u001b[39m\n    C:\\Users\\User\\Documents\\QA-Automation\\tests\\step_definitions\\api\\Block_flow1.js:775\n    –––––––––––––––––––––––––––––––––––––––––––––––––––––––––––––––––––––––––––––––––\n     773 |         const dir = path.dirname(excelFilePath);\n     774 |         if (!fs.existsSync(dir)) {\n    \u001b[41m\u001b[37m 775 |             fs.mkdirSync(dir, { recursive: true }); \u001b[39m\u001b[49m\n     776 |         }\n     777 |       \n    –––––––––––––––––––––––––––––––––––––––––––––––––––––––––––––––––––––––––––––––––\n"],"testsCount":1,"skippedCount":6,"failedCount":2,"errorsCount":1,"passedCount":0,"group":"","modulePath":"C:\\Users\\User\\Documents\\QA-Automation\\tests\\step_definitions\\api\\Block_flow1.js","startTimestamp":"Tue, 17 Sep 2024 05:43:33 GMT","endTimestamp":"Tue, 17 Sep 2024 05:43:41 GMT","sessionCapabilities":{"browserName":"chrome","name":"api Authu Token"},"sessionId":"","projectName":"","buildName":"","testEnv":"api_testing","isMobile":false,"status":"fail","host":"localhost","name":"api Authu Token","tags":[],"tests":1,"failures":2,"errors":1,"httpOutput":[],"rawHttpOutput":[],"globalErrorRegister":["   \u001b[31m\u001b[1m✖\u001b[22m\u001b[39m \u001b[31m\u001b[1mTypeError\u001b[22m\u001b[39m\n   \u001b[31mCannot read properties of undefined (reading 'split')\u001b[39m\n\u001b[33m\u001b[39m\n\u001b[33m    Error location:\u001b[39m\n    C:\\Users\\User\\Documents\\QA-Automation\\tests\\step_definitions\\api\\Block_flow1.js:192\n    –––––––––––––––––––––––––––––––––––––––––––––––––––––––––––––––––––––––––––––––––\n     190 |        // console.log(\"Location Header: \", locationHeader);\n     191 | \n    \u001b[41m\u001b[37m 192 |         const urlParts = locationHeader.split('/'); \u001b[39m\u001b[49m\n     193 |         BlockID = urlParts[urlParts.length - 1];\n     194 |         console.log(\"BLOCK ID: \", BlockID);\n    –––––––––––––––––––––––––––––––––––––––––––––––––––––––––––––––––––––––––––––––––\n\n\u001b[33m    Stack Trace :\u001b[39m\n\u001b[90m    at C:\\Users\\User\\Documents\\QA-Automation\\tests\\step_definitions\\api\\Block_flow1.js:192:41\u001b[39m\n\u001b[90m    at process.processTicksAndRejections (node:internal/process/task_queues:95:5)\u001b[39m\n\u001b[90m    at async DescribeInstance.<anonymous> (C:\\Users\\User\\Documents\\QA-Automation\\tests\\step_definitions\\api\\Block_flow1.js:68:5)\u001b[39m\n"," \u001b[31m\u001b[1mError\u001b[22m\u001b[39m\n   \u001b[31mEPERM: operation not permitted, mkdir 'C:\\Users\\Ajayan\\NightWatch\\nightwatch\\Block_Flows\\BLOCK_za\\file'\u001b[39m\n\u001b[33m\u001b[39m\n\u001b[33m    Error location:\u001b[39m\n    C:\\Users\\User\\Documents\\QA-Automation\\tests\\step_definitions\\api\\Block_flow1.js:775\n    –––––––––––––––––––––––––––––––––––––––––––––––––––––––––––––––––––––––––––––––––\n     773 |         const dir = path.dirname(excelFilePath);\n     774 |         if (!fs.existsSync(dir)) {\n    \u001b[41m\u001b[37m 775 |             fs.mkdirSync(dir, { recursive: true }); \u001b[39m\u001b[49m\n     776 |         }\n     777 |       \n    –––––––––––––––––––––––––––––––––––––––––––––––––––––––––––––––––––––––––––––––––\n"]}